#
# There is insufficient memory for the Java Runtime Environment to continue.
# Native memory allocation (malloc) failed to allocate 235216 bytes for Chunk::new
# Possible reasons:
#   The system is out of physical RAM or swap space
#   In 32 bit mode, the process size limit was hit
# Possible solutions:
#   Reduce memory load on the system
#   Increase physical memory or swap space
#   Check if swap backing store is full
#   Use 64 bit Java on a 64 bit OS
#   Decrease Java heap size (-Xmx/-Xms)
#   Decrease number of Java threads
#   Decrease Java thread stack sizes (-Xss)
#   Set larger code cache with -XX:ReservedCodeCacheSize=
# This output file may be truncated or incomplete.
#
#  Out of Memory Error (allocation.cpp:390), pid=4176, tid=0x0000000000002c0c
#
# JRE version: Java(TM) SE Runtime Environment (8.0_151-b12) (build 1.8.0_151-b12)
# Java VM: Java HotSpot(TM) 64-Bit Server VM (25.151-b12 mixed mode windows-amd64 compressed oops)
# Failed to write core dump. Minidumps are not enabled by default on client versions of Windows
#

---------------  T H R E A D  ---------------

Current thread (0x00000000562da800):  JavaThread "C2 CompilerThread0" daemon [_thread_in_native, id=11276, stack(0x0000000056ae0000,0x0000000056be0000)]

Stack: [0x0000000056ae0000,0x0000000056be0000]
[error occurred during error reporting (printing stack bounds), id 0xc0000005]

Native frames: (J=compiled Java code, j=interpreted, Vv=VM code, C=native code)


Current CompileTask:
C2:5121841 39537       4       com.google.protobuf.GeneratedMessageV3::writeString (29 bytes)


---------------  P R O C E S S  ---------------

Java Threads: ( => current thread )
  0x00000000640f8800 JavaThread "pool-101-thread-4" [_thread_in_native, id=11212, stack(0x000000006c3f0000,0x000000006c4f0000)]
  0x000000005c30f000 JavaThread "pool-101-thread-3" [_thread_in_native, id=12872, stack(0x00000000635c0000,0x00000000636c0000)]
  0x000000005c311000 JavaThread "pool-101-thread-2" [_thread_in_native, id=11828, stack(0x000000006c2b0000,0x000000006c3b0000)]
  0x000000005c313800 JavaThread "pool-101-thread-1" [_thread_in_native, id=6496, stack(0x0000000069be0000,0x0000000069ce0000)]
  0x0000000058066000 JavaThread "Daemon worker Thread 8" [_thread_blocked, id=11964, stack(0x000000005b2a0000,0x000000005b3a0000)]
  0x000000005806b800 JavaThread "Daemon Thread 8" [_thread_blocked, id=8384, stack(0x0000000058a30000,0x0000000058b30000)]
  0x00000000640fa000 JavaThread "pool-94-thread-4" [_thread_blocked, id=11260, stack(0x0000000069800000,0x0000000069900000)]
  0x000000005f246000 JavaThread "pool-94-thread-3" [_thread_blocked, id=11532, stack(0x000000006aea0000,0x000000006afa0000)]
  0x000000005f245000 JavaThread "pool-94-thread-2" [_thread_blocked, id=12332, stack(0x000000006acf0000,0x000000006adf0000)]
  0x000000005f242000 JavaThread "pool-94-thread-1" [_thread_blocked, id=1444, stack(0x000000006aad0000,0x000000006abd0000)]
  0x0000000058914000 JavaThread "pool-2-thread-1" [_thread_blocked, id=5964, stack(0x0000000062da0000,0x0000000062ea0000)]
  0x0000000058069000 JavaThread "Memory manager" [_thread_blocked, id=9256, stack(0x0000000060a10000,0x0000000060b10000)]
  0x0000000058068800 JavaThread "pool-1-thread-1" [_thread_blocked, id=8364, stack(0x0000000060b20000,0x0000000060c20000)]
  0x0000000058061000 JavaThread "File lock request listener" [_thread_in_native, id=11232, stack(0x000000005b160000,0x000000005b260000)]
  0x0000000058060000 JavaThread "Cache worker for file hash cache (C:\Users\Administrator\.gradle\caches\4.1\fileHashes)" [_thread_blocked, id=9808, stack(0x000000005af90000,0x000000005b090000)]
  0x0000000057cf8000 JavaThread "Daemon periodic checks" [_thread_blocked, id=11060, stack(0x000000005a190000,0x000000005a290000)]
  0x0000000057cf2000 JavaThread "Incoming local TCP Connector on port 52187" [_thread_in_native, id=11800, stack(0x000000005a2b0000,0x000000005a3b0000)]
  0x0000000058369000 JavaThread "Daemon health stats" [_thread_blocked, id=2032, stack(0x0000000059c40000,0x0000000059d40000)]
  0x0000000056363000 JavaThread "Service Thread" daemon [_thread_blocked, id=10720, stack(0x0000000056f80000,0x0000000057080000)]
  0x0000000056321800 JavaThread "C1 CompilerThread2" daemon [_thread_blocked, id=7220, stack(0x0000000056e40000,0x0000000056f40000)]
  0x00000000562f3800 JavaThread "C2 CompilerThread1" daemon [_thread_in_native, id=2828, stack(0x0000000056c80000,0x0000000056d80000)]
=>0x00000000562da800 JavaThread "C2 CompilerThread0" daemon [_thread_in_native, id=11276, stack(0x0000000056ae0000,0x0000000056be0000)]
  0x00000000551de800 JavaThread "Attach Listener" daemon [_thread_blocked, id=5148, stack(0x0000000056840000,0x0000000056940000)]
  0x00000000551ce800 JavaThread "Signal Dispatcher" daemon [_thread_blocked, id=4112, stack(0x00000000566d0000,0x00000000567d0000)]
  0x00000000551ba800 JavaThread "Finalizer" daemon [_thread_blocked, id=11372, stack(0x0000000056080000,0x0000000056180000)]
  0x0000000055173000 JavaThread "Reference Handler" daemon [_thread_blocked, id=8508, stack(0x00000000561d0000,0x00000000562d0000)]
  0x000000000237f000 JavaThread "main" [_thread_blocked, id=11876, stack(0x00000000026d0000,0x00000000027d0000)]

Other Threads:
  0x000000005516b800 VMThread [stack: 0x0000000055f30000,0x0000000056030000] [id=12236]
  0x0000000056378800 WatcherThread [stack: 0x0000000057160000,0x0000000057260000] [id=9508]

VM state:not at safepoint (normal execution)

VM Mutex/Monitor currently owned by a thread: None

Heap:
 PSYoungGen      total 229888K, used 102904K [0x00000000eab00000, 0x00000000ff500000, 0x0000000100000000)
  eden space 122880K, 30% used [0x00000000eab00000,0x00000000ecf0ef60,0x00000000f2300000)
  from space 107008K, 61% used [0x00000000f8c80000,0x00000000fccef248,0x00000000ff500000)
  to   space 107520K, 0% used [0x00000000f2300000,0x00000000f2300000,0x00000000f8c00000)
 ParOldGen       total 573440K, used 497784K [0x00000000c0000000, 0x00000000e3000000, 0x00000000eab00000)
  object space 573440K, 86% used [0x00000000c0000000,0x00000000de61e110,0x00000000e3000000)
 Metaspace       used 135087K, capacity 147302K, committed 147500K, reserved 1177600K
  class space    used 16977K, capacity 19639K, committed 19756K, reserved 1048576K

Card table byte_map: [0x0000000011b90000,0x0000000011da0000] byte_map_base: 0x0000000011590000

Marking Bits: (ParMarkBitMap*) 0x00000000707fd850
 Begin Bits: [0x00000000125e0000, 0x00000000135e0000)
 End Bits:   [0x00000000135e0000, 0x00000000145e0000)

Polling page: 0x0000000000330000

CodeCache: size=245760Kb used=106941Kb max_used=107794Kb free=138819Kb
 bounds [0x00000000027d0000, 0x00000000091b0000, 0x00000000117d0000]
 total_blobs=29911 nmethods=28995 adapters=825
 compilation: enabled

Compilation events (10 events):
Event: 5120.116 Thread 0x0000000056321800 39534       1       com.google.common.cache.LocalCache$WriteThroughEntry::getValue (5 bytes)
Event: 5120.116 Thread 0x0000000056321800 nmethod 39534 0x00000000031513d0 code [0x0000000003151520, 0x0000000003151630]
Event: 5120.116 Thread 0x0000000056321800 39535       3       com.google.wireless.android.sdk.stats.GradleBuildProject$Builder::addVariant (46 bytes)
Event: 5120.117 Thread 0x0000000056321800 nmethod 39535 0x0000000004164dd0 code [0x0000000004165020, 0x0000000004165ef8]
Event: 5120.117 Thread 0x0000000056321800 39536       3       com.google.wireless.android.sdk.stats.GradleBuildProject$Builder::ensureVariantIsMutable (39 bytes)
Event: 5120.118 Thread 0x0000000056321800 nmethod 39536 0x0000000006e94890 code [0x0000000006e94a00, 0x0000000006e94c48]
Event: 5120.119 Thread 0x00000000562da800 39537       4       com.google.protobuf.GeneratedMessageV3::writeString (29 bytes)
Event: 5120.121 Thread 0x0000000056321800 39538       3       com.google.wireless.android.sdk.stats.GradleBuildProject::writeTo (192 bytes)
Event: 5120.121 Thread 0x00000000562f3800 39539       4       com.google.wireless.android.sdk.stats.JavaProcessStats::getSerializedSize (158 bytes)
Event: 5120.123 Thread 0x0000000056321800 nmethod 39538 0x0000000006f18c90 code [0x0000000006f18f80, 0x0000000006f1aa48]

GC Heap History (10 events):
Event: 5053.139 GC heap before
{Heap before GC invocations=101 (full 7):
 PSYoungGen      total 232448K, used 207913K [0x00000000eab00000, 0x0000000100000000, 0x0000000100000000)
  eden space 121856K, 100% used [0x00000000eab00000,0x00000000f2200000,0x00000000f2200000)
  from space 110592K, 77% used [0x00000000f2200000,0x00000000f760a490,0x00000000f8e00000)
  to   space 116224K, 0% used [0x00000000f8e80000,0x00000000f8e80000,0x0000000100000000)
 ParOldGen       total 573440K, used 454874K [0x00000000c0000000, 0x00000000e3000000, 0x00000000eab00000)
  object space 573440K, 79% used [0x00000000c0000000,0x00000000dbc36988,0x00000000e3000000)
 Metaspace       used 134649K, capacity 146614K, committed 146860K, reserved 1177600K
  class space    used 16916K, capacity 19501K, committed 19628K, reserved 1048576K
Event: 5053.201 GC heap after
Heap after GC invocations=101 (full 7):
 PSYoungGen      total 232960K, used 83211K [0x00000000eab00000, 0x0000000100000000, 0x0000000100000000)
  eden space 116736K, 0% used [0x00000000eab00000,0x00000000eab00000,0x00000000f1d00000)
  from space 116224K, 71% used [0x00000000f8e80000,0x00000000fdfc2df0,0x0000000100000000)
  to   space 116224K, 0% used [0x00000000f1d00000,0x00000000f1d00000,0x00000000f8e80000)
 ParOldGen       total 573440K, used 471913K [0x00000000c0000000, 0x00000000e3000000, 0x00000000eab00000)
  object space 573440K, 82% used [0x00000000c0000000,0x00000000dccda718,0x00000000e3000000)
 Metaspace       used 134649K, capacity 146614K, committed 146860K, reserved 1177600K
  class space    used 16916K, capacity 19501K, committed 19628K, reserved 1048576K
}
Event: 5086.220 GC heap before
{Heap before GC invocations=102 (full 7):
 PSYoungGen      total 232960K, used 199947K [0x00000000eab00000, 0x0000000100000000, 0x0000000100000000)
  eden space 116736K, 100% used [0x00000000eab00000,0x00000000f1d00000,0x00000000f1d00000)
  from space 116224K, 71% used [0x00000000f8e80000,0x00000000fdfc2df0,0x0000000100000000)
  to   space 116224K, 0% used [0x00000000f1d00000,0x00000000f1d00000,0x00000000f8e80000)
 ParOldGen       total 573440K, used 471913K [0x00000000c0000000, 0x00000000e3000000, 0x00000000eab00000)
  object space 573440K, 82% used [0x00000000c0000000,0x00000000dccda718,0x00000000e3000000)
 Metaspace       used 134895K, capacity 147034K, committed 147116K, reserved 1177600K
  class space    used 16958K, capacity 19607K, committed 19628K, reserved 1048576K
Event: 5086.272 GC heap after
Heap after GC invocations=102 (full 7):
 PSYoungGen      total 232960K, used 42357K [0x00000000eab00000, 0x0000000100000000, 0x0000000100000000)
  eden space 116736K, 0% used [0x00000000eab00000,0x00000000eab00000,0x00000000f1d00000)
  from space 116224K, 36% used [0x00000000f1d00000,0x00000000f465d7f8,0x00000000f8e80000)
  to   space 116224K, 0% used [0x00000000f8e80000,0x00000000f8e80000,0x0000000100000000)
 ParOldGen       total 573440K, used 492884K [0x00000000c0000000, 0x00000000e3000000, 0x00000000eab00000)
  object space 573440K, 85% used [0x00000000c0000000,0x00000000de1552c8,0x00000000e3000000)
 Metaspace       used 134895K, capacity 147034K, committed 147116K, reserved 1177600K
  class space    used 16958K, capacity 19607K, committed 19628K, reserved 1048576K
}
Event: 5096.068 GC heap before
{Heap before GC invocations=103 (full 7):
 PSYoungGen      total 232960K, used 159093K [0x00000000eab00000, 0x0000000100000000, 0x0000000100000000)
  eden space 116736K, 100% used [0x00000000eab00000,0x00000000f1d00000,0x00000000f1d00000)
  from space 116224K, 36% used [0x00000000f1d00000,0x00000000f465d7f8,0x00000000f8e80000)
  to   space 116224K, 0% used [0x00000000f8e80000,0x00000000f8e80000,0x0000000100000000)
 ParOldGen       total 573440K, used 492884K [0x00000000c0000000, 0x00000000e3000000, 0x00000000eab00000)
  object space 573440K, 85% used [0x00000000c0000000,0x00000000de1552c8,0x00000000e3000000)
 Metaspace       used 134906K, capacity 147038K, committed 147116K, reserved 1177600K
  class space    used 16959K, capacity 19607K, committed 19628K, reserved 1048576K
Event: 5096.115 GC heap after
Heap after GC invocations=103 (full 7):
 PSYoungGen      total 227840K, used 44722K [0x00000000eab00000, 0x00000000ffb00000, 0x0000000100000000)
  eden space 116736K, 0% used [0x00000000eab00000,0x00000000eab00000,0x00000000f1d00000)
  from space 111104K, 40% used [0x00000000f8e80000,0x00000000fba2cbd0,0x00000000ffb00000)
  to   space 113664K, 0% used [0x00000000f1d00000,0x00000000f1d00000,0x00000000f8c00000)
 ParOldGen       total 573440K, used 497776K [0x00000000c0000000, 0x00000000e3000000, 0x00000000eab00000)
  object space 573440K, 86% used [0x00000000c0000000,0x00000000de61c110,0x00000000e3000000)
 Metaspace       used 134906K, capacity 147038K, committed 147116K, reserved 1177600K
  class space    used 16959K, capacity 19607K, committed 19628K, reserved 1048576K
}
Event: 5101.238 GC heap before
{Heap before GC invocations=104 (full 7):
 PSYoungGen      total 227840K, used 161458K [0x00000000eab00000, 0x00000000ffb00000, 0x0000000100000000)
  eden space 116736K, 100% used [0x00000000eab00000,0x00000000f1d00000,0x00000000f1d00000)
  from space 111104K, 40% used [0x00000000f8e80000,0x00000000fba2cbd0,0x00000000ffb00000)
  to   space 113664K, 0% used [0x00000000f1d00000,0x00000000f1d00000,0x00000000f8c00000)
 ParOldGen       total 573440K, used 497776K [0x00000000c0000000, 0x00000000e3000000, 0x00000000eab00000)
  object space 573440K, 86% used [0x00000000c0000000,0x00000000de61c110,0x00000000e3000000)
 Metaspace       used 134961K, capacity 147156K, committed 147372K, reserved 1177600K
  class space    used 16969K, capacity 19626K, committed 19628K, reserved 1048576K
Event: 5101.270 GC heap after
Heap after GC invocations=104 (full 7):
 PSYoungGen      total 230400K, used 54779K [0x00000000eab00000, 0x00000000ff600000, 0x0000000100000000)
  eden space 116736K, 0% used [0x00000000eab00000,0x00000000eab00000,0x00000000f1d00000)
  from space 113664K, 48% used [0x00000000f1d00000,0x00000000f527ee88,0x00000000f8c00000)
  to   space 108032K, 0% used [0x00000000f8c80000,0x00000000f8c80000,0x00000000ff600000)
 ParOldGen       total 573440K, used 497776K [0x00000000c0000000, 0x00000000e3000000, 0x00000000eab00000)
  object space 573440K, 86% used [0x00000000c0000000,0x00000000de61c110,0x00000000e3000000)
 Metaspace       used 134961K, capacity 147156K, committed 147372K, reserved 1177600K
  class space    used 16969K, capacity 19626K, committed 19628K, reserved 1048576K
}
Event: 5115.186 GC heap before
{Heap before GC invocations=105 (full 7):
 PSYoungGen      total 230400K, used 171515K [0x00000000eab00000, 0x00000000ff600000, 0x0000000100000000)
  eden space 116736K, 100% used [0x00000000eab00000,0x00000000f1d00000,0x00000000f1d00000)
  from space 113664K, 48% used [0x00000000f1d00000,0x00000000f527ee88,0x00000000f8c00000)
  to   space 108032K, 0% used [0x00000000f8c80000,0x00000000f8c80000,0x00000000ff600000)
 ParOldGen       total 573440K, used 497776K [0x00000000c0000000, 0x00000000e3000000, 0x00000000eab00000)
  object space 573440K, 86% used [0x00000000c0000000,0x00000000de61c110,0x00000000e3000000)
 Metaspace       used 135048K, capacity 147248K, committed 147500K, reserved 1177600K
  class space    used 16971K, capacity 19630K, committed 19756K, reserved 1048576K
Event: 5115.257 GC heap after
Heap after GC invocations=105 (full 7):
 PSYoungGen      total 229888K, used 65980K [0x00000000eab00000, 0x00000000ff500000, 0x0000000100000000)
  eden space 122880K, 0% used [0x00000000eab00000,0x00000000eab00000,0x00000000f2300000)
  from space 107008K, 61% used [0x00000000f8c80000,0x00000000fccef248,0x00000000ff500000)
  to   space 107520K, 0% used [0x00000000f2300000,0x00000000f2300000,0x00000000f8c00000)
 ParOldGen       total 573440K, used 497784K [0x00000000c0000000, 0x00000000e3000000, 0x00000000eab00000)
  object space 573440K, 86% used [0x00000000c0000000,0x00000000de61e110,0x00000000e3000000)
 Metaspace       used 135048K, capacity 147248K, committed 147500K, reserved 1177600K
  class space    used 16971K, capacity 19630K, committed 19756K, reserved 1048576K
}

Deoptimization events (10 events):
Event: 5117.562 Thread 0x0000000064437000 Uncommon trap: reason=class_check action=maybe_recompile pc=0x0000000008b9ebb8 method=org.gradle.api.internal.changedetection.state.OrderInsensitiveTaskFilePropertyCompareStrategy.iterateChangesForAbsolutePaths(Ljava/util/Map;Ljava/util/Map;Ljava/lang/Str
Event: 5118.481 Thread 0x000000005c313800 Uncommon trap: reason=class_check action=maybe_recompile pc=0x00000000083c2da0 method=com.google.common.hash.Funnels$SinkAsStream.write([BII)V @ 7
Event: 5118.824 Thread 0x000000005c311000 Uncommon trap: reason=class_check action=maybe_recompile pc=0x00000000070ef2f0 method=java.util.Formatter$FormatSpecifier.printInteger(Ljava/lang/Object;Ljava/util/Locale;)V @ 58
Event: 5119.280 Thread 0x000000005c313800 Uncommon trap: reason=unstable_if action=reinterpret pc=0x000000000681b8fc method=java.util.concurrent.locks.ReentrantReadWriteLock$Sync.tryAcquireShared(I)I @ 60
Event: 5119.280 Thread 0x00000000640f8800 Uncommon trap: reason=unstable_if action=reinterpret pc=0x000000000681b8fc method=java.util.concurrent.locks.ReentrantReadWriteLock$Sync.tryAcquireShared(I)I @ 60
Event: 5119.405 Thread 0x00000000640fa000 Uncommon trap: reason=class_check action=maybe_recompile pc=0x000000000698514c method=com.google.gson.stream.JsonWriter.string(Ljava/lang/String;)V @ 117
Event: 5119.405 Thread 0x0000000064437000 Uncommon trap: reason=unstable_if action=reinterpret pc=0x0000000007743b1c method=java.io.ObjectOutputStream$BlockDataOutputStream.getUTFLength(Ljava/lang/String;)J @ 73
Event: 5119.405 Thread 0x0000000064437000 Uncommon trap: reason=unstable_if action=reinterpret pc=0x00000000039f468c method=java.io.ObjectOutputStream$BlockDataOutputStream.writeUTF(Ljava/lang/String;J)V @ 29
Event: 5119.405 Thread 0x0000000064437000 Uncommon trap: reason=unstable_if action=reinterpret pc=0x00000000031ecb48 method=java.io.ObjectOutputStream$BlockDataOutputStream.getUTFLength(Ljava/lang/String;)J @ 73
Event: 5119.419 Thread 0x0000000058066000 Uncommon trap: reason=bimorphic action=maybe_recompile pc=0x0000000004df938c method=org.gradle.internal.logging.text.AbstractStyledTextOutput.text(Ljava/lang/Object;)Lorg/gradle/internal/logging/text/StyledTextOutput; @ 11

Internal exceptions (10 events):
Event: 5119.402 Thread 0x0000000064437000 Exception <a 'java/lang/reflect/InvocationTargetException'> (0x00000000ec109290) thrown at [C:\re\workspace\8-2-build-windows-amd64-cygwin\jdk8u151\9699\hotspot\src\share\vm\runtime\reflection.cpp, line 1092]
Event: 5119.467 Thread 0x00000000640f8800 Exception <a 'sun/nio/fs/WindowsException'> (0x00000000ec814918) thrown at [C:\re\workspace\8-2-build-windows-amd64-cygwin\jdk8u151\9699\hotspot\src\share\vm\prims\jni.cpp, line 709]
Event: 5119.535 Thread 0x000000005c30f000 Exception <a 'sun/nio/fs/WindowsException'> (0x00000000ec845050) thrown at [C:\re\workspace\8-2-build-windows-amd64-cygwin\jdk8u151\9699\hotspot\src\share\vm\prims\jni.cpp, line 709]
Event: 5119.613 Thread 0x00000000640f8800 Exception <a 'sun/nio/fs/WindowsException'> (0x00000000ec830058) thrown at [C:\re\workspace\8-2-build-windows-amd64-cygwin\jdk8u151\9699\hotspot\src\share\vm\prims\jni.cpp, line 709]
Event: 5119.692 Thread 0x000000005c30f000 Exception <a 'sun/nio/fs/WindowsException'> (0x00000000ec861360) thrown at [C:\re\workspace\8-2-build-windows-amd64-cygwin\jdk8u151\9699\hotspot\src\share\vm\prims\jni.cpp, line 709]
Event: 5119.726 Thread 0x000000005c313800 Exception <a 'sun/nio/fs/WindowsException'> (0x00000000ecaafef8) thrown at [C:\re\workspace\8-2-build-windows-amd64-cygwin\jdk8u151\9699\hotspot\src\share\vm\prims\jni.cpp, line 709]
Event: 5119.902 Thread 0x000000005c313800 Exception <a 'sun/nio/fs/WindowsException'> (0x00000000ecd139b8) thrown at [C:\re\workspace\8-2-build-windows-amd64-cygwin\jdk8u151\9699\hotspot\src\share\vm\prims\jni.cpp, line 709]
Event: 5120.011 Thread 0x000000005c30f000 Exception <a 'sun/nio/fs/WindowsException'> (0x00000000ecd74d58) thrown at [C:\re\workspace\8-2-build-windows-amd64-cygwin\jdk8u151\9699\hotspot\src\share\vm\prims\jni.cpp, line 709]
Event: 5120.014 Thread 0x000000005c30f000 Exception <a 'sun/nio/fs/WindowsException'> (0x00000000ecd75158) thrown at [C:\re\workspace\8-2-build-windows-amd64-cygwin\jdk8u151\9699\hotspot\src\share\vm\prims\jni.cpp, line 709]
Event: 5120.116 Thread 0x0000000058066000 Exception <a 'sun/nio/fs/WindowsException'> (0x00000000eca73c40) thrown at [C:\re\workspace\8-2-build-windows-amd64-cygwin\jdk8u151\9699\hotspot\src\share\vm\prims\jni.cpp, line 709]

Events (10 events):
Event: 5119.844 Executing VM operation: RevokeBias done
Event: 5119.845 Executing VM operation: RevokeBias
Event: 5119.845 Executing VM operation: RevokeBias done
Event: 5120.102 Thread 0x0000000064438000 Thread exited: 0x0000000064438000
Event: 5120.121 Thread 0x000000005e0c1800 Thread exited: 0x000000005e0c1800
Event: 5120.122 Thread 0x0000000064435800 Thread exited: 0x0000000064435800
Event: 5120.122 Thread 0x000000005e0c1000 Thread exited: 0x000000005e0c1000
Event: 5120.122 Thread 0x000000005e0be000 Thread exited: 0x000000005e0be000
Event: 5120.122 Thread 0x0000000058063000 Thread exited: 0x0000000058063000
Event: 5120.125 Thread 0x0000000058065800 Thread exited: 0x0000000058065800


Dynamic libraries:
0x000000013fbb0000 - 0x000000013fbe7000 	C:\Program Files\Java\jdk1.8.0_151\bin\java.exe
0x00000000773b0000 - 0x000000007754f000 	C:\Windows\SYSTEM32\ntdll.dll
0x0000000077190000 - 0x00000000772af000 	C:\Windows\system32\kernel32.dll
0x000007fefd0d0000 - 0x000007fefd13a000 	C:\Windows\system32\KERNELBASE.dll
0x000007feff5c0000 - 0x000007feff69b000 	C:\Windows\system32\ADVAPI32.dll
0x000007fefd770000 - 0x000007fefd80f000 	C:\Windows\system32\msvcrt.dll
0x000007fefda60000 - 0x000007fefda7f000 	C:\Windows\SYSTEM32\sechost.dll
0x000007fefdc10000 - 0x000007fefdd3d000 	C:\Windows\system32\RPCRT4.dll
0x00000000772b0000 - 0x00000000773aa000 	C:\Windows\system32\USER32.dll
0x000007fefd510000 - 0x000007fefd577000 	C:\Windows\system32\GDI32.dll
0x000007fefd5d0000 - 0x000007fefd5de000 	C:\Windows\system32\LPK.dll
0x000007fefd950000 - 0x000007fefda1a000 	C:\Windows\system32\USP10.dll
0x000007fefb530000 - 0x000007fefb724000 	C:\Windows\WinSxS\amd64_microsoft.windows.common-controls_6595b64144ccf1df_6.0.7601.18837_none_fa3b1e3d17594757\COMCTL32.dll
0x000007fefda80000 - 0x000007fefdaf1000 	C:\Windows\system32\SHLWAPI.dll
0x000007fefda30000 - 0x000007fefda5e000 	C:\Windows\system32\IMM32.DLL
0x000007fefdb00000 - 0x000007fefdc09000 	C:\Windows\system32\MSCTF.dll
0x0000000063040000 - 0x0000000063112000 	C:\Program Files\Java\jdk1.8.0_151\jre\bin\msvcr100.dll
0x000000006ffe0000 - 0x000000007087d000 	C:\Program Files\Java\jdk1.8.0_151\jre\bin\server\jvm.dll
0x000007fef6fc0000 - 0x000007fef6fc9000 	C:\Windows\system32\WSOCK32.dll
0x000007fefd580000 - 0x000007fefd5cd000 	C:\Windows\system32\WS2_32.dll
0x000007fefda20000 - 0x000007fefda28000 	C:\Windows\system32\NSI.dll
0x000007fefaa30000 - 0x000007fefaa6b000 	C:\Windows\system32\WINMM.dll
0x000007fefc060000 - 0x000007fefc06c000 	C:\Windows\system32\VERSION.dll
0x0000000077560000 - 0x0000000077567000 	C:\Windows\system32\PSAPI.DLL
0x00000000653c0000 - 0x00000000653cf000 	C:\Program Files\Java\jdk1.8.0_151\jre\bin\verify.dll
0x0000000063010000 - 0x0000000063039000 	C:\Program Files\Java\jdk1.8.0_151\jre\bin\java.dll
0x0000000063720000 - 0x0000000063736000 	C:\Program Files\Java\jdk1.8.0_151\jre\bin\zip.dll
0x000007fefe830000 - 0x000007feff5b9000 	C:\Windows\system32\SHELL32.dll
0x000007fefdd40000 - 0x000007fefdf43000 	C:\Windows\system32\ole32.dll
0x000007fefd080000 - 0x000007fefd08f000 	C:\Windows\system32\profapi.dll
0x00000000631f0000 - 0x000000006320a000 	C:\Program Files\Java\jdk1.8.0_151\jre\bin\net.dll
0x000007fefc7e0000 - 0x000007fefc835000 	C:\Windows\system32\mswsock.dll
0x000007fefc7d0000 - 0x000007fefc7d7000 	C:\Windows\System32\wship6.dll
0x0000000062ff0000 - 0x0000000063001000 	C:\Program Files\Java\jdk1.8.0_151\jre\bin\nio.dll
0x000007feee440000 - 0x000007feee45e000 	C:\Users\Administrator\.gradle\native\25\windows-amd64\native-platform.dll
0x00000000651b0000 - 0x00000000651bd000 	C:\Program Files\Java\jdk1.8.0_151\jre\bin\management.dll
0x000007fefc840000 - 0x000007fefc857000 	C:\Windows\system32\CRYPTSP.dll
0x000007fefc540000 - 0x000007fefc587000 	C:\Windows\system32\rsaenh.dll
0x000007fefd150000 - 0x000007fefd16e000 	C:\Windows\system32\USERENV.dll
0x000007fefcf10000 - 0x000007fefcf1f000 	C:\Windows\system32\CRYPTBASE.dll
0x000007fef99c0000 - 0x000007fef99e7000 	C:\Windows\system32\IPHLPAPI.DLL
0x000007fef99b0000 - 0x000007fef99bb000 	C:\Windows\system32\WINNSI.DLL
0x000007fef9260000 - 0x000007fef9271000 	C:\Windows\system32\dhcpcsvc6.DLL
0x000007fef9240000 - 0x000007fef9258000 	C:\Windows\system32\dhcpcsvc.DLL
0x0000000002480000 - 0x00000000024a4000 	C:\Program Files\Java\jdk1.8.0_151\jre\bin\sunec.dll
0x000007fefbfa0000 - 0x000007fefbfa7000 	C:\Windows\System32\wshtcpip.dll
0x000007fefc660000 - 0x000007fefc6bb000 	C:\Windows\system32\DNSAPI.dll
0x000007fef7010000 - 0x000007fef7018000 	C:\Windows\system32\rasadhlp.dll
0x000007fef92e0000 - 0x000007fef9333000 	C:\Windows\System32\fwpuclnt.dll
0x0000000000020000 - 0x000000000002b000 	C:\Program Files\Java\jdk1.8.0_151\jre\bin\sunmscapi.dll
0x000007fefd190000 - 0x000007fefd2fc000 	C:\Windows\system32\CRYPT32.dll
0x000007fefd070000 - 0x000007fefd07f000 	C:\Windows\system32\MSASN1.dll
0x000007fefceb0000 - 0x000007fefcf07000 	C:\Windows\system32\apphelp.dll

VM Arguments:
jvm_args: -XX:+HeapDumpOnOutOfMemoryError -Xmx1024m -Dfile.encoding=GBK -Duser.country=CN -Duser.language=zh -Duser.variant 
java_command: org.gradle.launcher.daemon.bootstrap.GradleDaemon 4.1
java_class_path (initial): C:\Users\Administrator\.gradle\wrapper\dists\gradle-4.1-all\bzyivzo6n839fup2jbap0tjew\gradle-4.1\lib\gradle-launcher-4.1.jar
Launcher Type: SUN_STANDARD

Environment Variables:
JAVA_HOME=C:\Program Files\Java\jdk1.8.0_151
CLASSPATH=.;C:\Program Files\Java\jdk1.8.0_151\lib;C:\Program Files\Java\jdk1.8.0_151\lib\tools.jar;C:\Program Files\Java\jdk1.8.0_151\lib\dt.jar;
PATH=C:\Program Files (x86)\Common Files\Intel\Shared Libraries\redist\intel64\compiler;C:\Windows\system32;C:\Windows;C:\Windows\System32\Wbem;C:\Windows\System32\WindowsPowerShell\v1.0\;C:\Program Files (x86)\NVIDIA Corporation\PhysX\Common;C:\Program Files\Java\jdk1.8.0_151\bin;C:\Program Files\Java\jdk1.8.0_151\jre1.8.0_151\bin;C:\Program Files\Git\cmd;D:\Sdk\platform-tools;D:\Sdk\tools;C:\Program Files\Common Files\Autodesk Shared\;C:\Program Files (x86)\Python\Scripts\;C:\Program Files (x86)\Python\;
USERNAME=Administrator
OS=Windows_NT
PROCESSOR_IDENTIFIER=Intel64 Family 6 Model 158 Stepping 9, GenuineIntel



---------------  S Y S T E M  ---------------

OS: Windows 7 , 64 bit Build 7601 (6.1.7601.24059)

CPU:total 4 (initial active 4) (4 cores per cpu, 1 threads per core) family 6 model 158 stepping 9, cmov, cx8, fxsr, mmx, sse, sse2, sse3, ssse3, sse4.1, sse4.2, popcnt, avx, avx2, aes, clmul, erms, 3dnowpref, lzcnt, tsc, tscinvbit, bmi1, bmi2, adx

Memory: 4k page, physical 8335948k(643328k free), swap 10431224k(212884k free)

vm_info: Java HotSpot(TM) 64-Bit Server VM (25.151-b12) for windows-amd64 JRE (1.8.0_151-b12), built on Sep  5 2017 19:33:46 by "java_re" with MS VC++ 10.0 (VS2010)

time: Tue Apr 17 16:41:51 2018
elapsed time: 5120 seconds (0d 1h 25m 20s)

