#
# There is insufficient memory for the Java Runtime Environment to continue.
# Native memory allocation (malloc) failed to allocate 12512 bytes for AllocateHeap
# Possible reasons:
#   The system is out of physical RAM or swap space
#   In 32 bit mode, the process size limit was hit
# Possible solutions:
#   Reduce memory load on the system
#   Increase physical memory or swap space
#   Check if swap backing store is full
#   Use 64 bit Java on a 64 bit OS
#   Decrease Java heap size (-Xmx/-Xms)
#   Decrease number of Java threads
#   Decrease Java thread stack sizes (-Xss)
#   Set larger code cache with -XX:ReservedCodeCacheSize=
# This output file may be truncated or incomplete.
#
#  Out of Memory Error (memory/allocation.inline.hpp:61), pid=9784, tid=0x000000000000249c
#
# JRE version: Java(TM) SE Runtime Environment (8.0_151-b12) (build 1.8.0_151-b12)
# Java VM: Java HotSpot(TM) 64-Bit Server VM (25.151-b12 mixed mode windows-amd64 compressed oops)
# Failed to write core dump. Minidumps are not enabled by default on client versions of Windows
#

---------------  T H R E A D  ---------------

Current thread (0x000000001d47e000):  JavaThread "C1 CompilerThread2" daemon [_thread_in_vm, id=9372, stack(0x000000001dfc0000,0x000000001e0c0000)]

Stack: [0x000000001dfc0000,0x000000001e0c0000]
[error occurred during error reporting (printing stack bounds), id 0xc0000005]

Native frames: (J=compiled Java code, j=interpreted, Vv=VM code, C=native code)


Current CompileTask:
C1:  12869 2900       3       com.android.dx.dex.file.CodeItem::writeTo0 (489 bytes)


---------------  P R O C E S S  ---------------

Java Threads: ( => current thread )
  0x000000001d653800 JavaThread "pool-1-thread-1" [_thread_in_vm, id=9600, stack(0x000000001e2e0000,0x000000001e3e0000)]
  0x000000001d4b7000 JavaThread "Service Thread" daemon [_thread_blocked, id=9384, stack(0x000000001e1b0000,0x000000001e2b0000)]
=>0x000000001d47e000 JavaThread "C1 CompilerThread2" daemon [_thread_in_vm, id=9372, stack(0x000000001dfc0000,0x000000001e0c0000)]
  0x000000001d47d000 JavaThread "C2 CompilerThread1" daemon [_thread_blocked, id=9368, stack(0x000000001dd40000,0x000000001de40000)]
  0x000000001bf1e000 JavaThread "C2 CompilerThread0" daemon [_thread_blocked, id=9364, stack(0x000000001db80000,0x000000001dc80000)]
  0x000000001bf0d000 JavaThread "Attach Listener" daemon [_thread_blocked, id=9360, stack(0x000000001da50000,0x000000001db50000)]
  0x000000001d46b800 JavaThread "Signal Dispatcher" daemon [_thread_blocked, id=9284, stack(0x000000001d920000,0x000000001da20000)]
  0x000000001bef9800 JavaThread "Finalizer" daemon [_thread_blocked, id=9268, stack(0x000000001d360000,0x000000001d460000)]
  0x000000001beb2800 JavaThread "Reference Handler" daemon [_thread_blocked, id=9220, stack(0x000000001d180000,0x000000001d280000)]
  0x000000000036e000 JavaThread "main" [_thread_blocked, id=9764, stack(0x00000000025b0000,0x00000000026b0000)]

Other Threads:
  0x000000001beab000 VMThread [stack: 0x000000001cf90000,0x000000001d090000] [id=9916]
  0x000000001d4ea000 WatcherThread [stack: 0x000000001e400000,0x000000001e500000] [id=9392]

VM state:not at safepoint (normal execution)

VM Mutex/Monitor currently owned by a thread:  ([mutex/lock_event])
[0x000000000036b980] CodeCache_lock - owner thread: 0x000000001d47e000
[0x000000000036d030] Compile_lock - owner thread: 0x000000001d47e000
[0x000000000036d130] MethodCompileQueue_lock - owner thread: 0x000000001d47e000

Heap:
 PSYoungGen      total 287744K, used 158367K [0x000000076ab00000, 0x000000077e900000, 0x00000007c0000000)
  eden space 262144K, 50% used [0x000000076ab00000,0x0000000772ca96e0,0x000000077ab00000)
  from space 25600K, 99% used [0x000000077c800000,0x000000077e0fe898,0x000000077e100000)
  to   space 29696K, 0% used [0x000000077ab00000,0x000000077ab00000,0x000000077c800000)
 ParOldGen       total 87552K, used 63347K [0x00000006c0000000, 0x00000006c5580000, 0x000000076ab00000)
  object space 87552K, 72% used [0x00000006c0000000,0x00000006c3ddce40,0x00000006c5580000)
 Metaspace       used 6840K, capacity 7608K, committed 7936K, reserved 1056768K
  class space    used 635K, capacity 688K, committed 768K, reserved 1048576K

Card table byte_map: [0x0000000011a70000,0x0000000012280000] byte_map_base: 0x000000000e470000

Marking Bits: (ParMarkBitMap*) 0x000000006220d850
 Begin Bits: [0x0000000012d20000, 0x0000000016d20000)
 End Bits:   [0x0000000016d20000, 0x000000001ad20000)

Polling page: 0x0000000000340000

CodeCache: size=245760Kb used=9894Kb max_used=9894Kb free=235865Kb
 bounds [0x00000000026b0000, 0x0000000003070000, 0x00000000116b0000]
 total_blobs=2600 nmethods=2330 adapters=179
 compilation: enabled

Compilation events (10 events):
Event: 12.859 Thread 0x000000001d47e000 

Event: 12.860 Thread 0x000000001bf1e000 2896       4       com.android.dx.rop.type.StdTypeList::getWordCount (33 bytes)
Event: 12.861 Thread 0x000000001d47d000 2897       4       com.android.dx.dex.code.TargetInsn::getTargetOffset (13 bytes)
Event: 12.861 Thread 0x000000001d47e000 2898       3       com.android.dx.dex.code.form.Form10t::writeTo (22 bytes)
Event: 12.861 Thread 0x000000001d47d000 

Event: 12.861 Thread 0x000000001d47e000 nmethod 2898 0x0000000002b06a90 code [0x0000000002b06c60, 0x0000000002b07458]
Event: 12.861 Thread 0x000000001d47d000 2899       4       com.android.dx.dex.code.InsnFormat::makeByte (42 bytes)
Event: 12.861 Thread 0x000000001bf1e000 nmethod 2896 0x0000000002b625d0 code [0x0000000002b62720, 0x0000000002b62858]
Event: 12.862 Thread 0x000000001d47d000 nmethod 2899 0x0000000002dd5690 code [0x0000000002dd57c0, 0x0000000002dd5858]
Event: 12.862 Thread 0x000000001d47e000 2900       3       com.android.dx.dex.file.CodeItem::writeTo0 (489 bytes)

GC Heap History (10 events):
Event: 1.926 GC heap before
{Heap before GC invocations=2 (full 0):
 PSYoungGen      total 38400K, used 38372K [0x000000076ab00000, 0x000000076f600000, 0x00000007c0000000)
  eden space 33280K, 100% used [0x000000076ab00000,0x000000076cb80000,0x000000076cb80000)
  from space 5120K, 99% used [0x000000076cb80000,0x000000076d0792f8,0x000000076d080000)
  to   space 5120K, 0% used [0x000000076f100000,0x000000076f100000,0x000000076f600000)
 ParOldGen       total 87552K, used 6882K [0x00000006c0000000, 0x00000006c5580000, 0x000000076ab00000)
  object space 87552K, 7% used [0x00000006c0000000,0x00000006c06b8990,0x00000006c5580000)
 Metaspace       used 5861K, capacity 6836K, committed 7040K, reserved 1056768K
  class space    used 604K, capacity 620K, committed 640K, reserved 1048576K
Event: 2.214 GC heap after
Heap after GC invocations=2 (full 0):
 PSYoungGen      total 71680K, used 5100K [0x000000076ab00000, 0x000000076f600000, 0x00000007c0000000)
  eden space 66560K, 0% used [0x000000076ab00000,0x000000076ab00000,0x000000076ec00000)
  from space 5120K, 99% used [0x000000076f100000,0x000000076f5fb268,0x000000076f600000)
  to   space 5120K, 0% used [0x000000076ec00000,0x000000076ec00000,0x000000076f100000)
 ParOldGen       total 87552K, used 17338K [0x00000006c0000000, 0x00000006c5580000, 0x000000076ab00000)
  object space 87552K, 19% used [0x00000006c0000000,0x00000006c10ee8e8,0x00000006c5580000)
 Metaspace       used 5861K, capacity 6836K, committed 7040K, reserved 1056768K
  class space    used 604K, capacity 620K, committed 640K, reserved 1048576K
}
Event: 4.319 GC heap before
{Heap before GC invocations=3 (full 0):
 PSYoungGen      total 71680K, used 71660K [0x000000076ab00000, 0x000000076f600000, 0x00000007c0000000)
  eden space 66560K, 100% used [0x000000076ab00000,0x000000076ec00000,0x000000076ec00000)
  from space 5120K, 99% used [0x000000076f100000,0x000000076f5fb268,0x000000076f600000)
  to   space 5120K, 0% used [0x000000076ec00000,0x000000076ec00000,0x000000076f100000)
 ParOldGen       total 87552K, used 17338K [0x00000006c0000000, 0x00000006c5580000, 0x000000076ab00000)
  object space 87552K, 19% used [0x00000006c0000000,0x00000006c10ee8e8,0x00000006c5580000)
 Metaspace       used 6097K, capacity 7030K, committed 7296K, reserved 1056768K
  class space    used 608K, capacity 622K, committed 640K, reserved 1048576K
Event: 4.559 GC heap after
Heap after GC invocations=3 (full 0):
 PSYoungGen      total 71680K, used 5095K [0x000000076ab00000, 0x0000000773700000, 0x00000007c0000000)
  eden space 66560K, 0% used [0x000000076ab00000,0x000000076ab00000,0x000000076ec00000)
  from space 5120K, 99% used [0x000000076ec00000,0x000000076f0f9ca8,0x000000076f100000)
  to   space 5120K, 0% used [0x0000000773200000,0x0000000773200000,0x0000000773700000)
 ParOldGen       total 87552K, used 29738K [0x00000006c0000000, 0x00000006c5580000, 0x000000076ab00000)
  object space 87552K, 33% used [0x00000006c0000000,0x00000006c1d0ab18,0x00000006c5580000)
 Metaspace       used 6097K, capacity 7030K, committed 7296K, reserved 1056768K
  class space    used 608K, capacity 622K, committed 640K, reserved 1048576K
}
Event: 5.753 GC heap before
{Heap before GC invocations=4 (full 0):
 PSYoungGen      total 71680K, used 71655K [0x000000076ab00000, 0x0000000773700000, 0x00000007c0000000)
  eden space 66560K, 100% used [0x000000076ab00000,0x000000076ec00000,0x000000076ec00000)
  from space 5120K, 99% used [0x000000076ec00000,0x000000076f0f9ca8,0x000000076f100000)
  to   space 5120K, 0% used [0x0000000773200000,0x0000000773200000,0x0000000773700000)
 ParOldGen       total 87552K, used 29738K [0x00000006c0000000, 0x00000006c5580000, 0x000000076ab00000)
  object space 87552K, 33% used [0x00000006c0000000,0x00000006c1d0ab18,0x00000006c5580000)
 Metaspace       used 6138K, capacity 7094K, committed 7296K, reserved 1056768K
  class space    used 608K, capacity 622K, committed 640K, reserved 1048576K
Event: 5.978 GC heap after
Heap after GC invocations=4 (full 0):
 PSYoungGen      total 138240K, used 5111K [0x000000076ab00000, 0x0000000773700000, 0x00000007c0000000)
  eden space 133120K, 0% used [0x000000076ab00000,0x000000076ab00000,0x0000000772d00000)
  from space 5120K, 99% used [0x0000000773200000,0x00000007736fdfb0,0x0000000773700000)
  to   space 5120K, 0% used [0x0000000772d00000,0x0000000772d00000,0x0000000773200000)
 ParOldGen       total 87552K, used 43855K [0x00000006c0000000, 0x00000006c5580000, 0x000000076ab00000)
  object space 87552K, 50% used [0x00000006c0000000,0x00000006c2ad3c48,0x00000006c5580000)
 Metaspace       used 6138K, capacity 7094K, committed 7296K, reserved 1056768K
  class space    used 608K, capacity 622K, committed 640K, reserved 1048576K
}
Event: 7.713 GC heap before
{Heap before GC invocations=5 (full 0):
 PSYoungGen      total 138240K, used 138231K [0x000000076ab00000, 0x0000000773700000, 0x00000007c0000000)
  eden space 133120K, 100% used [0x000000076ab00000,0x0000000772d00000,0x0000000772d00000)
  from space 5120K, 99% used [0x0000000773200000,0x00000007736fdfb0,0x0000000773700000)
  to   space 5120K, 0% used [0x0000000772d00000,0x0000000772d00000,0x0000000773200000)
 ParOldGen       total 87552K, used 43855K [0x00000006c0000000, 0x00000006c5580000, 0x000000076ab00000)
  object space 87552K, 50% used [0x00000006c0000000,0x00000006c2ad3c48,0x00000006c5580000)
 Metaspace       used 6221K, capacity 7158K, committed 7296K, reserved 1056768K
  class space    used 608K, capacity 622K, committed 640K, reserved 1048576K
Event: 7.830 GC heap after
Heap after GC invocations=5 (full 0):
 PSYoungGen      total 138240K, used 5107K [0x000000076ab00000, 0x000000077e100000, 0x00000007c0000000)
  eden space 133120K, 0% used [0x000000076ab00000,0x000000076ab00000,0x0000000772d00000)
  from space 5120K, 99% used [0x0000000772d00000,0x00000007731fcf20,0x0000000773200000)
  to   space 25600K, 0% used [0x000000077c800000,0x000000077c800000,0x000000077e100000)
 ParOldGen       total 87552K, used 62211K [0x00000006c0000000, 0x00000006c5580000, 0x000000076ab00000)
  object space 87552K, 71% used [0x00000006c0000000,0x00000006c3cc0c88,0x00000006c5580000)
 Metaspace       used 6221K, capacity 7158K, committed 7296K, reserved 1056768K
  class space    used 608K, capacity 622K, committed 640K, reserved 1048576K
}
Event: 9.272 GC heap before
{Heap before GC invocations=6 (full 0):
 PSYoungGen      total 138240K, used 138227K [0x000000076ab00000, 0x000000077e100000, 0x00000007c0000000)
  eden space 133120K, 100% used [0x000000076ab00000,0x0000000772d00000,0x0000000772d00000)
  from space 5120K, 99% used [0x0000000772d00000,0x00000007731fcf20,0x0000000773200000)
  to   space 25600K, 0% used [0x000000077c800000,0x000000077c800000,0x000000077e100000)
 ParOldGen       total 87552K, used 62211K [0x00000006c0000000, 0x00000006c5580000, 0x000000076ab00000)
  object space 87552K, 71% used [0x00000006c0000000,0x00000006c3cc0c88,0x00000006c5580000)
 Metaspace       used 6289K, capacity 7158K, committed 7296K, reserved 1056768K
  class space    used 612K, capacity 622K, committed 640K, reserved 1048576K
Event: 9.834 GC heap after
Heap after GC invocations=6 (full 0):
 PSYoungGen      total 287744K, used 25594K [0x000000076ab00000, 0x000000077e900000, 0x00000007c0000000)
  eden space 262144K, 0% used [0x000000076ab00000,0x000000076ab00000,0x000000077ab00000)
  from space 25600K, 99% used [0x000000077c800000,0x000000077e0fe898,0x000000077e100000)
  to   space 29696K, 0% used [0x000000077ab00000,0x000000077ab00000,0x000000077c800000)
 ParOldGen       total 87552K, used 63347K [0x00000006c0000000, 0x00000006c5580000, 0x000000076ab00000)
  object space 87552K, 72% used [0x00000006c0000000,0x00000006c3ddce40,0x00000006c5580000)
 Metaspace       used 6289K, capacity 7158K, committed 7296K, reserved 1056768K
  class space    used 612K, capacity 622K, committed 640K, reserved 1048576K
}

Deoptimization events (10 events):
Event: 12.585 Thread 0x000000001d653800 Uncommon trap: reason=speculate_class_check action=maybe_recompile pc=0x00000000029d3300 method=com.android.dx.util.FixedSizeList.equals(Ljava/lang/Object;)Z @ 25
Event: 12.585 Thread 0x000000001d653800 Uncommon trap: reason=speculate_class_check action=maybe_recompile pc=0x00000000029d3300 method=com.android.dx.util.FixedSizeList.equals(Ljava/lang/Object;)Z @ 25
Event: 12.585 Thread 0x000000001d653800 Uncommon trap: reason=speculate_class_check action=maybe_recompile pc=0x00000000029d3300 method=com.android.dx.util.FixedSizeList.equals(Ljava/lang/Object;)Z @ 25
Event: 12.585 Thread 0x000000001d653800 Uncommon trap: reason=unstable_if action=reinterpret pc=0x0000000002be64c4 method=java.util.TreeMap.put(Ljava/lang/Object;Ljava/lang/Object;)Ljava/lang/Object; @ 163
Event: 12.588 Thread 0x000000001d653800 Uncommon trap: reason=class_check action=maybe_recompile pc=0x0000000002fa3f08 method=com.android.dx.dex.code.OutputFinisher.massageInstructions([Lcom/android/dx/dex/code/Dop;)V @ 63
Event: 12.594 Thread 0x000000001d653800 Uncommon trap: reason=unstable_if action=reinterpret pc=0x0000000002808434 method=java.util.ArrayList.<init>(I)V @ 5
Event: 12.624 Thread 0x000000001d653800 Uncommon trap: reason=unstable_if action=reinterpret pc=0x0000000002ff4c78 method=com.android.dx.util.ByteArrayAnnotatedOutput.ensureCapacity(I)V @ 6
Event: 12.625 Thread 0x000000001d653800 Uncommon trap: reason=unstable_if action=reinterpret pc=0x0000000002b80f20 method=com.android.dx.util.ByteArrayAnnotatedOutput.ensureCapacity(I)V @ 6
Event: 12.627 Thread 0x000000001d653800 Uncommon trap: reason=unstable_if action=reinterpret pc=0x00000000029be23c method=java.lang.Long.numberOfTrailingZeros(J)I @ 3
Event: 12.638 Thread 0x000000001d653800 Uncommon trap: reason=unstable_if action=reinterpret pc=0x000000000300fda8 method=com.android.dx.util.ByteArrayAnnotatedOutput.writeByte(I)V @ 13

Internal exceptions (2 events):
Event: 0.129 Thread 0x000000000036e000 Exception <a 'java/lang/NoSuchMethodError': Method sun.misc.Unsafe.defineClass(Ljava/lang/String;[BII)Ljava/lang/Class; name or signature does not match> (0x000000076ab07ca8) thrown at [C:\re\workspace\8-2-build-windows-amd64-cygwin\jdk8u151\9699\hotspot\
Event: 0.129 Thread 0x000000000036e000 Exception <a 'java/lang/NoSuchMethodError': Method sun.misc.Unsafe.prefetchRead(Ljava/lang/Object;J)V name or signature does not match> (0x000000076ab07f90) thrown at [C:\re\workspace\8-2-build-windows-amd64-cygwin\jdk8u151\9699\hotspot\src\share\vm\prims

Events (10 events):
Event: 12.638 Thread 0x000000001d653800 DEOPT PACKING pc=0x000000000300fda8 sp=0x000000001e3de970
Event: 12.638 Thread 0x000000001d653800 DEOPT UNPACKING pc=0x00000000026f582a sp=0x000000001e3de948 mode 2
Event: 12.857 Thread 0x000000001d47e000 flushing nmethod 0x00000000028eb650
Event: 12.857 Executing VM operation: ForceSafepoint
Event: 12.857 Executing VM operation: ForceSafepoint done
Event: 12.857 Thread 0x000000001d47e000 flushing nmethod 0x000000000299acd0
Event: 12.857 Thread 0x000000001d47e000 flushing nmethod 0x0000000002b06750
Event: 12.857 Thread 0x000000001d47e000 flushing nmethod 0x0000000002b2aed0
Event: 12.857 Thread 0x000000001d47e000 flushing nmethod 0x0000000002b62410
Event: 12.857 Thread 0x000000001d47e000 flushing nmethod 0x0000000002bb7a50


Dynamic libraries:
0x000000013fe30000 - 0x000000013fe67000 	C:\Program Files\Java\jdk1.8.0_151\bin\java.exe
0x0000000076f10000 - 0x00000000770ba000 	C:\Windows\SYSTEM32\ntdll.dll
0x0000000076cf0000 - 0x0000000076e0f000 	C:\Windows\system32\kernel32.dll
0x000007fefcdf0000 - 0x000007fefce5b000 	C:\Windows\system32\KERNELBASE.dll
0x000007fefde70000 - 0x000007fefdf4b000 	C:\Windows\system32\ADVAPI32.dll
0x000007fefef90000 - 0x000007feff02f000 	C:\Windows\system32\msvcrt.dll
0x000007fefe030000 - 0x000007fefe04f000 	C:\Windows\SYSTEM32\sechost.dll
0x000007fefec80000 - 0x000007fefedad000 	C:\Windows\system32\RPCRT4.dll
0x0000000076e10000 - 0x0000000076f0a000 	C:\Windows\system32\USER32.dll
0x000007fefe690000 - 0x000007fefe6f7000 	C:\Windows\system32\GDI32.dll
0x000007fefe790000 - 0x000007fefe79e000 	C:\Windows\system32\LPK.dll
0x000007fefd010000 - 0x000007fefd0da000 	C:\Windows\system32\USP10.dll
0x000007fefb120000 - 0x000007fefb314000 	C:\Windows\WinSxS\amd64_microsoft.windows.common-controls_6595b64144ccf1df_6.0.7601.18837_none_fa3b1e3d17594757\COMCTL32.dll
0x000007fefe610000 - 0x000007fefe681000 	C:\Windows\system32\SHLWAPI.dll
0x000007fefedb0000 - 0x000007fefedde000 	C:\Windows\system32\IMM32.DLL
0x000007fefe500000 - 0x000007fefe609000 	C:\Windows\system32\MSCTF.dll
0x0000000062290000 - 0x0000000062362000 	C:\Program Files\Java\jdk1.8.0_151\jre\bin\msvcr100.dll
0x00000000619f0000 - 0x000000006228d000 	C:\Program Files\Java\jdk1.8.0_151\jre\bin\server\jvm.dll
0x000007feef150000 - 0x000007feef159000 	C:\Windows\system32\WSOCK32.dll
0x000007fefef40000 - 0x000007fefef8d000 	C:\Windows\system32\WS2_32.dll
0x000007fefe780000 - 0x000007fefe788000 	C:\Windows\system32\NSI.dll
0x000007fefab50000 - 0x000007fefab8b000 	C:\Windows\system32\WINMM.dll
0x000007fefbc70000 - 0x000007fefbc7c000 	C:\Windows\system32\VERSION.dll
0x00000000770d0000 - 0x00000000770d7000 	C:\Windows\system32\PSAPI.DLL
0x000000006df40000 - 0x000000006df4f000 	C:\Program Files\Java\jdk1.8.0_151\jre\bin\verify.dll
0x0000000062780000 - 0x00000000627a9000 	C:\Program Files\Java\jdk1.8.0_151\jre\bin\java.dll
0x0000000063270000 - 0x0000000063286000 	C:\Program Files\Java\jdk1.8.0_151\jre\bin\zip.dll
0x000007fefd0e0000 - 0x000007fefde69000 	C:\Windows\system32\SHELL32.dll
0x000007fefea70000 - 0x000007fefec73000 	C:\Windows\system32\ole32.dll
0x000007fefcc50000 - 0x000007fefcc5f000 	C:\Windows\system32\profapi.dll

VM Arguments:
jvm_args: -Djava.awt.headless=true -Xmx4g -Dfile.encoding=GBK -Duser.country=CN -Duser.language=zh -Duser.variant 
java_command: com.android.dx.command.Main --dex --force-jumbo --num-threads=4 --multi-dex --output C:\Users\Administrator\Desktop\MLxiao\app\build\intermediates\transforms\dex\debug\folders\1000\5\slice_9 C:\Users\Administrator\Desktop\MLxiao\app\build\intermediates\transforms\instantRunSlicer\debug\folders\1\5\slice_9
java_class_path (initial): D:\Sdk\build-tools\26.0.1\lib\dx.jar
Launcher Type: SUN_STANDARD

Environment Variables:
JAVA_HOME=C:\Program Files\Java\jdk1.8.0_151
CLASSPATH=.;C:\Program Files\Java\jdk1.8.0_151\lib;C:\Program Files\Java\jdk1.8.0_151\lib\tools.jar;C:\Program Files\Java\jdk1.8.0_151\lib\dt.jar;
PATH=C:\Program Files (x86)\Common Files\Intel\Shared Libraries\redist\intel64\compiler;C:\Windows\system32;C:\Windows;C:\Windows\System32\Wbem;C:\Windows\System32\WindowsPowerShell\v1.0\;C:\Program Files (x86)\NVIDIA Corporation\PhysX\Common;C:\Program Files\Java\jdk1.8.0_151\bin;C:\Program Files\Java\jdk1.8.0_151\jre1.8.0_151\bin;C:\Program Files\Git\cmd;D:\Sdk\platform-tools;D:\Sdk\tools;C:\Program Files\Common Files\Autodesk Shared\;C:\Program Files (x86)\Python\Scripts\;C:\Program Files (x86)\Python\;
USERNAME=Administrator
OS=Windows_NT
PROCESSOR_IDENTIFIER=Intel64 Family 6 Model 158 Stepping 9, GenuineIntel



---------------  S Y S T E M  ---------------

OS: Windows 7 , 64 bit Build 7601 (6.1.7601.19160)

CPU:total 4 (initial active 4) (4 cores per cpu, 1 threads per core) family 6 model 158 stepping 9, cmov, cx8, fxsr, mmx, sse, sse2, sse3, ssse3, sse4.1, sse4.2, popcnt, avx, avx2, aes, clmul, erms, 3dnowpref, lzcnt, tsc, tscinvbit, bmi1, bmi2, adx

Memory: 4k page, physical 8335948k(1429440k free), swap 10431264k(4096k free)

vm_info: Java HotSpot(TM) 64-Bit Server VM (25.151-b12) for windows-amd64 JRE (1.8.0_151-b12), built on Sep  5 2017 19:33:46 by "java_re" with MS VC++ 10.0 (VS2010)

time: Fri Jan 12 15:32:07 2018
elapsed time: 12 seconds (0d 0h 0m 12s)

