#
# There is insufficient memory for the Java Runtime Environment to continue.
# Native memory allocation (malloc) failed to allocate 418576 bytes for Chunk::new
# Possible reasons:
#   The system is out of physical RAM or swap space
#   In 32 bit mode, the process size limit was hit
# Possible solutions:
#   Reduce memory load on the system
#   Increase physical memory or swap space
#   Check if swap backing store is full
#   Use 64 bit Java on a 64 bit OS
#   Decrease Java heap size (-Xmx/-Xms)
#   Decrease number of Java threads
#   Decrease Java thread stack sizes (-Xss)
#   Set larger code cache with -XX:ReservedCodeCacheSize=
# This output file may be truncated or incomplete.
#
#  Out of Memory Error (allocation.cpp:390), pid=4808, tid=0x00000000000012c0
#
# JRE version: Java(TM) SE Runtime Environment (8.0_151-b12) (build 1.8.0_151-b12)
# Java VM: Java HotSpot(TM) 64-Bit Server VM (25.151-b12 mixed mode windows-amd64 compressed oops)
# Failed to write core dump. Minidumps are not enabled by default on client versions of Windows
#

---------------  T H R E A D  ---------------

Current thread (0x000000001d3d3000):  JavaThread "C2 CompilerThread1" daemon [_thread_in_native, id=4800, stack(0x000000001dca0000,0x000000001dda0000)]

Stack: [0x000000001dca0000,0x000000001dda0000]
[error occurred during error reporting (printing stack bounds), id 0xc0000005]

Native frames: (J=compiled Java code, j=interpreted, Vv=VM code, C=native code)


Current CompileTask:
C2:   3304 1484       4       com.android.dx.ssa.SsaBasicBlock::newFromRop (183 bytes)


---------------  P R O C E S S  ---------------

Java Threads: ( => current thread )
  0x000000001d660000 JavaThread "pool-1-thread-1" [_thread_blocked, id=2588, stack(0x000000001e0c0000,0x000000001e1c0000)]
  0x000000001d3d6800 JavaThread "Service Thread" daemon [_thread_blocked, id=6872, stack(0x000000001de10000,0x000000001df10000)]
  0x000000001d3d3800 JavaThread "C1 CompilerThread2" daemon [_thread_blocked, id=2452, stack(0x000000001d150000,0x000000001d250000)]
=>0x000000001d3d3000 JavaThread "C2 CompilerThread1" daemon [_thread_in_native, id=4800, stack(0x000000001dca0000,0x000000001dda0000)]
  0x000000001d36b000 JavaThread "C2 CompilerThread0" daemon [_thread_in_native, id=5172, stack(0x000000001dae0000,0x000000001dbe0000)]
  0x000000001d36a000 JavaThread "Attach Listener" daemon [_thread_blocked, id=6288, stack(0x000000001d940000,0x000000001da40000)]
  0x000000001d369800 JavaThread "Signal Dispatcher" daemon [_thread_blocked, id=7652, stack(0x000000001d800000,0x000000001d900000)]
  0x000000001bf0b800 JavaThread "Finalizer" daemon [_thread_blocked, id=8056, stack(0x000000001d260000,0x000000001d360000)]
  0x000000001bec4800 JavaThread "Reference Handler" daemon [_thread_blocked, id=7040, stack(0x000000001cf80000,0x000000001d080000)]
  0x000000000240e000 JavaThread "main" [_thread_blocked, id=1200, stack(0x0000000002570000,0x0000000002670000)]

Other Threads:
  0x000000001bebd000 VMThread [stack: 0x000000001ce60000,0x000000001cf60000] [id=6024]
  0x000000001d409000 WatcherThread [stack: 0x000000001df80000,0x000000001e080000] [id=6088]

VM state:at safepoint (normal execution)

VM Mutex/Monitor currently owned by a thread:  ([mutex/lock_event])
[0x000000000240c640] Threads_lock - owner thread: 0x000000001bebd000
[0x000000000240cb40] Heap_lock - owner thread: 0x000000001d660000

Heap:
 PSYoungGen      total 71680K, used 5112K [0x000000076ab00000, 0x000000076f600000, 0x00000007c0000000)
  eden space 66560K, 0% used [0x000000076ab00000,0x000000076ab00000,0x000000076ec00000)
  from space 5120K, 99% used [0x000000076ec00000,0x000000076f0fe038,0x000000076f100000)
  to   space 5120K, 0% used [0x000000076f100000,0x000000076f100000,0x000000076f600000)
 ParOldGen       total 87552K, used 4840K [0x00000006c0000000, 0x00000006c5580000, 0x000000076ab00000)
  object space 87552K, 5% used [0x00000006c0000000,0x00000006c04ba338,0x00000006c5580000)
 Metaspace       used 6289K, capacity 7000K, committed 7168K, reserved 1060864K
  class space    used 622K, capacity 656K, committed 768K, reserved 1048576K

Card table byte_map: [0x0000000011a30000,0x0000000012240000] byte_map_base: 0x000000000e430000

Marking Bits: (ParMarkBitMap*) 0x000000006372d850
 Begin Bits: [0x0000000012d30000, 0x0000000016d30000)
 End Bits:   [0x0000000016d30000, 0x000000001ad30000)

Polling page: 0x0000000002330000

CodeCache: size=245760Kb used=5736Kb max_used=5736Kb free=240023Kb
 bounds [0x0000000002670000, 0x0000000002c10000, 0x0000000011670000]
 total_blobs=1717 nmethods=1446 adapters=183
 compilation: disabled (not enough contiguous free space left)

Compilation events (10 events):
Event: 3.160 Thread 0x000000001d3d3800 nmethod 1494 0x0000000002bea910 code [0x0000000002beaa80, 0x0000000002bead48]
Event: 3.163 Thread 0x000000001d3d3800 1495       3       com.android.dx.ssa.DeadCodeRemover::<init> (44 bytes)
Event: 3.163 Thread 0x000000001d3d3800 nmethod 1495 0x0000000002beae10 code [0x0000000002beafa0, 0x0000000002beb398]
Event: 3.163 Thread 0x000000001d3d3800 1496       3       com.android.dx.ssa.SsaMethod::removeFromUseList (57 bytes)
Event: 3.163 Thread 0x000000001d3d3800 nmethod 1496 0x0000000002beb510 code [0x0000000002beb6e0, 0x0000000002bebec8]
Event: 3.163 Thread 0x000000001d3d3800 1497       3       com.android.dx.ssa.back.InterferenceGraph::<init> (42 bytes)
Event: 3.164 Thread 0x000000001d3d3800 nmethod 1497 0x0000000002bec250 code [0x0000000002bec460, 0x0000000002becfa8]
Event: 3.164 Thread 0x000000001d3d3800 1498       3       com.android.dx.ssa.back.LivenessAnalyzer::constructInterferenceGraph (47 bytes)
Event: 3.164 Thread 0x000000001d3d3800 nmethod 1498 0x0000000002bed690 code [0x0000000002bed840, 0x0000000002bedc78]
Event: 3.181 Thread 0x000000001d3d3800 1499   !   3       java.util.zip.ZipFile::getInflater (56 bytes)

GC Heap History (2 events):
Event: 1.326 GC heap before
{Heap before GC invocations=1 (full 0):
 PSYoungGen      total 38400K, used 33280K [0x000000076ab00000, 0x000000076d580000, 0x00000007c0000000)
  eden space 33280K, 100% used [0x000000076ab00000,0x000000076cb80000,0x000000076cb80000)
  from space 5120K, 0% used [0x000000076d080000,0x000000076d080000,0x000000076d580000)
  to   space 5120K, 0% used [0x000000076cb80000,0x000000076cb80000,0x000000076d080000)
 ParOldGen       total 87552K, used 0K [0x00000006c0000000, 0x00000006c5580000, 0x000000076ab00000)
  object space 87552K, 0% used [0x00000006c0000000,0x00000006c0000000,0x00000006c5580000)
 Metaspace       used 5953K, capacity 6744K, committed 6912K, reserved 1056768K
  class space    used 614K, capacity 656K, committed 768K, reserved 1048576K
Event: 1.441 GC heap after
Heap after GC invocations=1 (full 0):
 PSYoungGen      total 38400K, used 5090K [0x000000076ab00000, 0x000000076f600000, 0x00000007c0000000)
  eden space 33280K, 0% used [0x000000076ab00000,0x000000076ab00000,0x000000076cb80000)
  from space 5120K, 99% used [0x000000076cb80000,0x000000076d078ac8,0x000000076d080000)
  to   space 5120K, 0% used [0x000000076f100000,0x000000076f100000,0x000000076f600000)
 ParOldGen       total 87552K, used 1491K [0x00000006c0000000, 0x00000006c5580000, 0x000000076ab00000)
  object space 87552K, 1% used [0x00000006c0000000,0x00000006c0174f88,0x00000006c5580000)
 Metaspace       used 5953K, capacity 6744K, committed 6912K, reserved 1056768K
  class space    used 614K, capacity 656K, committed 768K, reserved 1048576K
}

Deoptimization events (3 events):
Event: 0.966 Thread 0x000000001d679800 Uncommon trap: reason=bimorphic action=maybe_recompile pc=0x000000000286ce30 method=java.util.HashMap.getNode(ILjava/lang/Object;)Ljava/util/HashMap$Node; @ 126
Event: 0.967 Thread 0x000000001d679800 Uncommon trap: reason=bimorphic action=maybe_recompile pc=0x000000000286ce30 method=java.util.HashMap.getNode(ILjava/lang/Object;)Ljava/util/HashMap$Node; @ 126
Event: 1.783 Thread 0x000000001d660000 Uncommon trap: reason=bimorphic action=maybe_recompile pc=0x000000000286ce30 method=java.util.HashMap.getNode(ILjava/lang/Object;)Ljava/util/HashMap$Node; @ 126

Internal exceptions (2 events):
Event: 0.043 Thread 0x000000000240e000 Exception <a 'java/lang/NoSuchMethodError': Method sun.misc.Unsafe.defineClass(Ljava/lang/String;[BII)Ljava/lang/Class; name or signature does not match> (0x000000076ab07ca8) thrown at [C:\re\workspace\8-2-build-windows-amd64-cygwin\jdk8u151\9699\hotspot\
Event: 0.043 Thread 0x000000000240e000 Exception <a 'java/lang/NoSuchMethodError': Method sun.misc.Unsafe.prefetchRead(Ljava/lang/Object;J)V name or signature does not match> (0x000000076ab07f90) thrown at [C:\re\workspace\8-2-build-windows-amd64-cygwin\jdk8u151\9699\hotspot\src\share\vm\prims

Events (10 events):
Event: 2.082 Thread 0x000000000240e000 DEOPT PACKING pc=0x00000000029cd6e9 sp=0x000000000266e720
Event: 2.082 Thread 0x000000000240e000 DEOPT UNPACKING pc=0x00000000026b787f sp=0x000000000266e548 mode 0
Event: 2.127 Thread 0x000000001d67c800 DEOPT PACKING pc=0x00000000029bf9ba sp=0x000000001e42eab0
Event: 2.127 Thread 0x000000001d67c800 DEOPT UNPACKING pc=0x00000000026b787f sp=0x000000001e42e898 mode 0
Event: 2.377 Thread 0x000000001d679800 DEOPT PACKING pc=0x0000000002966604 sp=0x000000001e6ae940
Event: 2.377 Thread 0x000000001d679800 DEOPT UNPACKING pc=0x00000000026b787f sp=0x000000001e6ae6a8 mode 0
Event: 2.394 Thread 0x000000001d679800 DEOPT PACKING pc=0x00000000029e10ab sp=0x000000001e6aec20
Event: 2.394 Thread 0x000000001d679800 DEOPT UNPACKING pc=0x00000000026b787f sp=0x000000001e6ae980 mode 0
Event: 3.068 Thread 0x000000001d679800 DEOPT PACKING pc=0x0000000002acbd81 sp=0x000000001e6ae980
Event: 3.068 Thread 0x000000001d679800 DEOPT UNPACKING pc=0x00000000026b787f sp=0x000000001e6ae768 mode 0


Dynamic libraries:
0x000000013f490000 - 0x000000013f4c7000 	C:\Program Files\Java\jdk1.8.0_151\bin\java.exe
0x0000000077a30000 - 0x0000000077bda000 	C:\Windows\SYSTEM32\ntdll.dll
0x0000000077910000 - 0x0000000077a2f000 	C:\Windows\system32\kernel32.dll
0x000007fefd800000 - 0x000007fefd86b000 	C:\Windows\system32\KERNELBASE.dll
0x000007feffac0000 - 0x000007feffb9b000 	C:\Windows\system32\ADVAPI32.dll
0x000007fefe7b0000 - 0x000007fefe84f000 	C:\Windows\system32\msvcrt.dll
0x000007fefeaf0000 - 0x000007fefeb0f000 	C:\Windows\SYSTEM32\sechost.dll
0x000007fefe060000 - 0x000007fefe18d000 	C:\Windows\system32\RPCRT4.dll
0x0000000077810000 - 0x000000007790a000 	C:\Windows\system32\USER32.dll
0x000007feffcd0000 - 0x000007feffd37000 	C:\Windows\system32\GDI32.dll
0x000007fefeb10000 - 0x000007fefeb1e000 	C:\Windows\system32\LPK.dll
0x000007fefdf90000 - 0x000007fefe05a000 	C:\Windows\system32\USP10.dll
0x000007fefbc80000 - 0x000007fefbe74000 	C:\Windows\WinSxS\amd64_microsoft.windows.common-controls_6595b64144ccf1df_6.0.7601.18837_none_fa3b1e3d17594757\COMCTL32.dll
0x000007feffc40000 - 0x000007feffcb1000 	C:\Windows\system32\SHLWAPI.dll
0x000007feffa90000 - 0x000007feffabe000 	C:\Windows\system32\IMM32.DLL
0x000007fefe9e0000 - 0x000007fefeae9000 	C:\Windows\system32\MSCTF.dll
0x0000000062d50000 - 0x0000000062e22000 	C:\Program Files\Java\jdk1.8.0_151\jre\bin\msvcr100.dll
0x0000000062f10000 - 0x00000000637ad000 	C:\Program Files\Java\jdk1.8.0_151\jre\bin\server\jvm.dll
0x000007fefbfd0000 - 0x000007fefbfd9000 	C:\Windows\system32\WSOCK32.dll
0x000007fefe990000 - 0x000007fefe9dd000 	C:\Windows\system32\WS2_32.dll
0x000007feffcc0000 - 0x000007feffcc8000 	C:\Windows\system32\NSI.dll
0x000007fefb180000 - 0x000007fefb1bb000 	C:\Windows\system32\WINMM.dll
0x000007fefc790000 - 0x000007fefc79c000 	C:\Windows\system32\VERSION.dll
0x0000000077c00000 - 0x0000000077c07000 	C:\Windows\system32\PSAPI.DLL
0x0000000073360000 - 0x000000007336f000 	C:\Program Files\Java\jdk1.8.0_151\jre\bin\verify.dll
0x000000006e740000 - 0x000000006e769000 	C:\Program Files\Java\jdk1.8.0_151\jre\bin\java.dll
0x000000006e780000 - 0x000000006e796000 	C:\Program Files\Java\jdk1.8.0_151\jre\bin\zip.dll
0x000007fefed00000 - 0x000007feffa89000 	C:\Windows\system32\SHELL32.dll
0x000007fefe190000 - 0x000007fefe393000 	C:\Windows\system32\ole32.dll
0x000007fefd770000 - 0x000007fefd77f000 	C:\Windows\system32\profapi.dll

VM Arguments:
jvm_args: -Djava.awt.headless=true -Xmx4g -Dfile.encoding=GBK -Duser.country=CN -Duser.language=zh -Duser.variant 
java_command: com.android.dx.command.Main --dex --force-jumbo --num-threads=4 --multi-dex --output C:\Users\Administrator\Desktop\MLxiao\app\build\intermediates\transforms\dex\debug\folders\1000\2\MobCommons-2017.0607.1736_3a5cffb8493bf2073d837755c38684a0fe32af92 C:\Users\Administrator\Desktop\MLxiao\app\libs\MobCommons-2017.0607.1736.jar
java_class_path (initial): D:\Sdk\build-tools\25.0.3\lib\dx.jar
Launcher Type: SUN_STANDARD

Environment Variables:
JAVA_HOME=C:\Program Files\Java\jdk1.8.0_151
CLASSPATH=.;C:\Program Files\Java\jdk1.8.0_151\lib;C:\Program Files\Java\jdk1.8.0_151\lib\tools.jar;C:\Program Files\Java\jdk1.8.0_151\lib\dt.jar;
PATH=C:\Program Files (x86)\Common Files\Intel\Shared Libraries\redist\intel64\compiler;C:\Windows\system32;C:\Windows;C:\Windows\System32\Wbem;C:\Windows\System32\WindowsPowerShell\v1.0\;C:\Program Files (x86)\NVIDIA Corporation\PhysX\Common;C:\Program Files\Java\jdk1.8.0_151\bin;C:\Program Files\Java\jdk1.8.0_151\jre1.8.0_151\bin;C:\Program Files\Git\cmd;D:\Sdk\platform-tools;D:\Sdk\tools;C:\Program Files\Common Files\Autodesk Shared\;C:\Program Files (x86)\Python\Scripts\;C:\Program Files (x86)\Python\;
USERNAME=Administrator
OS=Windows_NT
PROCESSOR_IDENTIFIER=Intel64 Family 6 Model 158 Stepping 9, GenuineIntel



---------------  S Y S T E M  ---------------

OS: Windows 7 , 64 bit Build 7601 (6.1.7601.19160)

CPU:total 4 (initial active 4) (4 cores per cpu, 1 threads per core) family 6 model 158 stepping 9, cmov, cx8, fxsr, mmx, sse, sse2, sse3, ssse3, sse4.1, sse4.2, popcnt, avx, avx2, aes, clmul, erms, 3dnowpref, lzcnt, tsc, tscinvbit, bmi1, bmi2, adx

Memory: 4k page, physical 8335948k(559796k free), swap 10431264k(5064k free)

vm_info: Java HotSpot(TM) 64-Bit Server VM (25.151-b12) for windows-amd64 JRE (1.8.0_151-b12), built on Sep  5 2017 19:33:46 by "java_re" with MS VC++ 10.0 (VS2010)

time: Wed Jan 03 15:15:51 2018
elapsed time: 3 seconds (0d 0h 0m 3s)

