#
# There is insufficient memory for the Java Runtime Environment to continue.
# Native memory allocation (mmap) failed to map 221249536 bytes for committing reserved memory.
# Possible reasons:
#   The system is out of physical RAM or swap space
#   In 32 bit mode, the process size limit was hit
# Possible solutions:
#   Reduce memory load on the system
#   Increase physical memory or swap space
#   Check if swap backing store is full
#   Use 64 bit Java on a 64 bit OS
#   Decrease Java heap size (-Xmx/-Xms)
#   Decrease number of Java threads
#   Decrease Java thread stack sizes (-Xss)
#   Set larger code cache with -XX:ReservedCodeCacheSize=
# This output file may be truncated or incomplete.
#
#  Out of Memory Error (os_linux.cpp:2640), pid=8379, tid=0x00007fe36eaf6700
#
# JRE version: OpenJDK Runtime Environment (8.0_152-b01) (build 1.8.0_152-release-915-b01)
# Java VM: OpenJDK 64-Bit Server VM (25.152-b01 mixed mode linux-amd64 compressed oops)
# Failed to write core dump. Core dumps have been disabled. To enable core dumping, try "ulimit -c unlimited" before starting Java again
#

---------------  T H R E A D  ---------------

Current thread (0x00007fe388078800):  VMThread [stack: 0x00007fe36e9f6000,0x00007fe36eaf7000] [id=8398]

Stack: [0x00007fe36e9f6000,0x00007fe36eaf7000],  sp=0x00007fe36eaf5480,  free space=1021k
Native frames: (J=compiled Java code, j=interpreted, Vv=VM code, C=native code)
V  [libjvm.so+0x9eb15d]  VMError::report_and_die()+0x15d
V  [libjvm.so+0x4b8eaa]  report_vm_out_of_memory(char const*, int, unsigned long, VMErrorType, char const*)+0x8a
V  [libjvm.so+0x851370]  os::pd_commit_memory(char*, unsigned long, unsigned long, bool)+0xf0
V  [libjvm.so+0x84be8f]  os::commit_memory(char*, unsigned long, unsigned long, bool)+0x1f
V  [libjvm.so+0x8c261b]  PSVirtualSpace::expand_by(unsigned long)+0x5b
V  [libjvm.so+0x8c3290]  PSYoungGen::resize_generation(unsigned long, unsigned long)+0xb0
V  [libjvm.so+0x8c35ab]  PSYoungGen::resize(unsigned long, unsigned long)+0x1b
V  [libjvm.so+0x8bfc9c]  PSScavenge::invoke_no_policy()+0xdac
V  [libjvm.so+0x8c0478]  PSScavenge::invoke()+0x38
V  [libjvm.so+0x8748f3]  ParallelScavengeHeap::failed_mem_allocate(unsigned long)+0x63
V  [libjvm.so+0x9ecc84]  VM_ParallelGCFailedAllocation::doit()+0x84
V  [libjvm.so+0x9f1197]  VM_Operation::evaluate()+0x47
V  [libjvm.so+0x9efb78]  VMThread::evaluate_operation(VM_Operation*)+0x2c8
V  [libjvm.so+0x9efff9]  VMThread::loop()+0x219
V  [libjvm.so+0x9f0442]  VMThread::run()+0x72
V  [libjvm.so+0x84e792]  java_start(Thread*)+0xf2

VM_Operation (0x00007fe36d58f0f0): ParallelGCFailedAllocation, mode: safepoint, requested by thread 0x00007fe388189800


---------------  P R O C E S S  ---------------

Java Threads: ( => current thread )
  0x00007fe388189800 JavaThread "pool-2-thread-4" [_thread_blocked, id=8411, stack(0x00007fe36d490000,0x00007fe36d591000)]
  0x00007fe388188800 JavaThread "pool-2-thread-3" [_thread_blocked, id=8410, stack(0x00007fe36d591000,0x00007fe36d692000)]
  0x00007fe388186800 JavaThread "pool-2-thread-2" [_thread_blocked, id=8409, stack(0x00007fe36d692000,0x00007fe36d793000)]
  0x00007fe388182000 JavaThread "pool-3-thread-1" [_thread_blocked, id=8408, stack(0x00007fe36d793000,0x00007fe36d894000)]
  0x00007fe388181800 JavaThread "pool-2-thread-1" [_thread_blocked, id=8407, stack(0x00007fe36d894000,0x00007fe36d995000)]
  0x00007fe3880c1000 JavaThread "Service Thread" daemon [_thread_blocked, id=8405, stack(0x00007fe36dc0d000,0x00007fe36dd0e000)]
  0x00007fe3880be800 JavaThread "C1 CompilerThread2" daemon [_thread_blocked, id=8404, stack(0x00007fe36dd0e000,0x00007fe36de0f000)]
  0x00007fe3880bc800 JavaThread "C2 CompilerThread1" daemon [_thread_blocked, id=8403, stack(0x00007fe36de0f000,0x00007fe36df10000)]
  0x00007fe3880b9800 JavaThread "C2 CompilerThread0" daemon [_thread_blocked, id=8402, stack(0x00007fe36df10000,0x00007fe36e011000)]
  0x00007fe3880b8000 JavaThread "Signal Dispatcher" daemon [_thread_blocked, id=8401, stack(0x00007fe36e011000,0x00007fe36e112000)]
  0x00007fe388084800 JavaThread "Finalizer" daemon [_thread_blocked, id=8400, stack(0x00007fe36e7f4000,0x00007fe36e8f5000)]
  0x00007fe388080000 JavaThread "Reference Handler" daemon [_thread_blocked, id=8399, stack(0x00007fe36e8f5000,0x00007fe36e9f6000)]
  0x00007fe38800b000 JavaThread "main" [_thread_blocked, id=8393, stack(0x00007fe390016000,0x00007fe390117000)]

Other Threads:
=>0x00007fe388078800 VMThread [stack: 0x00007fe36e9f6000,0x00007fe36eaf7000] [id=8398]
  0x00007fe3880c3800 WatcherThread [stack: 0x00007fe36db0c000,0x00007fe36dc0d000] [id=8406]

VM state:at safepoint (normal execution)

VM Mutex/Monitor currently owned by a thread:  ([mutex/lock_event])
[0x00007fe388007240] Threads_lock - owner thread: 0x00007fe388078800
[0x00007fe388007740] Heap_lock - owner thread: 0x00007fe388189800

Heap:
 PSYoungGen      total 840192K, used 108215K [0x000000076ab00000, 0x00000007a6300000, 0x00000007c0000000)
  eden space 727040K, 0% used [0x000000076ab00000,0x000000076ab00000,0x0000000797100000)
  from space 113152K, 95% used [0x0000000797100000,0x000000079daadf68,0x000000079df80000)
  to   space 102912K, 0% used [0x000000079df80000,0x000000079df80000,0x00000007a4400000)
 ParOldGen       total 498688K, used 498579K [0x00000006c0000000, 0x00000006de700000, 0x000000076ab00000)
  object space 498688K, 99% used [0x00000006c0000000,0x00000006de6e4c18,0x00000006de700000)
 Metaspace       used 6605K, capacity 7344K, committed 7552K, reserved 1056768K
  class space    used 603K, capacity 616K, committed 640K, reserved 1048576K

Card table byte_map: [0x00007fe38c6a3000,0x00007fe38cea4000] byte_map_base: 0x00007fe3890a3000

Marking Bits: (ParMarkBitMap*) 0x00007fe38f4df3e0
 Begin Bits: [0x00007fe370cfd000, 0x00007fe374cfd000)
 End Bits:   [0x00007fe374cfd000, 0x00007fe378cfd000)

Polling page: 0x00007fe390130000

CodeCache: size=245760Kb used=13653Kb max_used=13665Kb free=232106Kb
 bounds [0x00007fe379000000, 0x00007fe379d70000, 0x00007fe388000000]
 total_blobs=2977 nmethods=2711 adapters=180
 compilation: enabled

Compilation events (10 events):
Event: 46.701 Thread 0x00007fe3880be800 3761       3       com.android.dx.rop.code.Rops::opShl (21 bytes)
Event: 46.702 Thread 0x00007fe3880be800 nmethod 3761 0x00007fe379bcbcd0 code [0x00007fe379bcbe40, 0x00007fe379bcc008]
Event: 46.703 Thread 0x00007fe3880bc800 3762   !   4       com.android.dx.cf.code.OneLocalsArray::set (106 bytes)
Event: 46.706 Thread 0x00007fe3880bc800 nmethod 3762 0x00007fe379bd0050 code [0x00007fe379bd01e0, 0x00007fe379bd05b8]
Event: 46.709 Thread 0x00007fe3880be800 3763       3       com.android.dx.rop.annotation.NameValuePair::<init> (43 bytes)
Event: 46.710 Thread 0x00007fe3880be800 nmethod 3763 0x00007fe379bcf990 code [0x00007fe379bcfb20, 0x00007fe379bcfef8]
Event: 46.711 Thread 0x00007fe3880b9800 3764       4       com.android.dx.rop.cst.CstType::hashCode (8 bytes)
Event: 46.713 Thread 0x00007fe3880b9800 nmethod 3764 0x00007fe379d61d10 code [0x00007fe379d61e60, 0x00007fe379d61ff8]
Event: 46.719 Thread 0x00007fe3880bc800 3765       4       com.android.dx.ssa.ConstCollector$2::map (28 bytes)
Event: 46.722 Thread 0x00007fe3880bc800 nmethod 3765 0x00007fe379d62f50 code [0x00007fe379d630c0, 0x00007fe379d63548]

GC Heap History (10 events):
Event: 23.009 GC heap after
Heap after GC invocations=19 (full 4):
 PSYoungGen      total 526336K, used 16703K [0x000000076ab00000, 0x0000000799100000, 0x00000007c0000000)
  eden space 457728K, 0% used [0x000000076ab00000,0x000000076ab00000,0x0000000786a00000)
  from space 68608K, 24% used [0x0000000786a00000,0x0000000787a4ffa0,0x000000078ad00000)
  to   space 77312K, 0% used [0x0000000794580000,0x0000000794580000,0x0000000799100000)
 ParOldGen       total 359936K, used 255159K [0x00000006c0000000, 0x00000006d5f80000, 0x000000076ab00000)
  object space 359936K, 70% used [0x00000006c0000000,0x00000006cf92dc38,0x00000006d5f80000)
 Metaspace       used 6544K, capacity 7280K, committed 7552K, reserved 1056768K
  class space    used 601K, capacity 616K, committed 640K, reserved 1048576K
}
Event: 27.200 GC heap before
{Heap before GC invocations=20 (full 4):
 PSYoungGen      total 526336K, used 474431K [0x000000076ab00000, 0x0000000799100000, 0x00000007c0000000)
  eden space 457728K, 100% used [0x000000076ab00000,0x0000000786a00000,0x0000000786a00000)
  from space 68608K, 24% used [0x0000000786a00000,0x0000000787a4ffa0,0x000000078ad00000)
  to   space 77312K, 0% used [0x0000000794580000,0x0000000794580000,0x0000000799100000)
 ParOldGen       total 359936K, used 255159K [0x00000006c0000000, 0x00000006d5f80000, 0x000000076ab00000)
  object space 359936K, 70% used [0x00000006c0000000,0x00000006cf92dc38,0x00000006d5f80000)
 Metaspace       used 6548K, capacity 7344K, committed 7552K, reserved 1056768K
  class space    used 601K, capacity 616K, committed 640K, reserved 1048576K
Event: 29.727 GC heap after
Heap after GC invocations=20 (full 4):
 PSYoungGen      total 670208K, used 73826K [0x000000076ab00000, 0x000000079aa00000, 0x00000007c0000000)
  eden space 592896K, 0% used [0x000000076ab00000,0x000000076ab00000,0x000000078ee00000)
  from space 77312K, 95% used [0x0000000794580000,0x0000000798d98870,0x0000000799100000)
  to   space 89600K, 0% used [0x000000078ee00000,0x000000078ee00000,0x0000000794580000)
 ParOldGen       total 359936K, used 269748K [0x00000006c0000000, 0x00000006d5f80000, 0x000000076ab00000)
  object space 359936K, 74% used [0x00000006c0000000,0x00000006d076d100,0x00000006d5f80000)
 Metaspace       used 6548K, capacity 7344K, committed 7552K, reserved 1056768K
  class space    used 601K, capacity 616K, committed 640K, reserved 1048576K
}
Event: 33.265 GC heap before
{Heap before GC invocations=21 (full 4):
 PSYoungGen      total 670208K, used 666722K [0x000000076ab00000, 0x000000079aa00000, 0x00000007c0000000)
  eden space 592896K, 100% used [0x000000076ab00000,0x000000078ee00000,0x000000078ee00000)
  from space 77312K, 95% used [0x0000000794580000,0x0000000798d98870,0x0000000799100000)
  to   space 89600K, 0% used [0x000000078ee00000,0x000000078ee00000,0x0000000794580000)
 ParOldGen       total 359936K, used 269748K [0x00000006c0000000, 0x00000006d5f80000, 0x000000076ab00000)
  object space 359936K, 74% used [0x00000006c0000000,0x00000006d076d100,0x00000006d5f80000)
 Metaspace       used 6558K, capacity 7344K, committed 7552K, reserved 1056768K
  class space    used 602K, capacity 616K, committed 640K, reserved 1048576K
Event: 37.638 GC heap after
Heap after GC invocations=21 (full 4):
 PSYoungGen      total 682496K, used 84370K [0x000000076ab00000, 0x00000007a4400000, 0x00000007c0000000)
  eden space 592896K, 0% used [0x000000076ab00000,0x000000076ab00000,0x000000078ee00000)
  from space 89600K, 94% used [0x000000078ee00000,0x0000000794064a00,0x0000000794580000)
  to   space 102912K, 0% used [0x000000079df80000,0x000000079df80000,0x00000007a4400000)
 ParOldGen       total 359936K, used 340503K [0x00000006c0000000, 0x00000006d5f80000, 0x000000076ab00000)
  object space 359936K, 94% used [0x00000006c0000000,0x00000006d4c85e00,0x00000006d5f80000)
 Metaspace       used 6558K, capacity 7344K, committed 7552K, reserved 1056768K
  class space    used 602K, capacity 616K, committed 640K, reserved 1048576K
}
Event: 37.799 GC heap before
{Heap before GC invocations=22 (full 5):
 PSYoungGen      total 682496K, used 84370K [0x000000076ab00000, 0x00000007a4400000, 0x00000007c0000000)
  eden space 592896K, 0% used [0x000000076ab00000,0x000000076ab00000,0x000000078ee00000)
  from space 89600K, 94% used [0x000000078ee00000,0x0000000794064a00,0x0000000794580000)
  to   space 102912K, 0% used [0x000000079df80000,0x000000079df80000,0x00000007a4400000)
 ParOldGen       total 359936K, used 340503K [0x00000006c0000000, 0x00000006d5f80000, 0x000000076ab00000)
  object space 359936K, 94% used [0x00000006c0000000,0x00000006d4c85e00,0x00000006d5f80000)
 Metaspace       used 6558K, capacity 7344K, committed 7552K, reserved 1056768K
  class space    used 602K, capacity 616K, committed 640K, reserved 1048576K
Event: 39.385 GC heap after
Heap after GC invocations=22 (full 5):
 PSYoungGen      total 682496K, used 60361K [0x000000076ab00000, 0x00000007a4400000, 0x00000007c0000000)
  eden space 592896K, 0% used [0x000000076ab00000,0x000000076ab00000,0x000000078ee00000)
  from space 89600K, 67% used [0x000000078ee00000,0x00000007928f24e0,0x0000000794580000)
  to   space 102912K, 0% used [0x000000079df80000,0x000000079df80000,0x00000007a4400000)
 ParOldGen       total 489984K, used 359833K [0x00000006c0000000, 0x00000006dde80000, 0x000000076ab00000)
  object space 489984K, 73% used [0x00000006c0000000,0x00000006d5f666d8,0x00000006dde80000)
 Metaspace       used 6558K, capacity 7344K, committed 7552K, reserved 1056768K
  class space    used 602K, capacity 616K, committed 640K, reserved 1048576K
}
Event: 40.909 GC heap before
{Heap before GC invocations=23 (full 5):
 PSYoungGen      total 682496K, used 653257K [0x000000076ab00000, 0x00000007a4400000, 0x00000007c0000000)
  eden space 592896K, 100% used [0x000000076ab00000,0x000000078ee00000,0x000000078ee00000)
  from space 89600K, 67% used [0x000000078ee00000,0x00000007928f24e0,0x0000000794580000)
  to   space 102912K, 0% used [0x000000079df80000,0x000000079df80000,0x00000007a4400000)
 ParOldGen       total 489984K, used 359833K [0x00000006c0000000, 0x00000006dde80000, 0x000000076ab00000)
  object space 489984K, 73% used [0x00000006c0000000,0x00000006d5f666d8,0x00000006dde80000)
 Metaspace       used 6581K, capacity 7344K, committed 7552K, reserved 1056768K
  class space    used 603K, capacity 616K, committed 640K, reserved 1048576K
Event: 42.936 GC heap after
Heap after GC invocations=23 (full 5):
 PSYoungGen      total 829952K, used 83613K [0x000000076ab00000, 0x00000007a6300000, 0x00000007c0000000)
  eden space 727040K, 0% used [0x000000076ab00000,0x000000076ab00000,0x0000000797100000)
  from space 102912K, 81% used [0x000000079df80000,0x00000007a31274b0,0x00000007a4400000)
  to   space 113152K, 0% used [0x0000000797100000,0x0000000797100000,0x000000079df80000)
 ParOldGen       total 489984K, used 418539K [0x00000006c0000000, 0x00000006dde80000, 0x000000076ab00000)
  object space 489984K, 85% used [0x00000006c0000000,0x00000006d98bad58,0x00000006dde80000)
 Metaspace       used 6581K, capacity 7344K, committed 7552K, reserved 1056768K
  class space    used 603K, capacity 616K, committed 640K, reserved 1048576K
}
Event: 46.726 GC heap before
{Heap before GC invocations=24 (full 5):
 PSYoungGen      total 829952K, used 810653K [0x000000076ab00000, 0x00000007a6300000, 0x00000007c0000000)
  eden space 727040K, 100% used [0x000000076ab00000,0x0000000797100000,0x0000000797100000)
  from space 102912K, 81% used [0x000000079df80000,0x00000007a31274b0,0x00000007a4400000)
  to   space 113152K, 0% used [0x0000000797100000,0x0000000797100000,0x000000079df80000)
 ParOldGen       total 489984K, used 418539K [0x00000006c0000000, 0x00000006dde80000, 0x000000076ab00000)
  object space 489984K, 85% used [0x00000006c0000000,0x00000006d98bad58,0x00000006dde80000)
 Metaspace       used 6605K, capacity 7344K, committed 7552K, reserved 1056768K
  class space    used 603K, capacity 616K, committed 640K, reserved 1048576K

Deoptimization events (10 events):
Event: 40.615 Thread 0x00007fe388186800 Uncommon trap: reason=bimorphic action=maybe_recompile pc=0x00007fe379d28320 method=com.android.dx.cf.code.BytecodeArray.parseInstruction(ILcom/android/dx/cf/code/BytecodeArray$Visitor;)I @ 1083
Event: 40.615 Thread 0x00007fe388186800 Uncommon trap: reason=bimorphic action=maybe_recompile pc=0x00007fe379d28320 method=com.android.dx.cf.code.BytecodeArray.parseInstruction(ILcom/android/dx/cf/code/BytecodeArray$Visitor;)I @ 1083
Event: 43.083 Thread 0x00007fe388189800 Uncommon trap: reason=bimorphic action=maybe_recompile pc=0x00007fe379581794 method=com.android.dx.cf.code.BytecodeArray.parseInstruction(ILcom/android/dx/cf/code/BytecodeArray$Visitor;)I @ 1573
Event: 43.085 Thread 0x00007fe388189800 Uncommon trap: reason=bimorphic action=maybe_recompile pc=0x00007fe379581794 method=com.android.dx.cf.code.BytecodeArray.parseInstruction(ILcom/android/dx/cf/code/BytecodeArray$Visitor;)I @ 1573
Event: 43.119 Thread 0x00007fe388186800 Uncommon trap: reason=bimorphic action=maybe_recompile pc=0x00007fe37927f34c method=java.util.HashMap$TreeNode.find(ILjava/lang/Object;Ljava/lang/Class;)Ljava/util/HashMap$TreeNode; @ 68
Event: 43.119 Thread 0x00007fe388186800 Uncommon trap: reason=bimorphic action=maybe_recompile pc=0x00007fe37927f34c method=java.util.HashMap$TreeNode.find(ILjava/lang/Object;Ljava/lang/Class;)Ljava/util/HashMap$TreeNode; @ 68
Event: 43.119 Thread 0x00007fe388186800 Uncommon trap: reason=bimorphic action=maybe_recompile pc=0x00007fe37927f34c method=java.util.HashMap$TreeNode.find(ILjava/lang/Object;Ljava/lang/Class;)Ljava/util/HashMap$TreeNode; @ 68
Event: 43.119 Thread 0x00007fe388186800 Uncommon trap: reason=bimorphic action=maybe_recompile pc=0x00007fe37927f34c method=java.util.HashMap$TreeNode.find(ILjava/lang/Object;Ljava/lang/Class;)Ljava/util/HashMap$TreeNode; @ 68
Event: 44.415 Thread 0x00007fe388186800 Uncommon trap: reason=unstable_if action=reinterpret pc=0x00007fe379672ab0 method=java.util.DualPivotQuicksort.sort([IIIZ)V @ 866
Event: 44.427 Thread 0x00007fe388181800 Uncommon trap: reason=class_check action=maybe_recompile pc=0x00007fe379baf648 method=com.android.dx.ssa.SCCP.replaceConstants()V @ 182

Classes redefined (0 events):
No events

Internal exceptions (9 events):
Event: 0.161 Thread 0x00007fe38800b000 Exception <a 'java/lang/NoSuchMethodError': Method sun.misc.Unsafe.defineClass(Ljava/lang/String;[BII)Ljava/lang/Class; name or signature does not match> (0x000000076ab07ca8) thrown at [/ssd/Android/AOSP-openjdk-git/jdk8u/hotspot/src/share/vm/prims/jni.cp
Event: 0.161 Thread 0x00007fe38800b000 Exception <a 'java/lang/NoSuchMethodError': Method sun.misc.Unsafe.prefetchRead(Ljava/lang/Object;J)V name or signature does not match> (0x000000076ab07f90) thrown at [/ssd/Android/AOSP-openjdk-git/jdk8u/hotspot/src/share/vm/prims/jni.cpp, line 4011]
Event: 0.793 Thread 0x00007fe38800b000 Implicit null exception at 0x00007fe379159db4 to 0x00007fe37915a3fd
Event: 1.484 Thread 0x00007fe388186800 Implicit null exception at 0x00007fe3793207d5 to 0x00007fe379322e81
Event: 4.390 Thread 0x00007fe388181800 Exception <a 'java/lang/ArrayIndexOutOfBoundsException': 18> (0x000000076ee36ae8) thrown at [/ssd/Android/AOSP-openjdk-git/jdk8u/hotspot/src/share/vm/interpreter/interpreterRuntime.cpp, line 366]
Event: 4.390 Thread 0x00007fe388181800 Exception <a 'java/lang/ArrayIndexOutOfBoundsException': 145> (0x000000076ee38668) thrown at [/ssd/Android/AOSP-openjdk-git/jdk8u/hotspot/src/share/vm/interpreter/interpreterRuntime.cpp, line 366]
Event: 4.731 Thread 0x00007fe388181800 Exception <a 'java/lang/ArrayIndexOutOfBoundsException'> (0x000000076ee39950) thrown at [/ssd/Android/AOSP-openjdk-git/jdk8u/hotspot/src/share/vm/runtime/sharedRuntime.cpp, line 605]
Event: 26.174 Thread 0x00007fe388186800 Implicit null exception at 0x00007fe37988400f to 0x00007fe379884f49
Event: 32.590 Thread 0x00007fe388189800 Implicit null exception at 0x00007fe379476f2c to 0x00007fe379478445

Events (10 events):
Event: 44.415 Thread 0x00007fe388186800 DEOPT PACKING pc=0x00007fe379672ab0 sp=0x00007fe36d790f00
Event: 44.415 Thread 0x00007fe388186800 DEOPT UNPACKING pc=0x00007fe379004f69 sp=0x00007fe36d790e78 mode 2
Event: 44.427 Thread 0x00007fe388181800 Uncommon trap: trap_request=0xffffffde fr.pc=0x00007fe379baf648
Event: 44.427 Thread 0x00007fe388181800 DEOPT PACKING pc=0x00007fe379baf648 sp=0x00007fe36d9930f0
Event: 44.427 Thread 0x00007fe388181800 DEOPT UNPACKING pc=0x00007fe379004f69 sp=0x00007fe36d9930a8 mode 2
Event: 44.457 Thread 0x00007fe388188800 DEOPT PACKING pc=0x00007fe3797cc666 sp=0x00007fe36d6905c0
Event: 44.457 Thread 0x00007fe388188800 DEOPT UNPACKING pc=0x00007fe379047373 sp=0x00007fe36d6903c8 mode 0
Event: 44.556 Thread 0x00007fe388188800 DEOPT PACKING pc=0x00007fe3797cc666 sp=0x00007fe36d6905c0
Event: 44.556 Thread 0x00007fe388188800 DEOPT UNPACKING pc=0x00007fe379047373 sp=0x00007fe36d6903c8 mode 0
Event: 46.726 Executing VM operation: ParallelGCFailedAllocation


Dynamic libraries:
00400000-00401000 r-xp 00000000 08:01 10093581                           /home/afirez/android-studio/jre/bin/java
00600000-00601000 r--p 00000000 08:01 10093581                           /home/afirez/android-studio/jre/bin/java
00601000-00602000 rw-p 00001000 08:01 10093581                           /home/afirez/android-studio/jre/bin/java
00dc3000-00de4000 rw-p 00000000 00:00 0                                  [heap]
6c0000000-6de700000 rw-p 00000000 00:00 0 
6de700000-76ab00000 ---p 00000000 00:00 0 
76ab00000-7a6300000 rw-p 00000000 00:00 0 
7b3600000-7c0000000 ---p 00000000 00:00 0 
7c0000000-7c00a0000 rw-p 00000000 00:00 0 
7c00a0000-800000000 ---p 00000000 00:00 0 
7fe320000000-7fe32007a000 rw-p 00000000 00:00 0 
7fe32007a000-7fe324000000 ---p 00000000 00:00 0 
7fe324000000-7fe324024000 rw-p 00000000 00:00 0 
7fe324024000-7fe328000000 ---p 00000000 00:00 0 
7fe328000000-7fe328021000 rw-p 00000000 00:00 0 
7fe328021000-7fe32c000000 ---p 00000000 00:00 0 
7fe32c000000-7fe32c04d000 rw-p 00000000 00:00 0 
7fe32c04d000-7fe330000000 ---p 00000000 00:00 0 
7fe330000000-7fe330021000 rw-p 00000000 00:00 0 
7fe330021000-7fe334000000 ---p 00000000 00:00 0 
7fe334000000-7fe334075000 rw-p 00000000 00:00 0 
7fe334075000-7fe338000000 ---p 00000000 00:00 0 
7fe338000000-7fe338ad2000 rw-p 00000000 00:00 0 
7fe338ad2000-7fe33c000000 ---p 00000000 00:00 0 
7fe33c000000-7fe33c021000 rw-p 00000000 00:00 0 
7fe33c021000-7fe340000000 ---p 00000000 00:00 0 
7fe340000000-7fe342170000 rw-p 00000000 00:00 0 
7fe342170000-7fe344000000 ---p 00000000 00:00 0 
7fe344000000-7fe3463f2000 rw-p 00000000 00:00 0 
7fe3463f2000-7fe348000000 ---p 00000000 00:00 0 
7fe348000000-7fe348021000 rw-p 00000000 00:00 0 
7fe348021000-7fe34c000000 ---p 00000000 00:00 0 
7fe34c000000-7fe34c021000 rw-p 00000000 00:00 0 
7fe34c021000-7fe350000000 ---p 00000000 00:00 0 
7fe350000000-7fe3502a9000 rw-p 00000000 00:00 0 
7fe3502a9000-7fe354000000 ---p 00000000 00:00 0 
7fe354000000-7fe354021000 rw-p 00000000 00:00 0 
7fe354021000-7fe358000000 ---p 00000000 00:00 0 
7fe358000000-7fe358021000 rw-p 00000000 00:00 0 
7fe358021000-7fe35c000000 ---p 00000000 00:00 0 
7fe35c000000-7fe35c021000 rw-p 00000000 00:00 0 
7fe35c021000-7fe360000000 ---p 00000000 00:00 0 
7fe360000000-7fe360021000 rw-p 00000000 00:00 0 
7fe360021000-7fe364000000 ---p 00000000 00:00 0 
7fe368000000-7fe368021000 rw-p 00000000 00:00 0 
7fe368021000-7fe36c000000 ---p 00000000 00:00 0 
7fe36d490000-7fe36d493000 ---p 00000000 00:00 0 
7fe36d493000-7fe36d591000 rw-p 00000000 00:00 0 
7fe36d591000-7fe36d594000 ---p 00000000 00:00 0 
7fe36d594000-7fe36d692000 rw-p 00000000 00:00 0 
7fe36d692000-7fe36d695000 ---p 00000000 00:00 0 
7fe36d695000-7fe36d793000 rw-p 00000000 00:00 0 
7fe36d793000-7fe36d796000 ---p 00000000 00:00 0 
7fe36d796000-7fe36d894000 rw-p 00000000 00:00 0 
7fe36d894000-7fe36d897000 ---p 00000000 00:00 0 
7fe36d897000-7fe36d995000 rw-p 00000000 00:00 0 
7fe36d995000-7fe36db0c000 r--s 01245000 08:01 11538970                   /home/afirez/Desktop/MLxiao/app/build/intermediates/transforms/jarMerging/debug/jars/1/1f/combined.jar
7fe36db0c000-7fe36db0d000 ---p 00000000 00:00 0 
7fe36db0d000-7fe36dc0d000 rw-p 00000000 00:00 0 
7fe36dc0d000-7fe36dc10000 ---p 00000000 00:00 0 
7fe36dc10000-7fe36dd0e000 rw-p 00000000 00:00 0 
7fe36dd0e000-7fe36dd11000 ---p 00000000 00:00 0 
7fe36dd11000-7fe36de0f000 rw-p 00000000 00:00 0 
7fe36de0f000-7fe36de12000 ---p 00000000 00:00 0 
7fe36de12000-7fe36df10000 rw-p 00000000 00:00 0 
7fe36df10000-7fe36df13000 ---p 00000000 00:00 0 
7fe36df13000-7fe36e011000 rw-p 00000000 00:00 0 
7fe36e011000-7fe36e014000 ---p 00000000 00:00 0 
7fe36e014000-7fe36e112000 rw-p 00000000 00:00 0 
7fe36e112000-7fe36e7f4000 r--p 00000000 08:01 2890617                    /usr/lib/locale/locale-archive
7fe36e7f4000-7fe36e7f7000 ---p 00000000 00:00 0 
7fe36e7f7000-7fe36e8f5000 rw-p 00000000 00:00 0 
7fe36e8f5000-7fe36e8f8000 ---p 00000000 00:00 0 
7fe36e8f8000-7fe36e9f6000 rw-p 00000000 00:00 0 
7fe36e9f6000-7fe36e9f7000 ---p 00000000 00:00 0 
7fe36e9f7000-7fe36fab7000 rw-p 00000000 00:00 0 
7fe36fab7000-7fe36fc87000 r--s 03c46000 08:01 10093660                   /home/afirez/android-studio/jre/jre/lib/rt.jar
7fe36fc87000-7fe3703bd000 rw-p 00000000 00:00 0 
7fe3703bd000-7fe3704fd000 ---p 00000000 00:00 0 
7fe3704fd000-7fe378cfd000 rw-p 00000000 00:00 0 
7fe378cfd000-7fe378cfe000 ---p 00000000 00:00 0 
7fe378cfe000-7fe378dfe000 rw-p 00000000 00:00 0 
7fe378dfe000-7fe378dff000 ---p 00000000 00:00 0 
7fe378dff000-7fe378eff000 rw-p 00000000 00:00 0 
7fe378eff000-7fe378f00000 ---p 00000000 00:00 0 
7fe378f00000-7fe379000000 rw-p 00000000 00:00 0 
7fe379000000-7fe379d70000 rwxp 00000000 00:00 0 
7fe379d70000-7fe388000000 ---p 00000000 00:00 0 
7fe388000000-7fe388391000 rw-p 00000000 00:00 0 
7fe388391000-7fe38c000000 ---p 00000000 00:00 0 
7fe38c00a000-7fe38c04c000 rw-p 00000000 00:00 0 
7fe38c04c000-7fe38c04d000 ---p 00000000 00:00 0 
7fe38c04d000-7fe38c241000 rw-p 00000000 00:00 0 
7fe38c241000-7fe38c6a3000 ---p 00000000 00:00 0 
7fe38c6a3000-7fe38c797000 rw-p 00000000 00:00 0 
7fe38c797000-7fe38cbf8000 ---p 00000000 00:00 0 
7fe38cbf8000-7fe38cdd5000 rw-p 00000000 00:00 0 
7fe38cdd5000-7fe38cea3000 ---p 00000000 00:00 0 
7fe38cea3000-7fe38ceda000 rw-p 00000000 00:00 0 
7fe38ceda000-7fe38d264000 ---p 00000000 00:00 0 
7fe38d264000-7fe38d27e000 r-xp 00000000 08:01 10093681                   /home/afirez/android-studio/jre/jre/lib/amd64/libzip.so
7fe38d27e000-7fe38d47e000 ---p 0001a000 08:01 10093681                   /home/afirez/android-studio/jre/jre/lib/amd64/libzip.so
7fe38d47e000-7fe38d47f000 r--p 0001a000 08:01 10093681                   /home/afirez/android-studio/jre/jre/lib/amd64/libzip.so
7fe38d47f000-7fe38d480000 rw-p 0001b000 08:01 10093681                   /home/afirez/android-studio/jre/jre/lib/amd64/libzip.so
7fe38d480000-7fe38d48a000 r-xp 00000000 08:01 1835237                    /lib/x86_64-linux-gnu/libnss_files-2.19.so
7fe38d48a000-7fe38d689000 ---p 0000a000 08:01 1835237                    /lib/x86_64-linux-gnu/libnss_files-2.19.so
7fe38d689000-7fe38d68a000 r--p 00009000 08:01 1835237                    /lib/x86_64-linux-gnu/libnss_files-2.19.so
7fe38d68a000-7fe38d68b000 rw-p 0000a000 08:01 1835237                    /lib/x86_64-linux-gnu/libnss_files-2.19.so
7fe38d68b000-7fe38d696000 r-xp 00000000 08:01 1835241                    /lib/x86_64-linux-gnu/libnss_nis-2.19.so
7fe38d696000-7fe38d895000 ---p 0000b000 08:01 1835241                    /lib/x86_64-linux-gnu/libnss_nis-2.19.so
7fe38d895000-7fe38d896000 r--p 0000a000 08:01 1835241                    /lib/x86_64-linux-gnu/libnss_nis-2.19.so
7fe38d896000-7fe38d897000 rw-p 0000b000 08:01 1835241                    /lib/x86_64-linux-gnu/libnss_nis-2.19.so
7fe38d897000-7fe38d8ae000 r-xp 00000000 08:01 1835254                    /lib/x86_64-linux-gnu/libnsl-2.19.so
7fe38d8ae000-7fe38daad000 ---p 00017000 08:01 1835254                    /lib/x86_64-linux-gnu/libnsl-2.19.so
7fe38daad000-7fe38daae000 r--p 00016000 08:01 1835254                    /lib/x86_64-linux-gnu/libnsl-2.19.so
7fe38daae000-7fe38daaf000 rw-p 00017000 08:01 1835254                    /lib/x86_64-linux-gnu/libnsl-2.19.so
7fe38daaf000-7fe38dab1000 rw-p 00000000 00:00 0 
7fe38dab1000-7fe38daba000 r-xp 00000000 08:01 1835243                    /lib/x86_64-linux-gnu/libnss_compat-2.19.so
7fe38daba000-7fe38dcb9000 ---p 00009000 08:01 1835243                    /lib/x86_64-linux-gnu/libnss_compat-2.19.so
7fe38dcb9000-7fe38dcba000 r--p 00008000 08:01 1835243                    /lib/x86_64-linux-gnu/libnss_compat-2.19.so
7fe38dcba000-7fe38dcbb000 rw-p 00009000 08:01 1835243                    /lib/x86_64-linux-gnu/libnss_compat-2.19.so
7fe38dcbb000-7fe38dce8000 r-xp 00000000 08:01 10093680                   /home/afirez/android-studio/jre/jre/lib/amd64/libjava.so
7fe38dce8000-7fe38dee7000 ---p 0002d000 08:01 10093680                   /home/afirez/android-studio/jre/jre/lib/amd64/libjava.so
7fe38dee7000-7fe38dee8000 r--p 0002c000 08:01 10093680                   /home/afirez/android-studio/jre/jre/lib/amd64/libjava.so
7fe38dee8000-7fe38deea000 rw-p 0002d000 08:01 10093680                   /home/afirez/android-studio/jre/jre/lib/amd64/libjava.so
7fe38deea000-7fe38defa000 r-xp 00000000 08:01 10093686                   /home/afirez/android-studio/jre/jre/lib/amd64/libverify.so
7fe38defa000-7fe38e0f9000 ---p 00010000 08:01 10093686                   /home/afirez/android-studio/jre/jre/lib/amd64/libverify.so
7fe38e0f9000-7fe38e0fb000 r--p 0000f000 08:01 10093686                   /home/afirez/android-studio/jre/jre/lib/amd64/libverify.so
7fe38e0fb000-7fe38e0fc000 rw-p 00011000 08:01 10093686                   /home/afirez/android-studio/jre/jre/lib/amd64/libverify.so
7fe38e0fc000-7fe38e103000 r-xp 00000000 08:01 1835252                    /lib/x86_64-linux-gnu/librt-2.19.so
7fe38e103000-7fe38e302000 ---p 00007000 08:01 1835252                    /lib/x86_64-linux-gnu/librt-2.19.so
7fe38e302000-7fe38e303000 r--p 00006000 08:01 1835252                    /lib/x86_64-linux-gnu/librt-2.19.so
7fe38e303000-7fe38e304000 rw-p 00007000 08:01 1835252                    /lib/x86_64-linux-gnu/librt-2.19.so
7fe38e304000-7fe38e409000 r-xp 00000000 08:01 1835245                    /lib/x86_64-linux-gnu/libm-2.19.so
7fe38e409000-7fe38e608000 ---p 00105000 08:01 1835245                    /lib/x86_64-linux-gnu/libm-2.19.so
7fe38e608000-7fe38e609000 r--p 00104000 08:01 1835245                    /lib/x86_64-linux-gnu/libm-2.19.so
7fe38e609000-7fe38e60a000 rw-p 00105000 08:01 1835245                    /lib/x86_64-linux-gnu/libm-2.19.so
7fe38e60a000-7fe38f202000 r-xp 00000000 08:01 10093690                   /home/afirez/android-studio/jre/jre/lib/amd64/server/libjvm.so
7fe38f202000-7fe38f402000 ---p 00bf8000 08:01 10093690                   /home/afirez/android-studio/jre/jre/lib/amd64/server/libjvm.so
7fe38f402000-7fe38f4a1000 r--p 00bf8000 08:01 10093690                   /home/afirez/android-studio/jre/jre/lib/amd64/server/libjvm.so
7fe38f4a1000-7fe38f4ca000 rw-p 00c97000 08:01 10093690                   /home/afirez/android-studio/jre/jre/lib/amd64/server/libjvm.so
7fe38f4ca000-7fe38f50e000 rw-p 00000000 00:00 0 
7fe38f50e000-7fe38f527000 r-xp 00000000 08:01 1835251                    /lib/x86_64-linux-gnu/libpthread-2.19.so
7fe38f527000-7fe38f726000 ---p 00019000 08:01 1835251                    /lib/x86_64-linux-gnu/libpthread-2.19.so
7fe38f726000-7fe38f727000 r--p 00018000 08:01 1835251                    /lib/x86_64-linux-gnu/libpthread-2.19.so
7fe38f727000-7fe38f728000 rw-p 00019000 08:01 1835251                    /lib/x86_64-linux-gnu/libpthread-2.19.so
7fe38f728000-7fe38f72c000 rw-p 00000000 00:00 0 
7fe38f72c000-7fe38f72f000 r-xp 00000000 08:01 1835255                    /lib/x86_64-linux-gnu/libdl-2.19.so
7fe38f72f000-7fe38f92e000 ---p 00003000 08:01 1835255                    /lib/x86_64-linux-gnu/libdl-2.19.so
7fe38f92e000-7fe38f92f000 r--p 00002000 08:01 1835255                    /lib/x86_64-linux-gnu/libdl-2.19.so
7fe38f92f000-7fe38f930000 rw-p 00003000 08:01 1835255                    /lib/x86_64-linux-gnu/libdl-2.19.so
7fe38f930000-7fe38faee000 r-xp 00000000 08:01 1835259                    /lib/x86_64-linux-gnu/libc-2.19.so
7fe38faee000-7fe38fcee000 ---p 001be000 08:01 1835259                    /lib/x86_64-linux-gnu/libc-2.19.so
7fe38fcee000-7fe38fcf2000 r--p 001be000 08:01 1835259                    /lib/x86_64-linux-gnu/libc-2.19.so
7fe38fcf2000-7fe38fcf4000 rw-p 001c2000 08:01 1835259                    /lib/x86_64-linux-gnu/libc-2.19.so
7fe38fcf4000-7fe38fcf9000 rw-p 00000000 00:00 0 
7fe38fcf9000-7fe38fd0f000 r-xp 00000000 08:01 10093629                   /home/afirez/android-studio/jre/lib/amd64/jli/libjli.so
7fe38fd0f000-7fe38ff0e000 ---p 00016000 08:01 10093629                   /home/afirez/android-studio/jre/lib/amd64/jli/libjli.so
7fe38ff0e000-7fe38ff0f000 r--p 00015000 08:01 10093629                   /home/afirez/android-studio/jre/lib/amd64/jli/libjli.so
7fe38ff0f000-7fe38ff10000 rw-p 00016000 08:01 10093629                   /home/afirez/android-studio/jre/lib/amd64/jli/libjli.so
7fe38ff10000-7fe38ff33000 r-xp 00000000 08:01 1835248                    /lib/x86_64-linux-gnu/ld-2.19.so
7fe38ff34000-7fe38ff43000 r--s 000e4000 08:01 4474121                    /home/afirez/Android/Sdk/build-tools/26.0.1/lib/dx.jar
7fe38ff43000-7fe390016000 rw-p 00000000 00:00 0 
7fe390016000-7fe390019000 ---p 00000000 00:00 0 
7fe390019000-7fe39011b000 rw-p 00000000 00:00 0 
7fe390126000-7fe390127000 rw-p 00000000 00:00 0 
7fe390127000-7fe39012f000 rw-s 00000000 08:01 4474689                    /tmp/hsperfdata_afirez/8379
7fe39012f000-7fe390130000 rw-p 00000000 00:00 0 
7fe390130000-7fe390131000 ---p 00000000 00:00 0 
7fe390131000-7fe390132000 rw-p 00000000 00:00 0 
7fe390132000-7fe390133000 r--p 00022000 08:01 1835248                    /lib/x86_64-linux-gnu/ld-2.19.so
7fe390133000-7fe390134000 rw-p 00023000 08:01 1835248                    /lib/x86_64-linux-gnu/ld-2.19.so
7fe390134000-7fe390135000 rw-p 00000000 00:00 0 
7ffe06699000-7ffe066bb000 rw-p 00000000 00:00 0                          [stack]
7ffe06744000-7ffe06746000 r--p 00000000 00:00 0                          [vvar]
7ffe06746000-7ffe06748000 r-xp 00000000 00:00 0                          [vdso]
ffffffffff600000-ffffffffff601000 r-xp 00000000 00:00 0                  [vsyscall]

VM Arguments:
jvm_args: -Djava.awt.headless=true -Xmx4g -Dfile.encoding=UTF-8 -Duser.country=US -Duser.language=en -Duser.variant 
java_command: com.android.dx.command.Main --dex --num-threads=4 --multi-dex --main-dex-list /home/afirez/Desktop/MLxiao/app/build/intermediates/multi-dex/debug/maindexlist.txt --output /home/afirez/Desktop/MLxiao/app/build/intermediates/transforms/dex/debug/folders/1000/1f/main /home/afirez/Desktop/MLxiao/app/build/intermediates/transforms/jarMerging/debug/jars/1/1f/combined.jar
java_class_path (initial): /home/afirez/Android/Sdk/build-tools/26.0.1/lib/dx.jar
Launcher Type: SUN_STANDARD

Environment Variables:
JAVA_HOME=/home/afirez/.sdkman/candidates/java/current
PATH=/home/afirez/.sdkman/candidates/java/current/bin:/home/afirez/.sdkman/candidates/gradle/current/bin:/usr/local/sbin:/usr/local/bin:/usr/sbin:/usr/bin:/sbin:/bin:/usr/games:/usr/local/games:/home/afirez/Android/Sdk/platform-tools:/home/afirez/Android/Sdk/tools
LD_LIBRARY_PATH=./android-studio/bin:
SHELL=/usr/bin/zsh
DISPLAY=:0

Signal Handlers:
SIGSEGV: [libjvm.so+0x9ebc60], sa_mask[0]=11111111011111111101111111111110, sa_flags=SA_RESTART|SA_SIGINFO
SIGBUS: [libjvm.so+0x9ebc60], sa_mask[0]=11111111011111111101111111111110, sa_flags=SA_RESTART|SA_SIGINFO
SIGFPE: [libjvm.so+0x84cf60], sa_mask[0]=11111111011111111101111111111110, sa_flags=SA_RESTART|SA_SIGINFO
SIGPIPE: [libjvm.so+0x84cf60], sa_mask[0]=11111111011111111101111111111110, sa_flags=SA_RESTART|SA_SIGINFO
SIGXFSZ: [libjvm.so+0x84cf60], sa_mask[0]=11111111011111111101111111111110, sa_flags=SA_RESTART|SA_SIGINFO
SIGILL: [libjvm.so+0x84cf60], sa_mask[0]=11111111011111111101111111111110, sa_flags=SA_RESTART|SA_SIGINFO
SIGUSR1: SIG_DFL, sa_mask[0]=00000000000000000000000000000000, sa_flags=none
SIGUSR2: [libjvm.so+0x84ce30], sa_mask[0]=00100000000000000000000000000000, sa_flags=SA_RESTART|SA_SIGINFO
SIGHUP: [libjvm.so+0x84d020], sa_mask[0]=11111111011111111101111111111110, sa_flags=SA_RESTART|SA_SIGINFO
SIGINT: [libjvm.so+0x84d020], sa_mask[0]=11111111011111111101111111111110, sa_flags=SA_RESTART|SA_SIGINFO
SIGTERM: [libjvm.so+0x84d020], sa_mask[0]=11111111011111111101111111111110, sa_flags=SA_RESTART|SA_SIGINFO
SIGQUIT: [libjvm.so+0x84d020], sa_mask[0]=11111111011111111101111111111110, sa_flags=SA_RESTART|SA_SIGINFO


---------------  S Y S T E M  ---------------

OS:DISTRIB_ID=Ubuntu
DISTRIB_RELEASE=14.04
DISTRIB_CODENAME=trusty
DISTRIB_DESCRIPTION="Ubuntu 14.04.5 LTS"

uname:Linux 4.4.0-31-generic #50~14.04.1-Ubuntu SMP Wed Jul 13 01:07:32 UTC 2016 x86_64
libc:glibc 2.19 NPTL 2.19 
rlimit: STACK 8192k, CORE 0k, NPROC 19749, NOFILE 4096, AS infinity
load average:6.80 2.37 1.74

/proc/meminfo:
MemTotal:        5078772 kB
MemFree:          132644 kB
MemAvailable:      32824 kB
Buffers:             544 kB
Cached:            29220 kB
SwapCached:        31852 kB
Active:          3853820 kB
Inactive:         912400 kB
Active(anon):    3848852 kB
Inactive(anon):   907868 kB
Active(file):       4968 kB
Inactive(file):     4532 kB
Unevictable:         184 kB
Mlocked:             184 kB
SwapTotal:       4191228 kB
SwapFree:             32 kB
Dirty:               100 kB
Writeback:            76 kB
AnonPages:       4706380 kB
Mapped:            15392 kB
Shmem:             20260 kB
Slab:              68636 kB
SReclaimable:      36408 kB
SUnreclaim:        32228 kB
KernelStack:       11696 kB
PageTables:        59400 kB
NFS_Unstable:          0 kB
Bounce:                0 kB
WritebackTmp:          0 kB
CommitLimit:     6730612 kB
Committed_AS:   13397036 kB
VmallocTotal:   34359738367 kB
VmallocUsed:           0 kB
VmallocChunk:          0 kB
HardwareCorrupted:     0 kB
AnonHugePages:   1503232 kB
CmaTotal:              0 kB
CmaFree:               0 kB
HugePages_Total:       0
HugePages_Free:        0
HugePages_Rsvd:        0
HugePages_Surp:        0
Hugepagesize:       2048 kB
DirectMap4k:      151488 kB
DirectMap2M:     5091328 kB


CPU:total 4 (initial active 4) (4 cores per cpu, 1 threads per core) family 6 model 158 stepping 9, cmov, cx8, fxsr, mmx, sse, sse2, sse3, ssse3, sse4.1, sse4.2, popcnt, avx, avx2, aes, clmul, 3dnowpref, lzcnt, tsc, tscinvbit

/proc/cpuinfo:
processor	: 0
vendor_id	: GenuineIntel
cpu family	: 6
model		: 158
model name	: Intel(R) Core(TM) i5-7400 CPU @ 3.00GHz
stepping	: 9
cpu MHz		: 3000.018
cache size	: 6144 KB
physical id	: 0
siblings	: 4
core id		: 0
cpu cores	: 4
apicid		: 0
initial apicid	: 0
fpu		: yes
fpu_exception	: yes
cpuid level	: 22
wp		: yes
flags		: fpu vme de pse tsc msr pae mce cx8 apic sep mtrr pge mca cmov pat pse36 clflush mmx fxsr sse sse2 ht syscall nx rdtscp lm constant_tsc rep_good nopl xtopology nonstop_tsc pni pclmulqdq ssse3 cx16 sse4_1 sse4_2 x2apic movbe popcnt aes xsave avx rdrand hypervisor lahf_lm abm 3dnowprefetch avx2 rdseed clflushopt
bugs		:
bogomips	: 6000.03
clflush size	: 64
cache_alignment	: 64
address sizes	: 39 bits physical, 48 bits virtual
power management:

processor	: 1
vendor_id	: GenuineIntel
cpu family	: 6
model		: 158
model name	: Intel(R) Core(TM) i5-7400 CPU @ 3.00GHz
stepping	: 9
cpu MHz		: 3000.018
cache size	: 6144 KB
physical id	: 0
siblings	: 4
core id		: 1
cpu cores	: 4
apicid		: 1
initial apicid	: 1
fpu		: yes
fpu_exception	: yes
cpuid level	: 22
wp		: yes
flags		: fpu vme de pse tsc msr pae mce cx8 apic sep mtrr pge mca cmov pat pse36 clflush mmx fxsr sse sse2 ht syscall nx rdtscp lm constant_tsc rep_good nopl xtopology nonstop_tsc pni pclmulqdq ssse3 cx16 sse4_1 sse4_2 x2apic movbe popcnt aes xsave avx rdrand hypervisor lahf_lm abm 3dnowprefetch avx2 rdseed clflushopt
bugs		:
bogomips	: 6000.03
clflush size	: 64
cache_alignment	: 64
address sizes	: 39 bits physical, 48 bits virtual
power management:

processor	: 2
vendor_id	: GenuineIntel
cpu family	: 6
model		: 158
model name	: Intel(R) Core(TM) i5-7400 CPU @ 3.00GHz
stepping	: 9
cpu MHz		: 3000.018
cache size	: 6144 KB
physical id	: 0
siblings	: 4
core id		: 2
cpu cores	: 4
apicid		: 2
initial apicid	: 2
fpu		: yes
fpu_exception	: yes
cpuid level	: 22
wp		: yes
flags		: fpu vme de pse tsc msr pae mce cx8 apic sep mtrr pge mca cmov pat pse36 clflush mmx fxsr sse sse2 ht syscall nx rdtscp lm constant_tsc rep_good nopl xtopology nonstop_tsc pni pclmulqdq ssse3 cx16 sse4_1 sse4_2 x2apic movbe popcnt aes xsave avx rdrand hypervisor lahf_lm abm 3dnowprefetch avx2 rdseed clflushopt
bugs		:
bogomips	: 6000.03
clflush size	: 64
cache_alignment	: 64
address sizes	: 39 bits physical, 48 bits virtual
power management:

processor	: 3
vendor_id	: GenuineIntel
cpu family	: 6
model		: 158
model name	: Intel(R) Core(TM) i5-7400 CPU @ 3.00GHz
stepping	: 9
cpu MHz		: 3000.018
cache size	: 6144 KB
physical id	: 0
siblings	: 4
core id		: 3
cpu cores	: 4
apicid		: 3
initial apicid	: 3
fpu		: yes
fpu_exception	: yes
cpuid level	: 22
wp		: yes
flags		: fpu vme de pse tsc msr pae mce cx8 apic sep mtrr pge mca cmov pat pse36 clflush mmx fxsr sse sse2 ht syscall nx rdtscp lm constant_tsc rep_good nopl xtopology nonstop_tsc pni pclmulqdq ssse3 cx16 sse4_1 sse4_2 x2apic movbe popcnt aes xsave avx rdrand hypervisor lahf_lm abm 3dnowprefetch avx2 rdseed clflushopt
bugs		:
bogomips	: 6000.03
clflush size	: 64
cache_alignment	: 64
address sizes	: 39 bits physical, 48 bits virtual
power management:



Memory: 4k page, physical 5078772k(132644k free), swap 4191228k(36k free)

vm_info: OpenJDK 64-Bit Server VM (25.152-b01) for linux-amd64 JRE (1.8.0_152-release-915-b01), built by "builder" with gcc 4.8.4

time: Wed Feb  7 23:12:53 2018
elapsed time: 55 seconds (0d 0h 0m 55s)

