#
# There is insufficient memory for the Java Runtime Environment to continue.
# Native memory allocation (malloc) failed to allocate 1035232 bytes for Chunk::new
# Possible reasons:
#   The system is out of physical RAM or swap space
#   In 32 bit mode, the process size limit was hit
# Possible solutions:
#   Reduce memory load on the system
#   Increase physical memory or swap space
#   Check if swap backing store is full
#   Use 64 bit Java on a 64 bit OS
#   Decrease Java heap size (-Xmx/-Xms)
#   Decrease number of Java threads
#   Decrease Java thread stack sizes (-Xss)
#   Set larger code cache with -XX:ReservedCodeCacheSize=
# This output file may be truncated or incomplete.
#
#  Out of Memory Error (allocation.cpp:390), pid=9964, tid=0x0000000000001b2c
#
# JRE version: Java(TM) SE Runtime Environment (8.0_151-b12) (build 1.8.0_151-b12)
# Java VM: Java HotSpot(TM) 64-Bit Server VM (25.151-b12 mixed mode windows-amd64 compressed oops)
# Failed to write core dump. Minidumps are not enabled by default on client versions of Windows
#

---------------  T H R E A D  ---------------

Current thread (0x000000001d4ac000):  JavaThread "C2 CompilerThread0" daemon [_thread_in_native, id=6956, stack(0x000000001dad0000,0x000000001dbd0000)]

Stack: [0x000000001dad0000,0x000000001dbd0000]
[error occurred during error reporting (printing stack bounds), id 0xc0000005]

Native frames: (J=compiled Java code, j=interpreted, Vv=VM code, C=native code)


Current CompileTask:
C2:   4152 1340   !   4       com.android.dx.cf.code.Ropper::processBlock (1101 bytes)


---------------  P R O C E S S  ---------------

Java Threads: ( => current thread )
  0x000000001d781800 JavaThread "pool-2-thread-4" [_thread_blocked, id=10128, stack(0x000000001e9c0000,0x000000001eac0000)]
  0x000000001d77a000 JavaThread "pool-2-thread-3" [_thread_in_Java, id=8356, stack(0x000000001e3f0000,0x000000001e4f0000)]
  0x000000001d778000 JavaThread "pool-2-thread-2" [_thread_blocked, id=10136, stack(0x000000001e880000,0x000000001e980000)]
  0x000000001d642000 JavaThread "pool-3-thread-1" [_thread_blocked, id=10148, stack(0x000000001e6e0000,0x000000001e7e0000)]
  0x000000001d63e000 JavaThread "pool-2-thread-1" [_thread_blocked, id=10120, stack(0x000000001e510000,0x000000001e610000)]
  0x000000001d4b6800 JavaThread "Service Thread" daemon [_thread_blocked, id=10216, stack(0x000000001e120000,0x000000001e220000)]
  0x000000001d4b2800 JavaThread "C1 CompilerThread2" daemon [_thread_blocked, id=9256, stack(0x000000001df20000,0x000000001e020000)]
  0x000000001d4b1800 JavaThread "C2 CompilerThread1" daemon [_thread_in_native, id=6748, stack(0x000000001dd00000,0x000000001de00000)]
=>0x000000001d4ac000 JavaThread "C2 CompilerThread0" daemon [_thread_in_native, id=6956, stack(0x000000001dad0000,0x000000001dbd0000)]
  0x000000001d49a800 JavaThread "Attach Listener" daemon [_thread_blocked, id=2744, stack(0x000000001d250000,0x000000001d350000)]
  0x000000001d499800 JavaThread "Signal Dispatcher" daemon [_thread_blocked, id=5328, stack(0x000000001d9a0000,0x000000001daa0000)]
  0x000000001bf6b800 JavaThread "Finalizer" daemon [_thread_blocked, id=5780, stack(0x000000001d390000,0x000000001d490000)]
  0x000000001bf24800 JavaThread "Reference Handler" daemon [_thread_blocked, id=9240, stack(0x000000001d0d0000,0x000000001d1d0000)]
  0x000000000242e000 JavaThread "main" [_thread_in_Java, id=10184, stack(0x00000000026e0000,0x00000000027e0000)]

Other Threads:
  0x000000001bf1c800 VMThread [stack: 0x000000001cf30000,0x000000001d030000] [id=9404]
  0x000000001d53c800 WatcherThread [stack: 0x000000001e2c0000,0x000000001e3c0000] [id=10164]

VM state:not at safepoint (normal execution)

VM Mutex/Monitor currently owned by a thread: None

Heap:
 PSYoungGen      total 138240K, used 40489K [0x000000076ab00000, 0x0000000773700000, 0x00000007c0000000)
  eden space 133120K, 30% used [0x000000076ab00000,0x000000076d28a5e0,0x0000000772d00000)
  from space 5120K, 0% used [0x0000000773200000,0x0000000773200000,0x0000000773700000)
  to   space 5120K, 0% used [0x0000000772d00000,0x0000000772d00000,0x0000000773200000)
 ParOldGen       total 87552K, used 35926K [0x00000006c0000000, 0x00000006c5580000, 0x000000076ab00000)
  object space 87552K, 41% used [0x00000006c0000000,0x00000006c2315b10,0x00000006c5580000)
 Metaspace       used 6121K, capacity 7030K, committed 7296K, reserved 1056768K
  class space    used 610K, capacity 622K, committed 640K, reserved 1048576K

Card table byte_map: [0x0000000011ba0000,0x00000000123b0000] byte_map_base: 0x000000000e5a0000

Marking Bits: (ParMarkBitMap*) 0x000000006220d850
 Begin Bits: [0x0000000012d90000, 0x0000000016d90000)
 End Bits:   [0x0000000016d90000, 0x000000001ad90000)

Polling page: 0x0000000000230000

CodeCache: size=245760Kb used=6408Kb max_used=6408Kb free=239351Kb
 bounds [0x00000000027e0000, 0x0000000002e30000, 0x00000000117e0000]
 total_blobs=1725 nmethods=1460 adapters=178
 compilation: enabled

Compilation events (10 events):
Event: 4.095 Thread 0x000000001d4b2800 1538       2       com.android.dx.dex.cf.AttributeTranslator::getAnnotations (37 bytes)
Event: 4.095 Thread 0x000000001d4b2800 nmethod 1538 0x0000000002dbfb50 code [0x0000000002dbfd60, 0x0000000002dc0398]
Event: 4.095 Thread 0x000000001d4b2800 1539       2       com.android.dx.dex.cf.AttributeTranslator::getAnnotations0 (62 bytes)
Event: 4.096 Thread 0x000000001d4b2800 nmethod 1539 0x0000000002dbf0d0 code [0x0000000002dbf2a0, 0x0000000002dbf778]
Event: 4.096 Thread 0x000000001d4b2800 1540       2       com.android.dx.dex.cf.AttributeTranslator::getSignature (26 bytes)
Event: 4.096 Thread 0x000000001d4b2800 nmethod 1540 0x0000000002dd5650 code [0x0000000002dd57c0, 0x0000000002dd59d8]
Event: 4.096 Thread 0x000000001d4b2800 1541       2       com.android.dx.dex.cf.AttributeTranslator::getSourceDebugExtension (26 bytes)
Event: 4.096 Thread 0x000000001d4b2800 nmethod 1541 0x0000000002e0ff10 code [0x0000000002e100c0, 0x0000000002e10448]
Event: 4.097 Thread 0x000000001d4b2800 1552       3       com.android.dx.ssa.DomFront::calcDomFronts (154 bytes)
Event: 4.097 Thread 0x000000001d4b2800 nmethod 1552 0x0000000002e10690 code [0x0000000002e108e0, 0x0000000002e114c8]

GC Heap History (10 events):
Event: 1.217 GC heap before
{Heap before GC invocations=1 (full 0):
 PSYoungGen      total 38400K, used 33280K [0x000000076ab00000, 0x000000076d580000, 0x00000007c0000000)
  eden space 33280K, 100% used [0x000000076ab00000,0x000000076cb80000,0x000000076cb80000)
  from space 5120K, 0% used [0x000000076d080000,0x000000076d080000,0x000000076d580000)
  to   space 5120K, 0% used [0x000000076cb80000,0x000000076cb80000,0x000000076d080000)
 ParOldGen       total 87552K, used 0K [0x00000006c0000000, 0x00000006c5580000, 0x000000076ab00000)
  object space 87552K, 0% used [0x00000006c0000000,0x00000006c0000000,0x00000006c5580000)
 Metaspace       used 5943K, capacity 6900K, committed 7040K, reserved 1056768K
  class space    used 607K, capacity 620K, committed 640K, reserved 1048576K
Event: 1.493 GC heap after
Heap after GC invocations=1 (full 0):
 PSYoungGen      total 38400K, used 5113K [0x000000076ab00000, 0x000000076f600000, 0x00000007c0000000)
  eden space 33280K, 0% used [0x000000076ab00000,0x000000076ab00000,0x000000076cb80000)
  from space 5120K, 99% used [0x000000076cb80000,0x000000076d07e798,0x000000076d080000)
  to   space 5120K, 0% used [0x000000076f100000,0x000000076f100000,0x000000076f600000)
 ParOldGen       total 87552K, used 5176K [0x00000006c0000000, 0x00000006c5580000, 0x000000076ab00000)
  object space 87552K, 5% used [0x00000006c0000000,0x00000006c050e300,0x00000006c5580000)
 Metaspace       used 5943K, capacity 6900K, committed 7040K, reserved 1056768K
  class space    used 607K, capacity 620K, committed 640K, reserved 1048576K
}
Event: 1.939 GC heap before
{Heap before GC invocations=2 (full 0):
 PSYoungGen      total 38400K, used 38393K [0x000000076ab00000, 0x000000076f600000, 0x00000007c0000000)
  eden space 33280K, 100% used [0x000000076ab00000,0x000000076cb80000,0x000000076cb80000)
  from space 5120K, 99% used [0x000000076cb80000,0x000000076d07e798,0x000000076d080000)
  to   space 5120K, 0% used [0x000000076f100000,0x000000076f100000,0x000000076f600000)
 ParOldGen       total 87552K, used 5176K [0x00000006c0000000, 0x00000006c5580000, 0x000000076ab00000)
  object space 87552K, 5% used [0x00000006c0000000,0x00000006c050e300,0x00000006c5580000)
 Metaspace       used 5970K, capacity 6900K, committed 7040K, reserved 1056768K
  class space    used 608K, capacity 620K, committed 640K, reserved 1048576K
Event: 2.044 GC heap after
Heap after GC invocations=2 (full 0):
 PSYoungGen      total 71680K, used 5097K [0x000000076ab00000, 0x000000076f600000, 0x00000007c0000000)
  eden space 66560K, 0% used [0x000000076ab00000,0x000000076ab00000,0x000000076ec00000)
  from space 5120K, 99% used [0x000000076f100000,0x000000076f5fa7b8,0x000000076f600000)
  to   space 5120K, 0% used [0x000000076ec00000,0x000000076ec00000,0x000000076f100000)
 ParOldGen       total 87552K, used 18030K [0x00000006c0000000, 0x00000006c5580000, 0x000000076ab00000)
  object space 87552K, 20% used [0x00000006c0000000,0x00000006c119b870,0x00000006c5580000)
 Metaspace       used 5970K, capacity 6900K, committed 7040K, reserved 1056768K
  class space    used 608K, capacity 620K, committed 640K, reserved 1048576K
}
Event: 2.450 GC heap before
{Heap before GC invocations=3 (full 0):
 PSYoungGen      total 71680K, used 71657K [0x000000076ab00000, 0x000000076f600000, 0x00000007c0000000)
  eden space 66560K, 100% used [0x000000076ab00000,0x000000076ec00000,0x000000076ec00000)
  from space 5120K, 99% used [0x000000076f100000,0x000000076f5fa7b8,0x000000076f600000)
  to   space 5120K, 0% used [0x000000076ec00000,0x000000076ec00000,0x000000076f100000)
 ParOldGen       total 87552K, used 18030K [0x00000006c0000000, 0x00000006c5580000, 0x000000076ab00000)
  object space 87552K, 20% used [0x00000006c0000000,0x00000006c119b870,0x00000006c5580000)
 Metaspace       used 5970K, capacity 6900K, committed 7040K, reserved 1056768K
  class space    used 608K, capacity 620K, committed 640K, reserved 1048576K
Event: 2.940 GC heap after
Heap after GC invocations=3 (full 0):
 PSYoungGen      total 71680K, used 5103K [0x000000076ab00000, 0x0000000773700000, 0x00000007c0000000)
  eden space 66560K, 0% used [0x000000076ab00000,0x000000076ab00000,0x000000076ec00000)
  from space 5120K, 99% used [0x000000076ec00000,0x000000076f0fbe28,0x000000076f100000)
  to   space 5120K, 0% used [0x0000000773200000,0x0000000773200000,0x0000000773700000)
 ParOldGen       total 87552K, used 41227K [0x00000006c0000000, 0x00000006c5580000, 0x000000076ab00000)
  object space 87552K, 47% used [0x00000006c0000000,0x00000006c2842e18,0x00000006c5580000)
 Metaspace       used 5970K, capacity 6900K, committed 7040K, reserved 1056768K
  class space    used 608K, capacity 620K, committed 640K, reserved 1048576K
}
Event: 3.441 GC heap before
{Heap before GC invocations=4 (full 0):
 PSYoungGen      total 71680K, used 71663K [0x000000076ab00000, 0x0000000773700000, 0x00000007c0000000)
  eden space 66560K, 100% used [0x000000076ab00000,0x000000076ec00000,0x000000076ec00000)
  from space 5120K, 99% used [0x000000076ec00000,0x000000076f0fbe28,0x000000076f100000)
  to   space 5120K, 0% used [0x0000000773200000,0x0000000773200000,0x0000000773700000)
 ParOldGen       total 87552K, used 41227K [0x00000006c0000000, 0x00000006c5580000, 0x000000076ab00000)
  object space 87552K, 47% used [0x00000006c0000000,0x00000006c2842e18,0x00000006c5580000)
 Metaspace       used 6060K, capacity 7030K, committed 7296K, reserved 1056768K
  class space    used 610K, capacity 622K, committed 640K, reserved 1048576K
Event: 3.579 GC heap after
Heap after GC invocations=4 (full 0):
 PSYoungGen      total 138240K, used 5115K [0x000000076ab00000, 0x0000000773700000, 0x00000007c0000000)
  eden space 133120K, 0% used [0x000000076ab00000,0x000000076ab00000,0x0000000772d00000)
  from space 5120K, 99% used [0x0000000773200000,0x00000007736fef80,0x0000000773700000)
  to   space 5120K, 0% used [0x0000000772d00000,0x0000000772d00000,0x0000000773200000)
 ParOldGen       total 87552K, used 63743K [0x00000006c0000000, 0x00000006c5580000, 0x000000076ab00000)
  object space 87552K, 72% used [0x00000006c0000000,0x00000006c3e3fdb0,0x00000006c5580000)
 Metaspace       used 6060K, capacity 7030K, committed 7296K, reserved 1056768K
  class space    used 610K, capacity 622K, committed 640K, reserved 1048576K
}
Event: 3.579 GC heap before
{Heap before GC invocations=5 (full 1):
 PSYoungGen      total 138240K, used 5115K [0x000000076ab00000, 0x0000000773700000, 0x00000007c0000000)
  eden space 133120K, 0% used [0x000000076ab00000,0x000000076ab00000,0x0000000772d00000)
  from space 5120K, 99% used [0x0000000773200000,0x00000007736fef80,0x0000000773700000)
  to   space 5120K, 0% used [0x0000000772d00000,0x0000000772d00000,0x0000000773200000)
 ParOldGen       total 87552K, used 63743K [0x00000006c0000000, 0x00000006c5580000, 0x000000076ab00000)
  object space 87552K, 72% used [0x00000006c0000000,0x00000006c3e3fdb0,0x00000006c5580000)
 Metaspace       used 6060K, capacity 7030K, committed 7296K, reserved 1056768K
  class space    used 610K, capacity 622K, committed 640K, reserved 1048576K
Event: 3.872 GC heap after
Heap after GC invocations=5 (full 1):
 PSYoungGen      total 138240K, used 0K [0x000000076ab00000, 0x0000000773700000, 0x00000007c0000000)
  eden space 133120K, 0% used [0x000000076ab00000,0x000000076ab00000,0x0000000772d00000)
  from space 5120K, 0% used [0x0000000773200000,0x0000000773200000,0x0000000773700000)
  to   space 5120K, 0% used [0x0000000772d00000,0x0000000772d00000,0x0000000773200000)
 ParOldGen       total 87552K, used 35926K [0x00000006c0000000, 0x00000006c5580000, 0x000000076ab00000)
  object space 87552K, 41% used [0x00000006c0000000,0x00000006c2315b10,0x00000006c5580000)
 Metaspace       used 6060K, capacity 7030K, committed 7296K, reserved 1056768K
  class space    used 610K, capacity 622K, committed 640K, reserved 1048576K
}

Deoptimization events (10 events):
Event: 2.202 Thread 0x000000001d778000 Uncommon trap: reason=bimorphic action=maybe_recompile pc=0x0000000002c361dc method=com.android.dx.rop.code.Rops.opMoveResultPseudo(Lcom/android/dx/rop/type/TypeBearer;)Lcom/android/dx/rop/code/Rop; @ 7
Event: 3.033 Thread 0x000000000242e000 Uncommon trap: reason=unloaded action=reinterpret pc=0x000000000299b6e0 method=com.android.dx.cf.cst.ConstantPoolParser.parse0(ILjava/util/BitSet;)Lcom/android/dx/rop/cst/Constant; @ 176
Event: 3.050 Thread 0x000000000242e000 Uncommon trap: reason=unstable_if action=reinterpret pc=0x0000000002c4dd24 method=com.android.dx.cf.code.ByteCatchList.listFor(I)Lcom/android/dx/cf/code/ByteCatchList; @ 19
Event: 3.050 Thread 0x000000000242e000 Uncommon trap: reason=unstable_if action=reinterpret pc=0x0000000002c19148 method=com.android.dx.cf.code.ByteCatchList.listFor(I)Lcom/android/dx/cf/code/ByteCatchList; @ 19
Event: 3.051 Thread 0x000000000242e000 Uncommon trap: reason=bimorphic action=maybe_recompile pc=0x0000000002c22138 method=com.android.dx.cf.code.BaseMachine.getLocalTarget(Z)Lcom/android/dx/rop/code/RegisterSpec; @ 70
Event: 3.051 Thread 0x000000000242e000 Uncommon trap: reason=bimorphic action=maybe_recompile pc=0x0000000002c22138 method=com.android.dx.cf.code.BaseMachine.getLocalTarget(Z)Lcom/android/dx/rop/code/RegisterSpec; @ 70
Event: 3.051 Thread 0x000000000242e000 Uncommon trap: reason=unstable_if action=reinterpret pc=0x0000000002bf1014 method=com.android.dx.cf.code.Ropper.labelToResultIndex(I)I @ 34
Event: 3.051 Thread 0x000000000242e000 Uncommon trap: reason=unstable_if action=reinterpret pc=0x0000000002be2e4c method=com.android.dx.cf.code.Ropper.labelToResultIndex(I)I @ 34
Event: 3.051 Thread 0x000000000242e000 Uncommon trap: reason=unstable_if action=reinterpret pc=0x0000000002c6145c method=com.android.dx.ssa.LocalVariableExtractor.processBlock(I)V @ 77
Event: 3.921 Thread 0x000000000242e000 Uncommon trap: reason=class_check action=maybe_recompile pc=0x0000000002cd1ce4 method=com.android.dx.ssa.SCCP.setLatticeValueTo(IILcom/android/dx/rop/cst/Constant;)Z @ 43

Internal exceptions (2 events):
Event: 0.099 Thread 0x000000000242e000 Exception <a 'java/lang/NoSuchMethodError': Method sun.misc.Unsafe.defineClass(Ljava/lang/String;[BII)Ljava/lang/Class; name or signature does not match> (0x000000076ab07ca8) thrown at [C:\re\workspace\8-2-build-windows-amd64-cygwin\jdk8u151\9699\hotspot\
Event: 0.099 Thread 0x000000000242e000 Exception <a 'java/lang/NoSuchMethodError': Method sun.misc.Unsafe.prefetchRead(Ljava/lang/Object;J)V name or signature does not match> (0x000000076ab07f90) thrown at [C:\re\workspace\8-2-build-windows-amd64-cygwin\jdk8u151\9699\hotspot\src\share\vm\prims

Events (10 events):
Event: 4.086 Thread 0x000000000242e000 DEOPT PACKING pc=0x0000000002d4afb5 sp=0x00000000027dde70
Event: 4.086 Thread 0x000000000242e000 DEOPT UNPACKING pc=0x000000000282787f sp=0x00000000027ddc58 mode 0
Event: 4.094 Thread 0x000000001d781800 DEOPT PACKING pc=0x0000000002c2d871 sp=0x000000001eabeae0
Event: 4.094 Thread 0x000000001d781800 DEOPT UNPACKING pc=0x000000000282787f sp=0x000000001eabe860 mode 0
Event: 4.094 Thread 0x000000001d781800 DEOPT PACKING pc=0x0000000002c81785 sp=0x000000001eabe9d0
Event: 4.094 Thread 0x000000001d781800 DEOPT UNPACKING pc=0x000000000282787f sp=0x000000001eabe7d0 mode 0
Event: 4.097 Thread 0x000000000242e000 DEOPT PACKING pc=0x0000000002cb5abd sp=0x00000000027dded0
Event: 4.097 Thread 0x000000000242e000 DEOPT UNPACKING pc=0x000000000282787f sp=0x00000000027ddc38 mode 0
Event: 4.097 Thread 0x000000001d778000 DEOPT PACKING pc=0x0000000002c2d871 sp=0x000000001e97e6a0
Event: 4.097 Thread 0x000000001d778000 DEOPT UNPACKING pc=0x000000000282787f sp=0x000000001e97e410 mode 0


Dynamic libraries:
0x000000013fe30000 - 0x000000013fe67000 	C:\Program Files\Java\jdk1.8.0_151\bin\java.exe
0x0000000076f10000 - 0x00000000770ba000 	C:\Windows\SYSTEM32\ntdll.dll
0x0000000076cf0000 - 0x0000000076e0f000 	C:\Windows\system32\kernel32.dll
0x000007fefcdf0000 - 0x000007fefce5b000 	C:\Windows\system32\KERNELBASE.dll
0x000007fefde70000 - 0x000007fefdf4b000 	C:\Windows\system32\ADVAPI32.dll
0x000007fefef90000 - 0x000007feff02f000 	C:\Windows\system32\msvcrt.dll
0x000007fefe030000 - 0x000007fefe04f000 	C:\Windows\SYSTEM32\sechost.dll
0x000007fefec80000 - 0x000007fefedad000 	C:\Windows\system32\RPCRT4.dll
0x0000000076e10000 - 0x0000000076f0a000 	C:\Windows\system32\USER32.dll
0x000007fefe690000 - 0x000007fefe6f7000 	C:\Windows\system32\GDI32.dll
0x000007fefe790000 - 0x000007fefe79e000 	C:\Windows\system32\LPK.dll
0x000007fefd010000 - 0x000007fefd0da000 	C:\Windows\system32\USP10.dll
0x000007fefb120000 - 0x000007fefb314000 	C:\Windows\WinSxS\amd64_microsoft.windows.common-controls_6595b64144ccf1df_6.0.7601.18837_none_fa3b1e3d17594757\COMCTL32.dll
0x000007fefe610000 - 0x000007fefe681000 	C:\Windows\system32\SHLWAPI.dll
0x000007fefedb0000 - 0x000007fefedde000 	C:\Windows\system32\IMM32.DLL
0x000007fefe500000 - 0x000007fefe609000 	C:\Windows\system32\MSCTF.dll
0x0000000062290000 - 0x0000000062362000 	C:\Program Files\Java\jdk1.8.0_151\jre\bin\msvcr100.dll
0x00000000619f0000 - 0x000000006228d000 	C:\Program Files\Java\jdk1.8.0_151\jre\bin\server\jvm.dll
0x000007feef150000 - 0x000007feef159000 	C:\Windows\system32\WSOCK32.dll
0x000007fefef40000 - 0x000007fefef8d000 	C:\Windows\system32\WS2_32.dll
0x000007fefe780000 - 0x000007fefe788000 	C:\Windows\system32\NSI.dll
0x000007fefab50000 - 0x000007fefab8b000 	C:\Windows\system32\WINMM.dll
0x000007fefbc70000 - 0x000007fefbc7c000 	C:\Windows\system32\VERSION.dll
0x00000000770d0000 - 0x00000000770d7000 	C:\Windows\system32\PSAPI.DLL
0x000000006df40000 - 0x000000006df4f000 	C:\Program Files\Java\jdk1.8.0_151\jre\bin\verify.dll
0x0000000062780000 - 0x00000000627a9000 	C:\Program Files\Java\jdk1.8.0_151\jre\bin\java.dll
0x0000000063270000 - 0x0000000063286000 	C:\Program Files\Java\jdk1.8.0_151\jre\bin\zip.dll
0x000007fefd0e0000 - 0x000007fefde69000 	C:\Windows\system32\SHELL32.dll
0x000007fefea70000 - 0x000007fefec73000 	C:\Windows\system32\ole32.dll
0x000007fefcc50000 - 0x000007fefcc5f000 	C:\Windows\system32\profapi.dll

VM Arguments:
jvm_args: -Djava.awt.headless=true -Xmx4g -Dfile.encoding=GBK -Duser.country=CN -Duser.language=zh -Duser.variant 
java_command: com.android.dx.command.Main --dex --force-jumbo --num-threads=4 --multi-dex --output C:\Users\Administrator\Desktop\MLxiao\app\build\intermediates\transforms\dex\debug\folders\1000\5\slice_5 C:\Users\Administrator\Desktop\MLxiao\app\build\intermediates\transforms\instantRunSlicer\debug\folders\1\5\slice_5
java_class_path (initial): D:\Sdk\build-tools\26.0.1\lib\dx.jar
Launcher Type: SUN_STANDARD

Environment Variables:
JAVA_HOME=C:\Program Files\Java\jdk1.8.0_151
CLASSPATH=.;C:\Program Files\Java\jdk1.8.0_151\lib;C:\Program Files\Java\jdk1.8.0_151\lib\tools.jar;C:\Program Files\Java\jdk1.8.0_151\lib\dt.jar;
PATH=C:\Program Files (x86)\Common Files\Intel\Shared Libraries\redist\intel64\compiler;C:\Windows\system32;C:\Windows;C:\Windows\System32\Wbem;C:\Windows\System32\WindowsPowerShell\v1.0\;C:\Program Files (x86)\NVIDIA Corporation\PhysX\Common;C:\Program Files\Java\jdk1.8.0_151\bin;C:\Program Files\Java\jdk1.8.0_151\jre1.8.0_151\bin;C:\Program Files\Git\cmd;D:\Sdk\platform-tools;D:\Sdk\tools;C:\Program Files\Common Files\Autodesk Shared\;C:\Program Files (x86)\Python\Scripts\;C:\Program Files (x86)\Python\;
USERNAME=Administrator
OS=Windows_NT
PROCESSOR_IDENTIFIER=Intel64 Family 6 Model 158 Stepping 9, GenuineIntel



---------------  S Y S T E M  ---------------

OS: Windows 7 , 64 bit Build 7601 (6.1.7601.19160)

CPU:total 4 (initial active 4) (4 cores per cpu, 1 threads per core) family 6 model 158 stepping 9, cmov, cx8, fxsr, mmx, sse, sse2, sse3, ssse3, sse4.1, sse4.2, popcnt, avx, avx2, aes, clmul, erms, 3dnowpref, lzcnt, tsc, tscinvbit, bmi1, bmi2, adx

Memory: 4k page, physical 8335948k(1429036k free), swap 10431264k(3084k free)

vm_info: Java HotSpot(TM) 64-Bit Server VM (25.151-b12) for windows-amd64 JRE (1.8.0_151-b12), built on Sep  5 2017 19:33:46 by "java_re" with MS VC++ 10.0 (VS2010)

time: Fri Jan 12 15:32:07 2018
elapsed time: 4 seconds (0d 0h 0m 4s)

