#
# There is insufficient memory for the Java Runtime Environment to continue.
# Native memory allocation (malloc) failed to allocate 588976 bytes for Chunk::new
# Possible reasons:
#   The system is out of physical RAM or swap space
#   In 32 bit mode, the process size limit was hit
# Possible solutions:
#   Reduce memory load on the system
#   Increase physical memory or swap space
#   Check if swap backing store is full
#   Use 64 bit Java on a 64 bit OS
#   Decrease Java heap size (-Xmx/-Xms)
#   Decrease number of Java threads
#   Decrease Java thread stack sizes (-Xss)
#   Set larger code cache with -XX:ReservedCodeCacheSize=
# This output file may be truncated or incomplete.
#
#  Out of Memory Error (allocation.cpp:390), pid=7896, tid=0x00000000000015a4
#
# JRE version: Java(TM) SE Runtime Environment (8.0_151-b12) (build 1.8.0_151-b12)
# Java VM: Java HotSpot(TM) 64-Bit Server VM (25.151-b12 mixed mode windows-amd64 compressed oops)
# Failed to write core dump. Minidumps are not enabled by default on client versions of Windows
#

---------------  T H R E A D  ---------------

Current thread (0x000000001d5fa800):  JavaThread "C2 CompilerThread0" daemon [_thread_in_native, id=5540, stack(0x000000001da00000,0x000000001db00000)]

Stack: [0x000000001da00000,0x000000001db00000]
[error occurred during error reporting (printing stack bounds), id 0xc0000005]

Native frames: (J=compiled Java code, j=interpreted, Vv=VM code, C=native code)


Current CompileTask:
C2:   3792 1616   !   4       com.android.dx.cf.code.RopperMachine::run (1550 bytes)


---------------  P R O C E S S  ---------------

Java Threads: ( => current thread )
  0x000000001d935800 JavaThread "pool-2-thread-4" [_thread_blocked, id=5300, stack(0x000000001e680000,0x000000001e780000)]
  0x000000001d94d000 JavaThread "pool-2-thread-3" [_thread_blocked, id=5360, stack(0x000000001ea60000,0x000000001eb60000)]
  0x000000001d8c0000 JavaThread "pool-2-thread-2" [_thread_blocked, id=7680, stack(0x000000001e8d0000,0x000000001e9d0000)]
  0x000000001d7cb000 JavaThread "pool-3-thread-1" [_thread_blocked, id=7992, stack(0x000000001e7b0000,0x000000001e8b0000)]
  0x000000001d7ca800 JavaThread "pool-2-thread-1" [_thread_blocked, id=5796, stack(0x000000001e230000,0x000000001e330000)]
  0x000000001d613800 JavaThread "Service Thread" daemon [_thread_blocked, id=6948, stack(0x000000001e340000,0x000000001e440000)]
  0x000000001d60f000 JavaThread "C1 CompilerThread2" daemon [_thread_blocked, id=6936, stack(0x000000001e080000,0x000000001e180000)]
  0x000000001d60e000 JavaThread "C2 CompilerThread1" daemon [_thread_in_native, id=8064, stack(0x000000001dea0000,0x000000001dfa0000)]
=>0x000000001d5fa800 JavaThread "C2 CompilerThread0" daemon [_thread_in_native, id=5540, stack(0x000000001da00000,0x000000001db00000)]
  0x000000001c1ae800 JavaThread "Attach Listener" daemon [_thread_blocked, id=7296, stack(0x000000001dcd0000,0x000000001ddd0000)]
  0x000000001c1ad800 JavaThread "Signal Dispatcher" daemon [_thread_blocked, id=7404, stack(0x000000001db30000,0x000000001dc30000)]
  0x000000001c186000 JavaThread "Finalizer" daemon [_thread_blocked, id=5748, stack(0x000000001d4f0000,0x000000001d5f0000)]
  0x000000001c144800 JavaThread "Reference Handler" daemon [_thread_blocked, id=5144, stack(0x000000001d2f0000,0x000000001d3f0000)]
  0x000000000252e000 JavaThread "main" [_thread_in_native, id=5268, stack(0x0000000002760000,0x0000000002860000)]

Other Threads:
  0x000000001c13c800 VMThread [stack: 0x000000001d0f0000,0x000000001d1f0000] [id=7736]
  0x000000001d6d5000 WatcherThread [stack: 0x000000001e540000,0x000000001e640000] [id=4580]

VM state:not at safepoint (normal execution)

VM Mutex/Monitor currently owned by a thread: None

Heap:
 PSYoungGen      total 71680K, used 41347K [0x000000076ab00000, 0x000000076f600000, 0x00000007c0000000)
  eden space 66560K, 54% used [0x000000076ab00000,0x000000076ce667c8,0x000000076ec00000)
  from space 5120K, 99% used [0x000000076ec00000,0x000000076f0fa558,0x000000076f100000)
  to   space 5120K, 0% used [0x000000076f100000,0x000000076f100000,0x000000076f600000)
 ParOldGen       total 87552K, used 21957K [0x00000006c0000000, 0x00000006c5580000, 0x000000076ab00000)
  object space 87552K, 25% used [0x00000006c0000000,0x00000006c1571768,0x00000006c5580000)
 Metaspace       used 6077K, capacity 7030K, committed 7296K, reserved 1056768K
  class space    used 605K, capacity 622K, committed 640K, reserved 1048576K

Card table byte_map: [0x0000000011c20000,0x0000000012430000] byte_map_base: 0x000000000e620000

Marking Bits: (ParMarkBitMap*) 0x000000006372d850
 Begin Bits: [0x0000000012fb0000, 0x0000000016fb0000)
 End Bits:   [0x0000000016fb0000, 0x000000001afb0000)

Polling page: 0x0000000000230000

CodeCache: size=245760Kb used=7554Kb max_used=7554Kb free=238205Kb
 bounds [0x0000000002860000, 0x0000000002fd0000, 0x0000000011860000]
 total_blobs=1860 nmethods=1595 adapters=177
 compilation: disabled (not enough contiguous free space left)

Compilation events (10 events):
Event: 3.598 Thread 0x000000001d60f000 1628       3       com.android.dx.cf.attrib.AttLineNumberTable::byteLength (13 bytes)
Event: 3.598 Thread 0x000000001d60f000 nmethod 1628 0x0000000002f9e650 code [0x0000000002f9e7c0, 0x0000000002f9ea10]
Event: 3.598 Thread 0x000000001d60f000 1630       3       com.android.dx.rop.cst.StdConstantPool::get0Ok (12 bytes)
Event: 3.599 Thread 0x000000001d60f000 nmethod 1630 0x0000000002fb7990 code [0x0000000002fb7c40, 0x0000000002fb8e18]
Event: 3.599 Thread 0x000000001d60f000 1629       3       com.android.dx.cf.code.BytecodeArray::<init> (43 bytes)
Event: 3.599 Thread 0x000000001d60f000 nmethod 1629 0x0000000002f9df90 code [0x0000000002f9e120, 0x0000000002f9e4f8]
Event: 3.601 Thread 0x000000001d60f000 1632       3       com.android.dx.ssa.SsaMethod::makeNewSsaReg (26 bytes)
Event: 3.601 Thread 0x000000001d60f000 nmethod 1632 0x0000000002f9dad0 code [0x0000000002f9dc20, 0x0000000002f9de90]
Event: 3.603 Thread 0x000000001d60f000 1636       3       com.android.dx.ssa.LiteralOpUpgrader$1::visitNonMoveInsn (203 bytes)
Event: 3.606 Thread 0x000000001d60f000 


GC Heap History (6 events):
Event: 1.179 GC heap before
{Heap before GC invocations=1 (full 0):
 PSYoungGen      total 38400K, used 33280K [0x000000076ab00000, 0x000000076d580000, 0x00000007c0000000)
  eden space 33280K, 100% used [0x000000076ab00000,0x000000076cb80000,0x000000076cb80000)
  from space 5120K, 0% used [0x000000076d080000,0x000000076d080000,0x000000076d580000)
  to   space 5120K, 0% used [0x000000076cb80000,0x000000076cb80000,0x000000076d080000)
 ParOldGen       total 87552K, used 0K [0x00000006c0000000, 0x00000006c5580000, 0x000000076ab00000)
  object space 87552K, 0% used [0x00000006c0000000,0x00000006c0000000,0x00000006c5580000)
 Metaspace       used 5869K, capacity 6834K, committed 7040K, reserved 1056768K
  class space    used 595K, capacity 618K, committed 640K, reserved 1048576K
Event: 1.219 GC heap after
Heap after GC invocations=1 (full 0):
 PSYoungGen      total 38400K, used 5102K [0x000000076ab00000, 0x000000076f600000, 0x00000007c0000000)
  eden space 33280K, 0% used [0x000000076ab00000,0x000000076ab00000,0x000000076cb80000)
  from space 5120K, 99% used [0x000000076cb80000,0x000000076d07ba60,0x000000076d080000)
  to   space 5120K, 0% used [0x000000076f100000,0x000000076f100000,0x000000076f600000)
 ParOldGen       total 87552K, used 2231K [0x00000006c0000000, 0x00000006c5580000, 0x000000076ab00000)
  object space 87552K, 2% used [0x00000006c0000000,0x00000006c022dfc8,0x00000006c5580000)
 Metaspace       used 5869K, capacity 6834K, committed 7040K, reserved 1056768K
  class space    used 595K, capacity 618K, committed 640K, reserved 1048576K
}
Event: 1.864 GC heap before
{Heap before GC invocations=2 (full 0):
 PSYoungGen      total 38400K, used 38382K [0x000000076ab00000, 0x000000076f600000, 0x00000007c0000000)
  eden space 33280K, 100% used [0x000000076ab00000,0x000000076cb80000,0x000000076cb80000)
  from space 5120K, 99% used [0x000000076cb80000,0x000000076d07ba60,0x000000076d080000)
  to   space 5120K, 0% used [0x000000076f100000,0x000000076f100000,0x000000076f600000)
 ParOldGen       total 87552K, used 2231K [0x00000006c0000000, 0x00000006c5580000, 0x000000076ab00000)
  object space 87552K, 2% used [0x00000006c0000000,0x00000006c022dfc8,0x00000006c5580000)
 Metaspace       used 6035K, capacity 6964K, committed 7040K, reserved 1056768K
  class space    used 602K, capacity 620K, committed 640K, reserved 1048576K
Event: 1.941 GC heap after
Heap after GC invocations=2 (full 0):
 PSYoungGen      total 71680K, used 5117K [0x000000076ab00000, 0x000000076f600000, 0x00000007c0000000)
  eden space 66560K, 0% used [0x000000076ab00000,0x000000076ab00000,0x000000076ec00000)
  from space 5120K, 99% used [0x000000076f100000,0x000000076f5ff7a8,0x000000076f600000)
  to   space 5120K, 0% used [0x000000076ec00000,0x000000076ec00000,0x000000076f100000)
 ParOldGen       total 87552K, used 11980K [0x00000006c0000000, 0x00000006c5580000, 0x000000076ab00000)
  object space 87552K, 13% used [0x00000006c0000000,0x00000006c0bb3160,0x00000006c5580000)
 Metaspace       used 6035K, capacity 6964K, committed 7040K, reserved 1056768K
  class space    used 602K, capacity 620K, committed 640K, reserved 1048576K
}
Event: 3.426 GC heap before
{Heap before GC invocations=3 (full 0):
 PSYoungGen      total 71680K, used 71677K [0x000000076ab00000, 0x000000076f600000, 0x00000007c0000000)
  eden space 66560K, 100% used [0x000000076ab00000,0x000000076ec00000,0x000000076ec00000)
  from space 5120K, 99% used [0x000000076f100000,0x000000076f5ff7a8,0x000000076f600000)
  to   space 5120K, 0% used [0x000000076ec00000,0x000000076ec00000,0x000000076f100000)
 ParOldGen       total 87552K, used 11980K [0x00000006c0000000, 0x00000006c5580000, 0x000000076ab00000)
  object space 87552K, 13% used [0x00000006c0000000,0x00000006c0bb3160,0x00000006c5580000)
 Metaspace       used 6075K, capacity 7030K, committed 7296K, reserved 1056768K
  class space    used 605K, capacity 622K, committed 640K, reserved 1048576K
Event: 3.595 GC heap after
Heap after GC invocations=3 (full 0):
 PSYoungGen      total 71680K, used 5097K [0x000000076ab00000, 0x000000076f600000, 0x00000007c0000000)
  eden space 66560K, 0% used [0x000000076ab00000,0x000000076ab00000,0x000000076ec00000)
  from space 5120K, 99% used [0x000000076ec00000,0x000000076f0fa558,0x000000076f100000)
  to   space 5120K, 0% used [0x000000076f100000,0x000000076f100000,0x000000076f600000)
 ParOldGen       total 87552K, used 21957K [0x00000006c0000000, 0x00000006c5580000, 0x000000076ab00000)
  object space 87552K, 25% used [0x00000006c0000000,0x00000006c1571768,0x00000006c5580000)
 Metaspace       used 6075K, capacity 7030K, committed 7296K, reserved 1056768K
  class space    used 605K, capacity 622K, committed 640K, reserved 1048576K
}

Deoptimization events (10 events):
Event: 2.759 Thread 0x000000001d935800 Uncommon trap: reason=unstable_if action=reinterpret pc=0x0000000002e6a74c method=com.android.dx.util.IntList.binarysearch(I)I @ 16
Event: 2.760 Thread 0x000000001d935800 Uncommon trap: reason=unstable_if action=reinterpret pc=0x0000000002ebd2d0 method=com.android.dx.rop.code.InsnList.contentEquals(Lcom/android/dx/rop/code/InsnList;)Z @ 25
Event: 2.760 Thread 0x000000001d935800 Uncommon trap: reason=unstable_if action=reinterpret pc=0x0000000002ce0ec4 method=com.android.dx.util.LabeledList.set(ILcom/android/dx/util/LabeledItem;)V @ 16
Event: 2.760 Thread 0x000000001d935800 Uncommon trap: reason=unstable_if action=reinterpret pc=0x0000000002c93e94 method=com.android.dx.util.LabeledList.set(ILcom/android/dx/util/LabeledItem;)V @ 16
Event: 2.974 Thread 0x000000000252e000 Uncommon trap: reason=unstable_if action=reinterpret pc=0x0000000002aea8f4 method=java.lang.String.<init>([CII)V @ 18
Event: 2.988 Thread 0x000000001d8c0000 Uncommon trap: reason=bimorphic action=maybe_recompile pc=0x0000000002df7570 method=com.android.dx.cf.code.BaseMachine.getLocalTarget(Z)Lcom/android/dx/rop/code/RegisterSpec; @ 70
Event: 2.989 Thread 0x000000001d8c0000 Uncommon trap: reason=bimorphic action=maybe_recompile pc=0x0000000002de0f5c method=java.util.HashMap.getNode(ILjava/lang/Object;)Ljava/util/HashMap$Node; @ 126
Event: 2.989 Thread 0x000000001d8c0000 Uncommon trap: reason=class_check action=maybe_recompile pc=0x0000000002d8ae38 method=java.util.HashMap.putVal(ILjava/lang/Object;Ljava/lang/Object;ZZ)Ljava/lang/Object; @ 203
Event: 2.989 Thread 0x000000001d8c0000 Uncommon trap: reason=bimorphic action=maybe_recompile pc=0x0000000002a9066c method=java.util.HashMap.getNode(ILjava/lang/Object;)Ljava/util/HashMap$Node; @ 126
Event: 3.602 Thread 0x000000001d7ca800 Uncommon trap: reason=unstable_if action=reinterpret pc=0x0000000002f3e31c method=com.android.dx.ssa.LiteralOpUpgrader$1.visitNonMoveInsn(Lcom/android/dx/ssa/NormalSsaInsn;)V @ 151

Internal exceptions (3 events):
Event: 0.039 Thread 0x000000000252e000 Exception <a 'java/lang/NoSuchMethodError': Method sun.misc.Unsafe.defineClass(Ljava/lang/String;[BII)Ljava/lang/Class; name or signature does not match> (0x000000076ab07ca8) thrown at [C:\re\workspace\8-2-build-windows-amd64-cygwin\jdk8u151\9699\hotspot\
Event: 0.039 Thread 0x000000000252e000 Exception <a 'java/lang/NoSuchMethodError': Method sun.misc.Unsafe.prefetchRead(Ljava/lang/Object;J)V name or signature does not match> (0x000000076ab07f90) thrown at [C:\re\workspace\8-2-build-windows-amd64-cygwin\jdk8u151\9699\hotspot\src\share\vm\prims
Event: 1.750 Thread 0x000000001d935800 Implicit null exception at 0x0000000002afa1e2 to 0x0000000002afa2f1

Events (10 events):
Event: 3.095 Thread 0x000000001d8c0000 DEOPT UNPACKING pc=0x00000000028a787f sp=0x000000001e9ceb60 mode 0
Event: 3.097 Thread 0x000000001d8c0000 DEOPT PACKING pc=0x0000000002bd2cad sp=0x000000001e9ceda0
Event: 3.097 Thread 0x000000001d8c0000 DEOPT UNPACKING pc=0x00000000028a787f sp=0x000000001e9ceb40 mode 0
Event: 3.230 Thread 0x000000001d8c0000 DEOPT PACKING pc=0x0000000002ee50d2 sp=0x000000001e9cea80
Event: 3.230 Thread 0x000000001d8c0000 DEOPT UNPACKING pc=0x00000000028a787f sp=0x000000001e9ce7e8 mode 0
Event: 3.426 Executing VM operation: ParallelGCFailedAllocation
Event: 3.595 Executing VM operation: ParallelGCFailedAllocation done
Event: 3.602 Thread 0x000000001d7ca800 Uncommon trap: trap_request=0xffffff65 fr.pc=0x0000000002f3e31c
Event: 3.602 Thread 0x000000001d7ca800 DEOPT PACKING pc=0x0000000002f3e31c sp=0x000000001e32ec60
Event: 3.602 Thread 0x000000001d7ca800 DEOPT UNPACKING pc=0x00000000028a582a sp=0x000000001e32ec60 mode 2


Dynamic libraries:
0x000000013f490000 - 0x000000013f4c7000 	C:\Program Files\Java\jdk1.8.0_151\bin\java.exe
0x0000000077a30000 - 0x0000000077bda000 	C:\Windows\SYSTEM32\ntdll.dll
0x0000000077910000 - 0x0000000077a2f000 	C:\Windows\system32\kernel32.dll
0x000007fefd800000 - 0x000007fefd86b000 	C:\Windows\system32\KERNELBASE.dll
0x000007feffac0000 - 0x000007feffb9b000 	C:\Windows\system32\ADVAPI32.dll
0x000007fefe7b0000 - 0x000007fefe84f000 	C:\Windows\system32\msvcrt.dll
0x000007fefeaf0000 - 0x000007fefeb0f000 	C:\Windows\SYSTEM32\sechost.dll
0x000007fefe060000 - 0x000007fefe18d000 	C:\Windows\system32\RPCRT4.dll
0x0000000077810000 - 0x000000007790a000 	C:\Windows\system32\USER32.dll
0x000007feffcd0000 - 0x000007feffd37000 	C:\Windows\system32\GDI32.dll
0x000007fefeb10000 - 0x000007fefeb1e000 	C:\Windows\system32\LPK.dll
0x000007fefdf90000 - 0x000007fefe05a000 	C:\Windows\system32\USP10.dll
0x000007fefbc80000 - 0x000007fefbe74000 	C:\Windows\WinSxS\amd64_microsoft.windows.common-controls_6595b64144ccf1df_6.0.7601.18837_none_fa3b1e3d17594757\COMCTL32.dll
0x000007feffc40000 - 0x000007feffcb1000 	C:\Windows\system32\SHLWAPI.dll
0x000007feffa90000 - 0x000007feffabe000 	C:\Windows\system32\IMM32.DLL
0x000007fefe9e0000 - 0x000007fefeae9000 	C:\Windows\system32\MSCTF.dll
0x0000000062d50000 - 0x0000000062e22000 	C:\Program Files\Java\jdk1.8.0_151\jre\bin\msvcr100.dll
0x0000000062f10000 - 0x00000000637ad000 	C:\Program Files\Java\jdk1.8.0_151\jre\bin\server\jvm.dll
0x000007fefbfd0000 - 0x000007fefbfd9000 	C:\Windows\system32\WSOCK32.dll
0x000007fefe990000 - 0x000007fefe9dd000 	C:\Windows\system32\WS2_32.dll
0x000007feffcc0000 - 0x000007feffcc8000 	C:\Windows\system32\NSI.dll
0x000007fefb180000 - 0x000007fefb1bb000 	C:\Windows\system32\WINMM.dll
0x000007fefc790000 - 0x000007fefc79c000 	C:\Windows\system32\VERSION.dll
0x0000000077c00000 - 0x0000000077c07000 	C:\Windows\system32\PSAPI.DLL
0x0000000073360000 - 0x000000007336f000 	C:\Program Files\Java\jdk1.8.0_151\jre\bin\verify.dll
0x000000006e740000 - 0x000000006e769000 	C:\Program Files\Java\jdk1.8.0_151\jre\bin\java.dll
0x000000006e780000 - 0x000000006e796000 	C:\Program Files\Java\jdk1.8.0_151\jre\bin\zip.dll
0x000007fefed00000 - 0x000007feffa89000 	C:\Windows\system32\SHELL32.dll
0x000007fefe190000 - 0x000007fefe393000 	C:\Windows\system32\ole32.dll
0x000007fefd770000 - 0x000007fefd77f000 	C:\Windows\system32\profapi.dll

VM Arguments:
jvm_args: -Djava.awt.headless=true -Xmx4g -Dfile.encoding=GBK -Duser.country=CN -Duser.language=zh -Duser.variant 
java_command: com.android.dx.command.Main --dex --force-jumbo --num-threads=4 --multi-dex --output C:\Users\Administrator\Desktop\MLxiao\app\build\intermediates\transforms\dex\debug\folders\1000\5\slice_0 C:\Users\Administrator\Desktop\MLxiao\app\build\intermediates\transforms\instantRunSlicer\debug\folders\1\5\slice_0
java_class_path (initial): D:\Sdk\build-tools\25.0.3\lib\dx.jar
Launcher Type: SUN_STANDARD

Environment Variables:
JAVA_HOME=C:\Program Files\Java\jdk1.8.0_151
CLASSPATH=.;C:\Program Files\Java\jdk1.8.0_151\lib;C:\Program Files\Java\jdk1.8.0_151\lib\tools.jar;C:\Program Files\Java\jdk1.8.0_151\lib\dt.jar;
PATH=C:\Program Files (x86)\Common Files\Intel\Shared Libraries\redist\intel64\compiler;C:\Windows\system32;C:\Windows;C:\Windows\System32\Wbem;C:\Windows\System32\WindowsPowerShell\v1.0\;C:\Program Files (x86)\NVIDIA Corporation\PhysX\Common;C:\Program Files\Java\jdk1.8.0_151\bin;C:\Program Files\Java\jdk1.8.0_151\jre1.8.0_151\bin;C:\Program Files\Git\cmd;D:\Sdk\platform-tools;D:\Sdk\tools;C:\Program Files\Common Files\Autodesk Shared\;C:\Program Files (x86)\Python\Scripts\;C:\Program Files (x86)\Python\;
USERNAME=Administrator
OS=Windows_NT
PROCESSOR_IDENTIFIER=Intel64 Family 6 Model 158 Stepping 9, GenuineIntel



---------------  S Y S T E M  ---------------

OS: Windows 7 , 64 bit Build 7601 (6.1.7601.19160)

CPU:total 4 (initial active 4) (4 cores per cpu, 1 threads per core) family 6 model 158 stepping 9, cmov, cx8, fxsr, mmx, sse, sse2, sse3, ssse3, sse4.1, sse4.2, popcnt, avx, avx2, aes, clmul, erms, 3dnowpref, lzcnt, tsc, tscinvbit, bmi1, bmi2, adx

Memory: 4k page, physical 8335948k(559796k free), swap 10431264k(5072k free)

vm_info: Java HotSpot(TM) 64-Bit Server VM (25.151-b12) for windows-amd64 JRE (1.8.0_151-b12), built on Sep  5 2017 19:33:46 by "java_re" with MS VC++ 10.0 (VS2010)

time: Wed Jan 03 15:15:51 2018
elapsed time: 3 seconds (0d 0h 0m 3s)

