#
# There is insufficient memory for the Java Runtime Environment to continue.
# Native memory allocation (malloc) failed to allocate 1581456 bytes for Chunk::new
# Possible reasons:
#   The system is out of physical RAM or swap space
#   In 32 bit mode, the process size limit was hit
# Possible solutions:
#   Reduce memory load on the system
#   Increase physical memory or swap space
#   Check if swap backing store is full
#   Use 64 bit Java on a 64 bit OS
#   Decrease Java heap size (-Xmx/-Xms)
#   Decrease number of Java threads
#   Decrease Java thread stack sizes (-Xss)
#   Set larger code cache with -XX:ReservedCodeCacheSize=
# This output file may be truncated or incomplete.
#
#  Out of Memory Error (allocation.cpp:390), pid=4200, tid=0x00000000000010e4
#
# JRE version: OpenJDK Runtime Environment (8.0_152-b01) (build 1.8.0_152-release-915-b01)
# Java VM: OpenJDK 64-Bit Server VM (25.152-b01 mixed mode windows-amd64 compressed oops)
# Failed to write core dump. Minidumps are not enabled by default on client versions of Windows
#

---------------  T H R E A D  ---------------

Current thread (0x000000001d5fb800):  JavaThread "C2 CompilerThread0" daemon [_thread_in_native, id=4324, stack(0x000000001dae0000,0x000000001dbe0000)]

Stack: [0x000000001dae0000,0x000000001dbe0000]
[error occurred during error reporting (printing stack bounds), id 0xc0000005]

Native frames: (J=compiled Java code, j=interpreted, Vv=VM code, C=native code)


Current CompileTask:
C2:  25721 4564       4       com.android.dx.dex.file.ClassDataItem::addContents (207 bytes)


---------------  P R O C E S S  ---------------

Java Threads: ( => current thread )
  0x000000001e2d4800 JavaThread "pool-1-thread-2" [_thread_in_Java, id=1252, stack(0x000000001eb80000,0x000000001ec80000)]
  0x000000001d695800 JavaThread "Service Thread" daemon [_thread_blocked, id=920, stack(0x000000001e000000,0x000000001e100000)]
  0x000000001d615000 JavaThread "C1 CompilerThread2" daemon [_thread_blocked, id=3004, stack(0x000000001de90000,0x000000001df90000)]
  0x000000001d613800 JavaThread "C2 CompilerThread1" daemon [_thread_blocked, id=6256, stack(0x000000001dd30000,0x000000001de30000)]
=>0x000000001d5fb800 JavaThread "C2 CompilerThread0" daemon [_thread_in_native, id=4324, stack(0x000000001dae0000,0x000000001dbe0000)]
  0x000000001bf82000 JavaThread "Attach Listener" daemon [_thread_blocked, id=6244, stack(0x000000001cf90000,0x000000001d090000)]
  0x000000001bf81000 JavaThread "Signal Dispatcher" daemon [_thread_blocked, id=2148, stack(0x000000001d380000,0x000000001d480000)]
  0x000000001bf6b800 JavaThread "Finalizer" daemon [_thread_blocked, id=6368, stack(0x000000001d4f0000,0x000000001d5f0000)]
  0x000000001bf24800 JavaThread "Reference Handler" daemon [_thread_blocked, id=5768, stack(0x000000001d270000,0x000000001d370000)]
  0x000000000245e800 JavaThread "main" [_thread_blocked, id=5900, stack(0x00000000025b0000,0x00000000026b0000)]

Other Threads:
  0x000000001bf1d800 VMThread [stack: 0x000000001d0c0000,0x000000001d1c0000] [id=6156]
  0x000000001d63b000 WatcherThread [stack: 0x000000001e1d0000,0x000000001e2d0000] [id=6164]

VM state:not at safepoint (normal execution)

VM Mutex/Monitor currently owned by a thread: None

Heap:
 PSYoungGen      total 1046528K, used 882896K [0x000000076ab00000, 0x00000007c0000000, 0x00000007c0000000)
  eden space 729088K, 90% used [0x000000076ab00000,0x0000000792ecddc0,0x0000000797300000)
  from space 317440K, 70% used [0x00000007ac080000,0x00000007b9ae63e8,0x00000007bf680000)
  to   space 334336K, 0% used [0x0000000797300000,0x0000000797300000,0x00000007ab980000)
 ParOldGen       total 1249792K, used 857298K [0x00000006c0000000, 0x000000070c480000, 0x000000076ab00000)
  object space 1249792K, 68% used [0x00000006c0000000,0x00000006f45348e0,0x000000070c480000)
 Metaspace       used 7438K, capacity 7864K, committed 8192K, reserved 1056768K
  class space    used 659K, capacity 688K, committed 768K, reserved 1048576K

Card table byte_map: [0x0000000011a70000,0x0000000012280000] byte_map_base: 0x000000000e470000

Marking Bits: (ParMarkBitMap*) 0x000000006a033950
 Begin Bits: [0x0000000012d90000, 0x0000000016d90000)
 End Bits:   [0x0000000016d90000, 0x000000001ad90000)

Polling page: 0x0000000000240000

CodeCache: size=245760Kb used=17088Kb max_used=17515Kb free=228671Kb
 bounds [0x00000000026b0000, 0x00000000037f0000, 0x00000000116b0000]
 total_blobs=3799 nmethods=3525 adapters=187
 compilation: enabled

Compilation events (10 events):
Event: 25.592 Thread 0x000000001d613800 nmethod 4608 0x0000000002fc5310 code [0x0000000002fc5460, 0x0000000002fc5838]
Event: 25.600 Thread 0x000000001d613800 4609       4       com.android.dx.dex.code.LocalSnapshot::withMapper (20 bytes)
Event: 25.602 Thread 0x000000001d613800 nmethod 4609 0x0000000002abab90 code [0x0000000002abad00, 0x0000000002abaea8]
Event: 25.609 Thread 0x000000001d613800 4610       4       com.android.dx.dex.code.DalvInsn::withMapper (13 bytes)
Event: 25.609 Thread 0x000000001d613800 nmethod 4610 0x0000000002aefcd0 code [0x0000000002aefe20, 0x0000000002aefee8]
Event: 25.621 Thread 0x000000001d613800 4611       4       com.android.dx.util.ByteArrayAnnotatedOutput::ensureCapacity (39 bytes)
Event: 25.622 Thread 0x000000001d613800 nmethod 4611 0x0000000002d9ea10 code [0x0000000002d9eb60, 0x0000000002d9ed58]
Event: 25.630 Thread 0x000000001d613800 4612 %     4       com.android.dx.dex.code.OutputFinisher::shiftParameters @ 91 (143 bytes)
Event: 25.634 Thread 0x000000001d613800 nmethod 4612% 0x0000000002998fd0 code [0x0000000002999140, 0x0000000002999498]
Event: 25.666 Thread 0x000000001d613800 4613   !   4       com.android.dx.dex.file.MixedItemSection::placeItems (185 bytes)

GC Heap History (10 events):
Event: 16.025 GC heap before
{Heap before GC invocations=21 (full 4):
 PSYoungGen      total 1026048K, used 1019992K [0x000000076ab00000, 0x00000007ba600000, 0x00000007c0000000)
  eden space 822272K, 100% used [0x000000076ab00000,0x000000079ce00000,0x000000079ce00000)
  from space 203776K, 97% used [0x00000007ab400000,0x00000007b75161a0,0x00000007b7b00000)
  to   space 235520K, 0% used [0x000000079ce00000,0x000000079ce00000,0x00000007ab400000)
 ParOldGen       total 891392K, used 581446K [0x00000006c0000000, 0x00000006f6680000, 0x000000076ab00000)
  object space 891392K, 65% used [0x00000006c0000000,0x00000006e37d1b50,0x00000006f6680000)
 Metaspace       used 6969K, capacity 7576K, committed 7936K, reserved 1056768K
  class space    used 625K, capacity 656K, committed 768K, reserved 1048576K
Event: 16.301 GC heap after
Heap after GC invocations=21 (full 4):
 PSYoungGen      total 1057792K, used 235492K [0x000000076ab00000, 0x00000007c0000000, 0x00000007c0000000)
  eden space 822272K, 0% used [0x000000076ab00000,0x000000076ab00000,0x000000079ce00000)
  from space 235520K, 99% used [0x000000079ce00000,0x00000007ab3f9350,0x00000007ab400000)
  to   space 306688K, 0% used [0x00000007ad480000,0x00000007ad480000,0x00000007c0000000)
 ParOldGen       total 891392K, used 668170K [0x00000006c0000000, 0x00000006f6680000, 0x000000076ab00000)
  object space 891392K, 74% used [0x00000006c0000000,0x00000006e8c82888,0x00000006f6680000)
 Metaspace       used 6969K, capacity 7576K, committed 7936K, reserved 1056768K
  class space    used 625K, capacity 656K, committed 768K, reserved 1048576K
}
Event: 17.436 GC heap before
{Heap before GC invocations=22 (full 4):
 PSYoungGen      total 1057792K, used 1057764K [0x000000076ab00000, 0x00000007c0000000, 0x00000007c0000000)
  eden space 822272K, 100% used [0x000000076ab00000,0x000000079ce00000,0x000000079ce00000)
  from space 235520K, 99% used [0x000000079ce00000,0x00000007ab3f9350,0x00000007ab400000)
  to   space 306688K, 0% used [0x00000007ad480000,0x00000007ad480000,0x00000007c0000000)
 ParOldGen       total 891392K, used 668170K [0x00000006c0000000, 0x00000006f6680000, 0x000000076ab00000)
  object space 891392K, 74% used [0x00000006c0000000,0x00000006e8c82888,0x00000006f6680000)
 Metaspace       used 6992K, capacity 7640K, committed 7936K, reserved 1056768K
  class space    used 626K, capacity 656K, committed 768K, reserved 1048576K
Event: 17.754 GC heap after
Heap after GC invocations=22 (full 4):
 PSYoungGen      total 1028608K, used 249549K [0x000000076ab00000, 0x00000007c0000000, 0x00000007c0000000)
  eden space 721920K, 0% used [0x000000076ab00000,0x000000076ab00000,0x0000000796c00000)
  from space 306688K, 81% used [0x00000007ad480000,0x00000007bc8336e0,0x00000007c0000000)
  to   space 337920K, 0% used [0x0000000796c00000,0x0000000796c00000,0x00000007ab600000)
 ParOldGen       total 891392K, used 791132K [0x00000006c0000000, 0x00000006f6680000, 0x000000076ab00000)
  object space 891392K, 88% used [0x00000006c0000000,0x00000006f04971b8,0x00000006f6680000)
 Metaspace       used 6992K, capacity 7640K, committed 7936K, reserved 1056768K
  class space    used 626K, capacity 656K, committed 768K, reserved 1048576K
}
Event: 17.754 GC heap before
{Heap before GC invocations=23 (full 5):
 PSYoungGen      total 1028608K, used 249549K [0x000000076ab00000, 0x00000007c0000000, 0x00000007c0000000)
  eden space 721920K, 0% used [0x000000076ab00000,0x000000076ab00000,0x0000000796c00000)
  from space 306688K, 81% used [0x00000007ad480000,0x00000007bc8336e0,0x00000007c0000000)
  to   space 337920K, 0% used [0x0000000796c00000,0x0000000796c00000,0x00000007ab600000)
 ParOldGen       total 891392K, used 791132K [0x00000006c0000000, 0x00000006f6680000, 0x000000076ab00000)
  object space 891392K, 88% used [0x00000006c0000000,0x00000006f04971b8,0x00000006f6680000)
 Metaspace       used 6992K, capacity 7640K, committed 7936K, reserved 1056768K
  class space    used 626K, capacity 656K, committed 768K, reserved 1048576K
Event: 21.729 GC heap after
Heap after GC invocations=23 (full 5):
 PSYoungGen      total 1028608K, used 0K [0x000000076ab00000, 0x00000007c0000000, 0x00000007c0000000)
  eden space 721920K, 0% used [0x000000076ab00000,0x000000076ab00000,0x0000000796c00000)
  from space 306688K, 0% used [0x00000007ad480000,0x00000007ad480000,0x00000007c0000000)
  to   space 337920K, 0% used [0x0000000796c00000,0x0000000796c00000,0x00000007ab600000)
 ParOldGen       total 1249792K, used 857282K [0x00000006c0000000, 0x000000070c480000, 0x000000076ab00000)
  object space 1249792K, 68% used [0x00000006c0000000,0x00000006f45308e0,0x000000070c480000)
 Metaspace       used 6992K, capacity 7640K, committed 7936K, reserved 1056768K
  class space    used 626K, capacity 656K, committed 768K, reserved 1048576K
}
Event: 22.762 GC heap before
{Heap before GC invocations=24 (full 5):
 PSYoungGen      total 1028608K, used 721920K [0x000000076ab00000, 0x00000007c0000000, 0x00000007c0000000)
  eden space 721920K, 100% used [0x000000076ab00000,0x0000000796c00000,0x0000000796c00000)
  from space 306688K, 0% used [0x00000007ad480000,0x00000007ad480000,0x00000007c0000000)
  to   space 337920K, 0% used [0x0000000796c00000,0x0000000796c00000,0x00000007ab600000)
 ParOldGen       total 1249792K, used 857282K [0x00000006c0000000, 0x000000070c480000, 0x000000076ab00000)
  object space 1249792K, 68% used [0x00000006c0000000,0x00000006f45308e0,0x000000070c480000)
 Metaspace       used 7079K, capacity 7736K, committed 7936K, reserved 1056768K
  class space    used 628K, capacity 688K, committed 768K, reserved 1048576K
Event: 22.880 GC heap after
Heap after GC invocations=24 (full 5):
 PSYoungGen      total 1059840K, used 124373K [0x000000076ab00000, 0x00000007bf680000, 0x00000007c0000000)
  eden space 721920K, 0% used [0x000000076ab00000,0x000000076ab00000,0x0000000796c00000)
  from space 337920K, 36% used [0x0000000796c00000,0x000000079e575598,0x00000007ab600000)
  to   space 317440K, 0% used [0x00000007ac080000,0x00000007ac080000,0x00000007bf680000)
 ParOldGen       total 1249792K, used 857290K [0x00000006c0000000, 0x000000070c480000, 0x000000076ab00000)
  object space 1249792K, 68% used [0x00000006c0000000,0x00000006f45328e0,0x000000070c480000)
 Metaspace       used 7079K, capacity 7736K, committed 7936K, reserved 1056768K
  class space    used 628K, capacity 688K, committed 768K, reserved 1048576K
}
Event: 23.963 GC heap before
{Heap before GC invocations=25 (full 5):
 PSYoungGen      total 1059840K, used 846293K [0x000000076ab00000, 0x00000007bf680000, 0x00000007c0000000)
  eden space 721920K, 100% used [0x000000076ab00000,0x0000000796c00000,0x0000000796c00000)
  from space 337920K, 36% used [0x0000000796c00000,0x000000079e575598,0x00000007ab600000)
  to   space 317440K, 0% used [0x00000007ac080000,0x00000007ac080000,0x00000007bf680000)
 ParOldGen       total 1249792K, used 857290K [0x00000006c0000000, 0x000000070c480000, 0x000000076ab00000)
  object space 1249792K, 68% used [0x00000006c0000000,0x00000006f45328e0,0x000000070c480000)
 Metaspace       used 7411K, capacity 7864K, committed 8192K, reserved 1056768K
  class space    used 657K, capacity 688K, committed 768K, reserved 1048576K
Event: 24.131 GC heap after
Heap after GC invocations=25 (full 5):
 PSYoungGen      total 1046528K, used 223640K [0x000000076ab00000, 0x00000007c0000000, 0x00000007c0000000)
  eden space 729088K, 0% used [0x000000076ab00000,0x000000076ab00000,0x0000000797300000)
  from space 317440K, 70% used [0x00000007ac080000,0x00000007b9ae63e8,0x00000007bf680000)
  to   space 334336K, 0% used [0x0000000797300000,0x0000000797300000,0x00000007ab980000)
 ParOldGen       total 1249792K, used 857298K [0x00000006c0000000, 0x000000070c480000, 0x000000076ab00000)
  object space 1249792K, 68% used [0x00000006c0000000,0x00000006f45348e0,0x000000070c480000)
 Metaspace       used 7411K, capacity 7864K, committed 8192K, reserved 1056768K
  class space    used 657K, capacity 688K, committed 768K, reserved 1048576K
}

Deoptimization events (10 events):
Event: 24.425 Thread 0x000000001e2d6000 Uncommon trap: reason=class_check action=maybe_recompile pc=0x00000000034d25cc method=com.android.dx.cf.code.Frame.setImmutable()V @ 4
Event: 24.425 Thread 0x000000001e2d6000 Uncommon trap: reason=class_check action=maybe_recompile pc=0x000000000343a864 method=com.android.dx.cf.code.BaseMachine.localArg(Lcom/android/dx/cf/code/Frame;I)V @ 14
Event: 24.425 Thread 0x000000001e2d6000 Uncommon trap: reason=null_assert action=make_not_entrant pc=0x0000000002a7a850 method=com.android.dx.cf.code.RopperMachine.hasRet()Z @ 4
Event: 24.425 Thread 0x000000001e2d6000 Uncommon trap: reason=unstable_if action=reinterpret pc=0x00000000033c9c68 method=com.android.dx.cf.code.Ropper.doit()V @ 118
Event: 24.427 Thread 0x000000001e2d6000 Uncommon trap: reason=class_check action=maybe_recompile pc=0x000000000343a864 method=com.android.dx.cf.code.BaseMachine.localArg(Lcom/android/dx/cf/code/Frame;I)V @ 14
Event: 24.431 Thread 0x000000001e491000 Uncommon trap: reason=unstable_if action=reinterpret pc=0x000000000340c840 method=com.android.dx.dex.code.OutputFinisher.hasLocalInfo(Lcom/android/dx/rop/code/RegisterSpec;)Z @ 1
Event: 24.432 Thread 0x000000001e491000 Uncommon trap: reason=unstable_if action=reinterpret pc=0x00000000034db64c method=com.android.dx.dex.code.OutputFinisher.hasLocalInfo(Lcom/android/dx/rop/code/RegisterSpec;)Z @ 1
Event: 24.696 Thread 0x000000001e48e000 Uncommon trap: reason=unstable_if action=reinterpret pc=0x00000000027c9534 method=com.android.dx.dex.code.OutputFinisher.hasLocalInfo(Lcom/android/dx/rop/code/RegisterSpec;)Z @ 1
Event: 25.169 Thread 0x000000000245e800 Uncommon trap: reason=unstable_if action=reinterpret pc=0x00000000028b4a84 method=java.util.concurrent.locks.ReentrantLock$Sync.tryRelease(I)Z @ 28
Event: 25.268 Thread 0x000000001e2d4800 Uncommon trap: reason=unstable_if action=reinterpret pc=0x00000000029c861c method=com.android.dx.dex.file.CodeItem.addContents(Lcom/android/dx/dex/file/DexFile;)V @ 27

Classes redefined (0 events):
No events

Internal exceptions (10 events):
Event: 13.690 Thread 0x000000001e48e000 Implicit null exception at 0x000000000354091c to 0x0000000003545999
Event: 14.131 Thread 0x000000001e2d6000 Implicit null exception at 0x0000000002b289dc to 0x0000000002b28c7a
Event: 15.331 Thread 0x000000002052a800 Implicit null exception at 0x0000000003566608 to 0x0000000003567eb9
Event: 22.500 Thread 0x000000001e2d6000 Implicit null exception at 0x0000000003259e52 to 0x000000000325a0fb
Event: 23.026 Thread 0x000000001e2d6000 Implicit null exception at 0x00000000035513cb to 0x00000000035516dd
Event: 23.026 Thread 0x000000001e2d6000 Implicit null exception at 0x0000000002a0a323 to 0x0000000002a0a61d
Event: 23.274 Thread 0x000000002052a800 Implicit null exception at 0x00000000028c8491 to 0x00000000028c9661
Event: 24.431 Thread 0x000000001e491000 Implicit null exception at 0x000000000340b734 to 0x000000000340c813
Event: 24.432 Thread 0x000000001e491000 Implicit null exception at 0x00000000034db3ae to 0x00000000034db631
Event: 24.696 Thread 0x000000001e48e000 Implicit null exception at 0x00000000027c93e7 to 0x00000000027c951d

Events (10 events):
Event: 25.268 Thread 0x000000001e2d4800 DEOPT PACKING pc=0x00000000029c861c sp=0x000000001ec7ed40
Event: 25.268 Thread 0x000000001e2d4800 DEOPT UNPACKING pc=0x00000000026f556a sp=0x000000001ec7ed48 mode 2
Event: 25.460 Thread 0x000000001e2d4800 DEOPT PACKING pc=0x00000000029dc84f sp=0x000000001ec7edd0
Event: 25.460 Thread 0x000000001e2d4800 DEOPT UNPACKING pc=0x00000000026f75bf sp=0x000000001ec7eb40 mode 0
Event: 25.473 Thread 0x000000001e2d4800 DEOPT PACKING pc=0x0000000002bb9d55 sp=0x000000001ec7ee10
Event: 25.473 Thread 0x000000001e2d4800 DEOPT UNPACKING pc=0x00000000026f75bf sp=0x000000001ec7eb48 mode 0
Event: 25.515 Thread 0x000000001e2d4800 DEOPT PACKING pc=0x0000000003075106 sp=0x000000001ec7edb0
Event: 25.515 Thread 0x000000001e2d4800 DEOPT UNPACKING pc=0x00000000026f75bf sp=0x000000001ec7eb00 mode 0
Event: 25.666 Thread 0x000000001e2d4800 DEOPT PACKING pc=0x0000000003172778 sp=0x000000001ec7edd0
Event: 25.666 Thread 0x000000001e2d4800 DEOPT UNPACKING pc=0x00000000026f75bf sp=0x000000001ec7eb88 mode 0


Dynamic libraries:
0x000000013f990000 - 0x000000013f9c1000 	C:\Program Files\Android\Android Studio\jre\bin\java.exe
0x0000000077020000 - 0x00000000771ca000 	C:\Windows\SYSTEM32\ntdll.dll
0x0000000076f00000 - 0x000000007701f000 	C:\Windows\system32\kernel32.dll
0x000007fefd090000 - 0x000007fefd0fb000 	C:\Windows\system32\KERNELBASE.dll
0x000007fefdda0000 - 0x000007fefde7b000 	C:\Windows\system32\ADVAPI32.dll
0x000007fefdc60000 - 0x000007fefdcff000 	C:\Windows\system32\msvcrt.dll
0x000007fefdf20000 - 0x000007fefdf3f000 	C:\Windows\SYSTEM32\sechost.dll
0x000007fefedf0000 - 0x000007fefef1d000 	C:\Windows\system32\RPCRT4.dll
0x0000000076e00000 - 0x0000000076efa000 	C:\Windows\system32\USER32.dll
0x000007fefde80000 - 0x000007fefdee7000 	C:\Windows\system32\GDI32.dll
0x000007fefdef0000 - 0x000007fefdefe000 	C:\Windows\system32\LPK.dll
0x000007fefd540000 - 0x000007fefd60a000 	C:\Windows\system32\USP10.dll
0x000007fefb430000 - 0x000007fefb624000 	C:\Windows\WinSxS\amd64_microsoft.windows.common-controls_6595b64144ccf1df_6.0.7601.18837_none_fa3b1e3d17594757\COMCTL32.dll
0x000007fefd330000 - 0x000007fefd3a1000 	C:\Windows\system32\SHLWAPI.dll
0x000007fefd8c0000 - 0x000007fefd8ee000 	C:\Windows\system32\IMM32.DLL
0x000007fefdf40000 - 0x000007fefe049000 	C:\Windows\system32\MSCTF.dll
0x0000000069510000 - 0x00000000695e2000 	C:\Program Files\Android\Android Studio\jre\jre\bin\msvcr100.dll
0x0000000069870000 - 0x000000006a0ae000 	C:\Program Files\Android\Android Studio\jre\jre\bin\server\jvm.dll
0x000007fefa980000 - 0x000007fefa989000 	C:\Windows\system32\WSOCK32.dll
0x000007fefd870000 - 0x000007fefd8bd000 	C:\Windows\system32\WS2_32.dll
0x000007fefede0000 - 0x000007fefede8000 	C:\Windows\system32\NSI.dll
0x000007fefa400000 - 0x000007fefa43b000 	C:\Windows\system32\WINMM.dll
0x000007fefbd80000 - 0x000007fefbd8c000 	C:\Windows\system32\VERSION.dll
0x00000000771f0000 - 0x00000000771f7000 	C:\Windows\system32\PSAPI.DLL
0x000007feec340000 - 0x000007feec34f000 	C:\Program Files\Android\Android Studio\jre\jre\bin\verify.dll
0x000007feec310000 - 0x000007feec339000 	C:\Program Files\Android\Android Studio\jre\jre\bin\java.dll
0x000007feec2f0000 - 0x000007feec306000 	C:\Program Files\Android\Android Studio\jre\jre\bin\zip.dll
0x000007fefe050000 - 0x000007fefedd9000 	C:\Windows\system32\SHELL32.dll
0x000007fefd120000 - 0x000007fefd323000 	C:\Windows\system32\ole32.dll
0x000007fefcd70000 - 0x000007fefcd7f000 	C:\Windows\system32\profapi.dll

VM Arguments:
jvm_args: -Djava.awt.headless=true -Xmx4g -Dfile.encoding=GBK -Duser.country=CN -Duser.language=zh -Duser.variant 
java_command: com.android.dx.command.Main --dex --num-threads=4 --multi-dex --main-dex-list C:\Users\Administrator\Desktop\MLxiao\app\build\intermediates\multi-dex\debug\maindexlist.txt --output C:\Users\Administrator\Desktop\MLxiao\app\build\intermediates\transforms\dex\debug\folders\1000\1f\main C:\Users\Administrator\Desktop\MLxiao\app\build\intermediates\transforms\jarMerging\debug\jars\1\1f\combined.jar
java_class_path (initial): D:\Sdk\build-tools\25.0.3\lib\dx.jar
Launcher Type: SUN_STANDARD

Environment Variables:
JAVA_HOME=C:\Program Files (x86)\Java\jdk1.8.0_144
CLASSPATH=.;C:\Program Files (x86)\Java\jdk1.8.0_144\lib;C:\Program Files (x86)\Java\jdk1.8.0_144\lib\tools.jar
PATH=C:\ProgramData\Oracle\Java\javapath;C:\Windows\system32;C:\Windows;C:\Windows\System32\Wbem;C:\Windows\System32\WindowsPowerShell\v1.0\;C:\Program Files (x86)\NVIDIA Corporation\PhysX\Common;C:\Program Files (x86)\Java\jdk1.8.0_144\bin;C:\Program Files (x86)\Java\jdk1.8.0_144\jre\bin;C:\Program Files\Git\cmd;D:\Sdk\platform-tools;D:\Sdk\tools;C:\Program Files\Common Files\Autodesk Shared\
USERNAME=Administrator
OS=Windows_NT
PROCESSOR_IDENTIFIER=Intel64 Family 6 Model 158 Stepping 9, GenuineIntel



---------------  S Y S T E M  ---------------

OS: Windows 7 , 64 bit Build 7601 (6.1.7601.19160)

CPU:total 4 (initial active 4) (4 cores per cpu, 1 threads per core) family 6 model 158 stepping 9, cmov, cx8, fxsr, mmx, sse, sse2, sse3, ssse3, sse4.1, sse4.2, popcnt, avx, avx2, aes, clmul, erms, 3dnowpref, lzcnt, tsc, tscinvbit, bmi1, bmi2, adx

Memory: 4k page, physical 8335948k(48176k free), swap 10431264k(5536k free)

vm_info: OpenJDK 64-Bit Server VM (25.152-b01) for windows-amd64 JRE (1.8.0_152-release-915-b01), built by "builder" with MS VC++ 10.0 (VS2010)

time: Mon Dec 18 12:32:58 2017
elapsed time: 25 seconds (0d 0h 0m 25s)

