#
# There is insufficient memory for the Java Runtime Environment to continue.
# Native memory allocation (malloc) failed to allocate 1990480 bytes for Chunk::new
# Possible reasons:
#   The system is out of physical RAM or swap space
#   In 32 bit mode, the process size limit was hit
# Possible solutions:
#   Reduce memory load on the system
#   Increase physical memory or swap space
#   Check if swap backing store is full
#   Use 64 bit Java on a 64 bit OS
#   Decrease Java heap size (-Xmx/-Xms)
#   Decrease number of Java threads
#   Decrease Java thread stack sizes (-Xss)
#   Set larger code cache with -XX:ReservedCodeCacheSize=
# This output file may be truncated or incomplete.
#
#  Out of Memory Error (allocation.cpp:390), pid=10928, tid=0x00000000000014e0
#
# JRE version: Java(TM) SE Runtime Environment (8.0_151-b12) (build 1.8.0_151-b12)
# Java VM: Java HotSpot(TM) 64-Bit Server VM (25.151-b12 mixed mode windows-amd64 compressed oops)
# Failed to write core dump. Minidumps are not enabled by default on client versions of Windows
#

---------------  T H R E A D  ---------------

Current thread (0x000000001d370800):  JavaThread "C2 CompilerThread1" daemon [_thread_in_native, id=5344, stack(0x000000001dca0000,0x000000001dda0000)]

Stack: [0x000000001dca0000,0x000000001dda0000]
[error occurred during error reporting (printing stack bounds), id 0xc0000005]

Native frames: (J=compiled Java code, j=interpreted, Vv=VM code, C=native code)


Current CompileTask:
C2:  27513 3847   !   4       com.android.dx.dex.cf.CfTranslator::processMethods (597 bytes)


---------------  P R O C E S S  ---------------

Java Threads: ( => current thread )
  0x000000002128c800 JavaThread "pool-1-thread-1" [_thread_blocked, id=11028, stack(0x0000000022230000,0x0000000022330000)]
  0x000000001e4f5000 JavaThread "pool-2-thread-4" [_thread_blocked, id=10944, stack(0x000000001f0f0000,0x000000001f1f0000)]
  0x000000001e3bc000 JavaThread "pool-2-thread-3" [_thread_in_Java, id=7392, stack(0x000000001efa0000,0x000000001f0a0000)]
  0x000000001e4f4000 JavaThread "pool-2-thread-2" [_thread_in_Java, id=8900, stack(0x000000001ecc0000,0x000000001edc0000)]
  0x000000001e4f0800 JavaThread "pool-3-thread-1" [_thread_blocked, id=10808, stack(0x000000001e040000,0x000000001e140000)]
  0x000000001e4ee000 JavaThread "pool-2-thread-1" [_thread_in_Java, id=820, stack(0x000000001eac0000,0x000000001ebc0000)]
  0x000000001d3f1800 JavaThread "Service Thread" daemon [_thread_blocked, id=9876, stack(0x000000001ddc0000,0x000000001dec0000)]
  0x000000001d371800 JavaThread "C1 CompilerThread2" daemon [_thread_blocked, id=10788, stack(0x000000001def0000,0x000000001dff0000)]
=>0x000000001d370800 JavaThread "C2 CompilerThread1" daemon [_thread_in_native, id=5344, stack(0x000000001dca0000,0x000000001dda0000)]
  0x000000001c15e800 JavaThread "C2 CompilerThread0" daemon [_thread_in_native, id=9832, stack(0x000000001d770000,0x000000001d870000)]
  0x000000001d35b000 JavaThread "Attach Listener" daemon [_thread_blocked, id=10424, stack(0x000000001dab0000,0x000000001dbb0000)]
  0x000000001d35a800 JavaThread "Signal Dispatcher" daemon [_thread_blocked, id=10512, stack(0x000000001d8f0000,0x000000001d9f0000)]
  0x000000001c139800 JavaThread "Finalizer" daemon [_thread_blocked, id=1324, stack(0x000000001d250000,0x000000001d350000)]
  0x000000001c0f2800 JavaThread "Reference Handler" daemon [_thread_blocked, id=10664, stack(0x000000001cf30000,0x000000001d030000)]
  0x000000000235e000 JavaThread "main" [_thread_in_native, id=9236, stack(0x00000000025a0000,0x00000000026a0000)]

Other Threads:
  0x000000001c0eb000 VMThread [stack: 0x000000001d120000,0x000000001d220000] [id=9656]
  0x000000001d457000 WatcherThread [stack: 0x000000001e170000,0x000000001e270000] [id=11164]

VM state:not at safepoint (normal execution)

VM Mutex/Monitor currently owned by a thread: None

Heap:
 PSYoungGen      total 841216K, used 151287K [0x000000076ab00000, 0x00000007c0000000, 0x00000007c0000000)
  eden space 584192K, 25% used [0x000000076ab00000,0x0000000773ebdda8,0x000000078e580000)
  from space 257024K, 0% used [0x00000007a4700000,0x00000007a4700000,0x00000007b4200000)
  to   space 361984K, 0% used [0x000000078e580000,0x000000078e580000,0x00000007a4700000)
 ParOldGen       total 1001984K, used 731838K [0x00000006c0000000, 0x00000006fd280000, 0x000000076ab00000)
  object space 1001984K, 73% used [0x00000006c0000000,0x00000006ecaaf8f8,0x00000006fd280000)
 Metaspace       used 7543K, capacity 7896K, committed 8192K, reserved 1056768K
  class space    used 690K, capacity 720K, committed 768K, reserved 1048576K

Card table byte_map: [0x0000000011a60000,0x0000000012270000] byte_map_base: 0x000000000e460000

Marking Bits: (ParMarkBitMap*) 0x0000000058fdd850
 Begin Bits: [0x0000000012f60000, 0x0000000016f60000)
 End Bits:   [0x0000000016f60000, 0x000000001af60000)

Polling page: 0x0000000000130000

CodeCache: size=245760Kb used=14724Kb max_used=15967Kb free=231035Kb
 bounds [0x00000000026a0000, 0x0000000003650000, 0x00000000116a0000]
 total_blobs=3432 nmethods=3156 adapters=188
 compilation: enabled

Compilation events (10 events):
Event: 27.382 Thread 0x000000001c15e800 nmethod 3922 0x00000000034696d0 code [0x0000000003469840, 0x000000000346a018]
Event: 27.382 Thread 0x000000001c15e800 3934       4       com.android.dx.ssa.back.FirstFitLocalCombiningAllocator::findRangeAndAdjust (311 bytes)
Event: 27.386 Thread 0x000000001d371800 3935       2       com.android.dx.ssa.SCCP::simulateStmt (481 bytes)
Event: 27.387 Thread 0x000000001d371800 nmethod 3935 0x0000000002d043d0 code [0x0000000002d04640, 0x0000000002d04f38]
Event: 27.397 Thread 0x000000001d371800 3936 %     3       sun.security.provider.DigestBase::implCompressMultiBlock @ 0 (23 bytes)
Event: 27.397 Thread 0x000000001d371800 nmethod 3936% 0x000000000359fc50 code [0x000000000359fdc0, 0x00000000035a0108]
Event: 27.398 Thread 0x000000001d371800 3937       3       sun.security.provider.DigestBase::implCompressMultiBlock (23 bytes)
Event: 27.398 Thread 0x000000001d371800 nmethod 3937 0x00000000029b8790 code [0x00000000029b8900, 0x00000000029b8be8]
Event: 27.399 Thread 0x000000001d371800 3938       2       java.util.Arrays::copyOf (46 bytes)
Event: 27.400 Thread 0x000000001d371800 nmethod 3938 0x00000000035bbdd0 code [0x00000000035bbf60, 0x00000000035bc348]

GC Heap History (10 events):
Event: 20.178 GC heap before
{Heap before GC invocations=23 (full 5):
 PSYoungGen      total 844800K, used 702332K [0x000000076ab00000, 0x00000007ae280000, 0x00000007c0000000)
  eden space 622080K, 100% used [0x000000076ab00000,0x0000000790a80000,0x0000000790a80000)
  from space 222720K, 36% used [0x00000007a0900000,0x00000007a575f0c8,0x00000007ae280000)
  to   space 241664K, 0% used [0x0000000790a80000,0x0000000790a80000,0x000000079f680000)
 ParOldGen       total 1001984K, used 696250K [0x00000006c0000000, 0x00000006fd280000, 0x000000076ab00000)
  object space 1001984K, 69% used [0x00000006c0000000,0x00000006ea7ee990,0x00000006fd280000)
 Metaspace       used 6855K, capacity 7448K, committed 7680K, reserved 1056768K
  class space    used 643K, capacity 656K, committed 768K, reserved 1048576K
Event: 20.368 GC heap after
Heap after GC invocations=23 (full 5):
 PSYoungGen      total 863744K, used 173740K [0x000000076ab00000, 0x00000007b4200000, 0x00000007c0000000)
  eden space 622080K, 0% used [0x000000076ab00000,0x000000076ab00000,0x0000000790a80000)
  from space 241664K, 71% used [0x0000000790a80000,0x000000079b42b258,0x000000079f680000)
  to   space 257024K, 0% used [0x00000007a4700000,0x00000007a4700000,0x00000007b4200000)
 ParOldGen       total 1001984K, used 696250K [0x00000006c0000000, 0x00000006fd280000, 0x000000076ab00000)
  object space 1001984K, 69% used [0x00000006c0000000,0x00000006ea7ee990,0x00000006fd280000)
 Metaspace       used 6855K, capacity 7448K, committed 7680K, reserved 1056768K
  class space    used 643K, capacity 656K, committed 768K, reserved 1048576K
}
Event: 21.701 GC heap before
{Heap before GC invocations=24 (full 5):
 PSYoungGen      total 863744K, used 795820K [0x000000076ab00000, 0x00000007b4200000, 0x00000007c0000000)
  eden space 622080K, 100% used [0x000000076ab00000,0x0000000790a80000,0x0000000790a80000)
  from space 241664K, 71% used [0x0000000790a80000,0x000000079b42b258,0x000000079f680000)
  to   space 257024K, 0% used [0x00000007a4700000,0x00000007a4700000,0x00000007b4200000)
 ParOldGen       total 1001984K, used 696250K [0x00000006c0000000, 0x00000006fd280000, 0x000000076ab00000)
  object space 1001984K, 69% used [0x00000006c0000000,0x00000006ea7ee990,0x00000006fd280000)
 Metaspace       used 7123K, capacity 7672K, committed 7936K, reserved 1056768K
  class space    used 657K, capacity 688K, committed 768K, reserved 1048576K
Event: 21.914 GC heap after
Heap after GC invocations=24 (full 5):
 PSYoungGen      total 879104K, used 256993K [0x000000076ab00000, 0x00000007b4200000, 0x00000007c0000000)
  eden space 622080K, 0% used [0x000000076ab00000,0x000000076ab00000,0x0000000790a80000)
  from space 257024K, 99% used [0x00000007a4700000,0x00000007b41f87c0,0x00000007b4200000)
  to   space 241664K, 0% used [0x0000000790a80000,0x0000000790a80000,0x000000079f680000)
 ParOldGen       total 1001984K, used 717208K [0x00000006c0000000, 0x00000006fd280000, 0x000000076ab00000)
  object space 1001984K, 71% used [0x00000006c0000000,0x00000006ebc66238,0x00000006fd280000)
 Metaspace       used 7123K, capacity 7672K, committed 7936K, reserved 1056768K
  class space    used 657K, capacity 688K, committed 768K, reserved 1048576K
}
Event: 22.916 GC heap before
{Heap before GC invocations=25 (full 5):
 PSYoungGen      total 879104K, used 879073K [0x000000076ab00000, 0x00000007b4200000, 0x00000007c0000000)
  eden space 622080K, 100% used [0x000000076ab00000,0x0000000790a80000,0x0000000790a80000)
  from space 257024K, 99% used [0x00000007a4700000,0x00000007b41f87c0,0x00000007b4200000)
  to   space 241664K, 0% used [0x0000000790a80000,0x0000000790a80000,0x000000079f680000)
 ParOldGen       total 1001984K, used 717208K [0x00000006c0000000, 0x00000006fd280000, 0x000000076ab00000)
  object space 1001984K, 71% used [0x00000006c0000000,0x00000006ebc66238,0x00000006fd280000)
 Metaspace       used 7129K, capacity 7672K, committed 7936K, reserved 1056768K
  class space    used 657K, capacity 688K, committed 768K, reserved 1048576K
Event: 23.182 GC heap after
Heap after GC invocations=25 (full 5):
 PSYoungGen      total 863744K, used 241661K [0x000000076ab00000, 0x00000007b4200000, 0x00000007c0000000)
  eden space 622080K, 0% used [0x000000076ab00000,0x000000076ab00000,0x0000000790a80000)
  from space 241664K, 99% used [0x0000000790a80000,0x000000079f67f498,0x000000079f680000)
  to   space 257024K, 0% used [0x00000007a4700000,0x00000007a4700000,0x00000007b4200000)
 ParOldGen       total 1001984K, used 819738K [0x00000006c0000000, 0x00000006fd280000, 0x000000076ab00000)
  object space 1001984K, 81% used [0x00000006c0000000,0x00000006f2086b68,0x00000006fd280000)
 Metaspace       used 7129K, capacity 7672K, committed 7936K, reserved 1056768K
  class space    used 657K, capacity 688K, committed 768K, reserved 1048576K
}
Event: 24.249 GC heap before
{Heap before GC invocations=26 (full 5):
 PSYoungGen      total 863744K, used 863741K [0x000000076ab00000, 0x00000007b4200000, 0x00000007c0000000)
  eden space 622080K, 100% used [0x000000076ab00000,0x0000000790a80000,0x0000000790a80000)
  from space 241664K, 99% used [0x0000000790a80000,0x000000079f67f498,0x000000079f680000)
  to   space 257024K, 0% used [0x00000007a4700000,0x00000007a4700000,0x00000007b4200000)
 ParOldGen       total 1001984K, used 819738K [0x00000006c0000000, 0x00000006fd280000, 0x000000076ab00000)
  object space 1001984K, 81% used [0x00000006c0000000,0x00000006f2086b68,0x00000006fd280000)
 Metaspace       used 7301K, capacity 7864K, committed 8192K, reserved 1056768K
  class space    used 660K, capacity 688K, committed 768K, reserved 1048576K
Event: 24.467 GC heap after
Heap after GC invocations=26 (full 5):
 PSYoungGen      total 841216K, used 175190K [0x000000076ab00000, 0x00000007c0000000, 0x00000007c0000000)
  eden space 584192K, 0% used [0x000000076ab00000,0x000000076ab00000,0x000000078e580000)
  from space 257024K, 68% used [0x00000007a4700000,0x00000007af2158f0,0x00000007b4200000)
  to   space 361984K, 0% used [0x000000078e580000,0x000000078e580000,0x00000007a4700000)
 ParOldGen       total 1001984K, used 958081K [0x00000006c0000000, 0x00000006fd280000, 0x000000076ab00000)
  object space 1001984K, 95% used [0x00000006c0000000,0x00000006fa7a07f0,0x00000006fd280000)
 Metaspace       used 7301K, capacity 7864K, committed 8192K, reserved 1056768K
  class space    used 660K, capacity 688K, committed 768K, reserved 1048576K
}
Event: 24.467 GC heap before
{Heap before GC invocations=27 (full 6):
 PSYoungGen      total 841216K, used 175190K [0x000000076ab00000, 0x00000007c0000000, 0x00000007c0000000)
  eden space 584192K, 0% used [0x000000076ab00000,0x000000076ab00000,0x000000078e580000)
  from space 257024K, 68% used [0x00000007a4700000,0x00000007af2158f0,0x00000007b4200000)
  to   space 361984K, 0% used [0x000000078e580000,0x000000078e580000,0x00000007a4700000)
 ParOldGen       total 1001984K, used 958081K [0x00000006c0000000, 0x00000006fd280000, 0x000000076ab00000)
  object space 1001984K, 95% used [0x00000006c0000000,0x00000006fa7a07f0,0x00000006fd280000)
 Metaspace       used 7301K, capacity 7864K, committed 8192K, reserved 1056768K
  class space    used 660K, capacity 688K, committed 768K, reserved 1048576K
Event: 27.200 GC heap after
Heap after GC invocations=27 (full 6):
 PSYoungGen      total 841216K, used 0K [0x000000076ab00000, 0x00000007c0000000, 0x00000007c0000000)
  eden space 584192K, 0% used [0x000000076ab00000,0x000000076ab00000,0x000000078e580000)
  from space 257024K, 0% used [0x00000007a4700000,0x00000007a4700000,0x00000007b4200000)
  to   space 361984K, 0% used [0x000000078e580000,0x000000078e580000,0x00000007a4700000)
 ParOldGen       total 1001984K, used 731838K [0x00000006c0000000, 0x00000006fd280000, 0x000000076ab00000)
  object space 1001984K, 73% used [0x00000006c0000000,0x00000006ecaaf8f8,0x00000006fd280000)
 Metaspace       used 7301K, capacity 7864K, committed 8192K, reserved 1056768K
  class space    used 660K, capacity 688K, committed 768K, reserved 1048576K
}

Deoptimization events (10 events):
Event: 27.289 Thread 0x000000002128c800 Uncommon trap: reason=speculate_class_check action=maybe_recompile pc=0x0000000002abd090 method=com.android.dx.dex.file.OffsettedItem.writeTo(Lcom/android/dx/dex/file/DexFile;Lcom/android/dx/util/AnnotatedOutput;)V @ 68
Event: 27.289 Thread 0x000000002128c800 Uncommon trap: reason=speculate_class_check action=maybe_recompile pc=0x0000000002abd090 method=com.android.dx.dex.file.OffsettedItem.writeTo(Lcom/android/dx/dex/file/DexFile;Lcom/android/dx/util/AnnotatedOutput;)V @ 68
Event: 27.316 Thread 0x000000002128c800 Uncommon trap: reason=unstable_if action=reinterpret pc=0x0000000002a806a8 method=com.android.dx.util.ByteArrayAnnotatedOutput.writeUleb128(I)I @ 4
Event: 27.346 Thread 0x000000002128c800 Uncommon trap: reason=unstable_if action=reinterpret pc=0x000000000335a89c method=java.util.concurrent.ConcurrentHashMap.get(Ljava/lang/Object;)Ljava/lang/Object; @ 15
Event: 27.348 Thread 0x000000002128c800 Uncommon trap: reason=unstable_if action=reinterpret pc=0x0000000002a02738 method=java.util.Arrays.copyOf([Ljava/lang/Object;ILjava/lang/Class;)[Ljava/lang/Object; @ 3
Event: 27.349 Thread 0x000000002128c800 Uncommon trap: reason=class_check action=maybe_recompile pc=0x0000000003113d54 method=java.util.HashMap.putVal(ILjava/lang/Object;Ljava/lang/Object;ZZ)Ljava/lang/Object; @ 56
Event: 27.349 Thread 0x000000002128c800 Uncommon trap: reason=class_check action=maybe_recompile pc=0x0000000003113e04 method=java.util.HashMap.putVal(ILjava/lang/Object;Ljava/lang/Object;ZZ)Ljava/lang/Object; @ 152
Event: 27.349 Thread 0x000000002128c800 Uncommon trap: reason=class_check action=maybe_recompile pc=0x0000000003113d54 method=java.util.HashMap.putVal(ILjava/lang/Object;Ljava/lang/Object;ZZ)Ljava/lang/Object; @ 56
Event: 27.349 Thread 0x000000002128c800 Uncommon trap: reason=class_check action=maybe_recompile pc=0x0000000003113d54 method=java.util.HashMap.putVal(ILjava/lang/Object;Ljava/lang/Object;ZZ)Ljava/lang/Object; @ 56
Event: 27.386 Thread 0x000000001e3bc000 Uncommon trap: reason=unstable_if action=reinterpret pc=0x0000000002abde88 method=com.android.dx.ssa.SCCP.simulateStmt(Lcom/android/dx/ssa/SsaInsn;)V @ 59

Internal exceptions (10 events):
Event: 1.651 Thread 0x000000001e4f4000 Exception <a 'java/lang/ArrayIndexOutOfBoundsException': 18> (0x000000076de97d08) thrown at [C:\re\workspace\8-2-build-windows-amd64-cygwin\jdk8u151\9699\hotspot\src\share\vm\interpreter\interpreterRuntime.cpp, line 366]
Event: 1.651 Thread 0x000000001e4f4000 Exception <a 'java/lang/ArrayIndexOutOfBoundsException': 145> (0x000000076de99888) thrown at [C:\re\workspace\8-2-build-windows-amd64-cygwin\jdk8u151\9699\hotspot\src\share\vm\interpreter\interpreterRuntime.cpp, line 366]
Event: 1.653 Thread 0x000000001e4f4000 Exception <a 'java/lang/ArrayIndexOutOfBoundsException'> (0x000000076de9ab70) thrown at [C:\re\workspace\8-2-build-windows-amd64-cygwin\jdk8u151\9699\hotspot\src\share\vm\runtime\sharedRuntime.cpp, line 605]
Event: 5.035 Thread 0x000000000235e000 Implicit null exception at 0x000000000281ead0 to 0x000000000281f45d
Event: 15.081 Thread 0x000000001e4ee000 Implicit null exception at 0x00000000031d1cfb to 0x00000000031d1f92
Event: 22.814 Thread 0x000000001e4ee000 Implicit null exception at 0x0000000002e1c313 to 0x0000000002e1c8e9
Event: 22.814 Thread 0x000000001e4ee000 Implicit null exception at 0x00000000028a51ec to 0x00000000028a5661
Event: 22.836 Thread 0x000000001e4ee000 Implicit null exception at 0x00000000029af5e4 to 0x00000000029af9f9
Event: 22.836 Thread 0x000000001e4ee000 Implicit null exception at 0x000000000321b123 to 0x000000000321b41d
Event: 27.345 Thread 0x000000002128c800 Implicit null exception at 0x000000000335a4c5 to 0x000000000335a885

Events (10 events):
Event: 27.357 Thread 0x000000002128c800 DEOPT UNPACKING pc=0x00000000026e787f sp=0x000000002232e608 mode 0
Event: 27.357 Thread 0x000000002128c800 DEOPT PACKING pc=0x0000000002da17f4 sp=0x000000002232e8f0
Event: 27.357 Thread 0x000000002128c800 DEOPT UNPACKING pc=0x00000000026e787f sp=0x000000002232e608 mode 0
Event: 27.386 Thread 0x000000001e3bc000 Uncommon trap: trap_request=0xffffff65 fr.pc=0x0000000002abde88
Event: 27.386 Thread 0x000000001e3bc000 DEOPT PACKING pc=0x0000000002abde88 sp=0x000000001f09eae0
Event: 27.386 Thread 0x000000001e3bc000 DEOPT UNPACKING pc=0x00000000026e582a sp=0x000000001f09ea58 mode 2
Event: 27.460 loading class java/util/zip/Adler32
Event: 27.460 loading class java/util/zip/Checksum
Event: 27.460 loading class java/util/zip/Checksum done
Event: 27.460 loading class java/util/zip/Adler32 done


Dynamic libraries:
0x000000013f880000 - 0x000000013f8b7000 	C:\Program Files\Java\jdk1.8.0_151\bin\java.exe
0x0000000076f10000 - 0x00000000770ba000 	C:\Windows\SYSTEM32\ntdll.dll
0x0000000076cf0000 - 0x0000000076e0f000 	C:\Windows\system32\kernel32.dll
0x000007fefcdf0000 - 0x000007fefce5b000 	C:\Windows\system32\KERNELBASE.dll
0x000007fefde70000 - 0x000007fefdf4b000 	C:\Windows\system32\ADVAPI32.dll
0x000007fefef90000 - 0x000007feff02f000 	C:\Windows\system32\msvcrt.dll
0x000007fefe030000 - 0x000007fefe04f000 	C:\Windows\SYSTEM32\sechost.dll
0x000007fefec80000 - 0x000007fefedad000 	C:\Windows\system32\RPCRT4.dll
0x0000000076e10000 - 0x0000000076f0a000 	C:\Windows\system32\USER32.dll
0x000007fefe690000 - 0x000007fefe6f7000 	C:\Windows\system32\GDI32.dll
0x000007fefe790000 - 0x000007fefe79e000 	C:\Windows\system32\LPK.dll
0x000007fefd010000 - 0x000007fefd0da000 	C:\Windows\system32\USP10.dll
0x000007fefb120000 - 0x000007fefb314000 	C:\Windows\WinSxS\amd64_microsoft.windows.common-controls_6595b64144ccf1df_6.0.7601.18837_none_fa3b1e3d17594757\COMCTL32.dll
0x000007fefe610000 - 0x000007fefe681000 	C:\Windows\system32\SHLWAPI.dll
0x000007fefedb0000 - 0x000007fefedde000 	C:\Windows\system32\IMM32.DLL
0x000007fefe500000 - 0x000007fefe609000 	C:\Windows\system32\MSCTF.dll
0x00000000629b0000 - 0x0000000062a82000 	C:\Program Files\Java\jdk1.8.0_151\jre\bin\msvcr100.dll
0x00000000587c0000 - 0x000000005905d000 	C:\Program Files\Java\jdk1.8.0_151\jre\bin\server\jvm.dll
0x000007fefb0f0000 - 0x000007fefb0f9000 	C:\Windows\system32\WSOCK32.dll
0x000007fefef40000 - 0x000007fefef8d000 	C:\Windows\system32\WS2_32.dll
0x000007fefe780000 - 0x000007fefe788000 	C:\Windows\system32\NSI.dll
0x000007fefab50000 - 0x000007fefab8b000 	C:\Windows\system32\WINMM.dll
0x000007fefbc70000 - 0x000007fefbc7c000 	C:\Windows\system32\VERSION.dll
0x00000000770d0000 - 0x00000000770d7000 	C:\Windows\system32\PSAPI.DLL
0x000000006df40000 - 0x000000006df4f000 	C:\Program Files\Java\jdk1.8.0_151\jre\bin\verify.dll
0x0000000063000000 - 0x0000000063029000 	C:\Program Files\Java\jdk1.8.0_151\jre\bin\java.dll
0x0000000063270000 - 0x0000000063286000 	C:\Program Files\Java\jdk1.8.0_151\jre\bin\zip.dll
0x000007fefd0e0000 - 0x000007fefde69000 	C:\Windows\system32\SHELL32.dll
0x000007fefea70000 - 0x000007fefec73000 	C:\Windows\system32\ole32.dll
0x000007fefcc50000 - 0x000007fefcc5f000 	C:\Windows\system32\profapi.dll

VM Arguments:
jvm_args: -Djava.awt.headless=true -Xmx4g -Dfile.encoding=GBK -Duser.country=CN -Duser.language=zh -Duser.variant 
java_command: com.android.dx.command.Main --dex --num-threads=4 --multi-dex --main-dex-list C:\Users\Administrator\Desktop\MLxiao\app\build\intermediates\multi-dex\debug\maindexlist.txt --output C:\Users\Administrator\Desktop\MLxiao\app\build\intermediates\transforms\dex\debug\folders\1000\1f\main C:\Users\Administrator\Desktop\MLxiao\app\build\intermediates\transforms\jarMerging\debug\jars\1\1f\combined.jar
java_class_path (initial): D:\Sdk\build-tools\26.0.1\lib\dx.jar
Launcher Type: SUN_STANDARD

Environment Variables:
JAVA_HOME=C:\Program Files\Java\jdk1.8.0_151
CLASSPATH=.;C:\Program Files\Java\jdk1.8.0_151\lib;C:\Program Files\Java\jdk1.8.0_151\lib\tools.jar;C:\Program Files\Java\jdk1.8.0_151\lib\dt.jar;
PATH=C:\Program Files (x86)\Common Files\Intel\Shared Libraries\redist\intel64\compiler;C:\Windows\system32;C:\Windows;C:\Windows\System32\Wbem;C:\Windows\System32\WindowsPowerShell\v1.0\;C:\Program Files (x86)\NVIDIA Corporation\PhysX\Common;C:\Program Files\Java\jdk1.8.0_151\bin;C:\Program Files\Java\jdk1.8.0_151\jre1.8.0_151\bin;C:\Program Files\Git\cmd;D:\Sdk\platform-tools;D:\Sdk\tools;C:\Program Files\Common Files\Autodesk Shared\;C:\Program Files (x86)\Python\Scripts\;C:\Program Files (x86)\Python\;
USERNAME=Administrator
OS=Windows_NT
PROCESSOR_IDENTIFIER=Intel64 Family 6 Model 158 Stepping 9, GenuineIntel



---------------  S Y S T E M  ---------------

OS: Windows 7 , 64 bit Build 7601 (6.1.7601.19160)

CPU:total 4 (initial active 4) (4 cores per cpu, 1 threads per core) family 6 model 158 stepping 9, cmov, cx8, fxsr, mmx, sse, sse2, sse3, ssse3, sse4.1, sse4.2, popcnt, avx, avx2, aes, clmul, erms, 3dnowpref, lzcnt, tsc, tscinvbit, bmi1, bmi2, adx

Memory: 4k page, physical 8335948k(404884k free), swap 10431264k(9980k free)

vm_info: Java HotSpot(TM) 64-Bit Server VM (25.151-b12) for windows-amd64 JRE (1.8.0_151-b12), built on Sep  5 2017 19:33:46 by "java_re" with MS VC++ 10.0 (VS2010)

time: Fri Jan 12 17:22:39 2018
elapsed time: 27 seconds (0d 0h 0m 27s)

