#
# There is insufficient memory for the Java Runtime Environment to continue.
# Native memory allocation (malloc) failed to allocate 32744 bytes for ChunkPool::allocate
# Possible reasons:
#   The system is out of physical RAM or swap space
#   In 32 bit mode, the process size limit was hit
# Possible solutions:
#   Reduce memory load on the system
#   Increase physical memory or swap space
#   Check if swap backing store is full
#   Use 64 bit Java on a 64 bit OS
#   Decrease Java heap size (-Xmx/-Xms)
#   Decrease number of Java threads
#   Decrease Java thread stack sizes (-Xss)
#   Set larger code cache with -XX:ReservedCodeCacheSize=
# This output file may be truncated or incomplete.
#
#  Out of Memory Error (allocation.cpp:273), pid=7904, tid=0x0000000000001b94
#
# JRE version: OpenJDK Runtime Environment (8.0_152-b01) (build 1.8.0_152-release-915-b01)
# Java VM: OpenJDK 64-Bit Server VM (25.152-b01 mixed mode windows-amd64 compressed oops)
# Failed to write core dump. Minidumps are not enabled by default on client versions of Windows
#

---------------  T H R E A D  ---------------

Current thread (0x000000001d5ef800):  JavaThread "C2 CompilerThread0" daemon [_thread_in_native, id=7060, stack(0x000000001dd10000,0x000000001de10000)]

Stack: [0x000000001dd10000,0x000000001de10000]
[error occurred during error reporting (printing stack bounds), id 0xc0000005]

Native frames: (J=compiled Java code, j=interpreted, Vv=VM code, C=native code)


Current CompileTask:
C2:  34963 3991   !   4       com.android.dx.dex.cf.CfTranslator::processMethods (583 bytes)


---------------  P R O C E S S  ---------------

Java Threads: ( => current thread )
  0x000000001e512800 JavaThread "pool-1-thread-1" [_thread_in_Java, id=3596, stack(0x0000000022490000,0x0000000022590000)]
  0x000000001e5de000 JavaThread "pool-2-thread-4" [_thread_blocked, id=6608, stack(0x000000001f370000,0x000000001f470000)]
  0x000000001e5db000 JavaThread "pool-2-thread-3" [_thread_blocked, id=2632, stack(0x000000001f270000,0x000000001f370000)]
  0x000000001e5df800 JavaThread "pool-2-thread-2" [_thread_in_Java, id=7184, stack(0x000000001f0d0000,0x000000001f1d0000)]
  0x000000001e5de800 JavaThread "pool-3-thread-1" [_thread_blocked, id=5452, stack(0x000000001ef10000,0x000000001f010000)]
  0x000000001e5d8800 JavaThread "pool-2-thread-1" [_thread_in_Java, id=5264, stack(0x000000001ed70000,0x000000001ee70000)]
  0x000000001d682800 JavaThread "Service Thread" daemon [_thread_blocked, id=5000, stack(0x000000001de10000,0x000000001df10000)]
  0x000000001d604000 JavaThread "C1 CompilerThread2" daemon [_thread_in_native, id=7164, stack(0x000000001e110000,0x000000001e210000)]
  0x000000001c12f000 JavaThread "C2 CompilerThread1" daemon [_thread_in_native, id=5968, stack(0x000000001dfa0000,0x000000001e0a0000)]
=>0x000000001d5ef800 JavaThread "C2 CompilerThread0" daemon [_thread_in_native, id=7060, stack(0x000000001dd10000,0x000000001de10000)]
  0x000000001d5db000 JavaThread "Attach Listener" daemon [_thread_blocked, id=7076, stack(0x000000001dba0000,0x000000001dca0000)]
  0x000000001d5da800 JavaThread "Signal Dispatcher" daemon [_thread_blocked, id=6612, stack(0x000000001da30000,0x000000001db30000)]
  0x000000001c108000 JavaThread "Finalizer" daemon [_thread_blocked, id=7816, stack(0x000000001d4d0000,0x000000001d5d0000)]
  0x000000001c0c1000 JavaThread "Reference Handler" daemon [_thread_blocked, id=1056, stack(0x000000001d300000,0x000000001d400000)]
  0x00000000024fe800 JavaThread "main" [_thread_blocked, id=7744, stack(0x0000000002590000,0x0000000002690000)]

Other Threads:
  0x000000001c0b9800 VMThread [stack: 0x000000001d130000,0x000000001d230000] [id=6724]
  0x000000001d683000 WatcherThread [stack: 0x000000001e3c0000,0x000000001e4c0000] [id=6848]

VM state:not at safepoint (normal execution)

VM Mutex/Monitor currently owned by a thread: None

Heap:
 PSYoungGen      total 922624K, used 366438K [0x000000076ab00000, 0x00000007b5380000, 0x00000007c0000000)
  eden space 695808K, 52% used [0x000000076ab00000,0x00000007810d9898,0x0000000795280000)
  from space 226816K, 0% used [0x00000007a4180000,0x00000007a4180000,0x00000007b1f00000)
  to   space 244736K, 0% used [0x0000000795280000,0x0000000795280000,0x00000007a4180000)
 ParOldGen       total 556032K, used 555567K [0x00000006c0000000, 0x00000006e1f00000, 0x000000076ab00000)
  object space 556032K, 99% used [0x00000006c0000000,0x00000006e1e8bce0,0x00000006e1f00000)
 Metaspace       used 7105K, capacity 7736K, committed 7936K, reserved 1056768K
  class space    used 629K, capacity 688K, committed 768K, reserved 1048576K

Card table byte_map: [0x0000000011a50000,0x0000000012260000] byte_map_base: 0x000000000e450000

Marking Bits: (ParMarkBitMap*) 0x0000000070453950
 Begin Bits: [0x0000000012f30000, 0x0000000016f30000)
 End Bits:   [0x0000000016f30000, 0x000000001af30000)

Polling page: 0x0000000000330000

CodeCache: size=245760Kb used=15192Kb max_used=15665Kb free=230567Kb
 bounds [0x0000000002690000, 0x0000000003610000, 0x0000000011690000]
 total_blobs=3558 nmethods=3292 adapters=179
 compilation: enabled

Compilation events (10 events):
Event: 34.839 Thread 0x000000001d604000 4191       2       com.android.dx.dex.file.TypeIdItem::writeTo (107 bytes)
Event: 34.840 Thread 0x000000001d604000 nmethod 4191 0x000000000307e6d0 code [0x000000000307e980, 0x000000000307f618]
Event: 34.845 Thread 0x000000001d604000 4193       2       com.android.dx.dex.file.ProtoIdItem::writeTo (331 bytes)
Event: 34.847 Thread 0x000000001d604000 nmethod 4193 0x000000000307aad0 code [0x000000000307af60, 0x000000000307c878]
Event: 34.857 Thread 0x000000001d604000 4194       2       com.android.dx.util.ByteArrayAnnotatedOutput::writeShort (64 bytes)
Event: 34.857 Thread 0x000000001d604000 nmethod 4194 0x000000000307a490 code [0x000000000307a620, 0x000000000307a8d8]
Event: 34.857 Thread 0x000000001d604000 4195       2       com.android.dx.dex.file.MemberIdItem::writeTo (231 bytes)
Event: 34.859 Thread 0x000000001d604000 nmethod 4195 0x0000000003076f50 code [0x0000000003077340, 0x0000000003078a68]
Event: 34.859 Thread 0x000000001d604000 4196       2       com.android.dx.dex.file.FieldIdItem::getTypoidIdx (17 bytes)
Event: 34.859 Thread 0x000000001d604000 nmethod 4196 0x00000000030769d0 code [0x0000000003076b40, 0x0000000003076d58]

GC Heap History (10 events):
Event: 19.994 GC heap before
{Heap before GC invocations=22 (full 6):
 PSYoungGen      total 922624K, used 695808K [0x000000076ab00000, 0x00000007b5380000, 0x00000007c0000000)
  eden space 695808K, 100% used [0x000000076ab00000,0x0000000795280000,0x0000000795280000)
  from space 226816K, 0% used [0x00000007a4180000,0x00000007a4180000,0x00000007b1f00000)
  to   space 244736K, 0% used [0x0000000795280000,0x0000000795280000,0x00000007a4180000)
 ParOldGen       total 556032K, used 555965K [0x00000006c0000000, 0x00000006e1f00000, 0x000000076ab00000)
  object space 556032K, 99% used [0x00000006c0000000,0x00000006e1eef670,0x00000006e1f00000)
 Metaspace       used 6611K, capacity 7286K, committed 7552K, reserved 1056768K
  class space    used 607K, capacity 622K, committed 640K, reserved 1048576K
Event: 21.673 GC heap after
Heap after GC invocations=22 (full 6):
 PSYoungGen      total 922624K, used 246073K [0x000000076ab00000, 0x00000007b5380000, 0x00000007c0000000)
  eden space 695808K, 35% used [0x000000076ab00000,0x0000000779b4e518,0x0000000795280000)
  from space 226816K, 0% used [0x00000007a4180000,0x00000007a4180000,0x00000007b1f00000)
  to   space 244736K, 0% used [0x0000000795280000,0x0000000795280000,0x00000007a4180000)
 ParOldGen       total 556032K, used 555957K [0x00000006c0000000, 0x00000006e1f00000, 0x000000076ab00000)
  object space 556032K, 99% used [0x00000006c0000000,0x00000006e1eed730,0x00000006e1f00000)
 Metaspace       used 6611K, capacity 7286K, committed 7552K, reserved 1056768K
  class space    used 607K, capacity 622K, committed 640K, reserved 1048576K
}
Event: 22.676 GC heap before
{Heap before GC invocations=23 (full 7):
 PSYoungGen      total 922624K, used 695808K [0x000000076ab00000, 0x00000007b5380000, 0x00000007c0000000)
  eden space 695808K, 100% used [0x000000076ab00000,0x0000000795280000,0x0000000795280000)
  from space 226816K, 0% used [0x00000007a4180000,0x00000007a4180000,0x00000007b1f00000)
  to   space 244736K, 0% used [0x0000000795280000,0x0000000795280000,0x00000007a4180000)
 ParOldGen       total 556032K, used 555957K [0x00000006c0000000, 0x00000006e1f00000, 0x000000076ab00000)
  object space 556032K, 99% used [0x00000006c0000000,0x00000006e1eed730,0x00000006e1f00000)
 Metaspace       used 6717K, capacity 7384K, committed 7680K, reserved 1056768K
  class space    used 613K, capacity 656K, committed 768K, reserved 1048576K
Event: 26.202 GC heap after
Heap after GC invocations=23 (full 7):
 PSYoungGen      total 922624K, used 300990K [0x000000076ab00000, 0x00000007b5380000, 0x00000007c0000000)
  eden space 695808K, 43% used [0x000000076ab00000,0x000000077d0ef9a0,0x0000000795280000)
  from space 226816K, 0% used [0x00000007a4180000,0x00000007a4180000,0x00000007b1f00000)
  to   space 244736K, 0% used [0x0000000795280000,0x0000000795280000,0x00000007a4180000)
 ParOldGen       total 556032K, used 555990K [0x00000006c0000000, 0x00000006e1f00000, 0x000000076ab00000)
  object space 556032K, 99% used [0x00000006c0000000,0x00000006e1ef58e0,0x00000006e1f00000)
 Metaspace       used 6717K, capacity 7384K, committed 7680K, reserved 1056768K
  class space    used 613K, capacity 656K, committed 768K, reserved 1048576K
}
Event: 27.031 GC heap before
{Heap before GC invocations=24 (full 8):
 PSYoungGen      total 922624K, used 695808K [0x000000076ab00000, 0x00000007b5380000, 0x00000007c0000000)
  eden space 695808K, 100% used [0x000000076ab00000,0x0000000795280000,0x0000000795280000)
  from space 226816K, 0% used [0x00000007a4180000,0x00000007a4180000,0x00000007b1f00000)
  to   space 244736K, 0% used [0x0000000795280000,0x0000000795280000,0x00000007a4180000)
 ParOldGen       total 556032K, used 555990K [0x00000006c0000000, 0x00000006e1f00000, 0x000000076ab00000)
  object space 556032K, 99% used [0x00000006c0000000,0x00000006e1ef58e0,0x00000006e1f00000)
 Metaspace       used 6968K, capacity 7576K, committed 7936K, reserved 1056768K
  class space    used 626K, capacity 656K, committed 768K, reserved 1048576K
Event: 29.835 GC heap after
Heap after GC invocations=24 (full 8):
 PSYoungGen      total 922624K, used 326363K [0x000000076ab00000, 0x00000007b5380000, 0x00000007c0000000)
  eden space 695808K, 46% used [0x000000076ab00000,0x000000077e9b6fa0,0x0000000795280000)
  from space 226816K, 0% used [0x00000007a4180000,0x00000007a4180000,0x00000007b1f00000)
  to   space 244736K, 0% used [0x0000000795280000,0x0000000795280000,0x00000007a4180000)
 ParOldGen       total 556032K, used 555951K [0x00000006c0000000, 0x00000006e1f00000, 0x000000076ab00000)
  object space 556032K, 99% used [0x00000006c0000000,0x00000006e1eebfb8,0x00000006e1f00000)
 Metaspace       used 6968K, capacity 7576K, committed 7936K, reserved 1056768K
  class space    used 626K, capacity 656K, committed 768K, reserved 1048576K
}
Event: 30.503 GC heap before
{Heap before GC invocations=25 (full 9):
 PSYoungGen      total 922624K, used 695808K [0x000000076ab00000, 0x00000007b5380000, 0x00000007c0000000)
  eden space 695808K, 100% used [0x000000076ab00000,0x0000000795280000,0x0000000795280000)
  from space 226816K, 0% used [0x00000007a4180000,0x00000007a4180000,0x00000007b1f00000)
  to   space 244736K, 0% used [0x0000000795280000,0x0000000795280000,0x00000007a4180000)
 ParOldGen       total 556032K, used 555951K [0x00000006c0000000, 0x00000006e1f00000, 0x000000076ab00000)
  object space 556032K, 99% used [0x00000006c0000000,0x00000006e1eebfb8,0x00000006e1f00000)
 Metaspace       used 6985K, capacity 7576K, committed 7936K, reserved 1056768K
  class space    used 626K, capacity 656K, committed 768K, reserved 1048576K
Event: 32.138 GC heap after
Heap after GC invocations=25 (full 9):
 PSYoungGen      total 922624K, used 230992K [0x000000076ab00000, 0x00000007b5380000, 0x00000007c0000000)
  eden space 695808K, 33% used [0x000000076ab00000,0x0000000778c94060,0x0000000795280000)
  from space 226816K, 0% used [0x00000007a4180000,0x00000007a4180000,0x00000007b1f00000)
  to   space 244736K, 0% used [0x0000000795280000,0x0000000795280000,0x00000007a4180000)
 ParOldGen       total 556032K, used 555959K [0x00000006c0000000, 0x00000006e1f00000, 0x000000076ab00000)
  object space 556032K, 99% used [0x00000006c0000000,0x00000006e1eedc20,0x00000006e1f00000)
 Metaspace       used 6985K, capacity 7576K, committed 7936K, reserved 1056768K
  class space    used 626K, capacity 656K, committed 768K, reserved 1048576K
}
Event: 32.859 GC heap before
{Heap before GC invocations=26 (full 10):
 PSYoungGen      total 922624K, used 695808K [0x000000076ab00000, 0x00000007b5380000, 0x00000007c0000000)
  eden space 695808K, 100% used [0x000000076ab00000,0x0000000795280000,0x0000000795280000)
  from space 226816K, 0% used [0x00000007a4180000,0x00000007a4180000,0x00000007b1f00000)
  to   space 244736K, 0% used [0x0000000795280000,0x0000000795280000,0x00000007a4180000)
 ParOldGen       total 556032K, used 555959K [0x00000006c0000000, 0x00000006e1f00000, 0x000000076ab00000)
  object space 556032K, 99% used [0x00000006c0000000,0x00000006e1eedc20,0x00000006e1f00000)
 Metaspace       used 6990K, capacity 7640K, committed 7936K, reserved 1056768K
  class space    used 626K, capacity 656K, committed 768K, reserved 1048576K
Event: 34.484 GC heap after
Heap after GC invocations=26 (full 10):
 PSYoungGen      total 922624K, used 92413K [0x000000076ab00000, 0x00000007b5380000, 0x00000007c0000000)
  eden space 695808K, 13% used [0x000000076ab00000,0x000000077053f540,0x0000000795280000)
  from space 226816K, 0% used [0x00000007a4180000,0x00000007a4180000,0x00000007b1f00000)
  to   space 244736K, 0% used [0x0000000795280000,0x0000000795280000,0x00000007a4180000)
 ParOldGen       total 556032K, used 555567K [0x00000006c0000000, 0x00000006e1f00000, 0x000000076ab00000)
  object space 556032K, 99% used [0x00000006c0000000,0x00000006e1e8bce0,0x00000006e1f00000)
 Metaspace       used 6990K, capacity 7640K, committed 7936K, reserved 1056768K
  class space    used 626K, capacity 656K, committed 768K, reserved 1048576K
}

Deoptimization events (10 events):
Event: 32.308 Thread 0x000000001e512800 Uncommon trap: reason=class_check action=maybe_recompile pc=0x00000000027e916c method=com.android.dx.dex.code.form.Form35c.isCompatible(Lcom/android/dx/dex/code/DalvInsn;)Z @ 36
Event: 32.309 Thread 0x000000001e512800 Uncommon trap: reason=class_check action=maybe_recompile pc=0x00000000027e916c method=com.android.dx.dex.code.form.Form35c.isCompatible(Lcom/android/dx/dex/code/DalvInsn;)Z @ 36
Event: 32.481 Thread 0x000000001e512800 Uncommon trap: reason=class_check action=maybe_recompile pc=0x00000000027e916c method=com.android.dx.dex.code.form.Form35c.isCompatible(Lcom/android/dx/dex/code/DalvInsn;)Z @ 36
Event: 32.481 Thread 0x000000001e512800 Uncommon trap: reason=class_check action=maybe_recompile pc=0x00000000027e916c method=com.android.dx.dex.code.form.Form35c.isCompatible(Lcom/android/dx/dex/code/DalvInsn;)Z @ 36
Event: 32.509 Thread 0x000000001e512800 Uncommon trap: reason=class_check action=maybe_recompile pc=0x0000000003545238 method=com.android.dx.dex.code.form.Form3rc.isCompatible(Lcom/android/dx/dex/code/DalvInsn;)Z @ 36
Event: 32.589 Thread 0x000000001e5de000 Uncommon trap: reason=unstable_if action=reinterpret pc=0x0000000003220d20 method=java.util.TimSort.sort([Ljava/lang/Object;IILjava/util/Comparator;[Ljava/lang/Object;II)V @ 121
Event: 34.519 Thread 0x000000001e512800 Uncommon trap: reason=unstable_if action=reinterpret pc=0x0000000002ac64e8 method=java.util.Arrays.sort([Ljava/lang/Object;IILjava/util/Comparator;)V @ 1
Event: 34.702 Thread 0x000000001e512800 Uncommon trap: reason=unstable_if action=reinterpret pc=0x0000000003443fb4 method=java.lang.Long.numberOfTrailingZeros(J)I @ 3
Event: 34.725 Thread 0x000000001e512800 Uncommon trap: reason=unstable_if action=reinterpret pc=0x0000000003542a38 method=com.android.dx.util.ByteArrayAnnotatedOutput.ensureCapacity(I)V @ 6
Event: 34.726 Thread 0x000000001e512800 Uncommon trap: reason=unstable_if action=reinterpret pc=0x0000000002a382e0 method=com.android.dx.util.ByteArrayAnnotatedOutput.ensureCapacity(I)V @ 6

Classes redefined (0 events):
No events

Internal exceptions (10 events):
Event: 0.418 Thread 0x000000001e5d8800 Implicit null exception at 0x00000000029d9d62 to 0x00000000029d9e62
Event: 0.462 Thread 0x00000000024fe800 Implicit null exception at 0x0000000002a5e18a to 0x0000000002a5f7d5
Event: 0.912 Thread 0x000000001e5df800 Exception <a 'java/lang/ArrayIndexOutOfBoundsException': 18> (0x000000076f3c6690) thrown at [D:\src\AOSP-openjdk-cygwin\jdk8u\hotspot\src\share\vm\interpreter\interpreterRuntime.cpp, line 366]
Event: 0.912 Thread 0x000000001e5df800 Exception <a 'java/lang/ArrayIndexOutOfBoundsException': 145> (0x000000076f3c8210) thrown at [D:\src\AOSP-openjdk-cygwin\jdk8u\hotspot\src\share\vm\interpreter\interpreterRuntime.cpp, line 366]
Event: 0.913 Thread 0x000000001e5df800 Exception <a 'java/lang/ArrayIndexOutOfBoundsException': 40> (0x000000076f3c94f8) thrown at [D:\src\AOSP-openjdk-cygwin\jdk8u\hotspot\src\share\vm\interpreter\interpreterRuntime.cpp, line 366]
Event: 3.339 Thread 0x00000000024fe800 Implicit null exception at 0x000000000280aa70 to 0x000000000280b3f9
Event: 5.936 Thread 0x000000001e5de000 Implicit null exception at 0x0000000003122c9c to 0x000000000312745d
Event: 12.219 Thread 0x000000001e5d8800 Implicit null exception at 0x0000000003180603 to 0x0000000003186cd5
Event: 29.841 Thread 0x00000000024fe800 Implicit null exception at 0x00000000035c3d0c to 0x00000000035c3e12
Event: 30.103 Thread 0x000000001e512800 Implicit null exception at 0x0000000002f8bf79 to 0x0000000002f8efaa

Events (10 events):
Event: 34.725 Thread 0x000000001e512800 Uncommon trap: trap_request=0xffffff65 fr.pc=0x0000000003542a38
Event: 34.725 Thread 0x000000001e512800 DEOPT PACKING pc=0x0000000003542a38 sp=0x000000002258eb90
Event: 34.725 Thread 0x000000001e512800 DEOPT UNPACKING pc=0x00000000026d556a sp=0x000000002258eac8 mode 2
Event: 34.726 Thread 0x000000001e512800 Uncommon trap: trap_request=0xffffff65 fr.pc=0x0000000002a382e0
Event: 34.726 Thread 0x000000001e512800 DEOPT PACKING pc=0x0000000002a382e0 sp=0x000000002258eb20
Event: 34.726 Thread 0x000000001e512800 DEOPT UNPACKING pc=0x00000000026d556a sp=0x000000002258eab8 mode 2
Event: 34.793 loading class com/android/dx/dex/file/MapItem
Event: 34.793 loading class com/android/dx/dex/file/MapItem done
Event: 34.824 loading class com/android/dex/DexFormat
Event: 34.824 loading class com/android/dex/DexFormat done


Dynamic libraries:
0x000000013f960000 - 0x000000013f991000 	C:\Program Files\Android\Android Studio\jre\bin\java.exe
0x00000000776a0000 - 0x000000007784a000 	C:\Windows\SYSTEM32\ntdll.dll
0x0000000077480000 - 0x000000007759f000 	C:\Windows\system32\kernel32.dll
0x000007fefd500000 - 0x000007fefd56b000 	C:\Windows\system32\KERNELBASE.dll
0x000007feff5d0000 - 0x000007feff6ab000 	C:\Windows\system32\ADVAPI32.dll
0x000007fefedd0000 - 0x000007fefee6f000 	C:\Windows\system32\msvcrt.dll
0x000007feff6b0000 - 0x000007feff6cf000 	C:\Windows\SYSTEM32\sechost.dll
0x000007feff060000 - 0x000007feff18d000 	C:\Windows\system32\RPCRT4.dll
0x00000000775a0000 - 0x000000007769a000 	C:\Windows\system32\USER32.dll
0x000007fefea30000 - 0x000007fefea97000 	C:\Windows\system32\GDI32.dll
0x000007feff9a0000 - 0x000007feff9ae000 	C:\Windows\system32\LPK.dll
0x000007feff500000 - 0x000007feff5ca000 	C:\Windows\system32\USP10.dll
0x000007fefb8b0000 - 0x000007fefbaa4000 	C:\Windows\WinSxS\amd64_microsoft.windows.common-controls_6595b64144ccf1df_6.0.7601.18837_none_fa3b1e3d17594757\COMCTL32.dll
0x000007fefeaa0000 - 0x000007fefeb11000 	C:\Windows\system32\SHLWAPI.dll
0x000007fefe8b0000 - 0x000007fefe8de000 	C:\Windows\system32\IMM32.DLL
0x000007fefee70000 - 0x000007fefef79000 	C:\Windows\system32\MSCTF.dll
0x0000000070f70000 - 0x0000000071042000 	C:\Program Files\Android\Android Studio\jre\jre\bin\msvcr100.dll
0x000000006fc90000 - 0x00000000704ce000 	C:\Program Files\Android\Android Studio\jre\jre\bin\server\jvm.dll
0x000007feef860000 - 0x000007feef869000 	C:\Windows\system32\WSOCK32.dll
0x000007fefe9e0000 - 0x000007fefea2d000 	C:\Windows\system32\WS2_32.dll
0x000007fefda90000 - 0x000007fefda98000 	C:\Windows\system32\NSI.dll
0x000007fefaba0000 - 0x000007fefabdb000 	C:\Windows\system32\WINMM.dll
0x000007fefc400000 - 0x000007fefc40c000 	C:\Windows\system32\VERSION.dll
0x0000000077860000 - 0x0000000077867000 	C:\Windows\system32\PSAPI.DLL
0x000007feedb20000 - 0x000007feedb2f000 	C:\Program Files\Android\Android Studio\jre\jre\bin\verify.dll
0x000007feedaf0000 - 0x000007feedb19000 	C:\Program Files\Android\Android Studio\jre\jre\bin\java.dll
0x000007feedad0000 - 0x000007feedae6000 	C:\Program Files\Android\Android Studio\jre\jre\bin\zip.dll
0x000007fefdb20000 - 0x000007fefe8a9000 	C:\Windows\system32\SHELL32.dll
0x000007fefebc0000 - 0x000007fefedc3000 	C:\Windows\system32\ole32.dll
0x000007fefd3f0000 - 0x000007fefd3ff000 	C:\Windows\system32\profapi.dll

VM Arguments:
jvm_args: -Djava.awt.headless=true -Xmx4g -Dfile.encoding=GBK -Duser.country=CN -Duser.language=zh -Duser.variant 
java_command: com.android.dx.command.Main --dex --num-threads=4 --multi-dex --main-dex-list C:\Users\Administrator\Desktop\MLxiao\app\build\intermediates\multi-dex\debug\maindexlist.txt --output C:\Users\Administrator\Desktop\MLxiao\app\build\intermediates\transforms\dex\debug\folders\1000\1f\main C:\Users\Administrator\Desktop\MLxiao\app\build\intermediates\transforms\jarMerging\debug\jars\1\1f\combined.jar
java_class_path (initial): D:\Sdk\sdk\build-tools\25.0.3\lib\dx.jar
Launcher Type: SUN_STANDARD

Environment Variables:
JAVA_HOME=C:\Program Files (x86)\Java\jdk1.8.0_144
CLASSPATH=.;C:\Program Files (x86)\Java\jdk1.8.0_144\lib;C:\Program Files (x86)\Java\jdk1.8.0_144\lib\tools.jar
PATH=C:\ProgramData\Oracle\Java\javapath;C:\Windows\system32;C:\Windows;C:\Windows\System32\Wbem;C:\Windows\System32\WindowsPowerShell\v1.0\;C:\Program Files (x86)\NVIDIA Corporation\PhysX\Common;C:\Program Files (x86)\Java\jdk1.8.0_144\bin;C:\Program Files (x86)\Java\jdk1.8.0_144\jre\bin;C:\Program Files\Git\cmd;D:\Sdk\platform-tools;D:\Sdk\tools;
USERNAME=Administrator
OS=Windows_NT
PROCESSOR_IDENTIFIER=Intel64 Family 6 Model 158 Stepping 9, GenuineIntel



---------------  S Y S T E M  ---------------

OS: Windows 7 , 64 bit Build 7601 (6.1.7601.19160)

CPU:total 4 (initial active 4) (4 cores per cpu, 1 threads per core) family 6 model 158 stepping 9, cmov, cx8, fxsr, mmx, sse, sse2, sse3, ssse3, sse4.1, sse4.2, popcnt, avx, avx2, aes, clmul, erms, 3dnowpref, lzcnt, tsc, tscinvbit, bmi1, bmi2, adx

Memory: 4k page, physical 8335948k(208776k free), swap 10431264k(5116k free)

vm_info: OpenJDK 64-Bit Server VM (25.152-b01) for windows-amd64 JRE (1.8.0_152-release-915-b01), built by "builder" with MS VC++ 10.0 (VS2010)

time: Thu Dec 07 14:39:06 2017
elapsed time: 34 seconds (0d 0h 0m 34s)

