#
# There is insufficient memory for the Java Runtime Environment to continue.
# Native memory allocation (malloc) failed to allocate 32744 bytes for ChunkPool::allocate
# Possible reasons:
#   The system is out of physical RAM or swap space
#   In 32 bit mode, the process size limit was hit
# Possible solutions:
#   Reduce memory load on the system
#   Increase physical memory or swap space
#   Check if swap backing store is full
#   Use 64 bit Java on a 64 bit OS
#   Decrease Java heap size (-Xmx/-Xms)
#   Decrease number of Java threads
#   Decrease Java thread stack sizes (-Xss)
#   Set larger code cache with -XX:ReservedCodeCacheSize=
# This output file may be truncated or incomplete.
#
#  Out of Memory Error (allocation.cpp:273), pid=3856, tid=0x0000000000001764
#
# JRE version: OpenJDK Runtime Environment (8.0_152-b01) (build 1.8.0_152-release-915-b01)
# Java VM: OpenJDK 64-Bit Server VM (25.152-b01 mixed mode windows-amd64 compressed oops)
# Failed to write core dump. Minidumps are not enabled by default on client versions of Windows
#

---------------  T H R E A D  ---------------

Current thread (0x000000001c26d000):  JavaThread "C2 CompilerThread0" daemon [_thread_in_native, id=5988, stack(0x000000001dc90000,0x000000001dd90000)]

Stack: [0x000000001dc90000,0x000000001dd90000]
[error occurred during error reporting (printing stack bounds), id 0xc0000005]

Native frames: (J=compiled Java code, j=interpreted, Vv=VM code, C=native code)


Current CompileTask:
C2:  22890 2943   !   4       com.android.dx.cf.code.Ropper::processBlock (1101 bytes)


---------------  P R O C E S S  ---------------

Java Threads: ( => current thread )
  0x000000001d8fc000 JavaThread "pool-1-thread-1" [_thread_in_Java, id=5800, stack(0x0000000022590000,0x0000000022690000)]
  0x000000001e44f800 JavaThread "pool-2-thread-4" [_thread_blocked, id=2124, stack(0x000000001f010000,0x000000001f110000)]
  0x000000001e3c5800 JavaThread "pool-2-thread-3" [_thread_blocked, id=1224, stack(0x000000001eda0000,0x000000001eea0000)]
  0x000000001d94f800 JavaThread "pool-2-thread-2" [_thread_blocked, id=4984, stack(0x000000001ec50000,0x000000001ed50000)]
  0x000000001d94e800 JavaThread "pool-3-thread-1" [_thread_blocked, id=2092, stack(0x000000001d0a0000,0x000000001d1a0000)]
  0x000000001e3e2000 JavaThread "pool-2-thread-1" [_thread_blocked, id=2008, stack(0x000000001eab0000,0x000000001ebb0000)]
  0x000000001d5ed800 JavaThread "Service Thread" daemon [_thread_blocked, id=3832, stack(0x000000001e030000,0x000000001e130000)]
  0x000000001d572800 JavaThread "C1 CompilerThread2" daemon [_thread_blocked, id=3140, stack(0x000000001dda0000,0x000000001dea0000)]
  0x000000001d571800 JavaThread "C2 CompilerThread1" daemon [_thread_in_native, id=3344, stack(0x000000001dea0000,0x000000001dfa0000)]
=>0x000000001c26d000 JavaThread "C2 CompilerThread0" daemon [_thread_in_native, id=5988, stack(0x000000001dc90000,0x000000001dd90000)]
  0x000000001d55a800 JavaThread "Attach Listener" daemon [_thread_blocked, id=5212, stack(0x000000001da90000,0x000000001db90000)]
  0x000000001c25c800 JavaThread "Signal Dispatcher" daemon [_thread_blocked, id=2636, stack(0x000000001d980000,0x000000001da80000)]
  0x000000001c248000 JavaThread "Finalizer" daemon [_thread_blocked, id=5460, stack(0x000000001d450000,0x000000001d550000)]
  0x000000001c201000 JavaThread "Reference Handler" daemon [_thread_blocked, id=2692, stack(0x000000001d300000,0x000000001d400000)]
  0x000000000052e800 JavaThread "main" [_thread_blocked, id=1036, stack(0x0000000002680000,0x0000000002780000)]

Other Threads:
  0x000000001c1f9800 VMThread [stack: 0x000000001d1f0000,0x000000001d2f0000] [id=2140]
  0x000000001d5ee800 WatcherThread [stack: 0x000000001e1a0000,0x000000001e2a0000] [id=5820]

VM state:not at safepoint (normal execution)

VM Mutex/Monitor currently owned by a thread: None

Heap:
 PSYoungGen      total 919040K, used 91986K [0x000000076ab00000, 0x00000007c0000000, 0x00000007c0000000)
  eden space 594944K, 15% used [0x000000076ab00000,0x00000007704d4888,0x000000078f000000)
  from space 324096K, 0% used [0x00000007ac380000,0x00000007ac380000,0x00000007c0000000)
  to   space 401408K, 0% used [0x000000078f000000,0x000000078f000000,0x00000007a7800000)
 ParOldGen       total 1159680K, used 804819K [0x00000006c0000000, 0x0000000706c80000, 0x000000076ab00000)
  object space 1159680K, 69% used [0x00000006c0000000,0x00000006f11f4fb0,0x0000000706c80000)
 Metaspace       used 7012K, capacity 7640K, committed 7936K, reserved 1056768K
  class space    used 626K, capacity 656K, committed 768K, reserved 1048576K

Card table byte_map: [0x0000000011b40000,0x0000000012350000] byte_map_base: 0x000000000e540000

Marking Bits: (ParMarkBitMap*) 0x0000000071103950
 Begin Bits: [0x0000000013070000, 0x0000000017070000)
 End Bits:   [0x0000000017070000, 0x000000001b070000)

Polling page: 0x0000000000230000

CodeCache: size=245760Kb used=12690Kb max_used=15159Kb free=233069Kb
 bounds [0x0000000002780000, 0x0000000003660000, 0x0000000011780000]
 total_blobs=3157 nmethods=2892 adapters=178
 compilation: enabled

Compilation events (10 events):
Event: 22.766 Thread 0x000000001d572800 3684       3       com.android.dx.dex.code.form.Form31t::isCompatible (38 bytes)
Event: 22.766 Thread 0x000000001d572800 nmethod 3684 0x0000000003297890 code [0x0000000003297a40, 0x00000000032982a8]
Event: 22.779 Thread 0x000000001d572800 3686       3       com.android.dx.dex.file.TypeIdsSection::indexOf (23 bytes)
Event: 22.779 Thread 0x000000001d572800 nmethod 3686 0x00000000035dbb50 code [0x00000000035dbce0, 0x00000000035dc078]
Event: 22.795 Thread 0x000000001d572800 3688       3       com.android.dx.rop.cst.CstLiteral64::equals (36 bytes)
Event: 22.796 Thread 0x000000001d572800 nmethod 3688 0x0000000002b3d310 code [0x0000000002b3d480, 0x0000000002b3d8d0]
Event: 22.815 Thread 0x000000001d572800 3689       3       com.android.dx.dex.file.TypeIdsSection::indexOf (66 bytes)
Event: 22.816 Thread 0x000000001d572800 nmethod 3689 0x0000000002a91fd0 code [0x0000000002a92260, 0x0000000002a93378]
Event: 22.834 Thread 0x000000001d572800 3690       3       com.android.dx.dex.code.form.Form31c::isCompatible (133 bytes)
Event: 22.835 Thread 0x000000001d572800 nmethod 3690 0x0000000002c27710 code [0x0000000002c27940, 0x0000000002c28d88]

GC Heap History (10 events):
Event: 12.737 GC heap before
{Heap before GC invocations=21 (full 4):
 PSYoungGen      total 929792K, used 238054K [0x000000076ab00000, 0x00000007be700000, 0x00000007c0000000)
  eden space 691712K, 0% used [0x000000076ab00000,0x000000076ab00000,0x0000000794e80000)
  from space 238080K, 99% used [0x0000000794e80000,0x00000007a36f9b08,0x00000007a3700000)
  to   space 290304K, 0% used [0x00000007acb80000,0x00000007acb80000,0x00000007be700000)
 ParOldGen       total 576000K, used 502257K [0x00000006c0000000, 0x00000006e3280000, 0x000000076ab00000)
  object space 576000K, 87% used [0x00000006c0000000,0x00000006dea7c540,0x00000006e3280000)
 Metaspace       used 6628K, capacity 7286K, committed 7552K, reserved 1056768K
  class space    used 607K, capacity 622K, committed 640K, reserved 1048576K
Event: 14.565 GC heap after
Heap after GC invocations=21 (full 4):
 PSYoungGen      total 929792K, used 155495K [0x000000076ab00000, 0x00000007be700000, 0x00000007c0000000)
  eden space 691712K, 0% used [0x000000076ab00000,0x000000076ab00000,0x0000000794e80000)
  from space 238080K, 65% used [0x0000000794e80000,0x000000079e659f88,0x00000007a3700000)
  to   space 290304K, 0% used [0x00000007acb80000,0x00000007acb80000,0x00000007be700000)
 ParOldGen       total 856576K, used 575965K [0x00000006c0000000, 0x00000006f4480000, 0x000000076ab00000)
  object space 856576K, 67% used [0x00000006c0000000,0x00000006e3277640,0x00000006f4480000)
 Metaspace       used 6628K, capacity 7286K, committed 7552K, reserved 1056768K
  class space    used 607K, capacity 622K, committed 640K, reserved 1048576K
}
Event: 15.477 GC heap before
{Heap before GC invocations=22 (full 4):
 PSYoungGen      total 929792K, used 847207K [0x000000076ab00000, 0x00000007be700000, 0x00000007c0000000)
  eden space 691712K, 100% used [0x000000076ab00000,0x0000000794e80000,0x0000000794e80000)
  from space 238080K, 65% used [0x0000000794e80000,0x000000079e659f88,0x00000007a3700000)
  to   space 290304K, 0% used [0x00000007acb80000,0x00000007acb80000,0x00000007be700000)
 ParOldGen       total 856576K, used 575965K [0x00000006c0000000, 0x00000006f4480000, 0x000000076ab00000)
  object space 856576K, 67% used [0x00000006c0000000,0x00000006e3277640,0x00000006f4480000)
 Metaspace       used 6733K, capacity 7384K, committed 7680K, reserved 1056768K
  class space    used 613K, capacity 656K, committed 768K, reserved 1048576K
Event: 15.809 GC heap after
Heap after GC invocations=22 (full 4):
 PSYoungGen      total 1052160K, used 143909K [0x000000076ab00000, 0x00000007bd400000, 0x00000007c0000000)
  eden space 781312K, 0% used [0x000000076ab00000,0x000000076ab00000,0x000000079a600000)
  from space 270848K, 53% used [0x00000007acb80000,0x00000007b5809450,0x00000007bd400000)
  to   space 285696K, 0% used [0x000000079a600000,0x000000079a600000,0x00000007abd00000)
 ParOldGen       total 856576K, used 690169K [0x00000006c0000000, 0x00000006f4480000, 0x000000076ab00000)
  object space 856576K, 80% used [0x00000006c0000000,0x00000006ea1fe7e8,0x00000006f4480000)
 Metaspace       used 6733K, capacity 7384K, committed 7680K, reserved 1056768K
  class space    used 613K, capacity 656K, committed 768K, reserved 1048576K
}
Event: 17.070 GC heap before
{Heap before GC invocations=23 (full 4):
 PSYoungGen      total 1052160K, used 925221K [0x000000076ab00000, 0x00000007bd400000, 0x00000007c0000000)
  eden space 781312K, 100% used [0x000000076ab00000,0x000000079a600000,0x000000079a600000)
  from space 270848K, 53% used [0x00000007acb80000,0x00000007b5809450,0x00000007bd400000)
  to   space 285696K, 0% used [0x000000079a600000,0x000000079a600000,0x00000007abd00000)
 ParOldGen       total 856576K, used 690169K [0x00000006c0000000, 0x00000006f4480000, 0x000000076ab00000)
  object space 856576K, 80% used [0x00000006c0000000,0x00000006ea1fe7e8,0x00000006f4480000)
 Metaspace       used 7000K, capacity 7640K, committed 7936K, reserved 1056768K
  class space    used 625K, capacity 656K, committed 768K, reserved 1048576K
Event: 17.292 GC heap after
Heap after GC invocations=23 (full 4):
 PSYoungGen      total 1067008K, used 261635K [0x000000076ab00000, 0x00000007c0000000, 0x00000007c0000000)
  eden space 781312K, 0% used [0x000000076ab00000,0x000000076ab00000,0x000000079a600000)
  from space 285696K, 91% used [0x000000079a600000,0x00000007aa580f68,0x00000007abd00000)
  to   space 324096K, 0% used [0x00000007ac380000,0x00000007ac380000,0x00000007c0000000)
 ParOldGen       total 856576K, used 690177K [0x00000006c0000000, 0x00000006f4480000, 0x000000076ab00000)
  object space 856576K, 80% used [0x00000006c0000000,0x00000006ea2007e8,0x00000006f4480000)
 Metaspace       used 7000K, capacity 7640K, committed 7936K, reserved 1056768K
  class space    used 625K, capacity 656K, committed 768K, reserved 1048576K
}
Event: 18.337 GC heap before
{Heap before GC invocations=24 (full 4):
 PSYoungGen      total 1067008K, used 1042947K [0x000000076ab00000, 0x00000007c0000000, 0x00000007c0000000)
  eden space 781312K, 100% used [0x000000076ab00000,0x000000079a600000,0x000000079a600000)
  from space 285696K, 91% used [0x000000079a600000,0x00000007aa580f68,0x00000007abd00000)
  to   space 324096K, 0% used [0x00000007ac380000,0x00000007ac380000,0x00000007c0000000)
 ParOldGen       total 856576K, used 690177K [0x00000006c0000000, 0x00000006f4480000, 0x000000076ab00000)
  object space 856576K, 80% used [0x00000006c0000000,0x00000006ea2007e8,0x00000006f4480000)
 Metaspace       used 7012K, capacity 7640K, committed 7936K, reserved 1056768K
  class space    used 626K, capacity 656K, committed 768K, reserved 1048576K
Event: 18.664 GC heap after
Heap after GC invocations=24 (full 4):
 PSYoungGen      total 919040K, used 324088K [0x000000076ab00000, 0x00000007c0000000, 0x00000007c0000000)
  eden space 594944K, 0% used [0x000000076ab00000,0x000000076ab00000,0x000000078f000000)
  from space 324096K, 99% used [0x00000007ac380000,0x00000007bfffe0e8,0x00000007c0000000)
  to   space 401408K, 0% used [0x000000078f000000,0x000000078f000000,0x00000007a7800000)
 ParOldGen       total 856576K, used 755100K [0x00000006c0000000, 0x00000006f4480000, 0x000000076ab00000)
  object space 856576K, 88% used [0x00000006c0000000,0x00000006ee167308,0x00000006f4480000)
 Metaspace       used 7012K, capacity 7640K, committed 7936K, reserved 1056768K
  class space    used 626K, capacity 656K, committed 768K, reserved 1048576K
}
Event: 18.664 GC heap before
{Heap before GC invocations=25 (full 5):
 PSYoungGen      total 919040K, used 324088K [0x000000076ab00000, 0x00000007c0000000, 0x00000007c0000000)
  eden space 594944K, 0% used [0x000000076ab00000,0x000000076ab00000,0x000000078f000000)
  from space 324096K, 99% used [0x00000007ac380000,0x00000007bfffe0e8,0x00000007c0000000)
  to   space 401408K, 0% used [0x000000078f000000,0x000000078f000000,0x00000007a7800000)
 ParOldGen       total 856576K, used 755100K [0x00000006c0000000, 0x00000006f4480000, 0x000000076ab00000)
  object space 856576K, 88% used [0x00000006c0000000,0x00000006ee167308,0x00000006f4480000)
 Metaspace       used 7012K, capacity 7640K, committed 7936K, reserved 1056768K
  class space    used 626K, capacity 656K, committed 768K, reserved 1048576K
Event: 22.534 GC heap after
Heap after GC invocations=25 (full 5):
 PSYoungGen      total 919040K, used 0K [0x000000076ab00000, 0x00000007c0000000, 0x00000007c0000000)
  eden space 594944K, 0% used [0x000000076ab00000,0x000000076ab00000,0x000000078f000000)
  from space 324096K, 0% used [0x00000007ac380000,0x00000007ac380000,0x00000007c0000000)
  to   space 401408K, 0% used [0x000000078f000000,0x000000078f000000,0x00000007a7800000)
 ParOldGen       total 1159680K, used 804819K [0x00000006c0000000, 0x0000000706c80000, 0x000000076ab00000)
  object space 1159680K, 69% used [0x00000006c0000000,0x00000006f11f4fb0,0x0000000706c80000)
 Metaspace       used 7012K, capacity 7640K, committed 7936K, reserved 1056768K
  class space    used 626K, capacity 656K, committed 768K, reserved 1048576K
}

Deoptimization events (10 events):
Event: 16.997 Thread 0x000000001d8fc000 Uncommon trap: reason=unstable_if action=reinterpret pc=0x0000000002cb2db0 method=com.android.dx.dex.code.LocalList$MakeState.filterSpec(Lcom/android/dx/rop/code/RegisterSpec;)Lcom/android/dx/rop/code/RegisterSpec; @ 11
Event: 17.018 Thread 0x000000001d8fc000 Uncommon trap: reason=array_check action=maybe_recompile pc=0x0000000002b2dae0 method=java.util.ComparableTimSort.binarySort([Ljava/lang/Object;III)V @ 193
Event: 17.036 Thread 0x000000001d8fc000 Uncommon trap: reason=array_check action=maybe_recompile pc=0x0000000002b2dae0 method=java.util.ComparableTimSort.binarySort([Ljava/lang/Object;III)V @ 193
Event: 17.303 Thread 0x000000001d8fc000 Uncommon trap: reason=array_check action=maybe_recompile pc=0x0000000002b2dae0 method=java.util.ComparableTimSort.binarySort([Ljava/lang/Object;III)V @ 193
Event: 17.312 Thread 0x000000001d8fc000 Uncommon trap: reason=unstable_if action=reinterpret pc=0x0000000002c3bc10 method=com.android.dx.dex.code.LocalList$MakeState.aboutToProcess(II)V @ 54
Event: 17.362 Thread 0x000000001d8fc000 Uncommon trap: reason=array_check action=maybe_recompile pc=0x0000000002b2da1c method=java.util.ComparableTimSort.binarySort([Ljava/lang/Object;III)V @ 215
Event: 17.366 Thread 0x000000001d8fc000 Uncommon trap: reason=array_check action=maybe_recompile pc=0x0000000002b2dae0 method=java.util.ComparableTimSort.binarySort([Ljava/lang/Object;III)V @ 193
Event: 17.455 Thread 0x000000001d8fc000 Uncommon trap: reason=array_check action=maybe_recompile pc=0x00000000029b16f0 method=java.util.ComparableTimSort.binarySort([Ljava/lang/Object;III)V @ 183
Event: 17.531 Thread 0x000000001d8fc000 Uncommon trap: reason=array_check action=maybe_recompile pc=0x00000000029b16f0 method=java.util.ComparableTimSort.binarySort([Ljava/lang/Object;III)V @ 183
Event: 17.722 Thread 0x000000001d8fc000 Uncommon trap: reason=null_check action=make_not_entrant pc=0x00000000031a348c method=com.android.dx.dex.code.LocalList$MakeState.checkForEmptyRange(ILcom/android/dx/rop/code/RegisterSpec;)Z @ 119

Classes redefined (0 events):
No events

Internal exceptions (10 events):
Event: 0.387 Thread 0x000000001e3e2000 Implicit null exception at 0x0000000002aadb22 to 0x0000000002aadc22
Event: 0.744 Thread 0x000000001d94f800 Exception <a 'java/lang/ArrayIndexOutOfBoundsException': 18> (0x000000076db61910) thrown at [D:\src\AOSP-openjdk-cygwin\jdk8u\hotspot\src\share\vm\interpreter\interpreterRuntime.cpp, line 366]
Event: 0.744 Thread 0x000000001d94f800 Exception <a 'java/lang/ArrayIndexOutOfBoundsException': 145> (0x000000076db63490) thrown at [D:\src\AOSP-openjdk-cygwin\jdk8u\hotspot\src\share\vm\interpreter\interpreterRuntime.cpp, line 366]
Event: 0.744 Thread 0x000000001d94f800 Exception <a 'java/lang/ArrayIndexOutOfBoundsException': 40> (0x000000076db64778) thrown at [D:\src\AOSP-openjdk-cygwin\jdk8u\hotspot\src\share\vm\interpreter\interpreterRuntime.cpp, line 366]
Event: 3.063 Thread 0x000000000052e800 Implicit null exception at 0x00000000028fe730 to 0x00000000028ff0b9
Event: 7.522 Thread 0x000000001e44f800 Implicit null exception at 0x0000000003344088 to 0x0000000003348809
Event: 10.133 Thread 0x000000001e3c5800 Implicit null exception at 0x0000000002f32746 to 0x0000000002f38d0d
Event: 14.773 Thread 0x000000001e44f800 Implicit null exception at 0x0000000002b3d5dc to 0x0000000002b3d87a
Event: 16.057 Thread 0x000000001d8fc000 Implicit null exception at 0x0000000002d1cba8 to 0x0000000002d1e439
Event: 17.722 Thread 0x000000001d8fc000 Implicit null exception at 0x00000000031a088a to 0x00000000031a345d

Events (10 events):
Event: 17.798 Thread 0x000000001d8fc000 DEOPT PACKING pc=0x0000000002a7d0a3 sp=0x000000002268ec50
Event: 17.798 Thread 0x000000001d8fc000 DEOPT UNPACKING pc=0x00000000027c75bf sp=0x000000002268e9c8 mode 0
Event: 18.121 Thread 0x000000000052e800 DEOPT PACKING pc=0x0000000002ee5d6d sp=0x000000000277e320
Event: 18.121 Thread 0x000000000052e800 DEOPT UNPACKING pc=0x00000000027c75bf sp=0x000000000277e1e8 mode 0
Event: 18.337 Executing VM operation: ParallelGCFailedAllocation
Event: 22.534 Executing VM operation: ParallelGCFailedAllocation done
Event: 22.788 Thread 0x000000001d8fc000 DEOPT PACKING pc=0x0000000002eec3a8 sp=0x000000002268ebe0
Event: 22.788 Thread 0x000000001d8fc000 DEOPT UNPACKING pc=0x00000000027c75bf sp=0x000000002268e978 mode 0
Event: 22.846 Thread 0x000000001d8fc000 DEOPT PACKING pc=0x0000000002eec3a8 sp=0x000000002268ebe0
Event: 22.846 Thread 0x000000001d8fc000 DEOPT UNPACKING pc=0x00000000027c75bf sp=0x000000002268e978 mode 0


Dynamic libraries:
0x000000013f160000 - 0x000000013f191000 	C:\Program Files\Android\Android Studio\jre\bin\java.exe
0x0000000077480000 - 0x000000007762a000 	C:\Windows\SYSTEM32\ntdll.dll
0x0000000077360000 - 0x000000007747f000 	C:\Windows\system32\kernel32.dll
0x000007fefd3f0000 - 0x000007fefd45b000 	C:\Windows\system32\KERNELBASE.dll
0x000007fefe200000 - 0x000007fefe2db000 	C:\Windows\system32\ADVAPI32.dll
0x000007fefdc50000 - 0x000007fefdcef000 	C:\Windows\system32\msvcrt.dll
0x000007fefe4b0000 - 0x000007fefe4cf000 	C:\Windows\SYSTEM32\sechost.dll
0x000007fefdcf0000 - 0x000007fefde1d000 	C:\Windows\system32\RPCRT4.dll
0x0000000077260000 - 0x000000007735a000 	C:\Windows\system32\USER32.dll
0x000007fefe0f0000 - 0x000007fefe157000 	C:\Windows\system32\GDI32.dll
0x000007fefe710000 - 0x000007fefe71e000 	C:\Windows\system32\LPK.dll
0x000007fefe2e0000 - 0x000007fefe3aa000 	C:\Windows\system32\USP10.dll
0x000007fefb800000 - 0x000007fefb9f4000 	C:\Windows\WinSxS\amd64_microsoft.windows.common-controls_6595b64144ccf1df_6.0.7601.18837_none_fa3b1e3d17594757\COMCTL32.dll
0x000007fefe160000 - 0x000007fefe1d1000 	C:\Windows\system32\SHLWAPI.dll
0x000007fefe4d0000 - 0x000007fefe4fe000 	C:\Windows\system32\IMM32.DLL
0x000007fefd850000 - 0x000007fefd959000 	C:\Windows\system32\MSCTF.dll
0x0000000071580000 - 0x0000000071652000 	C:\Program Files\Android\Android Studio\jre\jre\bin\msvcr100.dll
0x0000000070940000 - 0x000000007117e000 	C:\Program Files\Android\Android Studio\jre\jre\bin\server\jvm.dll
0x000007fefab60000 - 0x000007fefab69000 	C:\Windows\system32\WSOCK32.dll
0x000007fefe720000 - 0x000007fefe76d000 	C:\Windows\system32\WS2_32.dll
0x000007fefe9f0000 - 0x000007fefe9f8000 	C:\Windows\system32\NSI.dll
0x000007fefa3c0000 - 0x000007fefa3fb000 	C:\Windows\system32\WINMM.dll
0x000007fefc1e0000 - 0x000007fefc1ec000 	C:\Windows\system32\VERSION.dll
0x0000000077650000 - 0x0000000077657000 	C:\Windows\system32\PSAPI.DLL
0x000007fefab30000 - 0x000007fefab3f000 	C:\Program Files\Android\Android Studio\jre\jre\bin\verify.dll
0x000007fef4020000 - 0x000007fef4049000 	C:\Program Files\Android\Android Studio\jre\jre\bin\java.dll
0x000007fef7c60000 - 0x000007fef7c76000 	C:\Program Files\Android\Android Studio\jre\jre\bin\zip.dll
0x000007fefea00000 - 0x000007feff789000 	C:\Windows\system32\SHELL32.dll
0x000007fefe500000 - 0x000007fefe703000 	C:\Windows\system32\ole32.dll
0x000007fefd1c0000 - 0x000007fefd1cf000 	C:\Windows\system32\profapi.dll

VM Arguments:
jvm_args: -Djava.awt.headless=true -Xmx4g -Dfile.encoding=GBK -Duser.country=CN -Duser.language=zh -Duser.variant 
java_command: com.android.dx.command.Main --dex --num-threads=4 --multi-dex --main-dex-list C:\Users\Administrator\Desktop\MLxiao\app\build\intermediates\multi-dex\debug\maindexlist.txt --output C:\Users\Administrator\Desktop\MLxiao\app\build\intermediates\transforms\dex\debug\folders\1000\1f\main C:\Users\Administrator\Desktop\MLxiao\app\build\intermediates\transforms\jarMerging\debug\jars\1\1f\combined.jar
java_class_path (initial): D:\Sdk\sdk\build-tools\25.0.3\lib\dx.jar
Launcher Type: SUN_STANDARD

Environment Variables:
JAVA_HOME=C:\Program Files (x86)\Java\jdk1.8.0_144
CLASSPATH=.;C:\Program Files (x86)\Java\jdk1.8.0_144\lib;C:\Program Files (x86)\Java\jdk1.8.0_144\lib\tools.jar
PATH=C:\ProgramData\Oracle\Java\javapath;C:\Windows\system32;C:\Windows;C:\Windows\System32\Wbem;C:\Windows\System32\WindowsPowerShell\v1.0\;C:\Program Files (x86)\NVIDIA Corporation\PhysX\Common;C:\Program Files (x86)\Java\jdk1.8.0_144\bin;C:\Program Files (x86)\Java\jdk1.8.0_144\jre\bin;C:\Program Files\Git\cmd;D:\Sdk\platform-tools;D:\Sdk\tools;
USERNAME=Administrator
OS=Windows_NT
PROCESSOR_IDENTIFIER=Intel64 Family 6 Model 158 Stepping 9, GenuineIntel



---------------  S Y S T E M  ---------------

OS: Windows 7 , 64 bit Build 7601 (6.1.7601.19160)

CPU:total 4 (initial active 4) (4 cores per cpu, 1 threads per core) family 6 model 158 stepping 9, cmov, cx8, fxsr, mmx, sse, sse2, sse3, ssse3, sse4.1, sse4.2, popcnt, avx, avx2, aes, clmul, erms, 3dnowpref, lzcnt, tsc, tscinvbit, bmi1, bmi2, adx

Memory: 4k page, physical 8335948k(155476k free), swap 10431264k(13564k free)

vm_info: OpenJDK 64-Bit Server VM (25.152-b01) for windows-amd64 JRE (1.8.0_152-release-915-b01), built by "builder" with MS VC++ 10.0 (VS2010)

time: Wed Nov 29 17:28:43 2017
elapsed time: 22 seconds (0d 0h 0m 22s)

