#
# There is insufficient memory for the Java Runtime Environment to continue.
# Native memory allocation (malloc) failed to allocate 1069296 bytes for Chunk::new
# Possible reasons:
#   The system is out of physical RAM or swap space
#   In 32 bit mode, the process size limit was hit
# Possible solutions:
#   Reduce memory load on the system
#   Increase physical memory or swap space
#   Check if swap backing store is full
#   Use 64 bit Java on a 64 bit OS
#   Decrease Java heap size (-Xmx/-Xms)
#   Decrease number of Java threads
#   Decrease Java thread stack sizes (-Xss)
#   Set larger code cache with -XX:ReservedCodeCacheSize=
# This output file may be truncated or incomplete.
#
#  Out of Memory Error (allocation.cpp:390), pid=8184, tid=0x0000000000000e4c
#
# JRE version: Java(TM) SE Runtime Environment (8.0_151-b12) (build 1.8.0_151-b12)
# Java VM: Java HotSpot(TM) 64-Bit Server VM (25.151-b12 mixed mode windows-amd64 compressed oops)
# Failed to write core dump. Minidumps are not enabled by default on client versions of Windows
#

---------------  T H R E A D  ---------------

Current thread (0x000000001c0fe800):  JavaThread "C2 CompilerThread0" daemon [_thread_in_native, id=3660, stack(0x000000001dbe0000,0x000000001dce0000)]

Stack: [0x000000001dbe0000,0x000000001dce0000]
[error occurred during error reporting (printing stack bounds), id 0xc0000005]

Native frames: (J=compiled Java code, j=interpreted, Vv=VM code, C=native code)


Current CompileTask:
C2:  19166 3505       4       com.android.dx.dex.file.ClassDataItem::addContents (207 bytes)


---------------  P R O C E S S  ---------------

Java Threads: ( => current thread )
  0x000000001d618800 JavaThread "pool-1-thread-1" [_thread_in_Java, id=7876, stack(0x0000000021190000,0x0000000021290000)]
  0x000000001e2b6800 JavaThread "pool-2-thread-4" [_thread_in_Java, id=5184, stack(0x000000001edc0000,0x000000001eec0000)]
  0x000000001e2b2000 JavaThread "pool-2-thread-3" [_thread_blocked, id=7812, stack(0x000000001eef0000,0x000000001eff0000)]
  0x000000001e2b4000 JavaThread "pool-2-thread-2" [_thread_in_Java, id=7436, stack(0x000000001d990000,0x000000001da90000)]
  0x000000001e409000 JavaThread "pool-3-thread-1" [_thread_blocked, id=7500, stack(0x000000001ec60000,0x000000001ed60000)]
  0x000000001e404800 JavaThread "pool-2-thread-1" [_thread_blocked, id=6404, stack(0x000000001eac0000,0x000000001ebc0000)]
  0x000000001d4c5800 JavaThread "Service Thread" daemon [_thread_blocked, id=7796, stack(0x000000001e1b0000,0x000000001e2b0000)]
  0x000000001d441800 JavaThread "C1 CompilerThread2" daemon [_thread_blocked, id=7004, stack(0x000000001df00000,0x000000001e000000)]
  0x000000001d440800 JavaThread "C2 CompilerThread1" daemon [_thread_in_native, id=8120, stack(0x000000001ddd0000,0x000000001ded0000)]
=>0x000000001c0fe800 JavaThread "C2 CompilerThread0" daemon [_thread_in_native, id=3660, stack(0x000000001dbe0000,0x000000001dce0000)]
  0x000000001d42b000 JavaThread "Attach Listener" daemon [_thread_blocked, id=7288, stack(0x000000001da90000,0x000000001db90000)]
  0x000000001c0ed800 JavaThread "Signal Dispatcher" daemon [_thread_blocked, id=6296, stack(0x000000001d890000,0x000000001d990000)]
  0x000000001c0d9800 JavaThread "Finalizer" daemon [_thread_blocked, id=1588, stack(0x000000001d320000,0x000000001d420000)]
  0x000000001c092800 JavaThread "Reference Handler" daemon [_thread_blocked, id=7696, stack(0x000000001d210000,0x000000001d310000)]
  0x0000000001c7e000 JavaThread "main" [_thread_in_native, id=8008, stack(0x0000000002580000,0x0000000002680000)]

Other Threads:
  0x000000001c08b000 VMThread [stack: 0x000000001d100000,0x000000001d200000] [id=5320]
  0x000000001d51d800 WatcherThread [stack: 0x000000001e060000,0x000000001e160000] [id=7576]

VM state:not at safepoint (normal execution)

VM Mutex/Monitor currently owned by a thread: None

Heap:
 PSYoungGen      total 906752K, used 613567K [0x000000076ab00000, 0x00000007b0e80000, 0x00000007c0000000)
  eden space 701952K, 87% used [0x000000076ab00000,0x000000079022fd10,0x0000000795880000)
  from space 204800K, 0% used [0x0000000795880000,0x0000000795880000,0x00000007a2080000)
  to   space 177152K, 0% used [0x00000007a2080000,0x00000007a2080000,0x00000007acd80000)
 ParOldGen       total 491520K, used 491023K [0x00000006c0000000, 0x00000006de000000, 0x000000076ab00000)
  object space 491520K, 99% used [0x00000006c0000000,0x00000006ddf83d70,0x00000006de000000)
 Metaspace       used 6940K, capacity 7480K, committed 7680K, reserved 1056768K
  class space    used 651K, capacity 688K, committed 768K, reserved 1048576K

Card table byte_map: [0x0000000011a40000,0x0000000012250000] byte_map_base: 0x000000000e440000

Marking Bits: (ParMarkBitMap*) 0x000000005e6fd850
 Begin Bits: [0x0000000012f00000, 0x0000000016f00000)
 End Bits:   [0x0000000016f00000, 0x000000001af00000)

Polling page: 0x0000000000130000

CodeCache: size=245760Kb used=13194Kb max_used=16710Kb free=232565Kb
 bounds [0x0000000002680000, 0x0000000003720000, 0x0000000011680000]
 total_blobs=2893 nmethods=2622 adapters=183
 compilation: enabled

Compilation events (10 events):
Event: 19.040 Thread 0x000000001d441800 3539 %     3       com.android.dx.dex.file.CodeItem::addContents @ 142 (174 bytes)
Event: 19.040 Thread 0x000000001d441800 nmethod 3539% 0x0000000002e2bf10 code [0x0000000002e2c220, 0x0000000002e2dc48]
Event: 19.041 Thread 0x000000001d441800 3540       3       com.android.dx.dex.code.StdCatchBuilder::hasAnyCatches (57 bytes)
Event: 19.042 Thread 0x000000001d441800 nmethod 3540 0x0000000002f48950 code [0x0000000002f48b40, 0x0000000002f49878]
Event: 19.051 Thread 0x000000001d441800 3542       3       com.android.dx.dex.file.CodeItem::addContents (174 bytes)
Event: 19.052 Thread 0x000000001d441800 nmethod 3542 0x00000000031c0c50 code [0x00000000031c0f40, 0x00000000031c2908]
Event: 19.094 Thread 0x000000001d441800 3545       2       com.android.dx.dex.code.StdCatchBuilder::getCatchTypes (97 bytes)
Event: 19.095 Thread 0x000000001d441800 nmethod 3545 0x0000000002e73090 code [0x0000000002e732a0, 0x0000000002e737c8]
Event: 19.110 Thread 0x000000001d441800 3547       2       com.android.dx.rop.cst.CstLiteral64::<init> (10 bytes)
Event: 19.110 Thread 0x000000001d441800 nmethod 3547 0x0000000002c04a90 code [0x0000000002c04be0, 0x0000000002c04d30]

GC Heap History (10 events):
Event: 10.562 GC heap before
{Heap before GC invocations=17 (full 3):
 PSYoungGen      total 808448K, used 715720K [0x000000076ab00000, 0x00000007acd80000, 0x00000007c0000000)
  eden space 628736K, 100% used [0x000000076ab00000,0x0000000791100000,0x0000000791100000)
  from space 179712K, 48% used [0x0000000791100000,0x00000007965f21a8,0x000000079c080000)
  to   space 177152K, 0% used [0x00000007a2080000,0x00000007a2080000,0x00000007acd80000)
 ParOldGen       total 491520K, used 397910K [0x00000006c0000000, 0x00000006de000000, 0x000000076ab00000)
  object space 491520K, 80% used [0x00000006c0000000,0x00000006d8495aa8,0x00000006de000000)
 Metaspace       used 6824K, capacity 7384K, committed 7680K, reserved 1056768K
  class space    used 644K, capacity 656K, committed 768K, reserved 1048576K
Event: 10.721 GC heap after
Heap after GC invocations=17 (full 3):
 PSYoungGen      total 879104K, used 169329K [0x000000076ab00000, 0x00000007b0e80000, 0x00000007c0000000)
  eden space 701952K, 0% used [0x000000076ab00000,0x000000076ab00000,0x0000000795880000)
  from space 177152K, 95% used [0x00000007a2080000,0x00000007ac5dc760,0x00000007acd80000)
  to   space 204800K, 0% used [0x0000000795880000,0x0000000795880000,0x00000007a2080000)
 ParOldGen       total 491520K, used 397918K [0x00000006c0000000, 0x00000006de000000, 0x000000076ab00000)
  object space 491520K, 80% used [0x00000006c0000000,0x00000006d8497aa8,0x00000006de000000)
 Metaspace       used 6824K, capacity 7384K, committed 7680K, reserved 1056768K
  class space    used 644K, capacity 656K, committed 768K, reserved 1048576K
}
Event: 11.941 GC heap before
{Heap before GC invocations=18 (full 3):
 PSYoungGen      total 879104K, used 871281K [0x000000076ab00000, 0x00000007b0e80000, 0x00000007c0000000)
  eden space 701952K, 100% used [0x000000076ab00000,0x0000000795880000,0x0000000795880000)
  from space 177152K, 95% used [0x00000007a2080000,0x00000007ac5dc760,0x00000007acd80000)
  to   space 204800K, 0% used [0x0000000795880000,0x0000000795880000,0x00000007a2080000)
 ParOldGen       total 491520K, used 397918K [0x00000006c0000000, 0x00000006de000000, 0x000000076ab00000)
  object space 491520K, 80% used [0x00000006c0000000,0x00000006d8497aa8,0x00000006de000000)
 Metaspace       used 6828K, capacity 7384K, committed 7680K, reserved 1056768K
  class space    used 644K, capacity 656K, committed 768K, reserved 1048576K
Event: 12.154 GC heap after
Heap after GC invocations=18 (full 3):
 PSYoungGen      total 906752K, used 204769K [0x000000076ab00000, 0x00000007b0e80000, 0x00000007c0000000)
  eden space 701952K, 0% used [0x000000076ab00000,0x000000076ab00000,0x0000000795880000)
  from space 204800K, 99% used [0x0000000795880000,0x00000007a2078720,0x00000007a2080000)
  to   space 177152K, 0% used [0x00000007a2080000,0x00000007a2080000,0x00000007acd80000)
 ParOldGen       total 491520K, used 477930K [0x00000006c0000000, 0x00000006de000000, 0x000000076ab00000)
  object space 491520K, 97% used [0x00000006c0000000,0x00000006dd2bab30,0x00000006de000000)
 Metaspace       used 6828K, capacity 7384K, committed 7680K, reserved 1056768K
  class space    used 644K, capacity 656K, committed 768K, reserved 1048576K
}
Event: 12.154 GC heap before
{Heap before GC invocations=19 (full 4):
 PSYoungGen      total 906752K, used 204769K [0x000000076ab00000, 0x00000007b0e80000, 0x00000007c0000000)
  eden space 701952K, 0% used [0x000000076ab00000,0x000000076ab00000,0x0000000795880000)
  from space 204800K, 99% used [0x0000000795880000,0x00000007a2078720,0x00000007a2080000)
  to   space 177152K, 0% used [0x00000007a2080000,0x00000007a2080000,0x00000007acd80000)
 ParOldGen       total 491520K, used 477930K [0x00000006c0000000, 0x00000006de000000, 0x000000076ab00000)
  object space 491520K, 97% used [0x00000006c0000000,0x00000006dd2bab30,0x00000006de000000)
 Metaspace       used 6828K, capacity 7384K, committed 7680K, reserved 1056768K
  class space    used 644K, capacity 656K, committed 768K, reserved 1048576K
Event: 13.697 GC heap after
Heap after GC invocations=19 (full 4):
 PSYoungGen      total 906752K, used 181092K [0x000000076ab00000, 0x00000007b0e80000, 0x00000007c0000000)
  eden space 701952K, 0% used [0x000000076ab00000,0x000000076ab00000,0x0000000795880000)
  from space 204800K, 88% used [0x0000000795880000,0x00000007a09590d0,0x00000007a2080000)
  to   space 177152K, 0% used [0x00000007a2080000,0x00000007a2080000,0x00000007acd80000)
 ParOldGen       total 491520K, used 491095K [0x00000006c0000000, 0x00000006de000000, 0x000000076ab00000)
  object space 491520K, 99% used [0x00000006c0000000,0x00000006ddf95f60,0x00000006de000000)
 Metaspace       used 6828K, capacity 7384K, committed 7680K, reserved 1056768K
  class space    used 644K, capacity 656K, committed 768K, reserved 1048576K
}
Event: 14.704 GC heap before
{Heap before GC invocations=20 (full 5):
 PSYoungGen      total 906752K, used 883044K [0x000000076ab00000, 0x00000007b0e80000, 0x00000007c0000000)
  eden space 701952K, 100% used [0x000000076ab00000,0x0000000795880000,0x0000000795880000)
  from space 204800K, 88% used [0x0000000795880000,0x00000007a09590d0,0x00000007a2080000)
  to   space 177152K, 0% used [0x00000007a2080000,0x00000007a2080000,0x00000007acd80000)
 ParOldGen       total 491520K, used 491095K [0x00000006c0000000, 0x00000006de000000, 0x000000076ab00000)
  object space 491520K, 99% used [0x00000006c0000000,0x00000006ddf95f60,0x00000006de000000)
 Metaspace       used 6829K, capacity 7384K, committed 7680K, reserved 1056768K
  class space    used 644K, capacity 656K, committed 768K, reserved 1048576K
Event: 16.625 GC heap after
Heap after GC invocations=20 (full 5):
 PSYoungGen      total 906752K, used 278343K [0x000000076ab00000, 0x00000007b0e80000, 0x00000007c0000000)
  eden space 701952K, 39% used [0x000000076ab00000,0x000000077bad1c40,0x0000000795880000)
  from space 204800K, 0% used [0x0000000795880000,0x0000000795880000,0x00000007a2080000)
  to   space 177152K, 0% used [0x00000007a2080000,0x00000007a2080000,0x00000007acd80000)
 ParOldGen       total 491520K, used 491430K [0x00000006c0000000, 0x00000006de000000, 0x000000076ab00000)
  object space 491520K, 99% used [0x00000006c0000000,0x00000006ddfe9b60,0x00000006de000000)
 Metaspace       used 6829K, capacity 7384K, committed 7680K, reserved 1056768K
  class space    used 644K, capacity 656K, committed 768K, reserved 1048576K
}
Event: 17.156 GC heap before
{Heap before GC invocations=21 (full 6):
 PSYoungGen      total 906752K, used 701952K [0x000000076ab00000, 0x00000007b0e80000, 0x00000007c0000000)
  eden space 701952K, 100% used [0x000000076ab00000,0x0000000795880000,0x0000000795880000)
  from space 204800K, 0% used [0x0000000795880000,0x0000000795880000,0x00000007a2080000)
  to   space 177152K, 0% used [0x00000007a2080000,0x00000007a2080000,0x00000007acd80000)
 ParOldGen       total 491520K, used 491430K [0x00000006c0000000, 0x00000006de000000, 0x000000076ab00000)
  object space 491520K, 99% used [0x00000006c0000000,0x00000006ddfe9b60,0x00000006de000000)
 Metaspace       used 6834K, capacity 7384K, committed 7680K, reserved 1056768K
  class space    used 645K, capacity 656K, committed 768K, reserved 1048576K
Event: 18.750 GC heap after
Heap after GC invocations=21 (full 6):
 PSYoungGen      total 906752K, used 332598K [0x000000076ab00000, 0x00000007b0e80000, 0x00000007c0000000)
  eden space 701952K, 47% used [0x000000076ab00000,0x000000077efcd888,0x0000000795880000)
  from space 204800K, 0% used [0x0000000795880000,0x0000000795880000,0x00000007a2080000)
  to   space 177152K, 0% used [0x00000007a2080000,0x00000007a2080000,0x00000007acd80000)
 ParOldGen       total 491520K, used 491023K [0x00000006c0000000, 0x00000006de000000, 0x000000076ab00000)
  object space 491520K, 99% used [0x00000006c0000000,0x00000006ddf83d70,0x00000006de000000)
 Metaspace       used 6834K, capacity 7384K, committed 7680K, reserved 1056768K
  class space    used 645K, capacity 656K, committed 768K, reserved 1048576K
}

Deoptimization events (10 events):
Event: 18.772 Thread 0x000000001e2b6800 Uncommon trap: reason=speculate_class_check action=maybe_recompile pc=0x00000000029c6bd4 method=com.android.dx.rop.cst.TypedConstant.getBasicType()I @ 1
Event: 18.772 Thread 0x000000001e2b6800 Uncommon trap: reason=speculate_class_check action=maybe_recompile pc=0x00000000029c6bd4 method=com.android.dx.rop.cst.TypedConstant.getBasicType()I @ 1
Event: 18.880 Thread 0x000000001d618800 Uncommon trap: reason=class_check action=maybe_recompile pc=0x0000000002ba97c0 method=java.util.Arrays.hashCode([Ljava/lang/Object;)I @ 43
Event: 18.880 Thread 0x000000001d618800 Uncommon trap: reason=class_check action=maybe_recompile pc=0x0000000002ba97c0 method=java.util.Arrays.hashCode([Ljava/lang/Object;)I @ 43
Event: 18.880 Thread 0x000000001d618800 Uncommon trap: reason=class_check action=maybe_recompile pc=0x0000000002ba97c0 method=java.util.Arrays.hashCode([Ljava/lang/Object;)I @ 43
Event: 18.880 Thread 0x000000001d618800 Uncommon trap: reason=class_check action=maybe_recompile pc=0x0000000002ba97c0 method=java.util.Arrays.hashCode([Ljava/lang/Object;)I @ 43
Event: 18.880 Thread 0x000000001d618800 Uncommon trap: reason=class_check action=maybe_recompile pc=0x0000000002b74e34 method=java.util.Arrays.hashCode([Ljava/lang/Object;)I @ 43
Event: 19.054 Thread 0x000000001e2b2000 Uncommon trap: reason=bimorphic action=maybe_recompile pc=0x00000000036f7318 method=com.android.dx.cf.code.BytecodeArray.parseInstruction(ILcom/android/dx/cf/code/BytecodeArray$Visitor;)I @ 1387
Event: 19.054 Thread 0x000000001e2b2000 Uncommon trap: reason=bimorphic action=maybe_recompile pc=0x00000000036f7318 method=com.android.dx.cf.code.BytecodeArray.parseInstruction(ILcom/android/dx/cf/code/BytecodeArray$Visitor;)I @ 1387
Event: 19.055 Thread 0x000000001e2b2000 Uncommon trap: reason=unstable_if action=reinterpret pc=0x00000000029843a4 method=com.android.dx.ssa.SsaBasicBlock.checkRegUsed(Ljava/util/BitSet;Lcom/android/dx/rop/code/RegisterSpec;)Z @ 20

Internal exceptions (10 events):
Event: 0.895 Thread 0x000000001e404800 Exception <a 'java/lang/ArrayIndexOutOfBoundsException': 18> (0x0000000771f30e88) thrown at [C:\re\workspace\8-2-build-windows-amd64-cygwin\jdk8u151\9699\hotspot\src\share\vm\interpreter\interpreterRuntime.cpp, line 366]
Event: 0.895 Thread 0x000000001e404800 Exception <a 'java/lang/ArrayIndexOutOfBoundsException': 145> (0x0000000771f32a08) thrown at [C:\re\workspace\8-2-build-windows-amd64-cygwin\jdk8u151\9699\hotspot\src\share\vm\interpreter\interpreterRuntime.cpp, line 366]
Event: 0.896 Thread 0x000000001e404800 Exception <a 'java/lang/ArrayIndexOutOfBoundsException'> (0x0000000771f33cf0) thrown at [C:\re\workspace\8-2-build-windows-amd64-cygwin\jdk8u151\9699\hotspot\src\share\vm\runtime\sharedRuntime.cpp, line 605]
Event: 4.627 Thread 0x0000000001c7e000 Implicit null exception at 0x00000000027f9010 to 0x00000000027f999d
Event: 13.744 Thread 0x000000001e404800 Implicit null exception at 0x0000000002d52a40 to 0x0000000002d558c5
Event: 14.130 Thread 0x000000001e2b6800 Implicit null exception at 0x000000000353eab9 to 0x000000000353ed5f
Event: 14.505 Thread 0x000000001e404800 Implicit null exception at 0x000000000288ef28 to 0x000000000288fd21
Event: 14.505 Thread 0x000000001e404800 Implicit null exception at 0x0000000002793405 to 0x00000000027935d1
Event: 14.505 Thread 0x000000001e404800 Implicit null exception at 0x00000000028b3ab1 to 0x00000000028b3c69
Event: 17.023 Thread 0x000000001e2b4000 Implicit null exception at 0x0000000002c7ea0c to 0x0000000002c7eb12

Events (10 events):
Event: 19.054 Thread 0x000000001e2b2000 Uncommon trap: trap_request=0xffffffc6 fr.pc=0x00000000036f7318
Event: 19.054 Thread 0x000000001e2b2000 DEOPT PACKING pc=0x00000000036f7318 sp=0x000000001efee5f0
Event: 19.054 Thread 0x000000001e2b2000 DEOPT UNPACKING pc=0x00000000026c582a sp=0x000000001efee578 mode 2
Event: 19.055 Thread 0x000000001e2b2000 Uncommon trap: trap_request=0xffffff65 fr.pc=0x00000000029843a4
Event: 19.055 Thread 0x000000001e2b2000 DEOPT PACKING pc=0x00000000029843a4 sp=0x000000001efee790
Event: 19.055 Thread 0x000000001e2b2000 DEOPT UNPACKING pc=0x00000000026c582a sp=0x000000001efee718 mode 2
Event: 19.096 Thread 0x000000001d618800 DEOPT PACKING pc=0x00000000032b306f sp=0x000000002128eb60
Event: 19.096 Thread 0x000000001d618800 DEOPT UNPACKING pc=0x00000000026c787f sp=0x000000002128e8e8 mode 0
Event: 19.096 Thread 0x000000001e2b6800 DEOPT PACKING pc=0x00000000032b3086 sp=0x000000001eebeb60
Event: 19.096 Thread 0x000000001e2b6800 DEOPT UNPACKING pc=0x00000000026c787f sp=0x000000001eebe8e8 mode 0


Dynamic libraries:
0x000000013fe70000 - 0x000000013fea7000 	C:\Program Files\Java\jdk1.8.0_151\bin\java.exe
0x0000000076e20000 - 0x0000000076fca000 	C:\Windows\SYSTEM32\ntdll.dll
0x0000000076c00000 - 0x0000000076d1f000 	C:\Windows\system32\kernel32.dll
0x000007fefce40000 - 0x000007fefceab000 	C:\Windows\system32\KERNELBASE.dll
0x000007fefe190000 - 0x000007fefe26b000 	C:\Windows\system32\ADVAPI32.dll
0x000007fefd1d0000 - 0x000007fefd26f000 	C:\Windows\system32\msvcrt.dll
0x000007fefeb10000 - 0x000007fefeb2f000 	C:\Windows\SYSTEM32\sechost.dll
0x000007fefe060000 - 0x000007fefe18d000 	C:\Windows\system32\RPCRT4.dll
0x0000000076d20000 - 0x0000000076e1a000 	C:\Windows\system32\USER32.dll
0x000007fefd130000 - 0x000007fefd197000 	C:\Windows\system32\GDI32.dll
0x000007fefe000000 - 0x000007fefe00e000 	C:\Windows\system32\LPK.dll
0x000007fefea30000 - 0x000007fefeafa000 	C:\Windows\system32\USP10.dll
0x000007fefb030000 - 0x000007fefb224000 	C:\Windows\WinSxS\amd64_microsoft.windows.common-controls_6595b64144ccf1df_6.0.7601.18837_none_fa3b1e3d17594757\COMCTL32.dll
0x000007fefcf20000 - 0x000007fefcf91000 	C:\Windows\system32\SHLWAPI.dll
0x000007fefd1a0000 - 0x000007fefd1ce000 	C:\Windows\system32\IMM32.DLL
0x000007fefcfa0000 - 0x000007fefd0a9000 	C:\Windows\system32\MSCTF.dll
0x000000005f1b0000 - 0x000000005f282000 	C:\Program Files\Java\jdk1.8.0_151\jre\bin\msvcr100.dll
0x000000005dee0000 - 0x000000005e77d000 	C:\Program Files\Java\jdk1.8.0_151\jre\bin\server\jvm.dll
0x000007fefb440000 - 0x000007fefb449000 	C:\Windows\system32\WSOCK32.dll
0x000007fefe010000 - 0x000007fefe05d000 	C:\Windows\system32\WS2_32.dll
0x000007fefeb00000 - 0x000007fefeb08000 	C:\Windows\system32\NSI.dll
0x000007fefaa80000 - 0x000007fefaabb000 	C:\Windows\system32\WINMM.dll
0x000007fefbb80000 - 0x000007fefbb8c000 	C:\Windows\system32\VERSION.dll
0x0000000076ff0000 - 0x0000000076ff7000 	C:\Windows\system32\PSAPI.DLL
0x000000005f1a0000 - 0x000000005f1af000 	C:\Program Files\Java\jdk1.8.0_151\jre\bin\verify.dll
0x000000005f170000 - 0x000000005f199000 	C:\Program Files\Java\jdk1.8.0_151\jre\bin\java.dll
0x000000005f150000 - 0x000000005f166000 	C:\Program Files\Java\jdk1.8.0_151\jre\bin\zip.dll
0x000007fefd270000 - 0x000007fefdff9000 	C:\Windows\system32\SHELL32.dll
0x000007fefe450000 - 0x000007fefe653000 	C:\Windows\system32\ole32.dll
0x000007fefcb60000 - 0x000007fefcb6f000 	C:\Windows\system32\profapi.dll

VM Arguments:
jvm_args: -Djava.awt.headless=true -Xmx4g -Dfile.encoding=GBK -Duser.country=CN -Duser.language=zh -Duser.variant 
java_command: com.android.dx.command.Main --dex --num-threads=4 --multi-dex --main-dex-list C:\Users\Administrator\Desktop\MLxiao\app\build\intermediates\multi-dex\debug\maindexlist.txt --output C:\Users\Administrator\Desktop\MLxiao\app\build\intermediates\transforms\dex\debug\folders\1000\1f\main C:\Users\Administrator\Desktop\MLxiao\app\build\intermediates\transforms\jarMerging\debug\jars\1\1f\combined.jar
java_class_path (initial): D:\Sdk\build-tools\26.0.2\lib\dx.jar
Launcher Type: SUN_STANDARD

Environment Variables:
JAVA_HOME=C:\Program Files\Java\jdk1.8.0_151
CLASSPATH=.;C:\Program Files\Java\jdk1.8.0_151\lib;C:\Program Files\Java\jdk1.8.0_151\lib\tools.jar;C:\Program Files\Java\jdk1.8.0_151\lib\dt.jar;
PATH=C:\Program Files (x86)\Common Files\Intel\Shared Libraries\redist\intel64\compiler;C:\Windows\system32;C:\Windows;C:\Windows\System32\Wbem;C:\Windows\System32\WindowsPowerShell\v1.0\;C:\Program Files (x86)\NVIDIA Corporation\PhysX\Common;C:\Program Files\Java\jdk1.8.0_151\bin;C:\Program Files\Java\jdk1.8.0_151\jre1.8.0_151\bin;C:\Program Files\Git\cmd;D:\Sdk\platform-tools;D:\Sdk\tools;C:\Program Files\Common Files\Autodesk Shared\;C:\Program Files (x86)\Python\Scripts\;C:\Program Files (x86)\Python\;
USERNAME=Administrator
OS=Windows_NT
PROCESSOR_IDENTIFIER=Intel64 Family 6 Model 158 Stepping 9, GenuineIntel



---------------  S Y S T E M  ---------------

OS: Windows 7 , 64 bit Build 7601 (6.1.7601.19160)

CPU:total 4 (initial active 4) (4 cores per cpu, 1 threads per core) family 6 model 158 stepping 9, cmov, cx8, fxsr, mmx, sse, sse2, sse3, ssse3, sse4.1, sse4.2, popcnt, avx, avx2, aes, clmul, erms, 3dnowpref, lzcnt, tsc, tscinvbit, bmi1, bmi2, adx

Memory: 4k page, physical 8335948k(193068k free), swap 10431264k(5468k free)

vm_info: Java HotSpot(TM) 64-Bit Server VM (25.151-b12) for windows-amd64 JRE (1.8.0_151-b12), built on Sep  5 2017 19:33:46 by "java_re" with MS VC++ 10.0 (VS2010)

time: Wed Mar 07 13:47:27 2018
elapsed time: 19 seconds (0d 0h 0m 19s)

