#
# There is insufficient memory for the Java Runtime Environment to continue.
# Native memory allocation (malloc) failed to allocate 34400 bytes for Chunk::new
# Possible reasons:
#   The system is out of physical RAM or swap space
#   In 32 bit mode, the process size limit was hit
# Possible solutions:
#   Reduce memory load on the system
#   Increase physical memory or swap space
#   Check if swap backing store is full
#   Use 64 bit Java on a 64 bit OS
#   Decrease Java heap size (-Xmx/-Xms)
#   Decrease number of Java threads
#   Decrease Java thread stack sizes (-Xss)
#   Set larger code cache with -XX:ReservedCodeCacheSize=
# This output file may be truncated or incomplete.
#
#  Out of Memory Error (allocation.cpp:390), pid=1464, tid=0x0000000000000f90
#
# JRE version: OpenJDK Runtime Environment (8.0_152-b01) (build 1.8.0_152-release-915-b01)
# Java VM: OpenJDK 64-Bit Server VM (25.152-b01 mixed mode windows-amd64 compressed oops)
# Failed to write core dump. Minidumps are not enabled by default on client versions of Windows
#

---------------  T H R E A D  ---------------

Current thread (0x000000001d40f800):  JavaThread "C2 CompilerThread0" daemon [_thread_in_native, id=3984, stack(0x000000001d820000,0x000000001d920000)]

Stack: [0x000000001d820000,0x000000001d920000]
[error occurred during error reporting (printing stack bounds), id 0xc0000005]

Native frames: (J=compiled Java code, j=interpreted, Vv=VM code, C=native code)


Current CompileTask:
C2:  27228 4282   !   4       com.android.dx.cf.code.RopperMachine::run (1550 bytes)


---------------  P R O C E S S  ---------------

Java Threads: ( => current thread )
  0x000000001fcef800 JavaThread "pool-1-thread-1" [_thread_blocked, id=7132, stack(0x0000000023740000,0x0000000023840000)]
  0x000000001e41c000 JavaThread "pool-2-thread-4" [_thread_blocked, id=5220, stack(0x000000001f1b0000,0x000000001f2b0000)]
  0x000000001e418800 JavaThread "pool-2-thread-3" [_thread_blocked, id=4356, stack(0x000000001efe0000,0x000000001f0e0000)]
  0x000000001e417000 JavaThread "pool-2-thread-2" [_thread_blocked, id=7080, stack(0x000000001eed0000,0x000000001efd0000)]
  0x000000001e416000 JavaThread "pool-3-thread-1" [_thread_blocked, id=6576, stack(0x000000001eb20000,0x000000001ec20000)]
  0x000000001e2a2000 JavaThread "pool-2-thread-1" [_thread_blocked, id=6212, stack(0x000000001ec80000,0x000000001ed80000)]
  0x000000001d493800 JavaThread "Service Thread" daemon [_thread_blocked, id=5372, stack(0x000000001e020000,0x000000001e120000)]
  0x000000001d414800 JavaThread "C1 CompilerThread2" daemon [_thread_blocked, id=7140, stack(0x000000001de90000,0x000000001df90000)]
  0x000000001c09f000 JavaThread "C2 CompilerThread1" daemon [_thread_in_native, id=6912, stack(0x000000001dd00000,0x000000001de00000)]
=>0x000000001d40f800 JavaThread "C2 CompilerThread0" daemon [_thread_in_native, id=3984, stack(0x000000001d820000,0x000000001d920000)]
  0x000000001d3fb000 JavaThread "Attach Listener" daemon [_thread_blocked, id=5804, stack(0x000000001db20000,0x000000001dc20000)]
  0x000000001c08e800 JavaThread "Signal Dispatcher" daemon [_thread_blocked, id=5548, stack(0x000000001d930000,0x000000001da30000)]
  0x000000001c07a000 JavaThread "Finalizer" daemon [_thread_blocked, id=6908, stack(0x000000001d2f0000,0x000000001d3f0000)]
  0x000000001c031000 JavaThread "Reference Handler" daemon [_thread_blocked, id=6180, stack(0x000000001d160000,0x000000001d260000)]
  0x000000000010e800 JavaThread "main" [_thread_in_native, id=6420, stack(0x0000000002550000,0x0000000002650000)]

Other Threads:
  0x000000001c029800 VMThread [stack: 0x000000001cfa0000,0x000000001d0a0000] [id=5152]
  0x000000001d495000 WatcherThread [stack: 0x000000001e1a0000,0x000000001e2a0000] [id=6316]

VM state:not at safepoint (normal execution)

VM Mutex/Monitor currently owned by a thread: None

Heap:
 PSYoungGen      total 939008K, used 279101K [0x000000076ab00000, 0x00000007b6e80000, 0x00000007c0000000)
  eden space 701440K, 25% used [0x000000076ab00000,0x000000077573c388,0x0000000795800000)
  from space 237568K, 43% used [0x00000007a5200000,0x00000007ab6531b0,0x00000007b3a00000)
  to   space 256000K, 0% used [0x0000000795800000,0x0000000795800000,0x00000007a5200000)
 ParOldGen       total 869376K, used 736330K [0x00000006c0000000, 0x00000006f5100000, 0x000000076ab00000)
  object space 869376K, 84% used [0x00000006c0000000,0x00000006ecf12a60,0x00000006f5100000)
 Metaspace       used 7421K, capacity 7864K, committed 8192K, reserved 1056768K
  class space    used 659K, capacity 688K, committed 768K, reserved 1048576K

Card table byte_map: [0x0000000011a10000,0x0000000012220000] byte_map_base: 0x000000000e410000

Marking Bits: (ParMarkBitMap*) 0x000000006a033950
 Begin Bits: [0x0000000012ea0000, 0x0000000016ea0000)
 End Bits:   [0x0000000016ea0000, 0x000000001aea0000)

Polling page: 0x0000000001c70000

CodeCache: size=245760Kb used=16037Kb max_used=16054Kb free=229722Kb
 bounds [0x0000000002650000, 0x0000000003650000, 0x0000000011650000]
 total_blobs=3573 nmethods=3299 adapters=187
 compilation: enabled

Compilation events (10 events):
Event: 27.011 Thread 0x000000001d414800 4287       3       com.android.dx.cf.code.Ropper::forEachNonSubBlockDepthFirst0 (113 bytes)
Event: 27.012 Thread 0x000000001d414800 nmethod 4287 0x0000000002abbd90 code [0x0000000002abbfc0, 0x0000000002abcb88]
Event: 27.022 Thread 0x000000001d414800 4289       3       com.android.dx.cf.code.Ropper::access$600 (6 bytes)
Event: 27.022 Thread 0x000000001d414800 nmethod 4289 0x0000000002c84450 code [0x0000000002c845c0, 0x0000000002c84728]
Event: 27.022 Thread 0x000000001d414800 4290       3       com.android.dx.cf.code.Ropper$1::visitBlock (23 bytes)
Event: 27.022 Thread 0x000000001d414800 nmethod 4290 0x0000000002ca38d0 code [0x0000000002ca3a60, 0x0000000002ca3df8]
Event: 27.022 Thread 0x000000001d414800 4292       3       com.android.dx.cf.code.Ropper$2::visitBlock (12 bytes)
Event: 27.022 Thread 0x000000001d414800 nmethod 4292 0x0000000002cc83d0 code [0x0000000002cc8540, 0x0000000002cc87e8]
Event: 27.046 Thread 0x000000001c09f000 nmethod 4283 0x000000000363a7d0 code [0x000000000363b300, 0x000000000363dae0]
Event: 27.046 Thread 0x000000001c09f000 4284   !   4       com.android.dx.cf.code.Ropper::processBlock (1101 bytes)

GC Heap History (10 events):
Event: 17.050 GC heap before
{Heap before GC invocations=23 (full 4):
 PSYoungGen      total 939008K, used 938984K [0x000000076ab00000, 0x00000007b6e80000, 0x00000007c0000000)
  eden space 701440K, 100% used [0x000000076ab00000,0x0000000795800000,0x0000000795800000)
  from space 237568K, 99% used [0x00000007a5200000,0x00000007b39fa168,0x00000007b3a00000)
  to   space 256000K, 0% used [0x0000000795800000,0x0000000795800000,0x00000007a5200000)
 ParOldGen       total 846848K, used 610452K [0x00000006c0000000, 0x00000006f3b00000, 0x000000076ab00000)
  object space 846848K, 72% used [0x00000006c0000000,0x00000006e5425128,0x00000006f3b00000)
 Metaspace       used 6958K, capacity 7576K, committed 7936K, reserved 1056768K
  class space    used 625K, capacity 656K, committed 768K, reserved 1048576K
Event: 17.263 GC heap after
Heap after GC invocations=23 (full 4):
 PSYoungGen      total 957440K, used 255986K [0x000000076ab00000, 0x00000007b6e80000, 0x00000007c0000000)
  eden space 701440K, 0% used [0x000000076ab00000,0x000000076ab00000,0x0000000795800000)
  from space 256000K, 99% used [0x0000000795800000,0x00000007a51fc938,0x00000007a5200000)
  to   space 237568K, 0% used [0x00000007a5200000,0x00000007a5200000,0x00000007b3a00000)
 ParOldGen       total 846848K, used 697594K [0x00000006c0000000, 0x00000006f3b00000, 0x000000076ab00000)
  object space 846848K, 82% used [0x00000006c0000000,0x00000006ea93eb48,0x00000006f3b00000)
 Metaspace       used 6958K, capacity 7576K, committed 7936K, reserved 1056768K
  class space    used 625K, capacity 656K, committed 768K, reserved 1048576K
}
Event: 18.137 GC heap before
{Heap before GC invocations=24 (full 4):
 PSYoungGen      total 957440K, used 957426K [0x000000076ab00000, 0x00000007b6e80000, 0x00000007c0000000)
  eden space 701440K, 100% used [0x000000076ab00000,0x0000000795800000,0x0000000795800000)
  from space 256000K, 99% used [0x0000000795800000,0x00000007a51fc938,0x00000007a5200000)
  to   space 237568K, 0% used [0x00000007a5200000,0x00000007a5200000,0x00000007b3a00000)
 ParOldGen       total 846848K, used 697594K [0x00000006c0000000, 0x00000006f3b00000, 0x000000076ab00000)
  object space 846848K, 82% used [0x00000006c0000000,0x00000006ea93eb48,0x00000006f3b00000)
 Metaspace       used 6986K, capacity 7576K, committed 7936K, reserved 1056768K
  class space    used 625K, capacity 656K, committed 768K, reserved 1048576K
Event: 18.754 GC heap after
Heap after GC invocations=24 (full 4):
 PSYoungGen      total 957440K, used 957426K [0x000000076ab00000, 0x00000007b6e80000, 0x00000007c0000000)
  eden space 701440K, 100% used [0x000000076ab00000,0x0000000795800000,0x0000000795800000)
  from space 256000K, 99% used [0x0000000795800000,0x00000007a51fc938,0x00000007a5200000)
  to   space 237568K, 80% used [0x00000007a5200000,0x00000007b0d55250,0x00000007b3a00000)
 ParOldGen       total 869376K, used 869371K [0x00000006c0000000, 0x00000006f5100000, 0x000000076ab00000)
  object space 869376K, 99% used [0x00000006c0000000,0x00000006f50fec30,0x00000006f5100000)
 Metaspace       used 6986K, capacity 7576K, committed 7936K, reserved 1056768K
  class space    used 625K, capacity 656K, committed 768K, reserved 1048576K
}
Event: 18.754 GC heap before
{Heap before GC invocations=25 (full 5):
 PSYoungGen      total 957440K, used 957426K [0x000000076ab00000, 0x00000007b6e80000, 0x00000007c0000000)
  eden space 701440K, 100% used [0x000000076ab00000,0x0000000795800000,0x0000000795800000)
  from space 256000K, 99% used [0x0000000795800000,0x00000007a51fc938,0x00000007a5200000)
  to   space 237568K, 80% used [0x00000007a5200000,0x00000007b0d55250,0x00000007b3a00000)
 ParOldGen       total 869376K, used 869371K [0x00000006c0000000, 0x00000006f5100000, 0x000000076ab00000)
  object space 869376K, 99% used [0x00000006c0000000,0x00000006f50fec30,0x00000006f5100000)
 Metaspace       used 6986K, capacity 7576K, committed 7936K, reserved 1056768K
  class space    used 625K, capacity 656K, committed 768K, reserved 1048576K
Event: 21.709 GC heap after
Heap after GC invocations=25 (full 5):
 PSYoungGen      total 957440K, used 0K [0x000000076ab00000, 0x00000007b6e80000, 0x00000007c0000000)
  eden space 701440K, 0% used [0x000000076ab00000,0x000000076ab00000,0x0000000795800000)
  from space 256000K, 0% used [0x0000000795800000,0x0000000795800000,0x00000007a5200000)
  to   space 237568K, 0% used [0x00000007a5200000,0x00000007a5200000,0x00000007b3a00000)
 ParOldGen       total 869376K, used 838296K [0x00000006c0000000, 0x00000006f5100000, 0x000000076ab00000)
  object space 869376K, 96% used [0x00000006c0000000,0x00000006f32a6070,0x00000006f5100000)
 Metaspace       used 6986K, capacity 7576K, committed 7936K, reserved 1056768K
  class space    used 625K, capacity 656K, committed 768K, reserved 1048576K
}
Event: 22.369 GC heap before
{Heap before GC invocations=26 (full 6):
 PSYoungGen      total 957440K, used 701440K [0x000000076ab00000, 0x00000007b6e80000, 0x00000007c0000000)
  eden space 701440K, 100% used [0x000000076ab00000,0x0000000795800000,0x0000000795800000)
  from space 256000K, 0% used [0x0000000795800000,0x0000000795800000,0x00000007a5200000)
  to   space 237568K, 0% used [0x00000007a5200000,0x00000007a5200000,0x00000007b3a00000)
 ParOldGen       total 869376K, used 838296K [0x00000006c0000000, 0x00000006f5100000, 0x000000076ab00000)
  object space 869376K, 96% used [0x00000006c0000000,0x00000006f32a6070,0x00000006f5100000)
 Metaspace       used 6990K, capacity 7640K, committed 7936K, reserved 1056768K
  class space    used 625K, capacity 656K, committed 768K, reserved 1048576K
Event: 24.020 GC heap after
Heap after GC invocations=26 (full 6):
 PSYoungGen      total 957440K, used 0K [0x000000076ab00000, 0x00000007b6e80000, 0x00000007c0000000)
  eden space 701440K, 0% used [0x000000076ab00000,0x000000076ab00000,0x0000000795800000)
  from space 256000K, 0% used [0x0000000795800000,0x0000000795800000,0x00000007a5200000)
  to   space 237568K, 0% used [0x00000007a5200000,0x00000007a5200000,0x00000007b3a00000)
 ParOldGen       total 869376K, used 736330K [0x00000006c0000000, 0x00000006f5100000, 0x000000076ab00000)
  object space 869376K, 84% used [0x00000006c0000000,0x00000006ecf12a60,0x00000006f5100000)
 Metaspace       used 6990K, capacity 7640K, committed 7936K, reserved 1056768K
  class space    used 625K, capacity 656K, committed 768K, reserved 1048576K
}
Event: 26.794 GC heap before
{Heap before GC invocations=27 (full 6):
 PSYoungGen      total 957440K, used 701440K [0x000000076ab00000, 0x00000007b6e80000, 0x00000007c0000000)
  eden space 701440K, 100% used [0x000000076ab00000,0x0000000795800000,0x0000000795800000)
  from space 256000K, 0% used [0x0000000795800000,0x0000000795800000,0x00000007a5200000)
  to   space 237568K, 0% used [0x00000007a5200000,0x00000007a5200000,0x00000007b3a00000)
 ParOldGen       total 869376K, used 736330K [0x00000006c0000000, 0x00000006f5100000, 0x000000076ab00000)
  object space 869376K, 84% used [0x00000006c0000000,0x00000006ecf12a60,0x00000006f5100000)
 Metaspace       used 7397K, capacity 7800K, committed 7936K, reserved 1056768K
  class space    used 657K, capacity 688K, committed 768K, reserved 1048576K
Event: 26.881 GC heap after
Heap after GC invocations=27 (full 6):
 PSYoungGen      total 939008K, used 102732K [0x000000076ab00000, 0x00000007b6e80000, 0x00000007c0000000)
  eden space 701440K, 0% used [0x000000076ab00000,0x000000076ab00000,0x0000000795800000)
  from space 237568K, 43% used [0x00000007a5200000,0x00000007ab6531b0,0x00000007b3a00000)
  to   space 256000K, 0% used [0x0000000795800000,0x0000000795800000,0x00000007a5200000)
 ParOldGen       total 869376K, used 736330K [0x00000006c0000000, 0x00000006f5100000, 0x000000076ab00000)
  object space 869376K, 84% used [0x00000006c0000000,0x00000006ecf12a60,0x00000006f5100000)
 Metaspace       used 7397K, capacity 7800K, committed 7936K, reserved 1056768K
  class space    used 657K, capacity 688K, committed 768K, reserved 1048576K
}

Deoptimization events (10 events):
Event: 26.895 Thread 0x000000001e2a2000 Uncommon trap: reason=class_check action=maybe_recompile pc=0x000000000348c08c method=com.android.dx.cf.code.Frame.setImmutable()V @ 4
Event: 26.895 Thread 0x000000001e2a2000 Uncommon trap: reason=class_check action=maybe_recompile pc=0x0000000002b92094 method=com.android.dx.cf.code.BaseMachine.storeResults(Lcom/android/dx/cf/code/Frame;)V @ 41
Event: 26.895 Thread 0x000000001e2a2000 Uncommon trap: reason=class_check action=maybe_recompile pc=0x0000000003486a40 method=com.android.dx.cf.code.BaseMachine.localArg(Lcom/android/dx/cf/code/Frame;I)V @ 14
Event: 26.895 Thread 0x000000001e2a2000 Uncommon trap: reason=null_assert action=make_not_entrant pc=0x0000000002ce87d0 method=com.android.dx.cf.code.RopperMachine.hasRet()Z @ 4
Event: 26.898 Thread 0x000000001e2a2000 Uncommon trap: reason=unstable_if action=reinterpret pc=0x0000000003408dd4 method=com.android.dx.cf.code.Ropper.doit()V @ 118
Event: 26.900 Thread 0x000000001e2a2000 Uncommon trap: reason=class_check action=maybe_recompile pc=0x0000000002b92094 method=com.android.dx.cf.code.BaseMachine.storeResults(Lcom/android/dx/cf/code/Frame;)V @ 41
Event: 26.900 Thread 0x000000001e2a2000 Uncommon trap: reason=class_check action=maybe_recompile pc=0x0000000003486a40 method=com.android.dx.cf.code.BaseMachine.localArg(Lcom/android/dx/cf/code/Frame;I)V @ 14
Event: 26.900 Thread 0x000000001e2a2000 Uncommon trap: reason=class_check action=maybe_recompile pc=0x0000000002b92094 method=com.android.dx.cf.code.BaseMachine.storeResults(Lcom/android/dx/cf/code/Frame;)V @ 41
Event: 26.927 Thread 0x000000001e418800 Uncommon trap: reason=unstable_if action=reinterpret pc=0x00000000032d65b8 method=com.android.dx.dex.code.OutputFinisher.hasLocalInfo(Lcom/android/dx/rop/code/RegisterSpec;)Z @ 1
Event: 26.927 Thread 0x000000001e418800 Uncommon trap: reason=unstable_if action=reinterpret pc=0x000000000341fb00 method=com.android.dx.dex.code.OutputFinisher.hasLocalInfo(Lcom/android/dx/rop/code/RegisterSpec;)Z @ 1

Classes redefined (0 events):
No events

Internal exceptions (10 events):
Event: 15.092 Thread 0x000000001e417000 Implicit null exception at 0x0000000002abc204 to 0x0000000002abc4a9
Event: 17.783 Thread 0x000000001fcef800 Implicit null exception at 0x000000000307f7d9 to 0x0000000003080bd9
Event: 21.916 Thread 0x000000001e41c000 Implicit null exception at 0x0000000003218f9c to 0x0000000003219233
Event: 22.141 Thread 0x000000001e417000 Implicit null exception at 0x0000000002c6316b to 0x0000000002c635e1
Event: 22.141 Thread 0x000000001e417000 Implicit null exception at 0x00000000029d48d0 to 0x00000000029d4cc9
Event: 22.147 Thread 0x000000001e417000 Implicit null exception at 0x00000000035834cb to 0x00000000035837dd
Event: 22.147 Thread 0x000000001e417000 Implicit null exception at 0x00000000031c49a3 to 0x00000000031c4c9d
Event: 24.982 Thread 0x000000001fcef800 Implicit null exception at 0x0000000002f04e2d to 0x0000000002f05bdd
Event: 26.927 Thread 0x000000001e418800 Implicit null exception at 0x00000000032d4c86 to 0x00000000032d6597
Event: 26.927 Thread 0x000000001e418800 Implicit null exception at 0x000000000341f103 to 0x000000000341fae7

Events (10 events):
Event: 26.900 Thread 0x000000001e2a2000 DEOPT PACKING pc=0x0000000002b92094 sp=0x000000001ed7e830
Event: 26.900 Thread 0x000000001e2a2000 DEOPT UNPACKING pc=0x000000000269556a sp=0x000000001ed7e7d0 mode 2
Event: 26.927 Thread 0x000000001e418800 Uncommon trap: trap_request=0xffffff65 fr.pc=0x00000000032d65b8
Event: 26.927 Thread 0x000000001e418800 DEOPT PACKING pc=0x00000000032d65b8 sp=0x000000001f0de880
Event: 26.927 Thread 0x000000001e418800 DEOPT UNPACKING pc=0x000000000269556a sp=0x000000001f0de630 mode 2
Event: 26.927 Thread 0x000000001e418800 Uncommon trap: trap_request=0xffffff65 fr.pc=0x000000000341fb00
Event: 26.927 Thread 0x000000001e418800 DEOPT PACKING pc=0x000000000341fb00 sp=0x000000001f0de820
Event: 26.927 Thread 0x000000001e418800 DEOPT UNPACKING pc=0x000000000269556a sp=0x000000001f0de620 mode 2
Event: 26.946 Thread 0x000000001e2a2000 DEOPT PACKING pc=0x000000000292cc01 sp=0x000000001ed7eae0
Event: 26.946 Thread 0x000000001e2a2000 DEOPT UNPACKING pc=0x00000000026975bf sp=0x000000001ed7e810 mode 0


Dynamic libraries:
0x000000013f990000 - 0x000000013f9c1000 	C:\Program Files\Android\Android Studio\jre\bin\java.exe
0x0000000077020000 - 0x00000000771ca000 	C:\Windows\SYSTEM32\ntdll.dll
0x0000000076f00000 - 0x000000007701f000 	C:\Windows\system32\kernel32.dll
0x000007fefd090000 - 0x000007fefd0fb000 	C:\Windows\system32\KERNELBASE.dll
0x000007fefdda0000 - 0x000007fefde7b000 	C:\Windows\system32\ADVAPI32.dll
0x000007fefdc60000 - 0x000007fefdcff000 	C:\Windows\system32\msvcrt.dll
0x000007fefdf20000 - 0x000007fefdf3f000 	C:\Windows\SYSTEM32\sechost.dll
0x000007fefedf0000 - 0x000007fefef1d000 	C:\Windows\system32\RPCRT4.dll
0x0000000076e00000 - 0x0000000076efa000 	C:\Windows\system32\USER32.dll
0x000007fefde80000 - 0x000007fefdee7000 	C:\Windows\system32\GDI32.dll
0x000007fefdef0000 - 0x000007fefdefe000 	C:\Windows\system32\LPK.dll
0x000007fefd540000 - 0x000007fefd60a000 	C:\Windows\system32\USP10.dll
0x000007fefb430000 - 0x000007fefb624000 	C:\Windows\WinSxS\amd64_microsoft.windows.common-controls_6595b64144ccf1df_6.0.7601.18837_none_fa3b1e3d17594757\COMCTL32.dll
0x000007fefd330000 - 0x000007fefd3a1000 	C:\Windows\system32\SHLWAPI.dll
0x000007fefd8c0000 - 0x000007fefd8ee000 	C:\Windows\system32\IMM32.DLL
0x000007fefdf40000 - 0x000007fefe049000 	C:\Windows\system32\MSCTF.dll
0x0000000069510000 - 0x00000000695e2000 	C:\Program Files\Android\Android Studio\jre\jre\bin\msvcr100.dll
0x0000000069870000 - 0x000000006a0ae000 	C:\Program Files\Android\Android Studio\jre\jre\bin\server\jvm.dll
0x000007fefa980000 - 0x000007fefa989000 	C:\Windows\system32\WSOCK32.dll
0x000007fefd870000 - 0x000007fefd8bd000 	C:\Windows\system32\WS2_32.dll
0x000007fefede0000 - 0x000007fefede8000 	C:\Windows\system32\NSI.dll
0x000007fefa400000 - 0x000007fefa43b000 	C:\Windows\system32\WINMM.dll
0x000007fefbd80000 - 0x000007fefbd8c000 	C:\Windows\system32\VERSION.dll
0x00000000771f0000 - 0x00000000771f7000 	C:\Windows\system32\PSAPI.DLL
0x000007feec340000 - 0x000007feec34f000 	C:\Program Files\Android\Android Studio\jre\jre\bin\verify.dll
0x000007feec310000 - 0x000007feec339000 	C:\Program Files\Android\Android Studio\jre\jre\bin\java.dll
0x000007feec2f0000 - 0x000007feec306000 	C:\Program Files\Android\Android Studio\jre\jre\bin\zip.dll
0x000007fefe050000 - 0x000007fefedd9000 	C:\Windows\system32\SHELL32.dll
0x000007fefd120000 - 0x000007fefd323000 	C:\Windows\system32\ole32.dll
0x000007fefcd70000 - 0x000007fefcd7f000 	C:\Windows\system32\profapi.dll

VM Arguments:
jvm_args: -Djava.awt.headless=true -Xmx4g -Dfile.encoding=GBK -Duser.country=CN -Duser.language=zh -Duser.variant 
java_command: com.android.dx.command.Main --dex --num-threads=4 --multi-dex --main-dex-list C:\Users\Administrator\Desktop\MLxiao\app\build\intermediates\multi-dex\debug\maindexlist.txt --output C:\Users\Administrator\Desktop\MLxiao\app\build\intermediates\transforms\dex\debug\folders\1000\1f\main C:\Users\Administrator\Desktop\MLxiao\app\build\intermediates\transforms\jarMerging\debug\jars\1\1f\combined.jar
java_class_path (initial): D:\Sdk\build-tools\25.0.3\lib\dx.jar
Launcher Type: SUN_STANDARD

Environment Variables:
JAVA_HOME=C:\Program Files (x86)\Java\jdk1.8.0_144
CLASSPATH=.;C:\Program Files (x86)\Java\jdk1.8.0_144\lib;C:\Program Files (x86)\Java\jdk1.8.0_144\lib\tools.jar
PATH=C:\ProgramData\Oracle\Java\javapath;C:\Windows\system32;C:\Windows;C:\Windows\System32\Wbem;C:\Windows\System32\WindowsPowerShell\v1.0\;C:\Program Files (x86)\NVIDIA Corporation\PhysX\Common;C:\Program Files (x86)\Java\jdk1.8.0_144\bin;C:\Program Files (x86)\Java\jdk1.8.0_144\jre\bin;C:\Program Files\Git\cmd;D:\Sdk\platform-tools;D:\Sdk\tools;C:\Program Files\Common Files\Autodesk Shared\
USERNAME=Administrator
OS=Windows_NT
PROCESSOR_IDENTIFIER=Intel64 Family 6 Model 158 Stepping 9, GenuineIntel



---------------  S Y S T E M  ---------------

OS: Windows 7 , 64 bit Build 7601 (6.1.7601.19160)

CPU:total 4 (initial active 4) (4 cores per cpu, 1 threads per core) family 6 model 158 stepping 9, cmov, cx8, fxsr, mmx, sse, sse2, sse3, ssse3, sse4.1, sse4.2, popcnt, avx, avx2, aes, clmul, erms, 3dnowpref, lzcnt, tsc, tscinvbit, bmi1, bmi2, adx

Memory: 4k page, physical 8335948k(40792k free), swap 10431264k(7560k free)

vm_info: OpenJDK 64-Bit Server VM (25.152-b01) for windows-amd64 JRE (1.8.0_152-release-915-b01), built by "builder" with MS VC++ 10.0 (VS2010)

time: Mon Dec 18 11:40:59 2017
elapsed time: 27 seconds (0d 0h 0m 27s)

