#
# There is insufficient memory for the Java Runtime Environment to continue.
# Native memory allocation (malloc) failed to allocate 714256 bytes for Chunk::new
# Possible reasons:
#   The system is out of physical RAM or swap space
#   In 32 bit mode, the process size limit was hit
# Possible solutions:
#   Reduce memory load on the system
#   Increase physical memory or swap space
#   Check if swap backing store is full
#   Use 64 bit Java on a 64 bit OS
#   Decrease Java heap size (-Xmx/-Xms)
#   Decrease number of Java threads
#   Decrease Java thread stack sizes (-Xss)
#   Set larger code cache with -XX:ReservedCodeCacheSize=
# This output file may be truncated or incomplete.
#
#  Out of Memory Error (allocation.cpp:390), pid=1552, tid=0x0000000000001a9c
#
# JRE version: Java(TM) SE Runtime Environment (8.0_151-b12) (build 1.8.0_151-b12)
# Java VM: Java HotSpot(TM) 64-Bit Server VM (25.151-b12 mixed mode windows-amd64 compressed oops)
# Failed to write core dump. Minidumps are not enabled by default on client versions of Windows
#

---------------  T H R E A D  ---------------

Current thread (0x000000001c0ee000):  JavaThread "C2 CompilerThread0" daemon [_thread_in_native, id=6812, stack(0x000000001db80000,0x000000001dc80000)]

Stack: [0x000000001db80000,0x000000001dc80000]
[error occurred during error reporting (printing stack bounds), id 0xc0000005]

Native frames: (J=compiled Java code, j=interpreted, Vv=VM code, C=native code)


Current CompileTask:
C2: 109809 4253       4      
[error occurred during error reporting (printing current compile task), id 0xe0000001]


---------------  P R O C E S S  ---------------

Java Threads: ( => current thread )
  0x000000001d766000 JavaThread "pool-1-thread-1" [_thread_blocked, id=3152, stack(0x0000000021140000,0x0000000021240000)]
  0x000000001d7d8800 JavaThread "pool-2-thread-4" [_thread_blocked, id=7580, stack(0x000000001ef10000,0x000000001f010000)]
  0x000000001d7d5800 JavaThread "pool-2-thread-3" [_thread_blocked, id=6356, stack(0x000000001f070000,0x000000001f170000)]
  0x000000001d7d5000 JavaThread "pool-2-thread-2" [_thread_blocked, id=6216, stack(0x000000001ee00000,0x000000001ef00000)]
  0x000000001d7d1000 JavaThread "pool-3-thread-1" [_thread_blocked, id=5312, stack(0x000000001ec20000,0x000000001ed20000)]
  0x000000001e358800 JavaThread "pool-2-thread-1" [_thread_blocked, id=7652, stack(0x000000001ea10000,0x000000001eb10000)]
  0x000000001d480800 JavaThread "Service Thread" daemon [_thread_blocked, id=5928, stack(0x000000001e0b0000,0x000000001e1b0000)]
  0x000000001d403000 JavaThread "C1 CompilerThread2" daemon [_thread_in_vm, id=2916, stack(0x000000001ddf0000,0x000000001def0000)]
  0x000000001d3ff800 JavaThread "C2 CompilerThread1" daemon [_thread_in_native, id=2792, stack(0x000000001dc80000,0x000000001dd80000)]
=>0x000000001c0ee000 JavaThread "C2 CompilerThread0" daemon [_thread_in_native, id=6812, stack(0x000000001db80000,0x000000001dc80000)]
  0x000000001d3e9000 JavaThread "Attach Listener" daemon [_thread_blocked, id=6972, stack(0x000000001da50000,0x000000001db50000)]
  0x000000001d3e8800 JavaThread "Signal Dispatcher" daemon [_thread_blocked, id=472, stack(0x000000001d840000,0x000000001d940000)]
  0x000000001c0cb800 JavaThread "Finalizer" daemon [_thread_blocked, id=5644, stack(0x000000001d2e0000,0x000000001d3e0000)]
  0x000000001c082800 JavaThread "Reference Handler" daemon [_thread_blocked, id=7196, stack(0x000000001d120000,0x000000001d220000)]
  0x00000000024ae000 JavaThread "main" [_thread_blocked, id=7024, stack(0x00000000024f0000,0x00000000025f0000)]

Other Threads:
  0x000000001c07b000 VMThread [stack: 0x000000001cfe0000,0x000000001d0e0000] [id=6916]
  0x000000001d4d1000 WatcherThread [stack: 0x000000001df10000,0x000000001e010000] [id=3956]

VM state:not at safepoint (normal execution)

VM Mutex/Monitor currently owned by a thread:  ([mutex/lock_event])
[0x00000000024acd90] CompiledIC_lock - owner thread: 0x000000001d403000

Heap:
 PSYoungGen      total 1035264K, used 205136K [0x000000076ab00000, 0x00000007c0000000, 0x00000007c0000000)
  eden space 796160K, 25% used [0x000000076ab00000,0x00000007773542d0,0x000000079b480000)
  from space 239104K, 0% used [0x000000079b480000,0x000000079b480000,0x00000007a9e00000)
  to   space 235520K, 0% used [0x00000007b1a00000,0x00000007b1a00000,0x00000007c0000000)
 ParOldGen       total 791040K, used 728521K [0x00000006c0000000, 0x00000006f0480000, 0x000000076ab00000)
  object space 791040K, 92% used [0x00000006c0000000,0x00000006ec772718,0x00000006f0480000)
 Metaspace       used 7587K, capacity 7960K, committed 8192K, reserved 1056768K
  class space    used 693K, capacity 720K, committed 768K, reserved 1048576K

Card table byte_map: [0x0000000011aa0000,0x00000000122b0000] byte_map_base: 0x000000000e4a0000

Marking Bits: (ParMarkBitMap*) 0x0000000061d4d850
 Begin Bits: [0x0000000012ef0000, 0x0000000016ef0000)
 End Bits:   [0x0000000016ef0000, 0x000000001aef0000)

Polling page: 0x0000000000230000

CodeCache: size=245760Kb used=15719Kb max_used=15802Kb free=230040Kb
 bounds [0x00000000026e0000, 0x0000000003660000, 0x00000000116e0000]
 total_blobs=3708 nmethods=3428 adapters=191
 compilation: disabled (not enough contiguous free space left)

Compilation events (10 events):
Event: 109.029 Thread 0x000000001d403000 4273       3       com.android.dx.dex.cf.AttributeTranslator::translateEnclosingMethod (50 bytes)
Event: 109.029 Thread 0x000000001d403000 nmethod 4273 0x0000000003657190 code [0x00000000036573c0, 0x0000000003657f98]
Event: 109.029 Thread 0x000000001d403000 4269       3       com.android.dx.command.dexer.Main::parseClass (34 bytes)
Event: 109.030 Thread 0x000000001d403000 nmethod 4269 0x0000000003658450 code [0x0000000003658620, 0x0000000003658cd8]
Event: 109.030 Thread 0x000000001d403000 4270       3       com.android.dx.cf.direct.DirectClassFile::<init> (53 bytes)
Event: 109.030 Thread 0x000000001d403000 nmethod 4270 0x0000000003659110 code [0x00000000036592a0, 0x0000000003659678]
Event: 109.030 Thread 0x000000001d403000 4272       3       com.android.dx.rop.cst.StdConstantPool::<init> (38 bytes)
Event: 109.030 Thread 0x000000001d403000 nmethod 4272 0x0000000003659810 code [0x00000000036599a0, 0x0000000003659da8]
Event: 109.030 Thread 0x000000001d403000 4274   !   3       com.android.dx.dex.file.ClassDefsSection::add (75 bytes)
Event: 109.031 Thread 0x000000001d403000 nmethod 4274 0x0000000003659f10 code [0x000000000365a180, 0x000000000365b178]

GC Heap History (10 events):
Event: 15.630 GC heap before
{Heap before GC invocations=20 (full 4):
 PSYoungGen      total 924160K, used 832167K [0x000000076ab00000, 0x00000007b6480000, 0x00000007c0000000)
  eden space 721408K, 100% used [0x000000076ab00000,0x0000000796b80000,0x0000000796b80000)
  from space 202752K, 54% used [0x0000000796b80000,0x000000079d7a9c78,0x00000007a3180000)
  to   space 203264K, 0% used [0x00000007a9e00000,0x00000007a9e00000,0x00000007b6480000)
 ParOldGen       total 768000K, used 583411K [0x00000006c0000000, 0x00000006eee00000, 0x000000076ab00000)
  object space 768000K, 75% used [0x00000006c0000000,0x00000006e39bccd0,0x00000006eee00000)
 Metaspace       used 6819K, capacity 7384K, committed 7680K, reserved 1056768K
  class space    used 642K, capacity 656K, committed 768K, reserved 1048576K
Event: 16.028 GC heap after
Heap after GC invocations=20 (full 4):
 PSYoungGen      total 999424K, used 203245K [0x000000076ab00000, 0x00000007bbf80000, 0x00000007c0000000)
  eden space 796160K, 0% used [0x000000076ab00000,0x000000076ab00000,0x000000079b480000)
  from space 203264K, 99% used [0x00000007a9e00000,0x00000007b647b7a0,0x00000007b6480000)
  to   space 239104K, 0% used [0x000000079b480000,0x000000079b480000,0x00000007a9e00000)
 ParOldGen       total 768000K, used 588207K [0x00000006c0000000, 0x00000006eee00000, 0x000000076ab00000)
  object space 768000K, 76% used [0x00000006c0000000,0x00000006e3e6bfb8,0x00000006eee00000)
 Metaspace       used 6819K, capacity 7384K, committed 7680K, reserved 1056768K
  class space    used 642K, capacity 656K, committed 768K, reserved 1048576K
}
Event: 18.937 GC heap before
{Heap before GC invocations=21 (full 4):
 PSYoungGen      total 999424K, used 999405K [0x000000076ab00000, 0x00000007bbf80000, 0x00000007c0000000)
  eden space 796160K, 100% used [0x000000076ab00000,0x000000079b480000,0x000000079b480000)
  from space 203264K, 99% used [0x00000007a9e00000,0x00000007b647b7a0,0x00000007b6480000)
  to   space 239104K, 0% used [0x000000079b480000,0x000000079b480000,0x00000007a9e00000)
 ParOldGen       total 768000K, used 588207K [0x00000006c0000000, 0x00000006eee00000, 0x000000076ab00000)
  object space 768000K, 76% used [0x00000006c0000000,0x00000006e3e6bfb8,0x00000006eee00000)
 Metaspace       used 6925K, capacity 7480K, committed 7680K, reserved 1056768K
  class space    used 648K, capacity 688K, committed 768K, reserved 1048576K
Event: 39.833 GC heap after
Heap after GC invocations=21 (full 4):
 PSYoungGen      total 1035264K, used 121430K [0x000000076ab00000, 0x00000007c0000000, 0x00000007c0000000)
  eden space 796160K, 0% used [0x000000076ab00000,0x000000076ab00000,0x000000079b480000)
  from space 239104K, 50% used [0x000000079b480000,0x00000007a2b15a38,0x00000007a9e00000)
  to   space 235520K, 0% used [0x00000007b1a00000,0x00000007b1a00000,0x00000007c0000000)
 ParOldGen       total 791040K, used 790643K [0x00000006c0000000, 0x00000006f0480000, 0x000000076ab00000)
  object space 791040K, 99% used [0x00000006c0000000,0x00000006f041ce58,0x00000006f0480000)
 Metaspace       used 6925K, capacity 7480K, committed 7680K, reserved 1056768K
  class space    used 648K, capacity 688K, committed 768K, reserved 1048576K
}
Event: 39.841 GC heap before
{Heap before GC invocations=22 (full 5):
 PSYoungGen      total 1035264K, used 121430K [0x000000076ab00000, 0x00000007c0000000, 0x00000007c0000000)
  eden space 796160K, 0% used [0x000000076ab00000,0x000000076ab00000,0x000000079b480000)
  from space 239104K, 50% used [0x000000079b480000,0x00000007a2b15a38,0x00000007a9e00000)
  to   space 235520K, 0% used [0x00000007b1a00000,0x00000007b1a00000,0x00000007c0000000)
 ParOldGen       total 791040K, used 790643K [0x00000006c0000000, 0x00000006f0480000, 0x000000076ab00000)
  object space 791040K, 99% used [0x00000006c0000000,0x00000006f041ce58,0x00000006f0480000)
 Metaspace       used 6925K, capacity 7480K, committed 7680K, reserved 1056768K
  class space    used 648K, capacity 688K, committed 768K, reserved 1048576K
Event: 84.158 GC heap after
Heap after GC invocations=22 (full 5):
 PSYoungGen      total 1035264K, used 101539K [0x000000076ab00000, 0x00000007c0000000, 0x00000007c0000000)
  eden space 796160K, 0% used [0x000000076ab00000,0x000000076ab00000,0x000000079b480000)
  from space 239104K, 42% used [0x000000079b480000,0x00000007a17a8c40,0x00000007a9e00000)
  to   space 235520K, 0% used [0x00000007b1a00000,0x00000007b1a00000,0x00000007c0000000)
 ParOldGen       total 791040K, used 791017K [0x00000006c0000000, 0x00000006f0480000, 0x000000076ab00000)
  object space 791040K, 99% used [0x00000006c0000000,0x00000006f047a440,0x00000006f0480000)
 Metaspace       used 6925K, capacity 7480K, committed 7680K, reserved 1056768K
  class space    used 648K, capacity 688K, committed 768K, reserved 1048576K
}
Event: 91.996 GC heap before
{Heap before GC invocations=23 (full 6):
 PSYoungGen      total 1035264K, used 897699K [0x000000076ab00000, 0x00000007c0000000, 0x00000007c0000000)
  eden space 796160K, 100% used [0x000000076ab00000,0x000000079b480000,0x000000079b480000)
  from space 239104K, 42% used [0x000000079b480000,0x00000007a17a8c40,0x00000007a9e00000)
  to   space 235520K, 0% used [0x00000007b1a00000,0x00000007b1a00000,0x00000007c0000000)
 ParOldGen       total 791040K, used 791017K [0x00000006c0000000, 0x00000006f0480000, 0x000000076ab00000)
  object space 791040K, 99% used [0x00000006c0000000,0x00000006f047a440,0x00000006f0480000)
 Metaspace       used 7177K, capacity 7736K, committed 7936K, reserved 1056768K
  class space    used 661K, capacity 688K, committed 768K, reserved 1048576K
Event: 100.473 GC heap after
Heap after GC invocations=23 (full 6):
 PSYoungGen      total 1035264K, used 0K [0x000000076ab00000, 0x00000007c0000000, 0x00000007c0000000)
  eden space 796160K, 0% used [0x000000076ab00000,0x000000076ab00000,0x000000079b480000)
  from space 239104K, 0% used [0x000000079b480000,0x000000079b480000,0x00000007a9e00000)
  to   space 235520K, 0% used [0x00000007b1a00000,0x00000007b1a00000,0x00000007c0000000)
 ParOldGen       total 791040K, used 637375K [0x00000006c0000000, 0x00000006f0480000, 0x000000076ab00000)
  object space 791040K, 80% used [0x00000006c0000000,0x00000006e6e6ff98,0x00000006f0480000)
 Metaspace       used 7177K, capacity 7736K, committed 7936K, reserved 1056768K
  class space    used 661K, capacity 688K, committed 768K, reserved 1048576K
}
Event: 106.402 GC heap before
{Heap before GC invocations=24 (full 7):
 PSYoungGen      total 1035264K, used 796160K [0x000000076ab00000, 0x00000007c0000000, 0x00000007c0000000)
  eden space 796160K, 100% used [0x000000076ab00000,0x000000079b480000,0x000000079b480000)
  from space 239104K, 0% used [0x000000079b480000,0x000000079b480000,0x00000007a9e00000)
  to   space 235520K, 0% used [0x00000007b1a00000,0x00000007b1a00000,0x00000007c0000000)
 ParOldGen       total 791040K, used 637375K [0x00000006c0000000, 0x00000006f0480000, 0x000000076ab00000)
  object space 791040K, 80% used [0x00000006c0000000,0x00000006e6e6ff98,0x00000006f0480000)
 Metaspace       used 7556K, capacity 7960K, committed 8192K, reserved 1056768K
  class space    used 690K, capacity 720K, committed 768K, reserved 1048576K
Event: 107.492 GC heap after
Heap after GC invocations=24 (full 7):
 PSYoungGen      total 1035264K, used 0K [0x000000076ab00000, 0x00000007c0000000, 0x00000007c0000000)
  eden space 796160K, 0% used [0x000000076ab00000,0x000000076ab00000,0x000000079b480000)
  from space 239104K, 0% used [0x000000079b480000,0x000000079b480000,0x00000007a9e00000)
  to   space 235520K, 0% used [0x00000007b1a00000,0x00000007b1a00000,0x00000007c0000000)
 ParOldGen       total 791040K, used 728521K [0x00000006c0000000, 0x00000006f0480000, 0x000000076ab00000)
  object space 791040K, 92% used [0x00000006c0000000,0x00000006ec772718,0x00000006f0480000)
 Metaspace       used 7556K, capacity 7960K, committed 8192K, reserved 1056768K
  class space    used 690K, capacity 720K, committed 768K, reserved 1048576K
}

Deoptimization events (10 events):
Event: 105.348 Thread 0x000000001d766000 Uncommon trap: reason=unstable_if action=reinterpret pc=0x00000000033cd754 method=java.util.concurrent.ConcurrentHashMap.get(Ljava/lang/Object;)Ljava/lang/Object; @ 15
Event: 105.496 Thread 0x00000000024ae000 Uncommon trap: reason=unstable_if action=reinterpret pc=0x0000000002f64f60 method=java.util.concurrent.ConcurrentHashMap.get(Ljava/lang/Object;)Ljava/lang/Object; @ 76
Event: 105.604 Thread 0x000000001d7d8800 Uncommon trap: reason=unstable_if action=reinterpret pc=0x0000000002ef4474 method=com.android.dx.ssa.InterferenceRegisterMapper.areAnyPinned(Lcom/android/dx/rop/code/RegisterSpecList;II)Z @ 68
Event: 105.684 Thread 0x000000001e358800 Uncommon trap: reason=unstable_if action=reinterpret pc=0x00000000032681bc method=com.android.dx.ssa.LiteralOpUpgrader$1.visitNonMoveInsn(Lcom/android/dx/ssa/NormalSsaInsn;)V @ 24
Event: 105.864 Thread 0x000000001d766000 Uncommon trap: reason=unstable_if action=reinterpret pc=0x00000000029af5f8 method=java.util.Arrays.copyOf([Ljava/lang/Object;ILjava/lang/Class;)[Ljava/lang/Object; @ 3
Event: 106.127 Thread 0x000000001d766000 Uncommon trap: reason=class_check action=maybe_recompile pc=0x0000000002843584 method=java.util.HashMap.putVal(ILjava/lang/Object;Ljava/lang/Object;ZZ)Ljava/lang/Object; @ 56
Event: 106.127 Thread 0x000000001d766000 Uncommon trap: reason=class_check action=maybe_recompile pc=0x0000000002843638 method=java.util.HashMap.putVal(ILjava/lang/Object;Ljava/lang/Object;ZZ)Ljava/lang/Object; @ 152
Event: 106.127 Thread 0x000000001d766000 Uncommon trap: reason=class_check action=maybe_recompile pc=0x0000000002843584 method=java.util.HashMap.putVal(ILjava/lang/Object;Ljava/lang/Object;ZZ)Ljava/lang/Object; @ 56
Event: 106.127 Thread 0x000000001d766000 Uncommon trap: reason=class_check action=maybe_recompile pc=0x0000000002843584 method=java.util.HashMap.putVal(ILjava/lang/Object;Ljava/lang/Object;ZZ)Ljava/lang/Object; @ 56
Event: 108.422 Thread 0x000000001d766000 Uncommon trap: reason=unstable_if action=reinterpret pc=0x0000000002950da0 method=sun.security.provider.DigestBase.implCompressMultiBlock([BII)I @ 2

Internal exceptions (10 events):
Event: 0.521 Thread 0x000000001d7d5800 Implicit null exception at 0x0000000002a8b5fc to 0x0000000002a8d871
Event: 0.802 Thread 0x000000001d7d8800 Exception <a 'java/lang/ArrayIndexOutOfBoundsException': 18> (0x000000076f2b3a60) thrown at [C:\re\workspace\8-2-build-windows-amd64-cygwin\jdk8u151\9699\hotspot\src\share\vm\interpreter\interpreterRuntime.cpp, line 366]
Event: 0.802 Thread 0x000000001d7d8800 Exception <a 'java/lang/ArrayIndexOutOfBoundsException': 145> (0x000000076f2b55e0) thrown at [C:\re\workspace\8-2-build-windows-amd64-cygwin\jdk8u151\9699\hotspot\src\share\vm\interpreter\interpreterRuntime.cpp, line 366]
Event: 0.803 Thread 0x000000001d7d8800 Exception <a 'java/lang/ArrayIndexOutOfBoundsException': 40> (0x000000076f2b68c8) thrown at [C:\re\workspace\8-2-build-windows-amd64-cygwin\jdk8u151\9699\hotspot\src\share\vm\interpreter\interpreterRuntime.cpp, line 366]
Event: 3.731 Thread 0x00000000024ae000 Implicit null exception at 0x00000000028615d0 to 0x0000000002861f5d
Event: 11.622 Thread 0x000000001d7d5800 Implicit null exception at 0x0000000002ee0a97 to 0x0000000002ee4255
Event: 13.747 Thread 0x000000001e358800 Implicit null exception at 0x0000000002da2631 to 0x0000000002da37c1
Event: 18.445 Thread 0x000000001d7d5800 Implicit null exception at 0x0000000002aba31c to 0x0000000002aba5ba
Event: 90.359 Thread 0x000000001d766000 Implicit null exception at 0x0000000002ee5b7a to 0x0000000002ee7845
Event: 105.317 Thread 0x000000001d766000 Implicit null exception at 0x00000000033cd385 to 0x00000000033cd73d

Events (10 events):
Event: 108.422 Thread 0x000000001d766000 DEOPT UNPACKING pc=0x000000000272787f sp=0x000000002123ec30 mode 0
Event: 108.422 Thread 0x000000001d766000 DEOPT PACKING pc=0x00000000033373ca sp=0x000000002123ef30
Event: 108.422 Thread 0x000000001d766000 DEOPT UNPACKING pc=0x000000000272787f sp=0x000000002123ec30 mode 0
Event: 108.422 Thread 0x000000001d766000 Uncommon trap: trap_request=0xffffff65 fr.pc=0x0000000002950da0
Event: 108.422 Thread 0x000000001d766000 DEOPT PACKING pc=0x0000000002950da0 sp=0x000000002123ef90
Event: 108.422 Thread 0x000000001d766000 DEOPT UNPACKING pc=0x000000000272582a sp=0x000000002123ef60 mode 2
Event: 108.422 loading class java/util/zip/Adler32
Event: 108.508 loading class java/util/zip/Checksum
Event: 108.527 loading class java/util/zip/Checksum done
Event: 108.527 loading class java/util/zip/Adler32 done


Dynamic libraries:
0x000000013fe00000 - 0x000000013fe37000 	C:\Program Files\Java\jdk1.8.0_151\bin\java.exe
0x0000000076e60000 - 0x000000007700a000 	C:\Windows\SYSTEM32\ntdll.dll
0x0000000076c40000 - 0x0000000076d5f000 	C:\Windows\system32\kernel32.dll
0x000007fefce30000 - 0x000007fefce9b000 	C:\Windows\system32\KERNELBASE.dll
0x000007fefea20000 - 0x000007fefeafb000 	C:\Windows\system32\ADVAPI32.dll
0x000007fefecc0000 - 0x000007fefed5f000 	C:\Windows\system32\msvcrt.dll
0x000007feff150000 - 0x000007feff16f000 	C:\Windows\SYSTEM32\sechost.dll
0x000007fefe260000 - 0x000007fefe38d000 	C:\Windows\system32\RPCRT4.dll
0x0000000076d60000 - 0x0000000076e5a000 	C:\Windows\system32\USER32.dll
0x000007fefec50000 - 0x000007fefecb7000 	C:\Windows\system32\GDI32.dll
0x000007fefeb00000 - 0x000007fefeb0e000 	C:\Windows\system32\LPK.dll
0x000007feff080000 - 0x000007feff14a000 	C:\Windows\system32\USP10.dll
0x000007fefb0f0000 - 0x000007fefb2e4000 	C:\Windows\WinSxS\amd64_microsoft.windows.common-controls_6595b64144ccf1df_6.0.7601.18837_none_fa3b1e3d17594757\COMCTL32.dll
0x000007fefe650000 - 0x000007fefe6c1000 	C:\Windows\system32\SHLWAPI.dll
0x000007fefcf60000 - 0x000007fefcf8e000 	C:\Windows\system32\IMM32.DLL
0x000007fefcf90000 - 0x000007fefd099000 	C:\Windows\system32\MSCTF.dll
0x0000000061dd0000 - 0x0000000061ea2000 	C:\Program Files\Java\jdk1.8.0_151\jre\bin\msvcr100.dll
0x0000000061530000 - 0x0000000061dcd000 	C:\Program Files\Java\jdk1.8.0_151\jre\bin\server\jvm.dll
0x000007fefa2c0000 - 0x000007fefa2c9000 	C:\Windows\system32\WSOCK32.dll
0x000007feff030000 - 0x000007feff07d000 	C:\Windows\system32\WS2_32.dll
0x000007fefe640000 - 0x000007fefe648000 	C:\Windows\system32\NSI.dll
0x000007fefaae0000 - 0x000007fefab1b000 	C:\Windows\system32\WINMM.dll
0x000007fefbbc0000 - 0x000007fefbbcc000 	C:\Windows\system32\VERSION.dll
0x0000000077030000 - 0x0000000077037000 	C:\Windows\system32\PSAPI.DLL
0x0000000065650000 - 0x000000006565f000 	C:\Program Files\Java\jdk1.8.0_151\jre\bin\verify.dll
0x0000000065620000 - 0x0000000065649000 	C:\Program Files\Java\jdk1.8.0_151\jre\bin\java.dll
0x0000000065600000 - 0x0000000065616000 	C:\Program Files\Java\jdk1.8.0_151\jre\bin\zip.dll
0x000007fefd430000 - 0x000007fefe1b9000 	C:\Windows\system32\SHELL32.dll
0x000007fefe390000 - 0x000007fefe593000 	C:\Windows\system32\ole32.dll
0x000007fefcbb0000 - 0x000007fefcbbf000 	C:\Windows\system32\profapi.dll

VM Arguments:
jvm_args: -Djava.awt.headless=true -Xmx4g -Dfile.encoding=GBK -Duser.country=CN -Duser.language=zh -Duser.variant 
java_command: com.android.dx.command.Main --dex --num-threads=4 --multi-dex --main-dex-list C:\Users\Administrator\Desktop\MLxiao\app\build\intermediates\multi-dex\debug\maindexlist.txt --output C:\Users\Administrator\Desktop\MLxiao\app\build\intermediates\transforms\dex\debug\folders\1000\1f\main C:\Users\Administrator\Desktop\MLxiao\app\build\intermediates\transforms\jarMerging\debug\jars\1\1f\combined.jar
java_class_path (initial): D:\Sdk\build-tools\27.0.0\lib\dx.jar
Launcher Type: SUN_STANDARD

Environment Variables:
JAVA_HOME=C:\Program Files\Java\jdk1.8.0_151
CLASSPATH=.;C:\Program Files\Java\jdk1.8.0_151\lib;C:\Program Files\Java\jdk1.8.0_151\lib\tools.jar;C:\Program Files\Java\jdk1.8.0_151\lib\dt.jar;
PATH=C:\Program Files (x86)\Common Files\Intel\Shared Libraries\redist\intel64\compiler;C:\Windows\system32;C:\Windows;C:\Windows\System32\Wbem;C:\Windows\System32\WindowsPowerShell\v1.0\;C:\Program Files (x86)\NVIDIA Corporation\PhysX\Common;C:\Program Files\Java\jdk1.8.0_151\bin;C:\Program Files\Java\jdk1.8.0_151\jre1.8.0_151\bin;C:\Program Files\Git\cmd;D:\Sdk\platform-tools;D:\Sdk\tools;C:\Program Files\Common Files\Autodesk Shared\;C:\Program Files (x86)\Python\Scripts\;C:\Program Files (x86)\Python\;
USERNAME=Administrator
OS=Windows_NT
PROCESSOR_IDENTIFIER=Intel64 Family 6 Model 158 Stepping 9, GenuineIntel



---------------  S Y S T E M  ---------------

OS: Windows 7 , 64 bit Build 7601 (6.1.7601.19160)

CPU:total 4 (initial active 4) (4 cores per cpu, 1 threads per core) family 6 model 158 stepping 9, cmov, cx8, fxsr, mmx, sse, sse2, sse3, ssse3, sse4.1, sse4.2, popcnt, avx, avx2, aes, clmul, erms, 3dnowpref, lzcnt, tsc, tscinvbit, bmi1, bmi2, adx

Memory: 4k page, physical 8335948k(378188k free), swap 10431264k(7200k free)

vm_info: Java HotSpot(TM) 64-Bit Server VM (25.151-b12) for windows-amd64 JRE (1.8.0_151-b12), built on Sep  5 2017 19:33:46 by "java_re" with MS VC++ 10.0 (VS2010)

time: Sat Jan 06 16:41:43 2018
elapsed time: 110 seconds (0d 0h 1m 50s)

