#
# There is insufficient memory for the Java Runtime Environment to continue.
# Native memory allocation (malloc) failed to allocate 440208 bytes for Chunk::new
# Possible reasons:
#   The system is out of physical RAM or swap space
#   In 32 bit mode, the process size limit was hit
# Possible solutions:
#   Reduce memory load on the system
#   Increase physical memory or swap space
#   Check if swap backing store is full
#   Use 64 bit Java on a 64 bit OS
#   Decrease Java heap size (-Xmx/-Xms)
#   Decrease number of Java threads
#   Decrease Java thread stack sizes (-Xss)
#   Set larger code cache with -XX:ReservedCodeCacheSize=
# This output file may be truncated or incomplete.
#
#  Out of Memory Error (allocation.cpp:390), pid=10220, tid=0x0000000000002414
#
# JRE version: Java(TM) SE Runtime Environment (8.0_151-b12) (build 1.8.0_151-b12)
# Java VM: Java HotSpot(TM) 64-Bit Server VM (25.151-b12 mixed mode windows-amd64 compressed oops)
# Failed to write core dump. Minidumps are not enabled by default on client versions of Windows
#

---------------  T H R E A D  ---------------

Current thread (0x000000001d39e000):  JavaThread "C2 CompilerThread1" daemon [_thread_in_native, id=9236, stack(0x000000001ddf0000,0x000000001def0000)]

Stack: [0x000000001ddf0000,0x000000001def0000]
[error occurred during error reporting (printing stack bounds), id 0xc0000005]

Native frames: (J=compiled Java code, j=interpreted, Vv=VM code, C=native code)


Current CompileTask:
C2:  27075 4315       4       com.android.dx.ssa.back.SsaToRop::convert (99 bytes)


---------------  P R O C E S S  ---------------

Java Threads: ( => current thread )
  0x000000001e410800 JavaThread "pool-1-thread-1" [_thread_in_Java, id=9388, stack(0x000000001dce0000,0x000000001dde0000)]
  0x000000001e397800 JavaThread "pool-2-thread-4" [_thread_blocked, id=9852, stack(0x000000001f0b0000,0x000000001f1b0000)]
  0x000000001e396800 JavaThread "pool-2-thread-3" [_thread_in_Java, id=10176, stack(0x000000001ef20000,0x000000001f020000)]
  0x000000001e39b800 JavaThread "pool-2-thread-2" [_thread_in_Java, id=10184, stack(0x000000001edc0000,0x000000001eec0000)]
  0x000000001e3aa800 JavaThread "pool-3-thread-1" [_thread_blocked, id=10232, stack(0x000000001ec20000,0x000000001ed20000)]
  0x000000001e3a8000 JavaThread "pool-2-thread-1" [_thread_blocked, id=10028, stack(0x000000001ea90000,0x000000001eb90000)]
  0x000000001d41d000 JavaThread "Service Thread" daemon [_thread_blocked, id=9820, stack(0x000000001e0e0000,0x000000001e1e0000)]
  0x000000001d39f000 JavaThread "C1 CompilerThread2" daemon [_thread_blocked, id=6072, stack(0x000000001def0000,0x000000001dff0000)]
=>0x000000001d39e000 JavaThread "C2 CompilerThread1" daemon [_thread_in_native, id=9236, stack(0x000000001ddf0000,0x000000001def0000)]
  0x000000001c0de800 JavaThread "C2 CompilerThread0" daemon [_thread_in_native, id=8744, stack(0x000000001dbc0000,0x000000001dcc0000)]
  0x000000001d37b000 JavaThread "Attach Listener" daemon [_thread_blocked, id=9584, stack(0x000000001da20000,0x000000001db20000)]
  0x000000001d37a800 JavaThread "Signal Dispatcher" daemon [_thread_blocked, id=6984, stack(0x000000001d7e0000,0x000000001d8e0000)]
  0x000000001c0b9800 JavaThread "Finalizer" daemon [_thread_blocked, id=9544, stack(0x000000001d030000,0x000000001d130000)]
  0x000000001c072800 JavaThread "Reference Handler" daemon [_thread_blocked, id=9580, stack(0x000000001d270000,0x000000001d370000)]
  0x000000000036e000 JavaThread "main" [_thread_blocked, id=8464, stack(0x0000000002570000,0x0000000002670000)]

Other Threads:
  0x000000001c06b000 VMThread [stack: 0x000000001d160000,0x000000001d260000] [id=9156]
  0x000000001d477800 WatcherThread [stack: 0x000000001d900000,0x000000001da00000] [id=8412]

VM state:not at safepoint (normal execution)

VM Mutex/Monitor currently owned by a thread: None

Heap:
 PSYoungGen      total 944640K, used 73164K [0x000000076ab00000, 0x00000007c0000000, 0x00000007c0000000)
  eden space 614400K, 11% used [0x000000076ab00000,0x000000076f273078,0x0000000790300000)
  from space 330240K, 0% used [0x00000007abd80000,0x00000007abd80000,0x00000007c0000000)
  to   space 391680K, 0% used [0x0000000790300000,0x0000000790300000,0x00000007a8180000)
 ParOldGen       total 1300480K, used 812616K [0x00000006c0000000, 0x000000070f600000, 0x000000076ab00000)
  object space 1300480K, 62% used [0x00000006c0000000,0x00000006f1992148,0x000000070f600000)
 Metaspace       used 7333K, capacity 7864K, committed 8192K, reserved 1056768K
  class space    used 663K, capacity 688K, committed 768K, reserved 1048576K

Card table byte_map: [0x0000000011a30000,0x0000000012240000] byte_map_base: 0x000000000e430000

Marking Bits: (ParMarkBitMap*) 0x0000000051aed850
 Begin Bits: [0x0000000012ee0000, 0x0000000016ee0000)
 End Bits:   [0x0000000016ee0000, 0x000000001aee0000)

Polling page: 0x0000000000130000

CodeCache: size=245760Kb used=15047Kb max_used=15065Kb free=230712Kb
 bounds [0x0000000002670000, 0x0000000003540000, 0x0000000011670000]
 total_blobs=3574 nmethods=3303 adapters=183
 compilation: enabled

Compilation events (10 events):
Event: 23.658 Thread 0x000000001d39f000 nmethod 4407 0x000000000351e3d0 code [0x000000000351e660, 0x000000000351f078]
Event: 23.684 Thread 0x000000001d39f000 4408       2       com.android.dx.dex.code.ArrayData::writeTo (284 bytes)
Event: 23.685 Thread 0x000000001d39f000 nmethod 4408 0x000000000351fd50 code [0x0000000003520000, 0x0000000003520c78]
Event: 23.696 Thread 0x000000001c0de800 nmethod 4316 0x0000000003528fd0 code [0x00000000035293a0, 0x000000000352da60]
Event: 23.696 Thread 0x000000001c0de800 4327 %     4       com.android.dx.dex.file.UniformItemSection::writeTo0 @ 21 (61 bytes)
Event: 23.702 Thread 0x000000001c0de800 nmethod 4327% 0x0000000003524d50 code [0x0000000003524ee0, 0x0000000003525578]
Event: 23.702 Thread 0x000000001c0de800 4404   !   4       com.android.dx.cf.code.BytecodeArray::parseInstruction (2764 bytes)
Event: 23.708 Thread 0x000000001d39f000 4409       2       com.android.dx.ssa.back.FirstFitLocalCombiningAllocator::handleInvokeRangeInsns (36 bytes)
Event: 23.708 Thread 0x000000001d39f000 nmethod 4409 0x0000000003524710 code [0x00000000035248a0, 0x0000000003524b98]
Event: 27.007 Thread 0x000000001d39f000 4410       2       com.android.dx.dex.code.form.Form51l::writeTo (39 bytes)

GC Heap History (10 events):
Event: 20.070 GC heap before
{Heap before GC invocations=22 (full 5):
 PSYoungGen      total 1117696K, used 855898K [0x000000076ab00000, 0x00000007c0000000, 0x00000007c0000000)
  eden space 837120K, 100% used [0x000000076ab00000,0x000000079dc80000,0x000000079dc80000)
  from space 280576K, 6% used [0x00000007aee00000,0x00000007b0056ac0,0x00000007c0000000)
  to   space 280064K, 0% used [0x000000079dc80000,0x000000079dc80000,0x00000007aee00000)
 ParOldGen       total 1152512K, used 768903K [0x00000006c0000000, 0x0000000706580000, 0x000000076ab00000)
  object space 1152512K, 66% used [0x00000006c0000000,0x00000006eeee1e48,0x0000000706580000)
 Metaspace       used 6867K, capacity 7448K, committed 7680K, reserved 1056768K
  class space    used 645K, capacity 656K, committed 768K, reserved 1048576K
Event: 20.331 GC heap after
Heap after GC invocations=22 (full 5):
 PSYoungGen      total 977920K, used 140427K [0x000000076ab00000, 0x00000007bf680000, 0x00000007c0000000)
  eden space 837120K, 0% used [0x000000076ab00000,0x000000076ab00000,0x000000079dc80000)
  from space 140800K, 99% used [0x000000079dc80000,0x00000007a65a2cd8,0x00000007a6600000)
  to   space 275456K, 0% used [0x00000007ae980000,0x00000007ae980000,0x00000007bf680000)
 ParOldGen       total 1152512K, used 768903K [0x00000006c0000000, 0x0000000706580000, 0x000000076ab00000)
  object space 1152512K, 66% used [0x00000006c0000000,0x00000006eeee1e48,0x0000000706580000)
 Metaspace       used 6867K, capacity 7448K, committed 7680K, reserved 1056768K
  class space    used 645K, capacity 656K, committed 768K, reserved 1048576K
}
Event: 21.666 GC heap before
{Heap before GC invocations=23 (full 5):
 PSYoungGen      total 977920K, used 977547K [0x000000076ab00000, 0x00000007bf680000, 0x00000007c0000000)
  eden space 837120K, 100% used [0x000000076ab00000,0x000000079dc80000,0x000000079dc80000)
  from space 140800K, 99% used [0x000000079dc80000,0x00000007a65a2cd8,0x00000007a6600000)
  to   space 275456K, 0% used [0x00000007ae980000,0x00000007ae980000,0x00000007bf680000)
 ParOldGen       total 1152512K, used 768903K [0x00000006c0000000, 0x0000000706580000, 0x000000076ab00000)
  object space 1152512K, 66% used [0x00000006c0000000,0x00000006eeee1e48,0x0000000706580000)
 Metaspace       used 7158K, capacity 7672K, committed 7936K, reserved 1056768K
  class space    used 659K, capacity 688K, committed 768K, reserved 1048576K
Event: 21.880 GC heap after
Heap after GC invocations=23 (full 5):
 PSYoungGen      total 1012736K, used 275438K [0x000000076ab00000, 0x00000007c0000000, 0x00000007c0000000)
  eden space 737280K, 0% used [0x000000076ab00000,0x000000076ab00000,0x0000000797b00000)
  from space 275456K, 99% used [0x00000007ae980000,0x00000007bf67ba78,0x00000007bf680000)
  to   space 330240K, 0% used [0x0000000797b00000,0x0000000797b00000,0x00000007abd80000)
 ParOldGen       total 1152512K, used 794569K [0x00000006c0000000, 0x0000000706580000, 0x000000076ab00000)
  object space 1152512K, 68% used [0x00000006c0000000,0x00000006f07f27d8,0x0000000706580000)
 Metaspace       used 7158K, capacity 7672K, committed 7936K, reserved 1056768K
  class space    used 659K, capacity 688K, committed 768K, reserved 1048576K
}
Event: 22.558 GC heap before
{Heap before GC invocations=24 (full 5):
 PSYoungGen      total 1012736K, used 1012718K [0x000000076ab00000, 0x00000007c0000000, 0x00000007c0000000)
  eden space 737280K, 100% used [0x000000076ab00000,0x0000000797b00000,0x0000000797b00000)
  from space 275456K, 99% used [0x00000007ae980000,0x00000007bf67ba78,0x00000007bf680000)
  to   space 330240K, 0% used [0x0000000797b00000,0x0000000797b00000,0x00000007abd80000)
 ParOldGen       total 1152512K, used 794569K [0x00000006c0000000, 0x0000000706580000, 0x000000076ab00000)
  object space 1152512K, 68% used [0x00000006c0000000,0x00000006f07f27d8,0x0000000706580000)
 Metaspace       used 7159K, capacity 7672K, committed 7936K, reserved 1056768K
  class space    used 659K, capacity 688K, committed 768K, reserved 1048576K
Event: 22.792 GC heap after
Heap after GC invocations=24 (full 5):
 PSYoungGen      total 1067520K, used 330225K [0x000000076ab00000, 0x00000007c0000000, 0x00000007c0000000)
  eden space 737280K, 0% used [0x000000076ab00000,0x000000076ab00000,0x0000000797b00000)
  from space 330240K, 99% used [0x0000000797b00000,0x00000007abd7c588,0x00000007abd80000)
  to   space 330240K, 0% used [0x00000007abd80000,0x00000007abd80000,0x00000007c0000000)
 ParOldGen       total 1152512K, used 835702K [0x00000006c0000000, 0x0000000706580000, 0x000000076ab00000)
  object space 1152512K, 72% used [0x00000006c0000000,0x00000006f301d9a0,0x0000000706580000)
 Metaspace       used 7159K, capacity 7672K, committed 7936K, reserved 1056768K
  class space    used 659K, capacity 688K, committed 768K, reserved 1048576K
}
Event: 23.736 GC heap before
{Heap before GC invocations=25 (full 5):
 PSYoungGen      total 1067520K, used 1067505K [0x000000076ab00000, 0x00000007c0000000, 0x00000007c0000000)
  eden space 737280K, 100% used [0x000000076ab00000,0x0000000797b00000,0x0000000797b00000)
  from space 330240K, 99% used [0x0000000797b00000,0x00000007abd7c588,0x00000007abd80000)
  to   space 330240K, 0% used [0x00000007abd80000,0x00000007abd80000,0x00000007c0000000)
 ParOldGen       total 1152512K, used 835702K [0x00000006c0000000, 0x0000000706580000, 0x000000076ab00000)
  object space 1152512K, 72% used [0x00000006c0000000,0x00000006f301d9a0,0x0000000706580000)
 Metaspace       used 7331K, capacity 7864K, committed 8192K, reserved 1056768K
  class space    used 663K, capacity 688K, committed 768K, reserved 1048576K
Event: 24.036 GC heap after
Heap after GC invocations=25 (full 5):
 PSYoungGen      total 944640K, used 195942K [0x000000076ab00000, 0x00000007c0000000, 0x00000007c0000000)
  eden space 614400K, 0% used [0x000000076ab00000,0x000000076ab00000,0x0000000790300000)
  from space 330240K, 59% used [0x00000007abd80000,0x00000007b7cd98c8,0x00000007c0000000)
  to   space 391680K, 0% used [0x0000000790300000,0x0000000790300000,0x00000007a8180000)
 ParOldGen       total 1152512K, used 1043797K [0x00000006c0000000, 0x0000000706580000, 0x000000076ab00000)
  object space 1152512K, 90% used [0x00000006c0000000,0x00000006ffb554c0,0x0000000706580000)
 Metaspace       used 7331K, capacity 7864K, committed 8192K, reserved 1056768K
  class space    used 663K, capacity 688K, committed 768K, reserved 1048576K
}
Event: 24.036 GC heap before
{Heap before GC invocations=26 (full 6):
 PSYoungGen      total 944640K, used 195942K [0x000000076ab00000, 0x00000007c0000000, 0x00000007c0000000)
  eden space 614400K, 0% used [0x000000076ab00000,0x000000076ab00000,0x0000000790300000)
  from space 330240K, 59% used [0x00000007abd80000,0x00000007b7cd98c8,0x00000007c0000000)
  to   space 391680K, 0% used [0x0000000790300000,0x0000000790300000,0x00000007a8180000)
 ParOldGen       total 1152512K, used 1043797K [0x00000006c0000000, 0x0000000706580000, 0x000000076ab00000)
  object space 1152512K, 90% used [0x00000006c0000000,0x00000006ffb554c0,0x0000000706580000)
 Metaspace       used 7331K, capacity 7864K, committed 8192K, reserved 1056768K
  class space    used 663K, capacity 688K, committed 768K, reserved 1048576K
Event: 27.006 GC heap after
Heap after GC invocations=26 (full 6):
 PSYoungGen      total 944640K, used 0K [0x000000076ab00000, 0x00000007c0000000, 0x00000007c0000000)
  eden space 614400K, 0% used [0x000000076ab00000,0x000000076ab00000,0x0000000790300000)
  from space 330240K, 0% used [0x00000007abd80000,0x00000007abd80000,0x00000007c0000000)
  to   space 391680K, 0% used [0x0000000790300000,0x0000000790300000,0x00000007a8180000)
 ParOldGen       total 1300480K, used 812616K [0x00000006c0000000, 0x000000070f600000, 0x000000076ab00000)
  object space 1300480K, 62% used [0x00000006c0000000,0x00000006f1992148,0x000000070f600000)
 Metaspace       used 7331K, capacity 7864K, committed 8192K, reserved 1056768K
  class space    used 663K, capacity 688K, committed 768K, reserved 1048576K
}

Deoptimization events (10 events):
Event: 23.191 Thread 0x000000001e396800 Uncommon trap: reason=unstable_if action=reinterpret pc=0x0000000002c30234 method=com.android.dx.rop.code.RegisterSpec.equals(ILcom/android/dx/rop/type/TypeBearer;Lcom/android/dx/rop/code/LocalItem;)Z @ 31
Event: 23.207 Thread 0x000000001e410800 Uncommon trap: reason=unstable_if action=reinterpret pc=0x0000000002b5a834 method=java.lang.Long.numberOfTrailingZeros(J)I @ 3
Event: 23.239 Thread 0x000000001e410800 Uncommon trap: reason=unstable_if action=reinterpret pc=0x000000000343e5f8 method=com.android.dx.util.ByteArrayAnnotatedOutput.ensureCapacity(I)V @ 6
Event: 23.239 Thread 0x000000001e410800 Uncommon trap: reason=unstable_if action=reinterpret pc=0x0000000002ceae60 method=com.android.dx.util.ByteArrayAnnotatedOutput.ensureCapacity(I)V @ 6
Event: 23.557 Thread 0x000000001e410800 Uncommon trap: reason=class_check action=maybe_recompile pc=0x0000000003108f68 method=com.android.dx.dex.file.UniformItemSection.writeTo0(Lcom/android/dx/util/AnnotatedOutput;)V @ 14
Event: 23.559 Thread 0x000000001e410800 Uncommon trap: reason=predicate action=maybe_recompile pc=0x0000000002b0a70c method=com.android.dx.dex.file.UniformItemSection.writeTo0(Lcom/android/dx/util/AnnotatedOutput;)V @ 21
Event: 23.619 Thread 0x000000001e397800 Uncommon trap: reason=unstable_if action=reinterpret pc=0x00000000034d0ec0 method=com.android.dx.ssa.SCCP.simulateMath(Lcom/android/dx/ssa/SsaInsn;I)Lcom/android/dx/rop/cst/Constant; @ 256
Event: 23.643 Thread 0x000000001e397800 Uncommon trap: reason=bimorphic action=maybe_recompile pc=0x000000000339bef8 method=com.android.dx.cf.code.BytecodeArray.parseInstruction(ILcom/android/dx/cf/code/BytecodeArray$Visitor;)I @ 1612
Event: 23.643 Thread 0x000000001e397800 Uncommon trap: reason=bimorphic action=maybe_recompile pc=0x000000000339bef8 method=com.android.dx.cf.code.BytecodeArray.parseInstruction(ILcom/android/dx/cf/code/BytecodeArray$Visitor;)I @ 1612
Event: 23.704 Thread 0x000000001e3a8000 Uncommon trap: reason=unstable_if action=reinterpret pc=0x000000000352bcc4 method=java.util.TreeMap.entrySet()Ljava/util/Set; @ 6

Internal exceptions (10 events):
Event: 12.148 Thread 0x000000001e39b800 Implicit null exception at 0x0000000002fea73b to 0x0000000002fea9e7
Event: 12.237 Thread 0x000000001e39b800 Implicit null exception at 0x0000000003333d1c to 0x0000000003336fc5
Event: 12.244 Thread 0x000000001e3a8000 Implicit null exception at 0x0000000003333d1c to 0x0000000003336fc5
Event: 14.796 Thread 0x000000001e396800 Implicit null exception at 0x0000000003154a28 to 0x00000000031559bd
Event: 15.007 Thread 0x000000001e39b800 Implicit null exception at 0x0000000003295000 to 0x0000000003295e11
Event: 22.007 Thread 0x000000000036e000 Implicit null exception at 0x0000000002f0f08c to 0x0000000002f0f192
Event: 23.186 Thread 0x000000001e396800 Implicit null exception at 0x0000000002ceb262 to 0x0000000002ceb90d
Event: 23.186 Thread 0x000000001e396800 Implicit null exception at 0x00000000029f285f to 0x00000000029f2e35
Event: 23.190 Thread 0x000000001e396800 Implicit null exception at 0x00000000027857ae to 0x0000000002785c29
Event: 23.191 Thread 0x000000001e396800 Implicit null exception at 0x0000000002c2fdb2 to 0x0000000002c3021d

Events (10 events):
Event: 23.643 Thread 0x000000001e397800 DEOPT PACKING pc=0x000000000339bef8 sp=0x000000001f1ae750
Event: 23.643 Thread 0x000000001e397800 DEOPT UNPACKING pc=0x00000000026b582a sp=0x000000001f1ae6f8 mode 2
Event: 23.643 Thread 0x000000001e397800 Uncommon trap: trap_request=0xffffffc6 fr.pc=0x000000000339bef8
Event: 23.643 Thread 0x000000001e397800 DEOPT PACKING pc=0x000000000339bef8 sp=0x000000001f1ae750
Event: 23.643 Thread 0x000000001e397800 DEOPT UNPACKING pc=0x00000000026b582a sp=0x000000001f1ae6f8 mode 2
Event: 23.704 Thread 0x000000001e3a8000 Uncommon trap: trap_request=0xffffff65 fr.pc=0x000000000352bcc4
Event: 23.704 Thread 0x000000001e3a8000 DEOPT PACKING pc=0x000000000352bcc4 sp=0x000000001eb8e730
Event: 23.704 Thread 0x000000001e3a8000 DEOPT UNPACKING pc=0x00000000026b582a sp=0x000000001eb8e5d8 mode 2
Event: 23.736 Executing VM operation: ParallelGCFailedAllocation
Event: 27.006 Executing VM operation: ParallelGCFailedAllocation done


Dynamic libraries:
0x000000013f720000 - 0x000000013f757000 	C:\Program Files\Java\jdk1.8.0_151\bin\java.exe
0x00000000778a0000 - 0x0000000077a4a000 	C:\Windows\SYSTEM32\ntdll.dll
0x0000000077680000 - 0x000000007779f000 	C:\Windows\system32\kernel32.dll
0x000007fefd730000 - 0x000007fefd79b000 	C:\Windows\system32\KERNELBASE.dll
0x000007fefe620000 - 0x000007fefe6fb000 	C:\Windows\system32\ADVAPI32.dll
0x000007fefe9c0000 - 0x000007fefea5f000 	C:\Windows\system32\msvcrt.dll
0x000007fefec70000 - 0x000007fefec8f000 	C:\Windows\SYSTEM32\sechost.dll
0x000007fefd9a0000 - 0x000007fefdacd000 	C:\Windows\system32\RPCRT4.dll
0x00000000777a0000 - 0x000000007789a000 	C:\Windows\system32\USER32.dll
0x000007fefed50000 - 0x000007fefedb7000 	C:\Windows\system32\GDI32.dll
0x000007fefdc20000 - 0x000007fefdc2e000 	C:\Windows\system32\LPK.dll
0x000007fefdb00000 - 0x000007fefdbca000 	C:\Windows\system32\USP10.dll
0x000007fefbaf0000 - 0x000007fefbce4000 	C:\Windows\WinSxS\amd64_microsoft.windows.common-controls_6595b64144ccf1df_6.0.7601.18837_none_fa3b1e3d17594757\COMCTL32.dll
0x000007fefe2e0000 - 0x000007fefe351000 	C:\Windows\system32\SHLWAPI.dll
0x000007fefdad0000 - 0x000007fefdafe000 	C:\Windows\system32\IMM32.DLL
0x000007fefdc30000 - 0x000007fefdd39000 	C:\Windows\system32\MSCTF.dll
0x00000000688c0000 - 0x0000000068992000 	C:\Program Files\Java\jdk1.8.0_151\jre\bin\msvcr100.dll
0x00000000512d0000 - 0x0000000051b6d000 	C:\Program Files\Java\jdk1.8.0_151\jre\bin\server\jvm.dll
0x000007fef7900000 - 0x000007fef7909000 	C:\Windows\system32\WSOCK32.dll
0x000007fefdbd0000 - 0x000007fefdc1d000 	C:\Windows\system32\WS2_32.dll
0x000007fefe910000 - 0x000007fefe918000 	C:\Windows\system32\NSI.dll
0x000007fefb2e0000 - 0x000007fefb31b000 	C:\Windows\system32\WINMM.dll
0x000007fefc600000 - 0x000007fefc60c000 	C:\Windows\system32\VERSION.dll
0x0000000077a70000 - 0x0000000077a77000 	C:\Windows\system32\PSAPI.DLL
0x000000006b700000 - 0x000000006b70f000 	C:\Program Files\Java\jdk1.8.0_151\jre\bin\verify.dll
0x000000006b6d0000 - 0x000000006b6f9000 	C:\Program Files\Java\jdk1.8.0_151\jre\bin\java.dll
0x00000000688a0000 - 0x00000000688b6000 	C:\Program Files\Java\jdk1.8.0_151\jre\bin\zip.dll
0x000007fefee20000 - 0x000007feffba9000 	C:\Windows\system32\SHELL32.dll
0x000007fefe700000 - 0x000007fefe903000 	C:\Windows\system32\ole32.dll
0x000007fefd5e0000 - 0x000007fefd5ef000 	C:\Windows\system32\profapi.dll

VM Arguments:
jvm_args: -Djava.awt.headless=true -Xmx4g -Dfile.encoding=GBK -Duser.country=CN -Duser.language=zh -Duser.variant 
java_command: com.android.dx.command.Main --dex --num-threads=4 --multi-dex --main-dex-list C:\Users\Administrator\Desktop\MLxiao\app\build\intermediates\multi-dex\debug\maindexlist.txt --output C:\Users\Administrator\Desktop\MLxiao\app\build\intermediates\transforms\dex\debug\folders\1000\1f\main C:\Users\Administrator\Desktop\MLxiao\app\build\intermediates\transforms\jarMerging\debug\jars\1\1f\combined.jar
java_class_path (initial): D:\Sdk\build-tools\26.0.1\lib\dx.jar
Launcher Type: SUN_STANDARD

Environment Variables:
JAVA_HOME=C:\Program Files\Java\jdk1.8.0_151
CLASSPATH=.;C:\Program Files\Java\jdk1.8.0_151\lib;C:\Program Files\Java\jdk1.8.0_151\lib\tools.jar;C:\Program Files\Java\jdk1.8.0_151\lib\dt.jar;
PATH=C:\Program Files (x86)\Common Files\Intel\Shared Libraries\redist\intel64\compiler;C:\Windows\system32;C:\Windows;C:\Windows\System32\Wbem;C:\Windows\System32\WindowsPowerShell\v1.0\;C:\Program Files (x86)\NVIDIA Corporation\PhysX\Common;C:\Program Files\Java\jdk1.8.0_151\bin;C:\Program Files\Java\jdk1.8.0_151\jre1.8.0_151\bin;C:\Program Files\Git\cmd;D:\Sdk\platform-tools;D:\Sdk\tools;C:\Program Files\Common Files\Autodesk Shared\;C:\Program Files (x86)\Python\Scripts\;C:\Program Files (x86)\Python\;
USERNAME=Administrator
OS=Windows_NT
PROCESSOR_IDENTIFIER=Intel64 Family 6 Model 158 Stepping 9, GenuineIntel



---------------  S Y S T E M  ---------------

OS: Windows 7 , 64 bit Build 7601 (6.1.7601.19160)

CPU:total 4 (initial active 4) (4 cores per cpu, 1 threads per core) family 6 model 158 stepping 9, cmov, cx8, fxsr, mmx, sse, sse2, sse3, ssse3, sse4.1, sse4.2, popcnt, avx, avx2, aes, clmul, erms, 3dnowpref, lzcnt, tsc, tscinvbit, bmi1, bmi2, adx

Memory: 4k page, physical 8335948k(954280k free), swap 10286060k(17548k free)

vm_info: Java HotSpot(TM) 64-Bit Server VM (25.151-b12) for windows-amd64 JRE (1.8.0_151-b12), built on Sep  5 2017 19:33:46 by "java_re" with MS VC++ 10.0 (VS2010)

time: Thu Jan 25 17:42:53 2018
elapsed time: 27 seconds (0d 0h 0m 27s)

