#
# There is insufficient memory for the Java Runtime Environment to continue.
# Native memory allocation (malloc) failed to allocate 1861232 bytes for Chunk::new
# Possible reasons:
#   The system is out of physical RAM or swap space
#   In 32 bit mode, the process size limit was hit
# Possible solutions:
#   Reduce memory load on the system
#   Increase physical memory or swap space
#   Check if swap backing store is full
#   Use 64 bit Java on a 64 bit OS
#   Decrease Java heap size (-Xmx/-Xms)
#   Decrease number of Java threads
#   Decrease Java thread stack sizes (-Xss)
#   Set larger code cache with -XX:ReservedCodeCacheSize=
# This output file may be truncated or incomplete.
#
#  Out of Memory Error (allocation.cpp:390), pid=7588, tid=0x0000000000000ba0
#
# JRE version: Java(TM) SE Runtime Environment (8.0_151-b12) (build 1.8.0_151-b12)
# Java VM: Java HotSpot(TM) 64-Bit Server VM (25.151-b12 mixed mode windows-amd64 compressed oops)
# Failed to write core dump. Minidumps are not enabled by default on client versions of Windows
#

---------------  T H R E A D  ---------------

Current thread (0x000000001befe800):  JavaThread "C2 CompilerThread0" daemon [_thread_in_native, id=2976, stack(0x000000001dd20000,0x000000001de20000)]

Stack: [0x000000001dd20000,0x000000001de20000]
[error occurred during error reporting (printing stack bounds), id 0xc0000005]

Native frames: (J=compiled Java code, j=interpreted, Vv=VM code, C=native code)


Current CompileTask:
C2:  32238 3479   !   4       com.android.dx.dex.cf.CfTranslator::processMethods (583 bytes)


---------------  P R O C E S S  ---------------

Java Threads: ( => current thread )
  0x000000001e52b800 JavaThread "pool-1-thread-1" [_thread_blocked, id=7340, stack(0x00000000212e0000,0x00000000213e0000)]
  0x000000001e310800 JavaThread "pool-2-thread-4" [_thread_blocked, id=7900, stack(0x000000001f180000,0x000000001f280000)]
  0x000000001e236000 JavaThread "pool-2-thread-3" [_thread_blocked, id=1704, stack(0x000000001ef90000,0x000000001f090000)]
  0x000000001e235000 JavaThread "pool-2-thread-2" [_thread_blocked, id=7024, stack(0x000000001ee70000,0x000000001ef70000)]
  0x000000001e30d000 JavaThread "pool-3-thread-1" [_thread_blocked, id=6052, stack(0x000000001e9e0000,0x000000001eae0000)]
  0x000000001e230800 JavaThread "pool-2-thread-1" [_thread_blocked, id=2952, stack(0x000000001eba0000,0x000000001eca0000)]
  0x000000001d526800 JavaThread "Service Thread" daemon [_thread_blocked, id=6644, stack(0x000000001df90000,0x000000001e090000)]
  0x000000001d4a1000 JavaThread "C1 CompilerThread2" daemon [_thread_blocked, id=6816, stack(0x000000001de80000,0x000000001df80000)]
  0x000000001d4a0000 JavaThread "C2 CompilerThread1" daemon [_thread_blocked, id=7604, stack(0x000000001d880000,0x000000001d980000)]
=>0x000000001befe800 JavaThread "C2 CompilerThread0" daemon [_thread_in_native, id=2976, stack(0x000000001dd20000,0x000000001de20000)]
  0x000000001d47b800 JavaThread "Attach Listener" daemon [_thread_blocked, id=5060, stack(0x000000001db60000,0x000000001dc60000)]
  0x000000001d47a800 JavaThread "Signal Dispatcher" daemon [_thread_blocked, id=6280, stack(0x000000001d9c0000,0x000000001dac0000)]
  0x000000001bedb800 JavaThread "Finalizer" daemon [_thread_blocked, id=7212, stack(0x000000001d370000,0x000000001d470000)]
  0x000000001be92800 JavaThread "Reference Handler" daemon [_thread_blocked, id=7408, stack(0x000000001d180000,0x000000001d280000)]
  0x000000000242e000 JavaThread "main" [_thread_blocked, id=6540, stack(0x0000000002690000,0x0000000002790000)]

Other Threads:
  0x000000001be8b000 VMThread [stack: 0x000000001cf80000,0x000000001d080000] [id=7464]
  0x000000001d55e000 WatcherThread [stack: 0x000000001e0c0000,0x000000001e1c0000] [id=5156]

VM state:at safepoint (normal execution)

VM Mutex/Monitor currently owned by a thread:  ([mutex/lock_event])
[0x000000000242c710] Threads_lock - owner thread: 0x000000001be8b000
[0x000000000242cc10] Heap_lock - owner thread: 0x000000000242e000

Heap:
 PSYoungGen      total 804352K, used 635904K [0x000000076ab00000, 0x00000007ad800000, 0x00000007c0000000)
  eden space 635904K, 100% used [0x000000076ab00000,0x0000000791800000,0x0000000791800000)
  from space 168448K, 0% used [0x00000007a3380000,0x00000007a3380000,0x00000007ad800000)
  to   space 163840K, 0% used [0x0000000791800000,0x0000000791800000,0x000000079b800000)
 ParOldGen       total 577024K, used 576897K [0x00000006c0000000, 0x00000006e3380000, 0x000000076ab00000)
  object space 577024K, 99% used [0x00000006c0000000,0x00000006e3360550,0x00000006e3380000)
 Metaspace       used 6824K, capacity 7384K, committed 7680K, reserved 1056768K
  class space    used 641K, capacity 656K, committed 768K, reserved 1048576K

Card table byte_map: [0x0000000011b50000,0x0000000012360000] byte_map_base: 0x000000000e550000

Marking Bits: (ParMarkBitMap*) 0x000000006372d850
 Begin Bits: [0x0000000012d00000, 0x0000000016d00000)
 End Bits:   [0x0000000016d00000, 0x000000001ad00000)

Polling page: 0x0000000000330000

CodeCache: size=245760Kb used=12082Kb max_used=15462Kb free=233677Kb
 bounds [0x0000000002790000, 0x00000000036c0000, 0x0000000011790000]
 total_blobs=2854 nmethods=2586 adapters=178
 compilation: enabled

Compilation events (10 events):
Event: 32.158 Thread 0x000000001d4a1000 3549       3       java.lang.StringBuilder::<init> (6 bytes)
Event: 32.158 Thread 0x000000001d4a1000 nmethod 3549 0x0000000002ce6ed0 code [0x0000000002ce7040, 0x0000000002ce72f0]
Event: 32.158 Thread 0x000000001d4a1000 3550       3       com.android.dx.dex.file.ProtoIdItem::<init> (60 bytes)
Event: 32.159 Thread 0x000000001d4a1000 nmethod 3550 0x0000000002be9fd0 code [0x0000000002bea1a0, 0x0000000002bea9a8]
Event: 32.159 Thread 0x000000001d4a1000 3548       2       com.android.dx.dex.file.TypeListItem::<init> (21 bytes)
Event: 32.159 Thread 0x000000001d4a1000 nmethod 3548 0x0000000002e02f10 code [0x0000000002e03080, 0x0000000002e03258]
Event: 32.159 Thread 0x000000001d4a1000 3536       2       com.android.dx.rop.type.Prototype::compareTo (9 bytes)
Event: 32.159 Thread 0x000000001d4a1000 nmethod 3536 0x000000000362fad0 code [0x000000000362fc40, 0x000000000362fde8]
Event: 32.162 Thread 0x000000001d4a1000 3554       3       com.android.dx.rop.code.Rops::opShl (21 bytes)
Event: 32.162 Thread 0x000000001d4a1000 nmethod 3554 0x0000000002cd5550 code [0x0000000002cd56c0, 0x0000000002cd5888]

GC Heap History (10 events):
Event: 13.313 GC heap before
{Heap before GC invocations=17 (full 3):
 PSYoungGen      total 799744K, used 735450K [0x000000076ab00000, 0x00000007ad800000, 0x00000007c0000000)
  eden space 635904K, 100% used [0x000000076ab00000,0x0000000791800000,0x0000000791800000)
  from space 163840K, 60% used [0x0000000791800000,0x0000000797936be0,0x000000079b800000)
  to   space 168448K, 0% used [0x00000007a3380000,0x00000007a3380000,0x00000007ad800000)
 ParOldGen       total 503296K, used 391797K [0x00000006c0000000, 0x00000006deb80000, 0x000000076ab00000)
  object space 503296K, 77% used [0x00000006c0000000,0x00000006d7e9d4a0,0x00000006deb80000)
 Metaspace       used 6690K, capacity 7320K, committed 7680K, reserved 1056768K
  class space    used 634K, capacity 656K, committed 768K, reserved 1048576K
Event: 13.641 GC heap after
Heap after GC invocations=17 (full 3):
 PSYoungGen      total 804352K, used 168436K [0x000000076ab00000, 0x00000007ad800000, 0x00000007c0000000)
  eden space 635904K, 0% used [0x000000076ab00000,0x000000076ab00000,0x0000000791800000)
  from space 168448K, 99% used [0x00000007a3380000,0x00000007ad7fd3c8,0x00000007ad800000)
  to   space 163840K, 0% used [0x0000000791800000,0x0000000791800000,0x000000079b800000)
 ParOldGen       total 503296K, used 412024K [0x00000006c0000000, 0x00000006deb80000, 0x000000076ab00000)
  object space 503296K, 81% used [0x00000006c0000000,0x00000006d925e3d0,0x00000006deb80000)
 Metaspace       used 6690K, capacity 7320K, committed 7680K, reserved 1056768K
  class space    used 634K, capacity 656K, committed 768K, reserved 1048576K
}
Event: 17.182 GC heap before
{Heap before GC invocations=18 (full 3):
 PSYoungGen      total 804352K, used 804340K [0x000000076ab00000, 0x00000007ad800000, 0x00000007c0000000)
  eden space 635904K, 100% used [0x000000076ab00000,0x0000000791800000,0x0000000791800000)
  from space 168448K, 99% used [0x00000007a3380000,0x00000007ad7fd3c8,0x00000007ad800000)
  to   space 163840K, 0% used [0x0000000791800000,0x0000000791800000,0x000000079b800000)
 ParOldGen       total 503296K, used 412024K [0x00000006c0000000, 0x00000006deb80000, 0x000000076ab00000)
  object space 503296K, 81% used [0x00000006c0000000,0x00000006d925e3d0,0x00000006deb80000)
 Metaspace       used 6698K, capacity 7320K, committed 7680K, reserved 1056768K
  class space    used 635K, capacity 656K, committed 768K, reserved 1048576K
Event: 17.700 GC heap after
Heap after GC invocations=18 (full 3):
 PSYoungGen      total 804352K, used 804340K [0x000000076ab00000, 0x00000007ad800000, 0x00000007c0000000)
  eden space 635904K, 100% used [0x000000076ab00000,0x0000000791800000,0x0000000791800000)
  from space 168448K, 99% used [0x00000007a3380000,0x00000007ad7fd3c8,0x00000007ad800000)
  to   space 163840K, 58% used [0x0000000791800000,0x00000007975cc338,0x000000079b800000)
 ParOldGen       total 577024K, used 576397K [0x00000006c0000000, 0x00000006e3380000, 0x000000076ab00000)
  object space 577024K, 99% used [0x00000006c0000000,0x00000006e32e35e8,0x00000006e3380000)
 Metaspace       used 6698K, capacity 7320K, committed 7680K, reserved 1056768K
  class space    used 635K, capacity 656K, committed 768K, reserved 1048576K
}
Event: 17.774 GC heap before
{Heap before GC invocations=19 (full 4):
 PSYoungGen      total 804352K, used 804340K [0x000000076ab00000, 0x00000007ad800000, 0x00000007c0000000)
  eden space 635904K, 100% used [0x000000076ab00000,0x0000000791800000,0x0000000791800000)
  from space 168448K, 99% used [0x00000007a3380000,0x00000007ad7fd3c8,0x00000007ad800000)
  to   space 163840K, 58% used [0x0000000791800000,0x00000007975cc338,0x000000079b800000)
 ParOldGen       total 577024K, used 576397K [0x00000006c0000000, 0x00000006e3380000, 0x000000076ab00000)
  object space 577024K, 99% used [0x00000006c0000000,0x00000006e32e35e8,0x00000006e3380000)
 Metaspace       used 6698K, capacity 7320K, committed 7680K, reserved 1056768K
  class space    used 635K, capacity 656K, committed 768K, reserved 1048576K
Event: 26.336 GC heap after
Heap after GC invocations=19 (full 4):
 PSYoungGen      total 804352K, used 0K [0x000000076ab00000, 0x00000007ad800000, 0x00000007c0000000)
  eden space 635904K, 0% used [0x000000076ab00000,0x000000076ab00000,0x0000000791800000)
  from space 168448K, 0% used [0x00000007a3380000,0x00000007a3380000,0x00000007ad800000)
  to   space 163840K, 53% used [0x0000000791800000,0x0000000796e1e940,0x000000079b800000)
 ParOldGen       total 577024K, used 576704K [0x00000006c0000000, 0x00000006e3380000, 0x000000076ab00000)
  object space 577024K, 99% used [0x00000006c0000000,0x00000006e33301a8,0x00000006e3380000)
 Metaspace       used 6698K, capacity 7320K, committed 7680K, reserved 1056768K
  class space    used 635K, capacity 656K, committed 768K, reserved 1048576K
}
Event: 27.346 GC heap before
{Heap before GC invocations=20 (full 5):
 PSYoungGen      total 804352K, used 635904K [0x000000076ab00000, 0x00000007ad800000, 0x00000007c0000000)
  eden space 635904K, 100% used [0x000000076ab00000,0x0000000791800000,0x0000000791800000)
  from space 168448K, 0% used [0x00000007a3380000,0x00000007a3380000,0x00000007ad800000)
  to   space 163840K, 53% used [0x0000000791800000,0x0000000796e1e940,0x000000079b800000)
 ParOldGen       total 577024K, used 576704K [0x00000006c0000000, 0x00000006e3380000, 0x000000076ab00000)
  object space 577024K, 99% used [0x00000006c0000000,0x00000006e33301a8,0x00000006e3380000)
 Metaspace       used 6699K, capacity 7320K, committed 7680K, reserved 1056768K
  class space    used 635K, capacity 656K, committed 768K, reserved 1048576K
Event: 28.971 GC heap after
Heap after GC invocations=20 (full 5):
 PSYoungGen      total 804352K, used 175040K [0x000000076ab00000, 0x00000007ad800000, 0x00000007c0000000)
  eden space 635904K, 27% used [0x000000076ab00000,0x00000007755f03d0,0x0000000791800000)
  from space 168448K, 0% used [0x00000007a3380000,0x00000007a3380000,0x00000007ad800000)
  to   space 163840K, 0% used [0x0000000791800000,0x0000000791800000,0x000000079b800000)
 ParOldGen       total 577024K, used 576990K [0x00000006c0000000, 0x00000006e3380000, 0x000000076ab00000)
  object space 577024K, 99% used [0x00000006c0000000,0x00000006e33778b0,0x00000006e3380000)
 Metaspace       used 6699K, capacity 7320K, committed 7680K, reserved 1056768K
  class space    used 635K, capacity 656K, committed 768K, reserved 1048576K
}
Event: 29.787 GC heap before
{Heap before GC invocations=21 (full 6):
 PSYoungGen      total 804352K, used 635904K [0x000000076ab00000, 0x00000007ad800000, 0x00000007c0000000)
  eden space 635904K, 100% used [0x000000076ab00000,0x0000000791800000,0x0000000791800000)
  from space 168448K, 0% used [0x00000007a3380000,0x00000007a3380000,0x00000007ad800000)
  to   space 163840K, 0% used [0x0000000791800000,0x0000000791800000,0x000000079b800000)
 ParOldGen       total 577024K, used 576990K [0x00000006c0000000, 0x00000006e3380000, 0x000000076ab00000)
  object space 577024K, 99% used [0x00000006c0000000,0x00000006e33778b0,0x00000006e3380000)
 Metaspace       used 6702K, capacity 7320K, committed 7680K, reserved 1056768K
  class space    used 635K, capacity 656K, committed 768K, reserved 1048576K
Event: 31.233 GC heap after
Heap after GC invocations=21 (full 6):
 PSYoungGen      total 804352K, used 242695K [0x000000076ab00000, 0x00000007ad800000, 0x00000007c0000000)
  eden space 635904K, 38% used [0x000000076ab00000,0x0000000779801d90,0x0000000791800000)
  from space 168448K, 0% used [0x00000007a3380000,0x00000007a3380000,0x00000007ad800000)
  to   space 163840K, 0% used [0x0000000791800000,0x0000000791800000,0x000000079b800000)
 ParOldGen       total 577024K, used 576897K [0x00000006c0000000, 0x00000006e3380000, 0x000000076ab00000)
  object space 577024K, 99% used [0x00000006c0000000,0x00000006e3360550,0x00000006e3380000)
 Metaspace       used 6702K, capacity 7320K, committed 7680K, reserved 1056768K
  class space    used 635K, capacity 656K, committed 768K, reserved 1048576K
}

Deoptimization events (10 events):
Event: 31.423 Thread 0x000000001e52b800 Uncommon trap: reason=unstable_if action=reinterpret pc=0x00000000035f3fa4 method=com.android.dx.dex.file.DexFile.internIfAppropriate(Lcom/android/dx/rop/cst/Constant;)V @ 70
Event: 31.464 Thread 0x000000001e52b800 Uncommon trap: reason=unstable_if action=reinterpret pc=0x0000000002d0d93c method=com.android.dx.dex.code.OutputFinisher.addConstants(Ljava/util/HashSet;Lcom/android/dx/rop/code/RegisterSpec;)V @ 57
Event: 31.516 Thread 0x000000001e52b800 Uncommon trap: reason=unstable_if action=reinterpret pc=0x0000000002aa3a78 method=com.android.dx.dex.code.OutputFinisher.addConstants(Ljava/util/HashSet;Lcom/android/dx/rop/code/RegisterSpec;)V @ 57
Event: 31.529 Thread 0x000000001e52b800 Uncommon trap: reason=unstable_if action=reinterpret pc=0x0000000002ed55a4 method=com.android.dx.dex.code.OutputFinisher.addConstants(Ljava/util/HashSet;Lcom/android/dx/rop/code/RegisterSpec;)V @ 32
Event: 31.542 Thread 0x000000001e52b800 Uncommon trap: reason=unstable_if action=reinterpret pc=0x0000000002b5e5e0 method=com.android.dx.dex.code.OutputFinisher.addConstants(Ljava/util/HashSet;Lcom/android/dx/rop/code/RegisterSpec;)V @ 32
Event: 31.550 Thread 0x000000001e52b800 Uncommon trap: reason=unstable_if action=reinterpret pc=0x0000000002d69df0 method=com.android.dx.dex.code.OutputFinisher.addConstants(Ljava/util/HashSet;Lcom/android/dx/rop/code/RegisterSpec;)V @ 32
Event: 31.644 Thread 0x000000001e236000 Uncommon trap: reason=unstable_if action=reinterpret pc=0x0000000003267c00 method=com.android.dx.ssa.SsaMethod.updateOneDefinition(Lcom/android/dx/ssa/SsaInsn;Lcom/android/dx/rop/code/RegisterSpec;)V @ 30
Event: 31.699 Thread 0x000000001e52b800 Uncommon trap: reason=unstable_if action=reinterpret pc=0x00000000034426d4 method=com.android.dx.dex.code.DalvCode.hasPositions()Z @ 15
Event: 32.063 Thread 0x000000001e230800 Uncommon trap: reason=unstable_if action=reinterpret pc=0x0000000002ba5a94 method=com.android.dx.ssa.SCCP.simulateMath(Lcom/android/dx/ssa/SsaInsn;I)Lcom/android/dx/rop/cst/Constant; @ 256
Event: 32.081 Thread 0x000000001e52b800 Uncommon trap: reason=unstable_if action=reinterpret pc=0x0000000002d7f864 method=com.android.dx.dex.file.ValueEncoder.addContents(Lcom/android/dx/dex/file/DexFile;Lcom/android/dx/rop/cst/Constant;)V @ 4

Internal exceptions (10 events):
Event: 0.269 Thread 0x000000000242e000 Implicit null exception at 0x00000000028f2ab8 to 0x00000000028f30d1
Event: 0.446 Thread 0x000000001e235000 Implicit null exception at 0x0000000002ab5462 to 0x0000000002ab5562
Event: 0.569 Thread 0x000000001e235000 Implicit null exception at 0x0000000002ac6da3 to 0x0000000002ac964d
Event: 0.776 Thread 0x000000000242e000 Implicit null exception at 0x0000000002b80635 to 0x0000000002b807fd
Event: 1.007 Thread 0x000000001e310800 Exception <a 'java/lang/ArrayIndexOutOfBoundsException': 18> (0x000000076eba81d0) thrown at [C:\re\workspace\8-2-build-windows-amd64-cygwin\jdk8u151\9699\hotspot\src\share\vm\interpreter\interpreterRuntime.cpp, line 366]
Event: 1.007 Thread 0x000000001e310800 Exception <a 'java/lang/ArrayIndexOutOfBoundsException': 145> (0x000000076eba9d50) thrown at [C:\re\workspace\8-2-build-windows-amd64-cygwin\jdk8u151\9699\hotspot\src\share\vm\interpreter\interpreterRuntime.cpp, line 366]
Event: 1.007 Thread 0x000000001e310800 Exception <a 'java/lang/ArrayIndexOutOfBoundsException': 40> (0x000000076ebab038) thrown at [C:\re\workspace\8-2-build-windows-amd64-cygwin\jdk8u151\9699\hotspot\src\share\vm\interpreter\interpreterRuntime.cpp, line 366]
Event: 3.814 Thread 0x000000000242e000 Implicit null exception at 0x0000000002909750 to 0x000000000290a0dd
Event: 15.942 Thread 0x000000001e310800 Implicit null exception at 0x000000000361235c to 0x00000000036137b1
Event: 16.046 Thread 0x000000001e230800 Implicit null exception at 0x00000000035a6b1b to 0x00000000035a74c9

Events (10 events):
Event: 31.992 Thread 0x000000001d4a1000 flushing nmethod 0x00000000036736d0
Event: 32.063 Thread 0x000000001e230800 Uncommon trap: trap_request=0xffffff65 fr.pc=0x0000000002ba5a94
Event: 32.063 Thread 0x000000001e230800 DEOPT PACKING pc=0x0000000002ba5a94 sp=0x000000001ec9e9f0
Event: 32.063 Thread 0x000000001e230800 DEOPT UNPACKING pc=0x00000000027d582a sp=0x000000001ec9e938 mode 2
Event: 32.081 Thread 0x000000001e52b800 Uncommon trap: trap_request=0xffffff65 fr.pc=0x0000000002d7f864
Event: 32.081 Thread 0x000000001e52b800 DEOPT PACKING pc=0x0000000002d7f864 sp=0x00000000213de9d0
Event: 32.081 Thread 0x000000001e52b800 DEOPT UNPACKING pc=0x00000000027d582a sp=0x00000000213de980 mode 2
Event: 32.118 loading class com/android/dx/dex/file/ProtoIdItem
Event: 32.118 loading class com/android/dx/dex/file/ProtoIdItem done
Event: 32.162 Executing VM operation: ParallelGCFailedAllocation


Dynamic libraries:
0x000000013f490000 - 0x000000013f4c7000 	C:\Program Files\Java\jdk1.8.0_151\bin\java.exe
0x0000000077a30000 - 0x0000000077bda000 	C:\Windows\SYSTEM32\ntdll.dll
0x0000000077910000 - 0x0000000077a2f000 	C:\Windows\system32\kernel32.dll
0x000007fefd800000 - 0x000007fefd86b000 	C:\Windows\system32\KERNELBASE.dll
0x000007feffac0000 - 0x000007feffb9b000 	C:\Windows\system32\ADVAPI32.dll
0x000007fefe7b0000 - 0x000007fefe84f000 	C:\Windows\system32\msvcrt.dll
0x000007fefeaf0000 - 0x000007fefeb0f000 	C:\Windows\SYSTEM32\sechost.dll
0x000007fefe060000 - 0x000007fefe18d000 	C:\Windows\system32\RPCRT4.dll
0x0000000077810000 - 0x000000007790a000 	C:\Windows\system32\USER32.dll
0x000007feffcd0000 - 0x000007feffd37000 	C:\Windows\system32\GDI32.dll
0x000007fefeb10000 - 0x000007fefeb1e000 	C:\Windows\system32\LPK.dll
0x000007fefdf90000 - 0x000007fefe05a000 	C:\Windows\system32\USP10.dll
0x000007fefbc80000 - 0x000007fefbe74000 	C:\Windows\WinSxS\amd64_microsoft.windows.common-controls_6595b64144ccf1df_6.0.7601.18837_none_fa3b1e3d17594757\COMCTL32.dll
0x000007feffc40000 - 0x000007feffcb1000 	C:\Windows\system32\SHLWAPI.dll
0x000007feffa90000 - 0x000007feffabe000 	C:\Windows\system32\IMM32.DLL
0x000007fefe9e0000 - 0x000007fefeae9000 	C:\Windows\system32\MSCTF.dll
0x0000000062d50000 - 0x0000000062e22000 	C:\Program Files\Java\jdk1.8.0_151\jre\bin\msvcr100.dll
0x0000000062f10000 - 0x00000000637ad000 	C:\Program Files\Java\jdk1.8.0_151\jre\bin\server\jvm.dll
0x000007fefbfd0000 - 0x000007fefbfd9000 	C:\Windows\system32\WSOCK32.dll
0x000007fefe990000 - 0x000007fefe9dd000 	C:\Windows\system32\WS2_32.dll
0x000007feffcc0000 - 0x000007feffcc8000 	C:\Windows\system32\NSI.dll
0x000007fefb180000 - 0x000007fefb1bb000 	C:\Windows\system32\WINMM.dll
0x000007fefc790000 - 0x000007fefc79c000 	C:\Windows\system32\VERSION.dll
0x0000000077c00000 - 0x0000000077c07000 	C:\Windows\system32\PSAPI.DLL
0x0000000073360000 - 0x000000007336f000 	C:\Program Files\Java\jdk1.8.0_151\jre\bin\verify.dll
0x000000006e740000 - 0x000000006e769000 	C:\Program Files\Java\jdk1.8.0_151\jre\bin\java.dll
0x000000006e780000 - 0x000000006e796000 	C:\Program Files\Java\jdk1.8.0_151\jre\bin\zip.dll
0x000007fefed00000 - 0x000007feffa89000 	C:\Windows\system32\SHELL32.dll
0x000007fefe190000 - 0x000007fefe393000 	C:\Windows\system32\ole32.dll
0x000007fefd770000 - 0x000007fefd77f000 	C:\Windows\system32\profapi.dll

VM Arguments:
jvm_args: -Djava.awt.headless=true -Xmx4g -Dfile.encoding=GBK -Duser.country=CN -Duser.language=zh -Duser.variant 
java_command: com.android.dx.command.Main --dex --num-threads=4 --multi-dex --main-dex-list C:\Users\Administrator\Desktop\MLxiao\app\build\intermediates\multi-dex\debug\maindexlist.txt --output C:\Users\Administrator\Desktop\MLxiao\app\build\intermediates\transforms\dex\debug\folders\1000\1f\main C:\Users\Administrator\Desktop\MLxiao\app\build\intermediates\transforms\jarMerging\debug\jars\1\1f\combined.jar
java_class_path (initial): D:\Sdk\build-tools\25.0.3\lib\dx.jar
Launcher Type: SUN_STANDARD

Environment Variables:
JAVA_HOME=C:\Program Files\Java\jdk1.8.0_151
CLASSPATH=.;C:\Program Files\Java\jdk1.8.0_151\lib;C:\Program Files\Java\jdk1.8.0_151\lib\tools.jar;C:\Program Files\Java\jdk1.8.0_151\lib\dt.jar;
PATH=C:\Program Files (x86)\Common Files\Intel\Shared Libraries\redist\intel64\compiler;C:\Windows\system32;C:\Windows;C:\Windows\System32\Wbem;C:\Windows\System32\WindowsPowerShell\v1.0\;C:\Program Files (x86)\NVIDIA Corporation\PhysX\Common;C:\Program Files\Java\jdk1.8.0_151\bin;C:\Program Files\Java\jdk1.8.0_151\jre1.8.0_151\bin;C:\Program Files\Git\cmd;D:\Sdk\platform-tools;D:\Sdk\tools;C:\Program Files\Common Files\Autodesk Shared\;C:\Program Files (x86)\Python\Scripts\;C:\Program Files (x86)\Python\;
USERNAME=Administrator
OS=Windows_NT
PROCESSOR_IDENTIFIER=Intel64 Family 6 Model 158 Stepping 9, GenuineIntel



---------------  S Y S T E M  ---------------

OS: Windows 7 , 64 bit Build 7601 (6.1.7601.19160)

CPU:total 4 (initial active 4) (4 cores per cpu, 1 threads per core) family 6 model 158 stepping 9, cmov, cx8, fxsr, mmx, sse, sse2, sse3, ssse3, sse4.1, sse4.2, popcnt, avx, avx2, aes, clmul, erms, 3dnowpref, lzcnt, tsc, tscinvbit, bmi1, bmi2, adx

Memory: 4k page, physical 8335948k(116020k free), swap 10431264k(6348k free)

vm_info: Java HotSpot(TM) 64-Bit Server VM (25.151-b12) for windows-amd64 JRE (1.8.0_151-b12), built on Sep  5 2017 19:33:46 by "java_re" with MS VC++ 10.0 (VS2010)

time: Wed Jan 03 15:23:24 2018
elapsed time: 32 seconds (0d 0h 0m 32s)

