#
# There is insufficient memory for the Java Runtime Environment to continue.
# Native memory allocation (malloc) failed to allocate 32744 bytes for ChunkPool::allocate
# Possible reasons:
#   The system is out of physical RAM or swap space
#   In 32 bit mode, the process size limit was hit
# Possible solutions:
#   Reduce memory load on the system
#   Increase physical memory or swap space
#   Check if swap backing store is full
#   Use 64 bit Java on a 64 bit OS
#   Decrease Java heap size (-Xmx/-Xms)
#   Decrease number of Java threads
#   Decrease Java thread stack sizes (-Xss)
#   Set larger code cache with -XX:ReservedCodeCacheSize=
# This output file may be truncated or incomplete.
#
#  Out of Memory Error (allocation.cpp:273), pid=5664, tid=0x0000000000001530
#
# JRE version: OpenJDK Runtime Environment (8.0_152-b01) (build 1.8.0_152-release-915-b01)
# Java VM: OpenJDK 64-Bit Server VM (25.152-b01 mixed mode windows-amd64 compressed oops)
# Failed to write core dump. Minidumps are not enabled by default on client versions of Windows
#

---------------  T H R E A D  ---------------

Current thread (0x000000001c23d000):  JavaThread "C2 CompilerThread0" daemon [_thread_in_native, id=5424, stack(0x000000001df00000,0x000000001e000000)]

Stack: [0x000000001df00000,0x000000001e000000]
[error occurred during error reporting (printing stack bounds), id 0xc0000005]

Native frames: (J=compiled Java code, j=interpreted, Vv=VM code, C=native code)


Current CompileTask:
C2:  29985 4271   !   4       com.android.dx.dex.cf.CfTranslator::processMethods (583 bytes)


---------------  P R O C E S S  ---------------

Java Threads: ( => current thread )
  0x000000001e938800 JavaThread "pool-1-thread-2" [_thread_in_vm, id=5876, stack(0x000000001efd0000,0x000000001f0d0000)]
  0x000000001d72c000 JavaThread "Service Thread" daemon [_thread_blocked, id=5516, stack(0x000000001e4f0000,0x000000001e5f0000)]
  0x000000001d6b3000 JavaThread "C1 CompilerThread2" daemon [_thread_blocked, id=4840, stack(0x000000001e280000,0x000000001e380000)]
  0x000000001d6ae000 JavaThread "C2 CompilerThread1" daemon [_thread_in_native, id=6076, stack(0x000000001e060000,0x000000001e160000)]
=>0x000000001c23d000 JavaThread "C2 CompilerThread0" daemon [_thread_in_native, id=5424, stack(0x000000001df00000,0x000000001e000000)]
  0x000000001d69a800 JavaThread "Attach Listener" daemon [_thread_blocked, id=5820, stack(0x000000001dd10000,0x000000001de10000)]
  0x000000001c22c800 JavaThread "Signal Dispatcher" daemon [_thread_blocked, id=4240, stack(0x000000001daf0000,0x000000001dbf0000)]
  0x000000001c218000 JavaThread "Finalizer" daemon [_thread_blocked, id=5736, stack(0x000000001d590000,0x000000001d690000)]
  0x000000001c1d1000 JavaThread "Reference Handler" daemon [_thread_blocked, id=4492, stack(0x000000001d3c0000,0x000000001d4c0000)]
  0x00000000002ce800 JavaThread "main" [_thread_blocked, id=5248, stack(0x0000000002780000,0x0000000002880000)]

Other Threads:
  0x000000001c1c9800 VMThread [stack: 0x000000001d1c0000,0x000000001d2c0000] [id=5988]
  0x000000001d6e7000 WatcherThread [stack: 0x000000001e630000,0x000000001e730000] [id=6060]

VM state:not at safepoint (normal execution)

VM Mutex/Monitor currently owned by a thread: None

Heap:
 PSYoungGen      total 1088000K, used 862776K [0x000000076ab00000, 0x00000007bfa00000, 0x00000007c0000000)
  eden space 778240K, 97% used [0x000000076ab00000,0x0000000798f72318,0x000000079a300000)
  from space 309760K, 33% used [0x000000079a300000,0x00000007a091c0d8,0x00000007ad180000)
  to   space 292864K, 0% used [0x00000007adc00000,0x00000007adc00000,0x00000007bfa00000)
 ParOldGen       total 1152512K, used 663006K [0x00000006c0000000, 0x0000000706580000, 0x000000076ab00000)
  object space 1152512K, 57% used [0x00000006c0000000,0x00000006e8777b80,0x0000000706580000)
 Metaspace       used 7428K, capacity 7864K, committed 8192K, reserved 1056768K
  class space    used 659K, capacity 688K, committed 768K, reserved 1048576K

Card table byte_map: [0x0000000011c40000,0x0000000012450000] byte_map_base: 0x000000000e640000

Marking Bits: (ParMarkBitMap*) 0x0000000071103950
 Begin Bits: [0x0000000013040000, 0x0000000017040000)
 End Bits:   [0x0000000017040000, 0x000000001b040000)

Polling page: 0x0000000000130000

CodeCache: size=245760Kb used=16703Kb max_used=16713Kb free=229056Kb
 bounds [0x0000000002880000, 0x0000000003900000, 0x0000000011880000]
 total_blobs=3784 nmethods=3510 adapters=187
 compilation: enabled

Compilation events (10 events):
Event: 29.604 Thread 0x000000001d6ae000 nmethod 4335 0x00000000038e4410 code [0x00000000038e4ca0, 0x00000000038eb1c8]
Event: 29.605 Thread 0x000000001d6ae000 4332   !   4       com.android.dx.cf.code.Ropper::processBlock (1101 bytes)
Event: 29.825 Thread 0x000000001d6b3000 4347 %     3       com.android.dx.rop.annotation.Annotation::compareTo @ 63 (147 bytes)
Event: 29.826 Thread 0x000000001d6b3000 nmethod 4347% 0x000000000328e7d0 code [0x000000000328eb00, 0x00000000032907e8]
Event: 29.826 Thread 0x000000001d6b3000 4348       3       com.android.dx.rop.annotation.Annotation::compareTo (147 bytes)
Event: 29.827 Thread 0x000000001d6b3000 nmethod 4348 0x000000000328bb50 code [0x000000000328be60, 0x000000000328dac8]
Event: 29.827 Thread 0x000000001d6b3000 4349 %     3       com.android.dx.dex.file.AnnotationSetItem::addContents @ 14 (48 bytes)
Event: 29.827 Thread 0x000000001d6b3000 nmethod 4349% 0x0000000002a1c8d0 code [0x0000000002a1ca60, 0x0000000002a1d0c8]
Event: 29.827 Thread 0x000000001d6b3000 4350       3       com.android.dx.dex.file.AnnotationSetItem::addContents (48 bytes)
Event: 29.828 Thread 0x000000001d6b3000 nmethod 4350 0x0000000002b08950 code [0x0000000002b08ae0, 0x0000000002b090c8]

GC Heap History (10 events):
Event: 17.817 GC heap before
{Heap before GC invocations=21 (full 4):
 PSYoungGen      total 927232K, used 914810K [0x000000076ab00000, 0x00000007b4280000, 0x00000007c0000000)
  eden space 732160K, 100% used [0x000000076ab00000,0x0000000797600000,0x0000000797600000)
  from space 195072K, 93% used [0x00000007a4f80000,0x00000007b01dea88,0x00000007b0e00000)
  to   space 222720K, 0% used [0x0000000797600000,0x0000000797600000,0x00000007a4f80000)
 ParOldGen       total 889856K, used 567147K [0x00000006c0000000, 0x00000006f6500000, 0x000000076ab00000)
  object space 889856K, 63% used [0x00000006c0000000,0x00000006e29dae68,0x00000006f6500000)
 Metaspace       used 6716K, capacity 7384K, committed 7680K, reserved 1056768K
  class space    used 613K, capacity 656K, committed 768K, reserved 1048576K
Event: 18.038 GC heap after
Heap after GC invocations=21 (full 4):
 PSYoungGen      total 954880K, used 222698K [0x000000076ab00000, 0x00000007be700000, 0x00000007c0000000)
  eden space 732160K, 0% used [0x000000076ab00000,0x000000076ab00000,0x0000000797600000)
  from space 222720K, 99% used [0x0000000797600000,0x00000007a4f7aa60,0x00000007a4f80000)
  to   space 282112K, 0% used [0x00000007ad380000,0x00000007ad380000,0x00000007be700000)
 ParOldGen       total 889856K, used 628840K [0x00000006c0000000, 0x00000006f6500000, 0x000000076ab00000)
  object space 889856K, 70% used [0x00000006c0000000,0x00000006e661a0d0,0x00000006f6500000)
 Metaspace       used 6716K, capacity 7384K, committed 7680K, reserved 1056768K
  class space    used 613K, capacity 656K, committed 768K, reserved 1048576K
}
Event: 19.386 GC heap before
{Heap before GC invocations=22 (full 4):
 PSYoungGen      total 954880K, used 954858K [0x000000076ab00000, 0x00000007be700000, 0x00000007c0000000)
  eden space 732160K, 100% used [0x000000076ab00000,0x0000000797600000,0x0000000797600000)
  from space 222720K, 99% used [0x0000000797600000,0x00000007a4f7aa60,0x00000007a4f80000)
  to   space 282112K, 0% used [0x00000007ad380000,0x00000007ad380000,0x00000007be700000)
 ParOldGen       total 889856K, used 628840K [0x00000006c0000000, 0x00000006f6500000, 0x000000076ab00000)
  object space 889856K, 70% used [0x00000006c0000000,0x00000006e661a0d0,0x00000006f6500000)
 Metaspace       used 6982K, capacity 7640K, committed 7936K, reserved 1056768K
  class space    used 626K, capacity 656K, committed 768K, reserved 1048576K
Event: 19.713 GC heap after
Heap after GC invocations=22 (full 4):
 PSYoungGen      total 1060352K, used 227521K [0x000000076ab00000, 0x00000007c0000000, 0x00000007c0000000)
  eden space 778240K, 0% used [0x000000076ab00000,0x000000076ab00000,0x000000079a300000)
  from space 282112K, 80% used [0x00000007ad380000,0x00000007bb1b07a8,0x00000007be700000)
  to   space 309760K, 0% used [0x000000079a300000,0x000000079a300000,0x00000007ad180000)
 ParOldGen       total 889856K, used 755651K [0x00000006c0000000, 0x00000006f6500000, 0x000000076ab00000)
  object space 889856K, 84% used [0x00000006c0000000,0x00000006ee1f0e48,0x00000006f6500000)
 Metaspace       used 6982K, capacity 7640K, committed 7936K, reserved 1056768K
  class space    used 626K, capacity 656K, committed 768K, reserved 1048576K
}
Event: 19.713 GC heap before
{Heap before GC invocations=23 (full 5):
 PSYoungGen      total 1060352K, used 227521K [0x000000076ab00000, 0x00000007c0000000, 0x00000007c0000000)
  eden space 778240K, 0% used [0x000000076ab00000,0x000000076ab00000,0x000000079a300000)
  from space 282112K, 80% used [0x00000007ad380000,0x00000007bb1b07a8,0x00000007be700000)
  to   space 309760K, 0% used [0x000000079a300000,0x000000079a300000,0x00000007ad180000)
 ParOldGen       total 889856K, used 755651K [0x00000006c0000000, 0x00000006f6500000, 0x000000076ab00000)
  object space 889856K, 84% used [0x00000006c0000000,0x00000006ee1f0e48,0x00000006f6500000)
 Metaspace       used 6982K, capacity 7640K, committed 7936K, reserved 1056768K
  class space    used 626K, capacity 656K, committed 768K, reserved 1048576K
Event: 24.093 GC heap after
Heap after GC invocations=23 (full 5):
 PSYoungGen      total 1060352K, used 0K [0x000000076ab00000, 0x00000007c0000000, 0x00000007c0000000)
  eden space 778240K, 0% used [0x000000076ab00000,0x000000076ab00000,0x000000079a300000)
  from space 282112K, 0% used [0x00000007ad380000,0x00000007ad380000,0x00000007be700000)
  to   space 309760K, 0% used [0x000000079a300000,0x000000079a300000,0x00000007ad180000)
 ParOldGen       total 889856K, used 861952K [0x00000006c0000000, 0x00000006f6500000, 0x000000076ab00000)
  object space 889856K, 96% used [0x00000006c0000000,0x00000006f49c0090,0x00000006f6500000)
 Metaspace       used 6982K, capacity 7640K, committed 7936K, reserved 1056768K
  class space    used 626K, capacity 656K, committed 768K, reserved 1048576K
}
Event: 25.433 GC heap before
{Heap before GC invocations=24 (full 6):
 PSYoungGen      total 1060352K, used 778240K [0x000000076ab00000, 0x00000007c0000000, 0x00000007c0000000)
  eden space 778240K, 100% used [0x000000076ab00000,0x000000079a300000,0x000000079a300000)
  from space 282112K, 0% used [0x00000007ad380000,0x00000007ad380000,0x00000007be700000)
  to   space 309760K, 0% used [0x000000079a300000,0x000000079a300000,0x00000007ad180000)
 ParOldGen       total 889856K, used 861952K [0x00000006c0000000, 0x00000006f6500000, 0x000000076ab00000)
  object space 889856K, 96% used [0x00000006c0000000,0x00000006f49c0090,0x00000006f6500000)
 Metaspace       used 7043K, capacity 7672K, committed 7936K, reserved 1056768K
  class space    used 628K, capacity 688K, committed 768K, reserved 1048576K
Event: 27.424 GC heap after
Heap after GC invocations=24 (full 6):
 PSYoungGen      total 1060352K, used 0K [0x000000076ab00000, 0x00000007c0000000, 0x00000007c0000000)
  eden space 778240K, 0% used [0x000000076ab00000,0x000000076ab00000,0x000000079a300000)
  from space 282112K, 0% used [0x00000007ad380000,0x00000007ad380000,0x00000007be700000)
  to   space 309760K, 0% used [0x000000079a300000,0x000000079a300000,0x00000007ad180000)
 ParOldGen       total 1152512K, used 662998K [0x00000006c0000000, 0x0000000706580000, 0x000000076ab00000)
  object space 1152512K, 57% used [0x00000006c0000000,0x00000006e8775b80,0x0000000706580000)
 Metaspace       used 7043K, capacity 7672K, committed 7936K, reserved 1056768K
  class space    used 628K, capacity 688K, committed 768K, reserved 1048576K
}
Event: 28.503 GC heap before
{Heap before GC invocations=25 (full 6):
 PSYoungGen      total 1060352K, used 778240K [0x000000076ab00000, 0x00000007c0000000, 0x00000007c0000000)
  eden space 778240K, 100% used [0x000000076ab00000,0x000000079a300000,0x000000079a300000)
  from space 282112K, 0% used [0x00000007ad380000,0x00000007ad380000,0x00000007be700000)
  to   space 309760K, 0% used [0x000000079a300000,0x000000079a300000,0x00000007ad180000)
 ParOldGen       total 1152512K, used 662998K [0x00000006c0000000, 0x0000000706580000, 0x000000076ab00000)
  object space 1152512K, 57% used [0x00000006c0000000,0x00000006e8775b80,0x0000000706580000)
 Metaspace       used 7401K, capacity 7864K, committed 8192K, reserved 1056768K
  class space    used 657K, capacity 688K, committed 768K, reserved 1048576K
Event: 28.595 GC heap after
Heap after GC invocations=25 (full 6):
 PSYoungGen      total 1088000K, used 104560K [0x000000076ab00000, 0x00000007bfa00000, 0x00000007c0000000)
  eden space 778240K, 0% used [0x000000076ab00000,0x000000076ab00000,0x000000079a300000)
  from space 309760K, 33% used [0x000000079a300000,0x00000007a091c0d8,0x00000007ad180000)
  to   space 292864K, 0% used [0x00000007adc00000,0x00000007adc00000,0x00000007bfa00000)
 ParOldGen       total 1152512K, used 663006K [0x00000006c0000000, 0x0000000706580000, 0x000000076ab00000)
  object space 1152512K, 57% used [0x00000006c0000000,0x00000006e8777b80,0x0000000706580000)
 Metaspace       used 7401K, capacity 7864K, committed 8192K, reserved 1056768K
  class space    used 657K, capacity 688K, committed 768K, reserved 1048576K
}

Deoptimization events (10 events):
Event: 29.101 Thread 0x000000001e938800 Uncommon trap: reason=unstable_if action=reinterpret pc=0x00000000035dc0cc method=com.android.dx.cf.code.Ropper.doit()V @ 118
Event: 29.103 Thread 0x000000001e938800 Uncommon trap: reason=class_check action=maybe_recompile pc=0x0000000002c79264 method=com.android.dx.cf.code.BaseMachine.localArg(Lcom/android/dx/cf/code/Frame;I)V @ 14
Event: 29.103 Thread 0x000000001e938800 Uncommon trap: reason=class_check action=maybe_recompile pc=0x0000000002f84834 method=com.android.dx.cf.code.Frame.mergeWith(Lcom/android/dx/cf/code/Frame;)Lcom/android/dx/cf/code/Frame; @ 8
Event: 29.103 Thread 0x000000001e938800 Uncommon trap: reason=class_check action=maybe_recompile pc=0x0000000002f84834 method=com.android.dx.cf.code.Frame.mergeWith(Lcom/android/dx/cf/code/Frame;)Lcom/android/dx/cf/code/Frame; @ 8
Event: 29.127 Thread 0x000000001e8a6800 Uncommon trap: reason=unstable_if action=reinterpret pc=0x00000000036702ac method=com.android.dx.dex.code.OutputFinisher.hasLocalInfo(Lcom/android/dx/rop/code/RegisterSpec;)Z @ 1
Event: 29.127 Thread 0x000000001e8a6800 Uncommon trap: reason=unstable_if action=reinterpret pc=0x00000000029a7e00 method=com.android.dx.dex.code.OutputFinisher.hasLocalInfo(Lcom/android/dx/rop/code/RegisterSpec;)Z @ 1
Event: 29.296 Thread 0x000000001e938800 Uncommon trap: reason=unstable_if action=reinterpret pc=0x00000000029cac2c method=com.android.dx.dex.code.OutputFinisher.hasLocalInfo(Lcom/android/dx/rop/code/RegisterSpec;)Z @ 1
Event: 29.498 Thread 0x00000000002ce800 Uncommon trap: reason=unstable_if action=reinterpret pc=0x0000000002c7ba84 method=java.util.concurrent.locks.ReentrantLock$Sync.tryRelease(I)Z @ 28
Event: 29.508 Thread 0x000000001e938800 Uncommon trap: reason=bimorphic action=maybe_recompile pc=0x0000000002c76a70 method=com.android.dx.dex.file.UniformItemSection.prepare0()V @ 20
Event: 29.511 Thread 0x000000001e938800 Uncommon trap: reason=bimorphic action=maybe_recompile pc=0x0000000002c76a70 method=com.android.dx.dex.file.UniformItemSection.prepare0()V @ 20

Classes redefined (0 events):
No events

Internal exceptions (10 events):
Event: 16.622 Thread 0x000000001e936000 Implicit null exception at 0x0000000002cca31d to 0x0000000002cca5be
Event: 25.234 Thread 0x000000001eb33800 Implicit null exception at 0x0000000003505dc2 to 0x000000000350ada3
Event: 27.931 Thread 0x000000001eb33800 Implicit null exception at 0x0000000002fc1912 to 0x0000000002fc2b99
Event: 27.949 Thread 0x000000001e8a6800 Implicit null exception at 0x0000000002c5371e to 0x0000000002c53dcb
Event: 27.949 Thread 0x000000001e8a6800 Implicit null exception at 0x0000000002d070db to 0x0000000002d076b7
Event: 27.953 Thread 0x000000001e8a6800 Implicit null exception at 0x0000000002996ece to 0x0000000002997359
Event: 27.953 Thread 0x000000001e8a6800 Implicit null exception at 0x00000000030e90b7 to 0x00000000030e940d
Event: 29.127 Thread 0x000000001e8a6800 Implicit null exception at 0x000000000366ef1e to 0x000000000367028b
Event: 29.127 Thread 0x000000001e8a6800 Implicit null exception at 0x00000000029a7be9 to 0x00000000029a7de9
Event: 29.295 Thread 0x000000001e938800 Implicit null exception at 0x00000000029caa71 to 0x00000000029cac19

Events (10 events):
Event: 29.828 Thread 0x000000001e938800 DEOPT PACKING pc=0x0000000002a6559d sp=0x000000001f0cea30
Event: 29.828 Thread 0x000000001e938800 DEOPT UNPACKING pc=0x00000000028c75bf sp=0x000000001f0ce778 mode 0
Event: 29.830 Thread 0x000000001e938800 DEOPT PACKING pc=0x0000000002a0d18f sp=0x000000001f0cea80
Event: 29.830 Thread 0x000000001e938800 DEOPT UNPACKING pc=0x00000000028c75bf sp=0x000000001f0ce7f0 mode 0
Event: 29.847 Thread 0x000000001e938800 DEOPT PACKING pc=0x000000000310b715 sp=0x000000001f0ceac0
Event: 29.847 Thread 0x000000001e938800 DEOPT UNPACKING pc=0x00000000028c75bf sp=0x000000001f0ce7f8 mode 0
Event: 29.895 Thread 0x000000001e938800 DEOPT PACKING pc=0x000000000310b715 sp=0x000000001f0ceac0
Event: 29.895 Thread 0x000000001e938800 DEOPT UNPACKING pc=0x00000000028c75bf sp=0x000000001f0ce7f8 mode 0
Event: 29.923 Thread 0x000000001e938800 DEOPT PACKING pc=0x000000000310b715 sp=0x000000001f0ceac0
Event: 29.923 Thread 0x000000001e938800 DEOPT UNPACKING pc=0x00000000028c75bf sp=0x000000001f0ce7f8 mode 0


Dynamic libraries:
0x000000013f160000 - 0x000000013f191000 	C:\Program Files\Android\Android Studio\jre\bin\java.exe
0x0000000077480000 - 0x000000007762a000 	C:\Windows\SYSTEM32\ntdll.dll
0x0000000077360000 - 0x000000007747f000 	C:\Windows\system32\kernel32.dll
0x000007fefd3f0000 - 0x000007fefd45b000 	C:\Windows\system32\KERNELBASE.dll
0x000007fefe200000 - 0x000007fefe2db000 	C:\Windows\system32\ADVAPI32.dll
0x000007fefdc50000 - 0x000007fefdcef000 	C:\Windows\system32\msvcrt.dll
0x000007fefe4b0000 - 0x000007fefe4cf000 	C:\Windows\SYSTEM32\sechost.dll
0x000007fefdcf0000 - 0x000007fefde1d000 	C:\Windows\system32\RPCRT4.dll
0x0000000077260000 - 0x000000007735a000 	C:\Windows\system32\USER32.dll
0x000007fefe0f0000 - 0x000007fefe157000 	C:\Windows\system32\GDI32.dll
0x000007fefe710000 - 0x000007fefe71e000 	C:\Windows\system32\LPK.dll
0x000007fefe2e0000 - 0x000007fefe3aa000 	C:\Windows\system32\USP10.dll
0x000007fefb800000 - 0x000007fefb9f4000 	C:\Windows\WinSxS\amd64_microsoft.windows.common-controls_6595b64144ccf1df_6.0.7601.18837_none_fa3b1e3d17594757\COMCTL32.dll
0x000007fefe160000 - 0x000007fefe1d1000 	C:\Windows\system32\SHLWAPI.dll
0x000007fefe4d0000 - 0x000007fefe4fe000 	C:\Windows\system32\IMM32.DLL
0x000007fefd850000 - 0x000007fefd959000 	C:\Windows\system32\MSCTF.dll
0x0000000071580000 - 0x0000000071652000 	C:\Program Files\Android\Android Studio\jre\jre\bin\msvcr100.dll
0x0000000070940000 - 0x000000007117e000 	C:\Program Files\Android\Android Studio\jre\jre\bin\server\jvm.dll
0x000007fefab60000 - 0x000007fefab69000 	C:\Windows\system32\WSOCK32.dll
0x000007fefe720000 - 0x000007fefe76d000 	C:\Windows\system32\WS2_32.dll
0x000007fefe9f0000 - 0x000007fefe9f8000 	C:\Windows\system32\NSI.dll
0x000007fefa3c0000 - 0x000007fefa3fb000 	C:\Windows\system32\WINMM.dll
0x000007fefc1e0000 - 0x000007fefc1ec000 	C:\Windows\system32\VERSION.dll
0x0000000077650000 - 0x0000000077657000 	C:\Windows\system32\PSAPI.DLL
0x000007fefab30000 - 0x000007fefab3f000 	C:\Program Files\Android\Android Studio\jre\jre\bin\verify.dll
0x000007fef4020000 - 0x000007fef4049000 	C:\Program Files\Android\Android Studio\jre\jre\bin\java.dll
0x000007fef7c60000 - 0x000007fef7c76000 	C:\Program Files\Android\Android Studio\jre\jre\bin\zip.dll
0x000007fefea00000 - 0x000007feff789000 	C:\Windows\system32\SHELL32.dll
0x000007fefe500000 - 0x000007fefe703000 	C:\Windows\system32\ole32.dll
0x000007fefd1c0000 - 0x000007fefd1cf000 	C:\Windows\system32\profapi.dll

VM Arguments:
jvm_args: -Djava.awt.headless=true -Xmx4g -Dfile.encoding=GBK -Duser.country=CN -Duser.language=zh -Duser.variant 
java_command: com.android.dx.command.Main --dex --num-threads=4 --multi-dex --main-dex-list C:\Users\Administrator\Desktop\MLxiao\app\build\intermediates\multi-dex\debug\maindexlist.txt --output C:\Users\Administrator\Desktop\MLxiao\app\build\intermediates\transforms\dex\debug\folders\1000\1f\main C:\Users\Administrator\Desktop\MLxiao\app\build\intermediates\transforms\jarMerging\debug\jars\1\1f\combined.jar
java_class_path (initial): D:\Sdk\sdk\build-tools\25.0.3\lib\dx.jar
Launcher Type: SUN_STANDARD

Environment Variables:
JAVA_HOME=C:\Program Files (x86)\Java\jdk1.8.0_144
CLASSPATH=.;C:\Program Files (x86)\Java\jdk1.8.0_144\lib;C:\Program Files (x86)\Java\jdk1.8.0_144\lib\tools.jar
PATH=C:\ProgramData\Oracle\Java\javapath;C:\Windows\system32;C:\Windows;C:\Windows\System32\Wbem;C:\Windows\System32\WindowsPowerShell\v1.0\;C:\Program Files (x86)\NVIDIA Corporation\PhysX\Common;C:\Program Files (x86)\Java\jdk1.8.0_144\bin;C:\Program Files (x86)\Java\jdk1.8.0_144\jre\bin;C:\Program Files\Git\cmd;D:\Sdk\platform-tools;D:\Sdk\tools;
USERNAME=Administrator
OS=Windows_NT
PROCESSOR_IDENTIFIER=Intel64 Family 6 Model 158 Stepping 9, GenuineIntel



---------------  S Y S T E M  ---------------

OS: Windows 7 , 64 bit Build 7601 (6.1.7601.19160)

CPU:total 4 (initial active 4) (4 cores per cpu, 1 threads per core) family 6 model 158 stepping 9, cmov, cx8, fxsr, mmx, sse, sse2, sse3, ssse3, sse4.1, sse4.2, popcnt, avx, avx2, aes, clmul, erms, 3dnowpref, lzcnt, tsc, tscinvbit, bmi1, bmi2, adx

Memory: 4k page, physical 8335948k(61172k free), swap 10431264k(5136k free)

vm_info: OpenJDK 64-Bit Server VM (25.152-b01) for windows-amd64 JRE (1.8.0_152-release-915-b01), built by "builder" with MS VC++ 10.0 (VS2010)

time: Wed Nov 29 16:28:31 2017
elapsed time: 29 seconds (0d 0h 0m 29s)

