#
# There is insufficient memory for the Java Runtime Environment to continue.
# Native memory allocation (malloc) failed to allocate 2221136 bytes for Chunk::new
# Possible reasons:
#   The system is out of physical RAM or swap space
#   In 32 bit mode, the process size limit was hit
# Possible solutions:
#   Reduce memory load on the system
#   Increase physical memory or swap space
#   Check if swap backing store is full
#   Use 64 bit Java on a 64 bit OS
#   Decrease Java heap size (-Xmx/-Xms)
#   Decrease number of Java threads
#   Decrease Java thread stack sizes (-Xss)
#   Set larger code cache with -XX:ReservedCodeCacheSize=
# This output file may be truncated or incomplete.
#
#  Out of Memory Error (allocation.cpp:390), pid=8088, tid=0x00000000000023a4
#
# JRE version: Java(TM) SE Runtime Environment (8.0_151-b12) (build 1.8.0_151-b12)
# Java VM: Java HotSpot(TM) 64-Bit Server VM (25.151-b12 mixed mode windows-amd64 compressed oops)
# Failed to write core dump. Minidumps are not enabled by default on client versions of Windows
#

---------------  T H R E A D  ---------------

Current thread (0x000000001bfee800):  JavaThread "C2 CompilerThread0" daemon [_thread_in_native, id=9124, stack(0x000000001d9f0000,0x000000001daf0000)]

Stack: [0x000000001d9f0000,0x000000001daf0000]
[error occurred during error reporting (printing stack bounds), id 0xc0000005]

Native frames: (J=compiled Java code, j=interpreted, Vv=VM code, C=native code)


Current CompileTask:
C2:  26386 3745       4       com.android.dx.ssa.back.FirstFitLocalCombiningAllocator::findRangeAndAdjust (311 bytes)


---------------  P R O C E S S  ---------------

Java Threads: ( => current thread )
  0x0000000020306000 JavaThread "pool-1-thread-1" [_thread_blocked, id=7144, stack(0x000000001dd50000,0x000000001de50000)]
  0x000000001d546000 JavaThread "pool-2-thread-4" [_thread_blocked, id=7432, stack(0x000000001ec80000,0x000000001ed80000)]
  0x000000001d53f000 JavaThread "pool-2-thread-3" [_thread_blocked, id=8288, stack(0x000000001ea00000,0x000000001eb00000)]
  0x000000001e2a8800 JavaThread "pool-2-thread-2" [_thread_blocked, id=8924, stack(0x000000001eb10000,0x000000001ec10000)]
  0x000000001e2a6800 JavaThread "pool-3-thread-1" [_thread_blocked, id=9092, stack(0x000000001d880000,0x000000001d980000)]
  0x000000001e2cb800 JavaThread "pool-2-thread-1" [_thread_blocked, id=4632, stack(0x000000001e8e0000,0x000000001e9e0000)]
  0x000000001d215800 JavaThread "Service Thread" daemon [_thread_blocked, id=8608, stack(0x000000001de70000,0x000000001df70000)]
  0x000000001d191800 JavaThread "C1 CompilerThread2" daemon [_thread_blocked, id=8100, stack(0x000000001dc50000,0x000000001dd50000)]
  0x000000001d190800 JavaThread "C2 CompilerThread1" daemon [_thread_in_native, id=8180, stack(0x000000001db00000,0x000000001dc00000)]
=>0x000000001bfee800 JavaThread "C2 CompilerThread0" daemon [_thread_in_native, id=9124, stack(0x000000001d9f0000,0x000000001daf0000)]
  0x000000001d17b000 JavaThread "Attach Listener" daemon [_thread_blocked, id=8512, stack(0x000000001d760000,0x000000001d860000)]
  0x000000001bfdd800 JavaThread "Signal Dispatcher" daemon [_thread_blocked, id=7096, stack(0x000000001d580000,0x000000001d680000)]
  0x000000001bfc9800 JavaThread "Finalizer" daemon [_thread_blocked, id=8872, stack(0x000000001d070000,0x000000001d170000)]
  0x000000001bf82800 JavaThread "Reference Handler" daemon [_thread_blocked, id=8892, stack(0x000000001cdd0000,0x000000001ced0000)]
  0x000000000224e000 JavaThread "main" [_thread_blocked, id=6260, stack(0x00000000025b0000,0x00000000026b0000)]

Other Threads:
  0x000000001bf7b000 VMThread [stack: 0x000000001cf20000,0x000000001d020000] [id=8420]
  0x000000001d26d800 WatcherThread [stack: 0x000000001df80000,0x000000001e080000] [id=9132]

VM state:at safepoint (normal execution)

VM Mutex/Monitor currently owned by a thread:  ([mutex/lock_event])
[0x000000000224c710] Threads_lock - owner thread: 0x000000001bf7b000
[0x000000000224cc10] Heap_lock - owner thread: 0x000000001e2a8800

Heap:
 PSYoungGen      total 914944K, used 717312K [0x000000076ab00000, 0x00000007b1780000, 0x00000007c0000000)
  eden space 717312K, 100% used [0x000000076ab00000,0x0000000796780000,0x0000000796780000)
  from space 197632K, 0% used [0x0000000796780000,0x0000000796780000,0x00000007a2880000)
  to   space 164352K, 0% used [0x00000007a2880000,0x00000007a2880000,0x00000007ac900000)
 ParOldGen       total 580096K, used 579682K [0x00000006c0000000, 0x00000006e3680000, 0x000000076ab00000)
  object space 580096K, 99% used [0x00000006c0000000,0x00000006e3618b10,0x00000006e3680000)
 Metaspace       used 7167K, capacity 7672K, committed 7936K, reserved 1056768K
  class space    used 658K, capacity 688K, committed 768K, reserved 1048576K

Card table byte_map: [0x0000000011a70000,0x0000000012280000] byte_map_base: 0x000000000e470000

Marking Bits: (ParMarkBitMap*) 0x00000000578fd850
 Begin Bits: [0x0000000012df0000, 0x0000000016df0000)
 End Bits:   [0x0000000016df0000, 0x000000001adf0000)

Polling page: 0x0000000002230000

CodeCache: size=245760Kb used=13997Kb max_used=14042Kb free=231762Kb
 bounds [0x00000000026b0000, 0x0000000003480000, 0x00000000116b0000]
 total_blobs=3314 nmethods=3044 adapters=182
 compilation: enabled

Compilation events (10 events):
Event: 26.152 Thread 0x000000001d191800 3754   !   3       java.io.PrintStream::write (83 bytes)
Event: 26.153 Thread 0x000000001d191800 nmethod 3754 0x0000000003115c10 code [0x0000000003115e40, 0x0000000003116a28]
Event: 26.153 Thread 0x000000001d191800 3755   !   3       java.io.PrintStream::newLine (73 bytes)
Event: 26.153 Thread 0x000000001d191800 nmethod 3755 0x0000000003180390 code [0x00000000031805a0, 0x0000000003181018]
Event: 26.184 Thread 0x000000001d191800 3758       2       com.android.dx.dex.code.OutputFinisher::shiftAllRegisters (58 bytes)
Event: 26.184 Thread 0x000000001d191800 nmethod 3758 0x000000000317f690 code [0x000000000317f860, 0x000000000317fda8]
Event: 26.189 Thread 0x000000001d191800 3759       2       com.android.dx.dex.code.LocalList$MakeState::addOrUpdateEnd (105 bytes)
Event: 26.190 Thread 0x000000001d191800 nmethod 3759 0x000000000317e290 code [0x000000000317e4a0, 0x000000000317ec88]
Event: 26.190 Thread 0x000000001d191800 3760       2       com.android.dx.dex.code.form.Form22s::compatibleRegs (48 bytes)
Event: 26.191 Thread 0x000000001d191800 nmethod 3760 0x000000000317da50 code [0x000000000317dc00, 0x000000000317df88]

GC Heap History (10 events):
Event: 13.774 GC heap after
Heap after GC invocations=19 (full 4):
 PSYoungGen      total 914944K, used 103026K [0x000000076ab00000, 0x00000007b1780000, 0x00000007c0000000)
  eden space 717312K, 0% used [0x000000076ab00000,0x000000076ab00000,0x0000000796780000)
  from space 197632K, 52% used [0x0000000796780000,0x000000079cc1cba0,0x00000007a2880000)
  to   space 164352K, 0% used [0x00000007a2880000,0x00000007a2880000,0x00000007ac900000)
 ParOldGen       total 580096K, used 580088K [0x00000006c0000000, 0x00000006e3680000, 0x000000076ab00000)
  object space 580096K, 99% used [0x00000006c0000000,0x00000006e367e0b0,0x00000006e3680000)
 Metaspace       used 6766K, capacity 7384K, committed 7680K, reserved 1056768K
  class space    used 638K, capacity 656K, committed 768K, reserved 1048576K
}
Event: 14.758 GC heap before
{Heap before GC invocations=20 (full 5):
 PSYoungGen      total 914944K, used 820338K [0x000000076ab00000, 0x00000007b1780000, 0x00000007c0000000)
  eden space 717312K, 100% used [0x000000076ab00000,0x0000000796780000,0x0000000796780000)
  from space 197632K, 52% used [0x0000000796780000,0x000000079cc1cba0,0x00000007a2880000)
  to   space 164352K, 0% used [0x00000007a2880000,0x00000007a2880000,0x00000007ac900000)
 ParOldGen       total 580096K, used 580088K [0x00000006c0000000, 0x00000006e3680000, 0x000000076ab00000)
  object space 580096K, 99% used [0x00000006c0000000,0x00000006e367e0b0,0x00000006e3680000)
 Metaspace       used 6769K, capacity 7384K, committed 7680K, reserved 1056768K
  class space    used 639K, capacity 656K, committed 768K, reserved 1048576K
Event: 16.934 GC heap after
Heap after GC invocations=20 (full 5):
 PSYoungGen      total 914944K, used 199611K [0x000000076ab00000, 0x00000007b1780000, 0x00000007c0000000)
  eden space 717312K, 27% used [0x000000076ab00000,0x0000000776deee40,0x0000000796780000)
  from space 197632K, 0% used [0x0000000796780000,0x0000000796780000,0x00000007a2880000)
  to   space 164352K, 0% used [0x00000007a2880000,0x00000007a2880000,0x00000007ac900000)
 ParOldGen       total 580096K, used 580012K [0x00000006c0000000, 0x00000006e3680000, 0x000000076ab00000)
  object space 580096K, 99% used [0x00000006c0000000,0x00000006e366b0e0,0x00000006e3680000)
 Metaspace       used 6769K, capacity 7384K, committed 7680K, reserved 1056768K
  class space    used 639K, capacity 656K, committed 768K, reserved 1048576K
}
Event: 17.517 GC heap before
{Heap before GC invocations=21 (full 6):
 PSYoungGen      total 914944K, used 717312K [0x000000076ab00000, 0x00000007b1780000, 0x00000007c0000000)
  eden space 717312K, 100% used [0x000000076ab00000,0x0000000796780000,0x0000000796780000)
  from space 197632K, 0% used [0x0000000796780000,0x0000000796780000,0x00000007a2880000)
  to   space 164352K, 0% used [0x00000007a2880000,0x00000007a2880000,0x00000007ac900000)
 ParOldGen       total 580096K, used 580012K [0x00000006c0000000, 0x00000006e3680000, 0x000000076ab00000)
  object space 580096K, 99% used [0x00000006c0000000,0x00000006e366b0e0,0x00000006e3680000)
 Metaspace       used 6795K, capacity 7384K, committed 7680K, reserved 1056768K
  class space    used 642K, capacity 656K, committed 768K, reserved 1048576K
Event: 19.006 GC heap after
Heap after GC invocations=21 (full 6):
 PSYoungGen      total 914944K, used 269213K [0x000000076ab00000, 0x00000007b1780000, 0x00000007c0000000)
  eden space 717312K, 37% used [0x000000076ab00000,0x000000077b1e7600,0x0000000796780000)
  from space 197632K, 0% used [0x0000000796780000,0x0000000796780000,0x00000007a2880000)
  to   space 164352K, 0% used [0x00000007a2880000,0x00000007a2880000,0x00000007ac900000)
 ParOldGen       total 580096K, used 579910K [0x00000006c0000000, 0x00000006e3680000, 0x000000076ab00000)
  object space 580096K, 99% used [0x00000006c0000000,0x00000006e3651908,0x00000006e3680000)
 Metaspace       used 6795K, capacity 7384K, committed 7680K, reserved 1056768K
  class space    used 642K, capacity 656K, committed 768K, reserved 1048576K
}
Event: 19.841 GC heap before
{Heap before GC invocations=22 (full 7):
 PSYoungGen      total 914944K, used 717312K [0x000000076ab00000, 0x00000007b1780000, 0x00000007c0000000)
  eden space 717312K, 100% used [0x000000076ab00000,0x0000000796780000,0x0000000796780000)
  from space 197632K, 0% used [0x0000000796780000,0x0000000796780000,0x00000007a2880000)
  to   space 164352K, 0% used [0x00000007a2880000,0x00000007a2880000,0x00000007ac900000)
 ParOldGen       total 580096K, used 579910K [0x00000006c0000000, 0x00000006e3680000, 0x000000076ab00000)
  object space 580096K, 99% used [0x00000006c0000000,0x00000006e3651908,0x00000006e3680000)
 Metaspace       used 6895K, capacity 7448K, committed 7680K, reserved 1056768K
  class space    used 645K, capacity 656K, committed 768K, reserved 1048576K
Event: 22.810 GC heap after
Heap after GC invocations=22 (full 7):
 PSYoungGen      total 914944K, used 327266K [0x000000076ab00000, 0x00000007b1780000, 0x00000007c0000000)
  eden space 717312K, 45% used [0x000000076ab00000,0x000000077ea989f8,0x0000000796780000)
  from space 197632K, 0% used [0x0000000796780000,0x0000000796780000,0x00000007a2880000)
  to   space 164352K, 0% used [0x00000007a2880000,0x00000007a2880000,0x00000007ac900000)
 ParOldGen       total 580096K, used 579903K [0x00000006c0000000, 0x00000006e3680000, 0x000000076ab00000)
  object space 580096K, 99% used [0x00000006c0000000,0x00000006e364fc38,0x00000006e3680000)
 Metaspace       used 6895K, capacity 7448K, committed 7680K, reserved 1056768K
  class space    used 645K, capacity 656K, committed 768K, reserved 1048576K
}
Event: 23.594 GC heap before
{Heap before GC invocations=23 (full 8):
 PSYoungGen      total 914944K, used 717312K [0x000000076ab00000, 0x00000007b1780000, 0x00000007c0000000)
  eden space 717312K, 100% used [0x000000076ab00000,0x0000000796780000,0x0000000796780000)
  from space 197632K, 0% used [0x0000000796780000,0x0000000796780000,0x00000007a2880000)
  to   space 164352K, 0% used [0x00000007a2880000,0x00000007a2880000,0x00000007ac900000)
 ParOldGen       total 580096K, used 579903K [0x00000006c0000000, 0x00000006e3680000, 0x000000076ab00000)
  object space 580096K, 99% used [0x00000006c0000000,0x00000006e364fc38,0x00000006e3680000)
 Metaspace       used 7161K, capacity 7672K, committed 7936K, reserved 1056768K
  class space    used 658K, capacity 688K, committed 768K, reserved 1048576K
Event: 25.602 GC heap after
Heap after GC invocations=23 (full 8):
 PSYoungGen      total 914944K, used 311935K [0x000000076ab00000, 0x00000007b1780000, 0x00000007c0000000)
  eden space 717312K, 43% used [0x000000076ab00000,0x000000077db9fcb8,0x0000000796780000)
  from space 197632K, 0% used [0x0000000796780000,0x0000000796780000,0x00000007a2880000)
  to   space 164352K, 0% used [0x00000007a2880000,0x00000007a2880000,0x00000007ac900000)
 ParOldGen       total 580096K, used 579682K [0x00000006c0000000, 0x00000006e3680000, 0x000000076ab00000)
  object space 580096K, 99% used [0x00000006c0000000,0x00000006e3618b10,0x00000006e3680000)
 Metaspace       used 7161K, capacity 7672K, committed 7936K, reserved 1056768K
  class space    used 658K, capacity 688K, committed 768K, reserved 1048576K
}
Event: 26.234 GC heap before
{Heap before GC invocations=24 (full 9):
 PSYoungGen      total 914944K, used 717312K [0x000000076ab00000, 0x00000007b1780000, 0x00000007c0000000)
  eden space 717312K, 100% used [0x000000076ab00000,0x0000000796780000,0x0000000796780000)
  from space 197632K, 0% used [0x0000000796780000,0x0000000796780000,0x00000007a2880000)
  to   space 164352K, 0% used [0x00000007a2880000,0x00000007a2880000,0x00000007ac900000)
 ParOldGen       total 580096K, used 579682K [0x00000006c0000000, 0x00000006e3680000, 0x000000076ab00000)
  object space 580096K, 99% used [0x00000006c0000000,0x00000006e3618b10,0x00000006e3680000)
 Metaspace       used 7167K, capacity 7672K, committed 7936K, reserved 1056768K
  class space    used 658K, capacity 688K, committed 768K, reserved 1048576K

Deoptimization events (10 events):
Event: 23.567 Thread 0x0000000020306000 Uncommon trap: reason=array_check action=maybe_recompile pc=0x000000000345b9a0 method=java.util.ComparableTimSort.binarySort([Ljava/lang/Object;III)V @ 193
Event: 23.579 Thread 0x0000000020306000 Uncommon trap: reason=array_check action=maybe_recompile pc=0x000000000345b9a0 method=java.util.ComparableTimSort.binarySort([Ljava/lang/Object;III)V @ 193
Event: 23.580 Thread 0x0000000020306000 Uncommon trap: reason=array_check action=maybe_recompile pc=0x000000000345b9a0 method=java.util.ComparableTimSort.binarySort([Ljava/lang/Object;III)V @ 193
Event: 23.585 Thread 0x0000000020306000 Uncommon trap: reason=array_check action=maybe_recompile pc=0x000000000345b9a0 method=java.util.ComparableTimSort.binarySort([Ljava/lang/Object;III)V @ 193
Event: 25.612 Thread 0x0000000020306000 Uncommon trap: reason=array_check action=maybe_recompile pc=0x0000000003464514 method=java.util.ComparableTimSort.binarySort([Ljava/lang/Object;III)V @ 183
Event: 25.613 Thread 0x0000000020306000 Uncommon trap: reason=array_check action=maybe_recompile pc=0x00000000034643f0 method=java.util.ComparableTimSort.binarySort([Ljava/lang/Object;III)V @ 215
Event: 25.613 Thread 0x0000000020306000 Uncommon trap: reason=array_check action=maybe_recompile pc=0x00000000034643f0 method=java.util.ComparableTimSort.binarySort([Ljava/lang/Object;III)V @ 215
Event: 25.822 Thread 0x000000000224e000 Uncommon trap: reason=unstable_if action=reinterpret pc=0x00000000034691b4 method=com.android.dx.rop.code.Insn.contentEquals(Lcom/android/dx/rop/code/Insn;)Z @ 47
Event: 26.137 Thread 0x000000001e2cb800 Uncommon trap: reason=bimorphic action=maybe_recompile pc=0x000000000321d6d4 method=com.android.dx.cf.code.BytecodeArray.parseInstruction(ILcom/android/dx/cf/code/BytecodeArray$Visitor;)I @ 1067
Event: 26.137 Thread 0x000000001e2cb800 Uncommon trap: reason=bimorphic action=maybe_recompile pc=0x000000000321d6d4 method=com.android.dx.cf.code.BytecodeArray.parseInstruction(ILcom/android/dx/cf/code/BytecodeArray$Visitor;)I @ 1067

Internal exceptions (10 events):
Event: 0.231 Thread 0x000000000224e000 Implicit null exception at 0x00000000028171f8 to 0x0000000002817811
Event: 0.548 Thread 0x000000001d53f000 Implicit null exception at 0x0000000002a07262 to 0x0000000002a07362
Event: 0.640 Thread 0x000000001e2a8800 Implicit null exception at 0x0000000002aac99f to 0x0000000002aadb7d
Event: 0.800 Thread 0x000000001d53f000 Implicit null exception at 0x0000000002ac3829 to 0x0000000002ac47f9
Event: 0.838 Thread 0x000000001d546000 Implicit null exception at 0x0000000002b8f835 to 0x0000000002b8f9fd
Event: 0.930 Thread 0x000000001e2cb800 Exception <a 'java/lang/ArrayIndexOutOfBoundsException': 18> (0x000000076f13cf30) thrown at [C:\re\workspace\8-2-build-windows-amd64-cygwin\jdk8u151\9699\hotspot\src\share\vm\interpreter\interpreterRuntime.cpp, line 366]
Event: 0.931 Thread 0x000000001e2cb800 Exception <a 'java/lang/ArrayIndexOutOfBoundsException': 145> (0x000000076f13eab0) thrown at [C:\re\workspace\8-2-build-windows-amd64-cygwin\jdk8u151\9699\hotspot\src\share\vm\interpreter\interpreterRuntime.cpp, line 366]
Event: 0.931 Thread 0x000000001e2cb800 Exception <a 'java/lang/ArrayIndexOutOfBoundsException'> (0x000000076f13fd98) thrown at [C:\re\workspace\8-2-build-windows-amd64-cygwin\jdk8u151\9699\hotspot\src\share\vm\runtime\sharedRuntime.cpp, line 605]
Event: 3.748 Thread 0x000000000224e000 Implicit null exception at 0x0000000002830910 to 0x000000000283129d
Event: 11.387 Thread 0x000000001e2cb800 Implicit null exception at 0x0000000003161830 to 0x0000000003161ac7

Events (10 events):
Event: 25.822 Thread 0x000000000224e000 Uncommon trap: trap_request=0xffffff65 fr.pc=0x00000000034691b4
Event: 25.822 Thread 0x000000000224e000 DEOPT PACKING pc=0x00000000034691b4 sp=0x00000000026ae430
Event: 25.822 Thread 0x000000000224e000 DEOPT UNPACKING pc=0x00000000026f582a sp=0x00000000026ae3f8 mode 2
Event: 26.137 Thread 0x000000001e2cb800 Uncommon trap: trap_request=0xffffffc6 fr.pc=0x000000000321d6d4
Event: 26.137 Thread 0x000000001e2cb800 DEOPT PACKING pc=0x000000000321d6d4 sp=0x000000001e9de8e0
Event: 26.137 Thread 0x000000001e2cb800 DEOPT UNPACKING pc=0x00000000026f582a sp=0x000000001e9de880 mode 2
Event: 26.137 Thread 0x000000001e2cb800 Uncommon trap: trap_request=0xffffffc6 fr.pc=0x000000000321d6d4
Event: 26.137 Thread 0x000000001e2cb800 DEOPT PACKING pc=0x000000000321d6d4 sp=0x000000001e9de860
Event: 26.137 Thread 0x000000001e2cb800 DEOPT UNPACKING pc=0x00000000026f582a sp=0x000000001e9de800 mode 2
Event: 26.234 Executing VM operation: ParallelGCFailedAllocation


Dynamic libraries:
0x000000013f3c0000 - 0x000000013f3f7000 	C:\Program Files\Java\jdk1.8.0_151\bin\java.exe
0x0000000076e30000 - 0x0000000076fda000 	C:\Windows\SYSTEM32\ntdll.dll
0x0000000076c10000 - 0x0000000076d2f000 	C:\Windows\system32\kernel32.dll
0x000007fefcc00000 - 0x000007fefcc6b000 	C:\Windows\system32\KERNELBASE.dll
0x000007fefd440000 - 0x000007fefd51b000 	C:\Windows\system32\ADVAPI32.dll
0x000007fefea70000 - 0x000007fefeb0f000 	C:\Windows\system32\msvcrt.dll
0x000007fefd420000 - 0x000007fefd43f000 	C:\Windows\SYSTEM32\sechost.dll
0x000007fefe580000 - 0x000007fefe6ad000 	C:\Windows\system32\RPCRT4.dll
0x0000000076d30000 - 0x0000000076e2a000 	C:\Windows\system32\USER32.dll
0x000007fefd200000 - 0x000007fefd267000 	C:\Windows\system32\GDI32.dll
0x000007fefe3f0000 - 0x000007fefe3fe000 	C:\Windows\system32\LPK.dll
0x000007fefe480000 - 0x000007fefe54a000 	C:\Windows\system32\USP10.dll
0x000007fefb080000 - 0x000007fefb274000 	C:\Windows\WinSxS\amd64_microsoft.windows.common-controls_6595b64144ccf1df_6.0.7601.18837_none_fa3b1e3d17594757\COMCTL32.dll
0x000007fefe400000 - 0x000007fefe471000 	C:\Windows\system32\SHLWAPI.dll
0x000007fefe550000 - 0x000007fefe57e000 	C:\Windows\system32\IMM32.DLL
0x000007fefed00000 - 0x000007fefee09000 	C:\Windows\system32\MSCTF.dll
0x000000005c2c0000 - 0x000000005c392000 	C:\Program Files\Java\jdk1.8.0_151\jre\bin\msvcr100.dll
0x00000000570e0000 - 0x000000005797d000 	C:\Program Files\Java\jdk1.8.0_151\jre\bin\server\jvm.dll
0x000007fefb560000 - 0x000007fefb569000 	C:\Windows\system32\WSOCK32.dll
0x000007fefe6b0000 - 0x000007fefe6fd000 	C:\Windows\system32\WS2_32.dll
0x000007fefeb10000 - 0x000007fefeb18000 	C:\Windows\system32\NSI.dll
0x000007fefaa60000 - 0x000007fefaa9b000 	C:\Windows\system32\WINMM.dll
0x000007fefbb90000 - 0x000007fefbb9c000 	C:\Windows\system32\VERSION.dll
0x0000000076ff0000 - 0x0000000076ff7000 	C:\Windows\system32\PSAPI.DLL
0x0000000072850000 - 0x000000007285f000 	C:\Program Files\Java\jdk1.8.0_151\jre\bin\verify.dll
0x000000005c290000 - 0x000000005c2b9000 	C:\Program Files\Java\jdk1.8.0_151\jre\bin\java.dll
0x0000000072830000 - 0x0000000072846000 	C:\Program Files\Java\jdk1.8.0_151\jre\bin\zip.dll
0x000007fefd660000 - 0x000007fefe3e9000 	C:\Windows\system32\SHELL32.dll
0x000007fefef30000 - 0x000007feff133000 	C:\Windows\system32\ole32.dll
0x000007fefcb70000 - 0x000007fefcb7f000 	C:\Windows\system32\profapi.dll

VM Arguments:
jvm_args: -Djava.awt.headless=true -Xmx4g -Dfile.encoding=GBK -Duser.country=CN -Duser.language=zh -Duser.variant 
java_command: com.android.dx.command.Main --dex --num-threads=4 --multi-dex --main-dex-list C:\Users\Administrator\Desktop\MLxiao\app\build\intermediates\multi-dex\debug\maindexlist.txt --output C:\Users\Administrator\Desktop\MLxiao\app\build\intermediates\transforms\dex\debug\folders\1000\1f\main C:\Users\Administrator\Desktop\MLxiao\app\build\intermediates\transforms\jarMerging\debug\jars\1\1f\combined.jar
java_class_path (initial): D:\Sdk\build-tools\26.0.1\lib\dx.jar
Launcher Type: SUN_STANDARD

Environment Variables:
JAVA_HOME=C:\Program Files\Java\jdk1.8.0_151
CLASSPATH=.;C:\Program Files\Java\jdk1.8.0_151\lib;C:\Program Files\Java\jdk1.8.0_151\lib\tools.jar;C:\Program Files\Java\jdk1.8.0_151\lib\dt.jar;
PATH=C:\Program Files (x86)\Common Files\Intel\Shared Libraries\redist\intel64\compiler;C:\Windows\system32;C:\Windows;C:\Windows\System32\Wbem;C:\Windows\System32\WindowsPowerShell\v1.0\;C:\Program Files (x86)\NVIDIA Corporation\PhysX\Common;C:\Program Files\Java\jdk1.8.0_151\bin;C:\Program Files\Java\jdk1.8.0_151\jre1.8.0_151\bin;C:\Program Files\Git\cmd;D:\Sdk\platform-tools;D:\Sdk\tools;C:\Program Files\Common Files\Autodesk Shared\;C:\Program Files (x86)\Python\Scripts\;C:\Program Files (x86)\Python\;
USERNAME=Administrator
OS=Windows_NT
PROCESSOR_IDENTIFIER=Intel64 Family 6 Model 158 Stepping 9, GenuineIntel



---------------  S Y S T E M  ---------------

OS: Windows 7 , 64 bit Build 7601 (6.1.7601.19160)

CPU:total 4 (initial active 4) (4 cores per cpu, 1 threads per core) family 6 model 158 stepping 9, cmov, cx8, fxsr, mmx, sse, sse2, sse3, ssse3, sse4.1, sse4.2, popcnt, avx, avx2, aes, clmul, erms, 3dnowpref, lzcnt, tsc, tscinvbit, bmi1, bmi2, adx

Memory: 4k page, physical 8335948k(347388k free), swap 10431264k(6792k free)

vm_info: Java HotSpot(TM) 64-Bit Server VM (25.151-b12) for windows-amd64 JRE (1.8.0_151-b12), built on Sep  5 2017 19:33:46 by "java_re" with MS VC++ 10.0 (VS2010)

time: Thu Jan 18 14:50:18 2018
elapsed time: 26 seconds (0d 0h 0m 26s)

