#
# There is insufficient memory for the Java Runtime Environment to continue.
# Native memory allocation (malloc) failed to allocate 108816 bytes for Chunk::new
# Possible reasons:
#   The system is out of physical RAM or swap space
#   In 32 bit mode, the process size limit was hit
# Possible solutions:
#   Reduce memory load on the system
#   Increase physical memory or swap space
#   Check if swap backing store is full
#   Use 64 bit Java on a 64 bit OS
#   Decrease Java heap size (-Xmx/-Xms)
#   Decrease number of Java threads
#   Decrease Java thread stack sizes (-Xss)
#   Set larger code cache with -XX:ReservedCodeCacheSize=
# This output file may be truncated or incomplete.
#
#  Out of Memory Error (allocation.cpp:390), pid=9696, tid=0x0000000000000b44
#
# JRE version: Java(TM) SE Runtime Environment (8.0_151-b12) (build 1.8.0_151-b12)
# Java VM: Java HotSpot(TM) 64-Bit Server VM (25.151-b12 mixed mode windows-amd64 compressed oops)
# Failed to write core dump. Minidumps are not enabled by default on client versions of Windows
#

---------------  T H R E A D  ---------------

Current thread (0x000000001d3a5000):  JavaThread "C2 CompilerThread1" daemon [_thread_in_native, id=2884, stack(0x000000001db90000,0x000000001dc90000)]

Stack: [0x000000001db90000,0x000000001dc90000]
[error occurred during error reporting (printing stack bounds), id 0xc0000005]

Native frames: (J=compiled Java code, j=interpreted, Vv=VM code, C=native code)


Current CompileTask:
C2:    258  220       4       com.android.dx.cf.direct.ClassPathOpener::compareClassNames (42 bytes)


---------------  P R O C E S S  ---------------

Java Threads: ( => current thread )
  0x000000001d423800 JavaThread "Service Thread" daemon [_thread_blocked, id=10500, stack(0x000000001da30000,0x000000001db30000)]
  0x000000001d3a6000 JavaThread "C1 CompilerThread2" daemon [_thread_in_native, id=11252, stack(0x000000001ddb0000,0x000000001deb0000)]
=>0x000000001d3a5000 JavaThread "C2 CompilerThread1" daemon [_thread_in_native, id=2884, stack(0x000000001db90000,0x000000001dc90000)]
  0x000000001d393000 JavaThread "C2 CompilerThread0" daemon [_thread_in_native, id=10248, stack(0x000000001d920000,0x000000001da20000)]
  0x000000001d390800 JavaThread "Attach Listener" daemon [_thread_blocked, id=10876, stack(0x000000001d7f0000,0x000000001d8f0000)]
  0x000000001c009000 JavaThread "Signal Dispatcher" daemon [_thread_blocked, id=7540, stack(0x000000001d060000,0x000000001d160000)]
  0x000000001bfed000 JavaThread "Finalizer" daemon [_thread_blocked, id=9064, stack(0x000000001d280000,0x000000001d380000)]
  0x000000001bfa6000 JavaThread "Reference Handler" daemon [_thread_blocked, id=5488, stack(0x000000001d170000,0x000000001d270000)]
  0x00000000003ee000 JavaThread "main" [_thread_in_Java, id=10084, stack(0x0000000002680000,0x0000000002780000)]

Other Threads:
  0x000000001bf9e800 VMThread [stack: 0x000000001cf60000,0x000000001d060000] [id=9932]
  0x000000001d46f000 WatcherThread [stack: 0x000000001df40000,0x000000001e040000] [id=7828]

VM state:not at safepoint (normal execution)

VM Mutex/Monitor currently owned by a thread: None

Heap:
 PSYoungGen      total 38400K, used 22254K [0x000000076ab00000, 0x000000076d580000, 0x00000007c0000000)
  eden space 33280K, 54% used [0x000000076ab00000,0x000000076bcb3e50,0x000000076cb80000)
  from space 5120K, 80% used [0x000000076cb80000,0x000000076cf87bc8,0x000000076d080000)
  to   space 5120K, 0% used [0x000000076d080000,0x000000076d080000,0x000000076d580000)
 ParOldGen       total 87552K, used 24K [0x00000006c0000000, 0x00000006c5580000, 0x000000076ab00000)
  object space 87552K, 0% used [0x00000006c0000000,0x00000006c0006000,0x00000006c5580000)
 Metaspace       used 3644K, capacity 4784K, committed 5120K, reserved 1056768K
  class space    used 394K, capacity 424K, committed 512K, reserved 1048576K

Card table byte_map: [0x0000000011b40000,0x0000000012350000] byte_map_base: 0x000000000e540000

Marking Bits: (ParMarkBitMap*) 0x000000005771d850
 Begin Bits: [0x0000000012e10000, 0x0000000016e10000)
 End Bits:   [0x0000000016e10000, 0x000000001ae10000)

Polling page: 0x0000000000130000

CodeCache: size=245760Kb used=1626Kb max_used=1626Kb free=244133Kb
 bounds [0x0000000002780000, 0x00000000029f0000, 0x0000000011780000]
 total_blobs=472 nmethods=224 adapters=161
 compilation: enabled

Compilation events (10 events):
Event: 0.255 Thread 0x000000001d3a6000  227       3       java.util.regex.Matcher::getTextLength (10 bytes)
Event: 0.255 Thread 0x000000001d3a6000 nmethod 227 0x000000000290ce90 code [0x000000000290d000, 0x000000000290d228]
Event: 0.255 Thread 0x000000001d3a6000  228       1       java.lang.AbstractStringBuilder::length (5 bytes)
Event: 0.255 Thread 0x000000001d3a6000 nmethod 228 0x0000000002904710 code [0x0000000002904860, 0x0000000002904970]
Event: 0.255 Thread 0x000000001d3a6000  229       3       java.util.TimSort::mergeAt (358 bytes)
Event: 0.256 Thread 0x000000001d3a6000 nmethod 229 0x000000000290c290 code [0x000000000290c460, 0x000000000290ca38]
Event: 0.256 Thread 0x000000001d3a6000  230  s    3       java.lang.StringBuffer::append (15 bytes)
Event: 0.256 Thread 0x000000001d3a6000 nmethod 230 0x0000000002913050 code [0x00000000029131c0, 0x00000000029134e8]
Event: 0.257 Thread 0x000000001d3a6000  231  s    3       java.lang.StringBuffer::toString (36 bytes)
Event: 0.257 Thread 0x000000001d3a6000 nmethod 231 0x00000000029128d0 code [0x0000000002912a60, 0x0000000002912f08]

GC Heap History (6 events):
Event: 0.222 GC heap before
{Heap before GC invocations=1 (full 0):
 PSYoungGen      total 38400K, used 33280K [0x000000076ab00000, 0x000000076d580000, 0x00000007c0000000)
  eden space 33280K, 100% used [0x000000076ab00000,0x000000076cb80000,0x000000076cb80000)
  from space 5120K, 0% used [0x000000076d080000,0x000000076d080000,0x000000076d580000)
  to   space 5120K, 0% used [0x000000076cb80000,0x000000076cb80000,0x000000076d080000)
 ParOldGen       total 87552K, used 0K [0x00000006c0000000, 0x00000006c5580000, 0x000000076ab00000)
  object space 87552K, 0% used [0x00000006c0000000,0x00000006c0000000,0x00000006c5580000)
 Metaspace       used 3632K, capacity 4784K, committed 5120K, reserved 1056768K
  class space    used 394K, capacity 424K, committed 512K, reserved 1048576K
Event: 0.225 GC heap after
Heap after GC invocations=1 (full 0):
 PSYoungGen      total 38400K, used 4367K [0x000000076ab00000, 0x000000076d580000, 0x00000007c0000000)
  eden space 33280K, 0% used [0x000000076ab00000,0x000000076ab00000,0x000000076cb80000)
  from space 5120K, 85% used [0x000000076cb80000,0x000000076cfc3c80,0x000000076d080000)
  to   space 5120K, 0% used [0x000000076d080000,0x000000076d080000,0x000000076d580000)
 ParOldGen       total 87552K, used 8K [0x00000006c0000000, 0x00000006c5580000, 0x000000076ab00000)
  object space 87552K, 0% used [0x00000006c0000000,0x00000006c0002000,0x00000006c5580000)
 Metaspace       used 3632K, capacity 4784K, committed 5120K, reserved 1056768K
  class space    used 394K, capacity 424K, committed 512K, reserved 1048576K
}
Event: 0.237 GC heap before
{Heap before GC invocations=2 (full 0):
 PSYoungGen      total 38400K, used 37647K [0x000000076ab00000, 0x000000076d580000, 0x00000007c0000000)
  eden space 33280K, 99% used [0x000000076ab00000,0x000000076cb7ffa0,0x000000076cb80000)
  from space 5120K, 85% used [0x000000076cb80000,0x000000076cfc3c80,0x000000076d080000)
  to   space 5120K, 0% used [0x000000076d080000,0x000000076d080000,0x000000076d580000)
 ParOldGen       total 87552K, used 8K [0x00000006c0000000, 0x00000006c5580000, 0x000000076ab00000)
  object space 87552K, 0% used [0x00000006c0000000,0x00000006c0002000,0x00000006c5580000)
 Metaspace       used 3635K, capacity 4784K, committed 5120K, reserved 1056768K
  class space    used 394K, capacity 424K, committed 512K, reserved 1048576K
Event: 0.239 GC heap after
Heap after GC invocations=2 (full 0):
 PSYoungGen      total 38400K, used 4182K [0x000000076ab00000, 0x000000076d580000, 0x00000007c0000000)
  eden space 33280K, 0% used [0x000000076ab00000,0x000000076ab00000,0x000000076cb80000)
  from space 5120K, 81% used [0x000000076d080000,0x000000076d495bd8,0x000000076d580000)
  to   space 5120K, 0% used [0x000000076cb80000,0x000000076cb80000,0x000000076d080000)
 ParOldGen       total 87552K, used 16K [0x00000006c0000000, 0x00000006c5580000, 0x000000076ab00000)
  object space 87552K, 0% used [0x00000006c0000000,0x00000006c0004000,0x00000006c5580000)
 Metaspace       used 3635K, capacity 4784K, committed 5120K, reserved 1056768K
  class space    used 394K, capacity 424K, committed 512K, reserved 1048576K
}
Event: 0.250 GC heap before
{Heap before GC invocations=3 (full 0):
 PSYoungGen      total 38400K, used 37462K [0x000000076ab00000, 0x000000076d580000, 0x00000007c0000000)
  eden space 33280K, 100% used [0x000000076ab00000,0x000000076cb80000,0x000000076cb80000)
  from space 5120K, 81% used [0x000000076d080000,0x000000076d495bd8,0x000000076d580000)
  to   space 5120K, 0% used [0x000000076cb80000,0x000000076cb80000,0x000000076d080000)
 ParOldGen       total 87552K, used 16K [0x00000006c0000000, 0x00000006c5580000, 0x000000076ab00000)
  object space 87552K, 0% used [0x00000006c0000000,0x00000006c0004000,0x00000006c5580000)
 Metaspace       used 3641K, capacity 4784K, committed 5120K, reserved 1056768K
  class space    used 394K, capacity 424K, committed 512K, reserved 1048576K
Event: 0.253 GC heap after
Heap after GC invocations=3 (full 0):
 PSYoungGen      total 38400K, used 4126K [0x000000076ab00000, 0x000000076d580000, 0x00000007c0000000)
  eden space 33280K, 0% used [0x000000076ab00000,0x000000076ab00000,0x000000076cb80000)
  from space 5120K, 80% used [0x000000076cb80000,0x000000076cf87bc8,0x000000076d080000)
  to   space 5120K, 0% used [0x000000076d080000,0x000000076d080000,0x000000076d580000)
 ParOldGen       total 87552K, used 24K [0x00000006c0000000, 0x00000006c5580000, 0x000000076ab00000)
  object space 87552K, 0% used [0x00000006c0000000,0x00000006c0006000,0x00000006c5580000)
 Metaspace       used 3641K, capacity 4784K, committed 5120K, reserved 1056768K
  class space    used 394K, capacity 424K, committed 512K, reserved 1048576K
}

Deoptimization events (3 events):
Event: 0.155 Thread 0x00000000003ee000 Uncommon trap: reason=unstable_if action=reinterpret pc=0x00000000028ae9d8 method=java.lang.String.replace(CC)Ljava/lang/String; @ 35
Event: 0.191 Thread 0x00000000003ee000 Uncommon trap: reason=unstable_if action=reinterpret pc=0x00000000028e481c method=java.util.zip.ZipFile$ZipEntryIterator.hasNext()Z @ 25
Event: 0.214 Thread 0x00000000003ee000 Uncommon trap: reason=unstable_if action=reinterpret pc=0x00000000028fe0d0 method=java.util.regex.Pattern$BnM.match(Ljava/util/regex/Matcher;ILjava/lang/CharSequence;)Z @ 34

Internal exceptions (2 events):
Event: 0.038 Thread 0x00000000003ee000 Exception <a 'java/lang/NoSuchMethodError': Method sun.misc.Unsafe.defineClass(Ljava/lang/String;[BII)Ljava/lang/Class; name or signature does not match> (0x000000076ab07ca8) thrown at [C:\re\workspace\8-2-build-windows-amd64-cygwin\jdk8u151\9699\hotspot\
Event: 0.038 Thread 0x00000000003ee000 Exception <a 'java/lang/NoSuchMethodError': Method sun.misc.Unsafe.prefetchRead(Ljava/lang/Object;J)V name or signature does not match> (0x000000076ab07f90) thrown at [C:\re\workspace\8-2-build-windows-amd64-cygwin\jdk8u151\9699\hotspot\src\share\vm\prims

Events (10 events):
Event: 0.192 loading class java/util/regex/Pattern$SliceS done
Event: 0.214 Thread 0x00000000003ee000 Uncommon trap: trap_request=0xffffff65 fr.pc=0x00000000028fe0d0
Event: 0.214 Thread 0x00000000003ee000 DEOPT PACKING pc=0x00000000028fe0d0 sp=0x000000000277ef50
Event: 0.214 Thread 0x00000000003ee000 DEOPT UNPACKING pc=0x00000000027c582a sp=0x000000000277ee98 mode 2
Event: 0.222 Executing VM operation: ParallelGCFailedAllocation
Event: 0.225 Executing VM operation: ParallelGCFailedAllocation done
Event: 0.237 Executing VM operation: ParallelGCFailedAllocation
Event: 0.239 Executing VM operation: ParallelGCFailedAllocation done
Event: 0.250 Executing VM operation: ParallelGCFailedAllocation
Event: 0.253 Executing VM operation: ParallelGCFailedAllocation done


Dynamic libraries:
0x000000013f160000 - 0x000000013f197000 	C:\Program Files\Java\jdk1.8.0_151\bin\java.exe
0x0000000076f00000 - 0x00000000770aa000 	C:\Windows\SYSTEM32\ntdll.dll
0x0000000076de0000 - 0x0000000076eff000 	C:\Windows\system32\kernel32.dll
0x000007fefcc90000 - 0x000007fefccfb000 	C:\Windows\system32\KERNELBASE.dll
0x000007fefd0d0000 - 0x000007fefd1ab000 	C:\Windows\system32\ADVAPI32.dll
0x000007fefdb40000 - 0x000007fefdbdf000 	C:\Windows\system32\msvcrt.dll
0x000007fefd000000 - 0x000007fefd01f000 	C:\Windows\SYSTEM32\sechost.dll
0x000007fefddc0000 - 0x000007fefdeed000 	C:\Windows\system32\RPCRT4.dll
0x0000000076ce0000 - 0x0000000076dda000 	C:\Windows\system32\USER32.dll
0x000007feff1a0000 - 0x000007feff207000 	C:\Windows\system32\GDI32.dll
0x000007feff190000 - 0x000007feff19e000 	C:\Windows\system32\LPK.dll
0x000007fefe2e0000 - 0x000007fefe3aa000 	C:\Windows\system32\USP10.dll
0x000007fefb2c0000 - 0x000007fefb4b4000 	C:\Windows\WinSxS\amd64_microsoft.windows.common-controls_6595b64144ccf1df_6.0.7601.18837_none_fa3b1e3d17594757\COMCTL32.dll
0x000007fefdef0000 - 0x000007fefdf61000 	C:\Windows\system32\SHLWAPI.dll
0x000007fefd960000 - 0x000007fefd98e000 	C:\Windows\system32\IMM32.DLL
0x000007fefda30000 - 0x000007fefdb39000 	C:\Windows\system32\MSCTF.dll
0x0000000062a10000 - 0x0000000062ae2000 	C:\Program Files\Java\jdk1.8.0_151\jre\bin\msvcr100.dll
0x0000000056f00000 - 0x000000005779d000 	C:\Program Files\Java\jdk1.8.0_151\jre\bin\server\jvm.dll
0x000007fefb720000 - 0x000007fefb729000 	C:\Windows\system32\WSOCK32.dll
0x000007fefe3b0000 - 0x000007fefe3fd000 	C:\Windows\system32\WS2_32.dll
0x000007fefd020000 - 0x000007fefd028000 	C:\Windows\system32\NSI.dll
0x000007fefaa60000 - 0x000007fefaa9b000 	C:\Windows\system32\WINMM.dll
0x000007fefbc60000 - 0x000007fefbc6c000 	C:\Windows\system32\VERSION.dll
0x00000000770c0000 - 0x00000000770c7000 	C:\Windows\system32\PSAPI.DLL
0x0000000074730000 - 0x000000007473f000 	C:\Program Files\Java\jdk1.8.0_151\jre\bin\verify.dll
0x0000000069030000 - 0x0000000069059000 	C:\Program Files\Java\jdk1.8.0_151\jre\bin\java.dll
0x0000000074710000 - 0x0000000074726000 	C:\Program Files\Java\jdk1.8.0_151\jre\bin\zip.dll
0x000007fefe400000 - 0x000007feff189000 	C:\Windows\system32\SHELL32.dll
0x000007fefd670000 - 0x000007fefd873000 	C:\Windows\system32\ole32.dll
0x000007fefcc50000 - 0x000007fefcc5f000 	C:\Windows\system32\profapi.dll

VM Arguments:
jvm_args: -Djava.awt.headless=true -Xmx4g -Dfile.encoding=GBK -Duser.country=CN -Duser.language=zh -Duser.variant 
java_command: com.android.dx.command.Main --dex --num-threads=4 --multi-dex --main-dex-list C:\Users\Administrator\Desktop\MLxiao\app\build\intermediates\multi-dex\debug\maindexlist.txt --output C:\Users\Administrator\Desktop\MLxiao\app\build\intermediates\transforms\dex\debug\folders\1000\1f\main C:\Users\Administrator\Desktop\MLxiao\app\build\intermediates\transforms\jarMerging\debug\jars\1\1f\combined.jar
java_class_path (initial): D:\Sdk\build-tools\26.0.1\lib\dx.jar
Launcher Type: SUN_STANDARD

Environment Variables:
JAVA_HOME=C:\Program Files\Java\jdk1.8.0_151
CLASSPATH=.;C:\Program Files\Java\jdk1.8.0_151\lib;C:\Program Files\Java\jdk1.8.0_151\lib\tools.jar;C:\Program Files\Java\jdk1.8.0_151\lib\dt.jar;
PATH=C:\Program Files (x86)\Common Files\Intel\Shared Libraries\redist\intel64\compiler;C:\Windows\system32;C:\Windows;C:\Windows\System32\Wbem;C:\Windows\System32\WindowsPowerShell\v1.0\;C:\Program Files (x86)\NVIDIA Corporation\PhysX\Common;C:\Program Files\Java\jdk1.8.0_151\bin;C:\Program Files\Java\jdk1.8.0_151\jre1.8.0_151\bin;C:\Program Files\Git\cmd;D:\Sdk\platform-tools;D:\Sdk\tools;C:\Program Files\Common Files\Autodesk Shared\;C:\Program Files (x86)\Python\Scripts\;C:\Program Files (x86)\Python\;
USERNAME=Administrator
OS=Windows_NT
PROCESSOR_IDENTIFIER=Intel64 Family 6 Model 158 Stepping 9, GenuineIntel



---------------  S Y S T E M  ---------------

OS: Windows 7 , 64 bit Build 7601 (6.1.7601.19160)

CPU:total 4 (initial active 4) (4 cores per cpu, 1 threads per core) family 6 model 158 stepping 9, cmov, cx8, fxsr, mmx, sse, sse2, sse3, ssse3, sse4.1, sse4.2, popcnt, avx, avx2, aes, clmul, erms, 3dnowpref, lzcnt, tsc, tscinvbit, bmi1, bmi2, adx

Memory: 4k page, physical 8335948k(504400k free), swap 10431264k(5124k free)

vm_info: Java HotSpot(TM) 64-Bit Server VM (25.151-b12) for windows-amd64 JRE (1.8.0_151-b12), built on Sep  5 2017 19:33:46 by "java_re" with MS VC++ 10.0 (VS2010)

time: Thu Jan 11 17:28:25 2018
elapsed time: 0 seconds (0d 0h 0m 0s)

