#
# There is insufficient memory for the Java Runtime Environment to continue.
# Native memory allocation (malloc) failed to allocate 32744 bytes for ChunkPool::allocate
# Possible reasons:
#   The system is out of physical RAM or swap space
#   In 32 bit mode, the process size limit was hit
# Possible solutions:
#   Reduce memory load on the system
#   Increase physical memory or swap space
#   Check if swap backing store is full
#   Use 64 bit Java on a 64 bit OS
#   Decrease Java heap size (-Xmx/-Xms)
#   Decrease number of Java threads
#   Decrease Java thread stack sizes (-Xss)
#   Set larger code cache with -XX:ReservedCodeCacheSize=
# This output file may be truncated or incomplete.
#
#  Out of Memory Error (allocation.cpp:273), pid=6560, tid=0x0000000000001b34
#
# JRE version: OpenJDK Runtime Environment (8.0_152-b01) (build 1.8.0_152-release-915-b01)
# Java VM: OpenJDK 64-Bit Server VM (25.152-b01 mixed mode windows-amd64 compressed oops)
# Failed to write core dump. Minidumps are not enabled by default on client versions of Windows
#

---------------  T H R E A D  ---------------

Current thread (0x000000001d471800):  JavaThread "C2 CompilerThread1" daemon [_thread_in_native, id=6964, stack(0x000000001dce0000,0x000000001dde0000)]

Stack: [0x000000001dce0000,0x000000001dde0000]
[error occurred during error reporting (printing stack bounds), id 0xc0000005]

Native frames: (J=compiled Java code, j=interpreted, Vv=VM code, C=native code)


Current CompileTask:
C2:  31968 3585 % !   4       com.android.dx.dex.cf.CfTranslator::processMethods @ 24 (583 bytes)


---------------  P R O C E S S  ---------------

Java Threads: ( => current thread )
  0x000000001d546000 JavaThread "pool-1-thread-1" [_thread_in_Java, id=6524, stack(0x0000000022240000,0x0000000022340000)]
  0x000000001e4a6800 JavaThread "pool-2-thread-4" [_thread_blocked, id=5064, stack(0x000000001f0f0000,0x000000001f1f0000)]
  0x000000001e4a5800 JavaThread "pool-2-thread-3" [_thread_in_Java, id=7412, stack(0x000000001ef00000,0x000000001f000000)]
  0x000000001e4a4000 JavaThread "pool-2-thread-2" [_thread_blocked, id=6288, stack(0x000000001ec80000,0x000000001ed80000)]
  0x000000001e4b4000 JavaThread "pool-3-thread-1" [_thread_blocked, id=6908, stack(0x000000001dbc0000,0x000000001dcc0000)]
  0x000000001e4b1000 JavaThread "pool-2-thread-1" [_thread_blocked, id=7720, stack(0x000000001eb60000,0x000000001ec60000)]
  0x000000001d4f6000 JavaThread "Service Thread" daemon [_thread_blocked, id=5688, stack(0x000000001e070000,0x000000001e170000)]
  0x000000001d473000 JavaThread "C1 CompilerThread2" daemon [_thread_blocked, id=6212, stack(0x000000001de60000,0x000000001df60000)]
=>0x000000001d471800 JavaThread "C2 CompilerThread1" daemon [_thread_in_native, id=6964, stack(0x000000001dce0000,0x000000001dde0000)]
  0x000000001c09d000 JavaThread "C2 CompilerThread0" daemon [_thread_in_native, id=5612, stack(0x000000001da70000,0x000000001db70000)]
  0x000000001d45a800 JavaThread "Attach Listener" daemon [_thread_blocked, id=6944, stack(0x000000001d080000,0x000000001d180000)]
  0x000000001c08c800 JavaThread "Signal Dispatcher" daemon [_thread_blocked, id=6380, stack(0x000000001d880000,0x000000001d980000)]
  0x000000001c078000 JavaThread "Finalizer" daemon [_thread_blocked, id=8028, stack(0x000000001d350000,0x000000001d450000)]
  0x000000001c031000 JavaThread "Reference Handler" daemon [_thread_blocked, id=5948, stack(0x000000001d1e0000,0x000000001d2e0000)]
  0x000000000237e800 JavaThread "main" [_thread_blocked, id=5648, stack(0x0000000002650000,0x0000000002750000)]

Other Threads:
  0x000000001c029800 VMThread [stack: 0x000000001cf60000,0x000000001d060000] [id=4332]
  0x000000001d4fa800 WatcherThread [stack: 0x000000001e200000,0x000000001e300000] [id=1428]

VM state:not at safepoint (normal execution)

VM Mutex/Monitor currently owned by a thread: None

Heap:
 PSYoungGen      total 889344K, used 673449K [0x000000076ab00000, 0x00000007b5800000, 0x00000007c0000000)
  eden space 686080K, 98% used [0x000000076ab00000,0x0000000793caa4c0,0x0000000794900000)
  from space 203264K, 0% used [0x0000000794900000,0x0000000794900000,0x00000007a0f80000)
  to   space 200192K, 0% used [0x00000007a9480000,0x00000007a9480000,0x00000007b5800000)
 ParOldGen       total 575488K, used 575266K [0x00000006c0000000, 0x00000006e3200000, 0x000000076ab00000)
  object space 575488K, 99% used [0x00000006c0000000,0x00000006e31c8b98,0x00000006e3200000)
 Metaspace       used 7022K, capacity 7672K, committed 7936K, reserved 1056768K
  class space    used 627K, capacity 688K, committed 768K, reserved 1048576K

Card table byte_map: [0x0000000011b10000,0x0000000012320000] byte_map_base: 0x000000000e510000

Marking Bits: (ParMarkBitMap*) 0x0000000070453950
 Begin Bits: [0x0000000012ea0000, 0x0000000016ea0000)
 End Bits:   [0x0000000016ea0000, 0x000000001aea0000)

Polling page: 0x0000000000330000

CodeCache: size=245760Kb used=13207Kb max_used=16181Kb free=232552Kb
 bounds [0x0000000002750000, 0x0000000003750000, 0x0000000011750000]
 total_blobs=3244 nmethods=2978 adapters=179
 compilation: enabled

Compilation events (10 events):
Event: 31.957 Thread 0x000000001d473000 3722       2       com.android.dx.dex.file.DebugInfoEncoder::emitPositionsAtAddress (48 bytes)
Event: 31.957 Thread 0x000000001d473000 nmethod 3722 0x0000000002ca6910 code [0x0000000002ca6ac0, 0x0000000002ca6f28]
Event: 31.957 Thread 0x000000001d473000 3723       2       com.android.dx.dex.file.DebugInfoEncoder::computeOpcode (35 bytes)
Event: 31.957 Thread 0x000000001d473000 nmethod 3723 0x0000000002ca64d0 code [0x0000000002ca6640, 0x0000000002ca6848]
Event: 31.957 Thread 0x000000001d473000 3724       2       com.android.dx.dex.file.DebugInfoEncoder$1::compare (13 bytes)
Event: 31.957 Thread 0x000000001d473000 nmethod 3724 0x0000000002ca6050 code [0x0000000002ca61c0, 0x0000000002ca6390]
Event: 31.958 Thread 0x000000001d473000 3725       2       com.android.dx.dex.file.DebugInfoEncoder::emitPosition (214 bytes)
Event: 31.958 Thread 0x000000001d473000 nmethod 3725 0x0000000003189ed0 code [0x000000000318a100, 0x000000000318aa28]
Event: 31.959 Thread 0x000000001d473000 3726       2       com.android.dx.dex.code.LocalList$Entry::getRegister (8 bytes)
Event: 31.959 Thread 0x000000001d473000 nmethod 3726 0x0000000002ca5d10 code [0x0000000002ca5e60, 0x0000000002ca5fb0]

GC Heap History (10 events):
Event: 14.185 GC heap before
{Heap before GC invocations=19 (full 4):
 PSYoungGen      total 889344K, used 101261K [0x000000076ab00000, 0x00000007b5800000, 0x00000007c0000000)
  eden space 686080K, 0% used [0x000000076ab00000,0x000000076ab00000,0x0000000794900000)
  from space 203264K, 49% used [0x0000000794900000,0x000000079abe34b0,0x00000007a0f80000)
  to   space 200192K, 0% used [0x00000007a9480000,0x00000007a9480000,0x00000007b5800000)
 ParOldGen       total 575488K, used 574596K [0x00000006c0000000, 0x00000006e3200000, 0x000000076ab00000)
  object space 575488K, 99% used [0x00000006c0000000,0x00000006e31213d8,0x00000006e3200000)
 Metaspace       used 6607K, capacity 7286K, committed 7552K, reserved 1056768K
  class space    used 606K, capacity 622K, committed 640K, reserved 1048576K
Event: 16.567 GC heap after
Heap after GC invocations=19 (full 4):
 PSYoungGen      total 889344K, used 89935K [0x000000076ab00000, 0x00000007b5800000, 0x00000007c0000000)
  eden space 686080K, 0% used [0x000000076ab00000,0x000000076ab00000,0x0000000794900000)
  from space 203264K, 44% used [0x0000000794900000,0x000000079a0d3e20,0x00000007a0f80000)
  to   space 200192K, 0% used [0x00000007a9480000,0x00000007a9480000,0x00000007b5800000)
 ParOldGen       total 575488K, used 575402K [0x00000006c0000000, 0x00000006e3200000, 0x000000076ab00000)
  object space 575488K, 99% used [0x00000006c0000000,0x00000006e31ea9e0,0x00000006e3200000)
 Metaspace       used 6607K, capacity 7286K, committed 7552K, reserved 1056768K
  class space    used 606K, capacity 622K, committed 640K, reserved 1048576K
}
Event: 17.748 GC heap before
{Heap before GC invocations=20 (full 5):
 PSYoungGen      total 889344K, used 776015K [0x000000076ab00000, 0x00000007b5800000, 0x00000007c0000000)
  eden space 686080K, 100% used [0x000000076ab00000,0x0000000794900000,0x0000000794900000)
  from space 203264K, 44% used [0x0000000794900000,0x000000079a0d3e20,0x00000007a0f80000)
  to   space 200192K, 0% used [0x00000007a9480000,0x00000007a9480000,0x00000007b5800000)
 ParOldGen       total 575488K, used 575402K [0x00000006c0000000, 0x00000006e3200000, 0x000000076ab00000)
  object space 575488K, 99% used [0x00000006c0000000,0x00000006e31ea9e0,0x00000006e3200000)
 Metaspace       used 6612K, capacity 7286K, committed 7552K, reserved 1056768K
  class space    used 606K, capacity 622K, committed 640K, reserved 1048576K
Event: 19.690 GC heap after
Heap after GC invocations=20 (full 5):
 PSYoungGen      total 889344K, used 188595K [0x000000076ab00000, 0x00000007b5800000, 0x00000007c0000000)
  eden space 686080K, 27% used [0x000000076ab00000,0x000000077632cfe8,0x0000000794900000)
  from space 203264K, 0% used [0x0000000794900000,0x0000000794900000,0x00000007a0f80000)
  to   space 200192K, 0% used [0x00000007a9480000,0x00000007a9480000,0x00000007b5800000)
 ParOldGen       total 575488K, used 575487K [0x00000006c0000000, 0x00000006e3200000, 0x000000076ab00000)
  object space 575488K, 99% used [0x00000006c0000000,0x00000006e31ffc58,0x00000006e3200000)
 Metaspace       used 6612K, capacity 7286K, committed 7552K, reserved 1056768K
  class space    used 606K, capacity 622K, committed 640K, reserved 1048576K
}
Event: 20.664 GC heap before
{Heap before GC invocations=21 (full 6):
 PSYoungGen      total 889344K, used 686080K [0x000000076ab00000, 0x00000007b5800000, 0x00000007c0000000)
  eden space 686080K, 100% used [0x000000076ab00000,0x0000000794900000,0x0000000794900000)
  from space 203264K, 0% used [0x0000000794900000,0x0000000794900000,0x00000007a0f80000)
  to   space 200192K, 0% used [0x00000007a9480000,0x00000007a9480000,0x00000007b5800000)
 ParOldGen       total 575488K, used 575487K [0x00000006c0000000, 0x00000006e3200000, 0x000000076ab00000)
  object space 575488K, 99% used [0x00000006c0000000,0x00000006e31ffc58,0x00000006e3200000)
 Metaspace       used 6717K, capacity 7384K, committed 7680K, reserved 1056768K
  class space    used 613K, capacity 656K, committed 768K, reserved 1048576K
Event: 24.222 GC heap after
Heap after GC invocations=21 (full 6):
 PSYoungGen      total 889344K, used 254340K [0x000000076ab00000, 0x00000007b5800000, 0x00000007c0000000)
  eden space 686080K, 37% used [0x000000076ab00000,0x000000077a361398,0x0000000794900000)
  from space 203264K, 0% used [0x0000000794900000,0x0000000794900000,0x00000007a0f80000)
  to   space 200192K, 0% used [0x00000007a9480000,0x00000007a9480000,0x00000007b5800000)
 ParOldGen       total 575488K, used 575271K [0x00000006c0000000, 0x00000006e3200000, 0x000000076ab00000)
  object space 575488K, 99% used [0x00000006c0000000,0x00000006e31c9f30,0x00000006e3200000)
 Metaspace       used 6717K, capacity 7384K, committed 7680K, reserved 1056768K
  class space    used 613K, capacity 656K, committed 768K, reserved 1048576K
}
Event: 25.300 GC heap before
{Heap before GC invocations=22 (full 7):
 PSYoungGen      total 889344K, used 686080K [0x000000076ab00000, 0x00000007b5800000, 0x00000007c0000000)
  eden space 686080K, 100% used [0x000000076ab00000,0x0000000794900000,0x0000000794900000)
  from space 203264K, 0% used [0x0000000794900000,0x0000000794900000,0x00000007a0f80000)
  to   space 200192K, 0% used [0x00000007a9480000,0x00000007a9480000,0x00000007b5800000)
 ParOldGen       total 575488K, used 575271K [0x00000006c0000000, 0x00000006e3200000, 0x000000076ab00000)
  object space 575488K, 99% used [0x00000006c0000000,0x00000006e31c9f30,0x00000006e3200000)
 Metaspace       used 6975K, capacity 7640K, committed 7936K, reserved 1056768K
  class space    used 625K, capacity 656K, committed 768K, reserved 1048576K
Event: 28.650 GC heap after
Heap after GC invocations=22 (full 7):
 PSYoungGen      total 889344K, used 254337K [0x000000076ab00000, 0x00000007b5800000, 0x00000007c0000000)
  eden space 686080K, 37% used [0x000000076ab00000,0x000000077a360738,0x0000000794900000)
  from space 203264K, 0% used [0x0000000794900000,0x0000000794900000,0x00000007a0f80000)
  to   space 200192K, 0% used [0x00000007a9480000,0x00000007a9480000,0x00000007b5800000)
 ParOldGen       total 575488K, used 575049K [0x00000006c0000000, 0x00000006e3200000, 0x000000076ab00000)
  object space 575488K, 99% used [0x00000006c0000000,0x00000006e3192520,0x00000006e3200000)
 Metaspace       used 6975K, capacity 7640K, committed 7936K, reserved 1056768K
  class space    used 625K, capacity 656K, committed 768K, reserved 1048576K
}
Event: 29.413 GC heap before
{Heap before GC invocations=23 (full 8):
 PSYoungGen      total 889344K, used 686080K [0x000000076ab00000, 0x00000007b5800000, 0x00000007c0000000)
  eden space 686080K, 100% used [0x000000076ab00000,0x0000000794900000,0x0000000794900000)
  from space 203264K, 0% used [0x0000000794900000,0x0000000794900000,0x00000007a0f80000)
  to   space 200192K, 0% used [0x00000007a9480000,0x00000007a9480000,0x00000007b5800000)
 ParOldGen       total 575488K, used 575049K [0x00000006c0000000, 0x00000006e3200000, 0x000000076ab00000)
  object space 575488K, 99% used [0x00000006c0000000,0x00000006e3192520,0x00000006e3200000)
 Metaspace       used 6984K, capacity 7640K, committed 7936K, reserved 1056768K
  class space    used 625K, capacity 656K, committed 768K, reserved 1048576K
Event: 31.212 GC heap after
Heap after GC invocations=23 (full 8):
 PSYoungGen      total 889344K, used 188198K [0x000000076ab00000, 0x00000007b5800000, 0x00000007c0000000)
  eden space 686080K, 27% used [0x000000076ab00000,0x00000007762c9a88,0x0000000794900000)
  from space 203264K, 0% used [0x0000000794900000,0x0000000794900000,0x00000007a0f80000)
  to   space 200192K, 0% used [0x00000007a9480000,0x00000007a9480000,0x00000007b5800000)
 ParOldGen       total 575488K, used 575266K [0x00000006c0000000, 0x00000006e3200000, 0x000000076ab00000)
  object space 575488K, 99% used [0x00000006c0000000,0x00000006e31c8b98,0x00000006e3200000)
 Metaspace       used 6984K, capacity 7640K, committed 7936K, reserved 1056768K
  class space    used 625K, capacity 656K, committed 768K, reserved 1048576K
}

Deoptimization events (10 events):
Event: 31.281 Thread 0x000000001d546000 Uncommon trap: reason=class_check action=maybe_recompile pc=0x00000000034c3aac method=com.android.dx.dex.code.form.Form35c.isCompatible(Lcom/android/dx/dex/code/DalvInsn;)Z @ 36
Event: 31.281 Thread 0x000000001d546000 Uncommon trap: reason=class_check action=maybe_recompile pc=0x00000000034c3aac method=com.android.dx.dex.code.form.Form35c.isCompatible(Lcom/android/dx/dex/code/DalvInsn;)Z @ 36
Event: 31.315 Thread 0x000000001d546000 Uncommon trap: reason=array_check action=maybe_recompile pc=0x000000000298f830 method=java.util.ComparableTimSort.binarySort([Ljava/lang/Object;III)V @ 183
Event: 31.328 Thread 0x000000001e4a6800 Uncommon trap: reason=unstable_if action=reinterpret pc=0x0000000002a70834 method=com.android.dx.ssa.InterferenceRegisterMapper.areAnyPinned(Lcom/android/dx/rop/code/RegisterSpecList;II)Z @ 68
Event: 31.374 Thread 0x000000001d546000 Uncommon trap: reason=unstable_if action=reinterpret pc=0x000000000291e170 method=com.android.dx.dex.code.OutputFinisher.align64bits([Lcom/android/dx/dex/code/Dop;)V @ 217
Event: 31.480 Thread 0x000000001d546000 Uncommon trap: reason=class_check action=maybe_recompile pc=0x00000000034c3aac method=com.android.dx.dex.code.form.Form35c.isCompatible(Lcom/android/dx/dex/code/DalvInsn;)Z @ 36
Event: 31.480 Thread 0x000000001d546000 Uncommon trap: reason=class_check action=maybe_recompile pc=0x00000000034c3aac method=com.android.dx.dex.code.form.Form35c.isCompatible(Lcom/android/dx/dex/code/DalvInsn;)Z @ 36
Event: 31.492 Thread 0x000000001d546000 Uncommon trap: reason=class_check action=maybe_recompile pc=0x0000000002ac6f38 method=com.android.dx.dex.code.form.Form3rc.isCompatible(Lcom/android/dx/dex/code/DalvInsn;)Z @ 36
Event: 31.812 Thread 0x000000001e4a6800 Uncommon trap: reason=bimorphic action=maybe_recompile pc=0x000000000343a214 method=com.android.dx.cf.code.BytecodeArray.parseInstruction(ILcom/android/dx/cf/code/BytecodeArray$Visitor;)I @ 2554
Event: 31.812 Thread 0x000000001e4a6800 Uncommon trap: reason=bimorphic action=maybe_recompile pc=0x000000000343a214 method=com.android.dx.cf.code.BytecodeArray.parseInstruction(ILcom/android/dx/cf/code/BytecodeArray$Visitor;)I @ 2554

Classes redefined (0 events):
No events

Internal exceptions (10 events):
Event: 0.028 Thread 0x000000000237e800 Exception <a 'java/lang/NoSuchMethodError': Method sun.misc.Unsafe.prefetchRead(Ljava/lang/Object;J)V name or signature does not match> (0x000000076ab07f90) thrown at [D:\src\AOSP-openjdk-cygwin\jdk8u\hotspot\src\share\vm\prims\jni.cpp, line 4011]
Event: 0.260 Thread 0x000000000237e800 Implicit null exception at 0x00000000028b27f9 to 0x00000000028b2df1
Event: 0.593 Thread 0x000000001e4a6800 Implicit null exception at 0x0000000002a8ca54 to 0x0000000002a8effd
Event: 0.802 Thread 0x000000001e4a4000 Implicit null exception at 0x0000000002a948f8 to 0x0000000002a971c5
Event: 0.833 Thread 0x000000001e4a5800 Implicit null exception at 0x0000000002c498b5 to 0x0000000002c49a7d
Event: 0.902 Thread 0x000000001e4a6800 Exception <a 'java/lang/ArrayIndexOutOfBoundsException': 18> (0x000000076da489d0) thrown at [D:\src\AOSP-openjdk-cygwin\jdk8u\hotspot\src\share\vm\interpreter\interpreterRuntime.cpp, line 366]
Event: 0.903 Thread 0x000000001e4a6800 Exception <a 'java/lang/ArrayIndexOutOfBoundsException': 145> (0x000000076da4a550) thrown at [D:\src\AOSP-openjdk-cygwin\jdk8u\hotspot\src\share\vm\interpreter\interpreterRuntime.cpp, line 366]
Event: 0.903 Thread 0x000000001e4a6800 Exception <a 'java/lang/ArrayIndexOutOfBoundsException'> (0x000000076da4b838) thrown at [D:\src\AOSP-openjdk-cygwin\jdk8u\hotspot\src\share\vm\runtime\sharedRuntime.cpp, line 605]
Event: 4.095 Thread 0x000000000237e800 Implicit null exception at 0x00000000028ce370 to 0x00000000028cecf9
Event: 17.690 Thread 0x000000001e4a6800 Implicit null exception at 0x0000000002add89d to 0x0000000002addb3e

Events (10 events):
Event: 31.812 Thread 0x000000001e4a6800 DEOPT PACKING pc=0x000000000343a214 sp=0x000000001f1ee5b0
Event: 31.812 Thread 0x000000001e4a6800 DEOPT UNPACKING pc=0x000000000279556a sp=0x000000001f1ee550 mode 2
Event: 31.907 Thread 0x000000001d546000 DEOPT PACKING pc=0x0000000002d301e2 sp=0x000000002233eae0
Event: 31.907 Thread 0x000000001d546000 DEOPT UNPACKING pc=0x00000000027975bf sp=0x000000002233e870 mode 0
Event: 31.954 loading class com/android/dx/dex/file/DebugInfoEncoder
Event: 31.954 loading class com/android/dx/dex/file/DebugInfoEncoder done
Event: 31.955 loading class com/android/dx/dex/file/DebugInfoEncoder$1
Event: 31.955 loading class com/android/dx/dex/file/DebugInfoEncoder$1 done
Event: 31.955 loading class com/android/dx/dex/file/DebugInfoEncoder$2
Event: 31.955 loading class com/android/dx/dex/file/DebugInfoEncoder$2 done


Dynamic libraries:
0x000000013f960000 - 0x000000013f991000 	C:\Program Files\Android\Android Studio\jre\bin\java.exe
0x00000000776a0000 - 0x000000007784a000 	C:\Windows\SYSTEM32\ntdll.dll
0x0000000077480000 - 0x000000007759f000 	C:\Windows\system32\kernel32.dll
0x000007fefd500000 - 0x000007fefd56b000 	C:\Windows\system32\KERNELBASE.dll
0x000007feff5d0000 - 0x000007feff6ab000 	C:\Windows\system32\ADVAPI32.dll
0x000007fefedd0000 - 0x000007fefee6f000 	C:\Windows\system32\msvcrt.dll
0x000007feff6b0000 - 0x000007feff6cf000 	C:\Windows\SYSTEM32\sechost.dll
0x000007feff060000 - 0x000007feff18d000 	C:\Windows\system32\RPCRT4.dll
0x00000000775a0000 - 0x000000007769a000 	C:\Windows\system32\USER32.dll
0x000007fefea30000 - 0x000007fefea97000 	C:\Windows\system32\GDI32.dll
0x000007feff9a0000 - 0x000007feff9ae000 	C:\Windows\system32\LPK.dll
0x000007feff500000 - 0x000007feff5ca000 	C:\Windows\system32\USP10.dll
0x000007fefb8b0000 - 0x000007fefbaa4000 	C:\Windows\WinSxS\amd64_microsoft.windows.common-controls_6595b64144ccf1df_6.0.7601.18837_none_fa3b1e3d17594757\COMCTL32.dll
0x000007fefeaa0000 - 0x000007fefeb11000 	C:\Windows\system32\SHLWAPI.dll
0x000007fefe8b0000 - 0x000007fefe8de000 	C:\Windows\system32\IMM32.DLL
0x000007fefee70000 - 0x000007fefef79000 	C:\Windows\system32\MSCTF.dll
0x0000000070f70000 - 0x0000000071042000 	C:\Program Files\Android\Android Studio\jre\jre\bin\msvcr100.dll
0x000000006fc90000 - 0x00000000704ce000 	C:\Program Files\Android\Android Studio\jre\jre\bin\server\jvm.dll
0x000007feef860000 - 0x000007feef869000 	C:\Windows\system32\WSOCK32.dll
0x000007fefe9e0000 - 0x000007fefea2d000 	C:\Windows\system32\WS2_32.dll
0x000007fefda90000 - 0x000007fefda98000 	C:\Windows\system32\NSI.dll
0x000007fefaba0000 - 0x000007fefabdb000 	C:\Windows\system32\WINMM.dll
0x000007fefc400000 - 0x000007fefc40c000 	C:\Windows\system32\VERSION.dll
0x0000000077860000 - 0x0000000077867000 	C:\Windows\system32\PSAPI.DLL
0x000007feedb20000 - 0x000007feedb2f000 	C:\Program Files\Android\Android Studio\jre\jre\bin\verify.dll
0x000007feedaf0000 - 0x000007feedb19000 	C:\Program Files\Android\Android Studio\jre\jre\bin\java.dll
0x000007feedad0000 - 0x000007feedae6000 	C:\Program Files\Android\Android Studio\jre\jre\bin\zip.dll
0x000007fefdb20000 - 0x000007fefe8a9000 	C:\Windows\system32\SHELL32.dll
0x000007fefebc0000 - 0x000007fefedc3000 	C:\Windows\system32\ole32.dll
0x000007fefd3f0000 - 0x000007fefd3ff000 	C:\Windows\system32\profapi.dll

VM Arguments:
jvm_args: -Djava.awt.headless=true -Xmx4g -Dfile.encoding=GBK -Duser.country=CN -Duser.language=zh -Duser.variant 
java_command: com.android.dx.command.Main --dex --num-threads=4 --multi-dex --main-dex-list C:\Users\Administrator\Desktop\MLxiao\app\build\intermediates\multi-dex\debug\maindexlist.txt --output C:\Users\Administrator\Desktop\MLxiao\app\build\intermediates\transforms\dex\debug\folders\1000\1f\main C:\Users\Administrator\Desktop\MLxiao\app\build\intermediates\transforms\jarMerging\debug\jars\1\1f\combined.jar
java_class_path (initial): D:\Sdk\sdk\build-tools\25.0.3\lib\dx.jar
Launcher Type: SUN_STANDARD

Environment Variables:
JAVA_HOME=C:\Program Files (x86)\Java\jdk1.8.0_144
CLASSPATH=.;C:\Program Files (x86)\Java\jdk1.8.0_144\lib;C:\Program Files (x86)\Java\jdk1.8.0_144\lib\tools.jar
PATH=C:\ProgramData\Oracle\Java\javapath;C:\Windows\system32;C:\Windows;C:\Windows\System32\Wbem;C:\Windows\System32\WindowsPowerShell\v1.0\;C:\Program Files (x86)\NVIDIA Corporation\PhysX\Common;C:\Program Files (x86)\Java\jdk1.8.0_144\bin;C:\Program Files (x86)\Java\jdk1.8.0_144\jre\bin;C:\Program Files\Git\cmd;D:\Sdk\platform-tools;D:\Sdk\tools;
USERNAME=Administrator
OS=Windows_NT
PROCESSOR_IDENTIFIER=Intel64 Family 6 Model 158 Stepping 9, GenuineIntel



---------------  S Y S T E M  ---------------

OS: Windows 7 , 64 bit Build 7601 (6.1.7601.19160)

CPU:total 4 (initial active 4) (4 cores per cpu, 1 threads per core) family 6 model 158 stepping 9, cmov, cx8, fxsr, mmx, sse, sse2, sse3, ssse3, sse4.1, sse4.2, popcnt, avx, avx2, aes, clmul, erms, 3dnowpref, lzcnt, tsc, tscinvbit, bmi1, bmi2, adx

Memory: 4k page, physical 8335948k(253920k free), swap 10431264k(5116k free)

vm_info: OpenJDK 64-Bit Server VM (25.152-b01) for windows-amd64 JRE (1.8.0_152-release-915-b01), built by "builder" with MS VC++ 10.0 (VS2010)

time: Thu Dec 07 14:39:54 2017
elapsed time: 31 seconds (0d 0h 0m 31s)

