#
# There is insufficient memory for the Java Runtime Environment to continue.
# Native memory allocation (malloc) failed to allocate 32744 bytes for ChunkPool::allocate
# Possible reasons:
#   The system is out of physical RAM or swap space
#   In 32 bit mode, the process size limit was hit
# Possible solutions:
#   Reduce memory load on the system
#   Increase physical memory or swap space
#   Check if swap backing store is full
#   Use 64 bit Java on a 64 bit OS
#   Decrease Java heap size (-Xmx/-Xms)
#   Decrease number of Java threads
#   Decrease Java thread stack sizes (-Xss)
#   Set larger code cache with -XX:ReservedCodeCacheSize=
# This output file may be truncated or incomplete.
#
#  Out of Memory Error (allocation.cpp:273), pid=10992, tid=0x0000000000002408
#
# JRE version: Java(TM) SE Runtime Environment (8.0_151-b12) (build 1.8.0_151-b12)
# Java VM: Java HotSpot(TM) 64-Bit Server VM (25.151-b12 mixed mode windows-amd64 compressed oops)
# Failed to write core dump. Minidumps are not enabled by default on client versions of Windows
#

---------------  T H R E A D  ---------------

Current thread (0x000000001c0df800):  JavaThread "C2 CompilerThread1" daemon [_thread_in_native, id=9224, stack(0x000000001de90000,0x000000001df90000)]

Stack: [0x000000001de90000,0x000000001df90000]
[error occurred during error reporting (printing stack bounds), id 0xc0000005]

Native frames: (J=compiled Java code, j=interpreted, Vv=VM code, C=native code)


Current CompileTask:
C2:  26254 3890       4       com.android.dx.ssa.back.FirstFitLocalCombiningAllocator::findRangeAndAdjust (311 bytes)


---------------  P R O C E S S  ---------------

Java Threads: ( => current thread )
  0x000000001fc8d800 JavaThread "pool-1-thread-1" [_thread_blocked, id=10668, stack(0x0000000021510000,0x0000000021610000)]
  0x000000001d89c800 JavaThread "pool-2-thread-4" [_thread_blocked, id=10512, stack(0x000000001db70000,0x000000001dc70000)]
  0x000000001e600800 JavaThread "pool-2-thread-3" [_thread_blocked, id=10944, stack(0x000000001f190000,0x000000001f290000)]
  0x000000001e5ff800 JavaThread "pool-2-thread-2" [_thread_blocked, id=11072, stack(0x000000001efe0000,0x000000001f0e0000)]
  0x000000001d89f000 JavaThread "pool-3-thread-1" [_thread_blocked, id=11124, stack(0x000000001eeb0000,0x000000001efb0000)]
  0x000000001d89a800 JavaThread "pool-2-thread-1" [_thread_blocked, id=10980, stack(0x000000001ed00000,0x000000001ee00000)]
  0x000000001d549800 JavaThread "Service Thread" daemon [_thread_blocked, id=9792, stack(0x000000001e1c0000,0x000000001e2c0000)]
  0x000000001d4c5800 JavaThread "C1 CompilerThread2" daemon [_thread_blocked, id=1176, stack(0x000000001dff0000,0x000000001e0f0000)]
=>0x000000001c0df800 JavaThread "C2 CompilerThread1" daemon [_thread_in_native, id=9224, stack(0x000000001de90000,0x000000001df90000)]
  0x000000001c0db000 JavaThread "C2 CompilerThread0" daemon [_thread_in_native, id=7640, stack(0x000000001dca0000,0x000000001dda0000)]
  0x000000001d4b1000 JavaThread "Attach Listener" daemon [_thread_blocked, id=9264, stack(0x000000001d8c0000,0x000000001d9c0000)]
  0x000000001d4b0800 JavaThread "Signal Dispatcher" daemon [_thread_blocked, id=9564, stack(0x000000001da50000,0x000000001db50000)]
  0x000000001c0bd000 JavaThread "Finalizer" daemon [_thread_blocked, id=10816, stack(0x000000001d270000,0x000000001d370000)]
  0x000000001c076000 JavaThread "Reference Handler" daemon [_thread_blocked, id=4856, stack(0x000000001d3a0000,0x000000001d4a0000)]
  0x00000000001fe000 JavaThread "main" [_thread_blocked, id=9096, stack(0x00000000027c0000,0x00000000028c0000)]

Other Threads:
  0x000000001c06e800 VMThread [stack: 0x000000001d0f0000,0x000000001d1f0000] [id=9800]
  0x000000001d59b800 WatcherThread [stack: 0x000000001e300000,0x000000001e400000] [id=8864]

VM state:at safepoint (normal execution)

VM Mutex/Monitor currently owned by a thread:  ([mutex/lock_event])
[0x00000000001fc710] Threads_lock - owner thread: 0x000000001c06e800
[0x00000000001fcc10] Heap_lock - owner thread: 0x000000001e5ff800

Heap:
 PSYoungGen      total 986624K, used 898948K [0x000000076ab00000, 0x00000007c0000000, 0x00000007c0000000)
  eden space 724480K, 100% used [0x000000076ab00000,0x0000000796e80000,0x0000000796e80000)
  from space 262144K, 66% used [0x0000000796e80000,0x00000007a18e12b0,0x00000007a6e80000)
  to   space 279040K, 27% used [0x00000007aef80000,0x00000007b3a9ccc0,0x00000007c0000000)
 ParOldGen       total 884224K, used 601613K [0x00000006c0000000, 0x00000006f5f80000, 0x000000076ab00000)
  object space 884224K, 68% used [0x00000006c0000000,0x00000006e4b83650,0x00000006f5f80000)
 Metaspace       used 6871K, capacity 7448K, committed 7680K, reserved 1056768K
  class space    used 644K, capacity 656K, committed 768K, reserved 1048576K

Card table byte_map: [0x0000000011c80000,0x0000000012490000] byte_map_base: 0x000000000e680000

Marking Bits: (ParMarkBitMap*) 0x000000005dc0d850
 Begin Bits: [0x0000000012ee0000, 0x0000000016ee0000)
 End Bits:   [0x0000000016ee0000, 0x000000001aee0000)

Polling page: 0x0000000000240000

CodeCache: size=245760Kb used=11632Kb max_used=14519Kb free=234127Kb
 bounds [0x00000000028c0000, 0x0000000003730000, 0x00000000118c0000]
 total_blobs=2712 nmethods=2445 adapters=179
 compilation: enabled

Compilation events (10 events):
Event: 26.048 Thread 0x000000001d4c5800 3932       3       java.lang.StringBuilder::<init> (6 bytes)
Event: 26.048 Thread 0x000000001d4c5800 nmethod 3932 0x0000000002e3d390 code [0x0000000002e3d500, 0x0000000002e3d7b0]
Event: 26.048 Thread 0x000000001d4c5800 3933       3       com.android.dx.dex.file.ProtoIdItem::makeShortForm (74 bytes)
Event: 26.049 Thread 0x000000001d4c5800 nmethod 3933 0x0000000002beb890 code [0x0000000002bebba0, 0x0000000002bed7e8]
Event: 26.050 Thread 0x000000001d4c5800 3934       3       com.android.dx.dex.file.ProtoIdItem::<init> (60 bytes)
Event: 26.050 Thread 0x000000001d4c5800 nmethod 3934 0x00000000030456d0 code [0x00000000030458a0, 0x00000000030460a8]
Event: 26.074 Thread 0x000000001d4c5800 3938 %     3       com.android.dx.rop.type.Prototype::compareTo @ 53 (120 bytes)
Event: 26.074 Thread 0x000000001d4c5800 nmethod 3938% 0x0000000003013950 code [0x0000000003013b80, 0x0000000003014b18]
Event: 26.074 Thread 0x000000001d4c5800 3939       3       com.android.dx.rop.type.Prototype::compareTo (120 bytes)
Event: 26.075 Thread 0x000000001d4c5800 nmethod 3939 0x0000000002c8c6d0 code [0x0000000002c8c8e0, 0x0000000002c8d7b8]

GC Heap History (10 events):
Event: 15.770 GC heap after
Heap after GC invocations=17 (full 3):
 PSYoungGen      total 833536K, used 96475K [0x000000076ab00000, 0x00000007ab200000, 0x00000007c0000000)
  eden space 649216K, 0% used [0x000000076ab00000,0x000000076ab00000,0x0000000792500000)
  from space 184320K, 52% used [0x000000079de00000,0x00000007a3c36e68,0x00000007a9200000)
  to   space 189440K, 0% used [0x0000000792500000,0x0000000792500000,0x000000079de00000)
 ParOldGen       total 597504K, used 382934K [0x00000006c0000000, 0x00000006e4780000, 0x000000076ab00000)
  object space 597504K, 64% used [0x00000006c0000000,0x00000006d75f5b48,0x00000006e4780000)
 Metaspace       used 6725K, capacity 7384K, committed 7680K, reserved 1056768K
  class space    used 637K, capacity 656K, committed 768K, reserved 1048576K
}
Event: 18.327 GC heap before
{Heap before GC invocations=18 (full 3):
 PSYoungGen      total 833536K, used 745691K [0x000000076ab00000, 0x00000007ab200000, 0x00000007c0000000)
  eden space 649216K, 100% used [0x000000076ab00000,0x0000000792500000,0x0000000792500000)
  from space 184320K, 52% used [0x000000079de00000,0x00000007a3c36e68,0x00000007a9200000)
  to   space 189440K, 0% used [0x0000000792500000,0x0000000792500000,0x000000079de00000)
 ParOldGen       total 597504K, used 382934K [0x00000006c0000000, 0x00000006e4780000, 0x000000076ab00000)
  object space 597504K, 64% used [0x00000006c0000000,0x00000006d75f5b48,0x00000006e4780000)
 Metaspace       used 6737K, capacity 7384K, committed 7680K, reserved 1056768K
  class space    used 637K, capacity 656K, committed 768K, reserved 1048576K
Event: 18.628 GC heap after
Heap after GC invocations=18 (full 3):
 PSYoungGen      total 838656K, used 155327K [0x000000076ab00000, 0x00000007b3a80000, 0x00000007c0000000)
  eden space 649216K, 0% used [0x000000076ab00000,0x000000076ab00000,0x0000000792500000)
  from space 189440K, 81% used [0x0000000792500000,0x000000079bcafd88,0x000000079de00000)
  to   space 208896K, 0% used [0x00000007a6e80000,0x00000007a6e80000,0x00000007b3a80000)
 ParOldGen       total 597504K, used 421008K [0x00000006c0000000, 0x00000006e4780000, 0x000000076ab00000)
  object space 597504K, 70% used [0x00000006c0000000,0x00000006d9b24088,0x00000006e4780000)
 Metaspace       used 6737K, capacity 7384K, committed 7680K, reserved 1056768K
  class space    used 637K, capacity 656K, committed 768K, reserved 1048576K
}
Event: 19.168 GC heap before
{Heap before GC invocations=19 (full 3):
 PSYoungGen      total 838656K, used 804543K [0x000000076ab00000, 0x00000007b3a80000, 0x00000007c0000000)
  eden space 649216K, 100% used [0x000000076ab00000,0x0000000792500000,0x0000000792500000)
  from space 189440K, 81% used [0x0000000792500000,0x000000079bcafd88,0x000000079de00000)
  to   space 208896K, 0% used [0x00000007a6e80000,0x00000007a6e80000,0x00000007b3a80000)
 ParOldGen       total 597504K, used 421008K [0x00000006c0000000, 0x00000006e4780000, 0x000000076ab00000)
  object space 597504K, 70% used [0x00000006c0000000,0x00000006d9b24088,0x00000006e4780000)
 Metaspace       used 6741K, capacity 7384K, committed 7680K, reserved 1056768K
  class space    used 637K, capacity 656K, committed 768K, reserved 1048576K
Event: 19.437 GC heap after
Heap after GC invocations=19 (full 3):
 PSYoungGen      total 933376K, used 208867K [0x000000076ab00000, 0x00000007bc980000, 0x00000007c0000000)
  eden space 724480K, 0% used [0x000000076ab00000,0x000000076ab00000,0x0000000796e80000)
  from space 208896K, 99% used [0x00000007a6e80000,0x00000007b3a78d10,0x00000007b3a80000)
  to   space 262144K, 0% used [0x0000000796e80000,0x0000000796e80000,0x00000007a6e80000)
 ParOldGen       total 597504K, used 469440K [0x00000006c0000000, 0x00000006e4780000, 0x000000076ab00000)
  object space 597504K, 78% used [0x00000006c0000000,0x00000006dca70200,0x00000006e4780000)
 Metaspace       used 6741K, capacity 7384K, committed 7680K, reserved 1056768K
  class space    used 637K, capacity 656K, committed 768K, reserved 1048576K
}
Event: 19.995 GC heap before
{Heap before GC invocations=20 (full 3):
 PSYoungGen      total 933376K, used 933347K [0x000000076ab00000, 0x00000007bc980000, 0x00000007c0000000)
  eden space 724480K, 100% used [0x000000076ab00000,0x0000000796e80000,0x0000000796e80000)
  from space 208896K, 99% used [0x00000007a6e80000,0x00000007b3a78d10,0x00000007b3a80000)
  to   space 262144K, 0% used [0x0000000796e80000,0x0000000796e80000,0x00000007a6e80000)
 ParOldGen       total 597504K, used 469440K [0x00000006c0000000, 0x00000006e4780000, 0x000000076ab00000)
  object space 597504K, 78% used [0x00000006c0000000,0x00000006dca70200,0x00000006e4780000)
 Metaspace       used 6744K, capacity 7384K, committed 7680K, reserved 1056768K
  class space    used 638K, capacity 656K, committed 768K, reserved 1048576K
Event: 20.288 GC heap after
Heap after GC invocations=20 (full 3):
 PSYoungGen      total 986624K, used 185711K [0x000000076ab00000, 0x00000007c0000000, 0x00000007c0000000)
  eden space 724480K, 0% used [0x000000076ab00000,0x000000076ab00000,0x0000000796e80000)
  from space 262144K, 70% used [0x0000000796e80000,0x00000007a23dbe18,0x00000007a6e80000)
  to   space 279040K, 0% used [0x00000007aef80000,0x00000007aef80000,0x00000007c0000000)
 ParOldGen       total 599040K, used 598656K [0x00000006c0000000, 0x00000006e4900000, 0x000000076ab00000)
  object space 599040K, 99% used [0x00000006c0000000,0x00000006e48a0088,0x00000006e4900000)
 Metaspace       used 6744K, capacity 7384K, committed 7680K, reserved 1056768K
  class space    used 638K, capacity 656K, committed 768K, reserved 1048576K
}
Event: 20.288 GC heap before
{Heap before GC invocations=21 (full 4):
 PSYoungGen      total 986624K, used 185711K [0x000000076ab00000, 0x00000007c0000000, 0x00000007c0000000)
  eden space 724480K, 0% used [0x000000076ab00000,0x000000076ab00000,0x0000000796e80000)
  from space 262144K, 70% used [0x0000000796e80000,0x00000007a23dbe18,0x00000007a6e80000)
  to   space 279040K, 0% used [0x00000007aef80000,0x00000007aef80000,0x00000007c0000000)
 ParOldGen       total 599040K, used 598656K [0x00000006c0000000, 0x00000006e4900000, 0x000000076ab00000)
  object space 599040K, 99% used [0x00000006c0000000,0x00000006e48a0088,0x00000006e4900000)
 Metaspace       used 6744K, capacity 7384K, committed 7680K, reserved 1056768K
  class space    used 638K, capacity 656K, committed 768K, reserved 1048576K
Event: 24.405 GC heap after
Heap after GC invocations=21 (full 4):
 PSYoungGen      total 986624K, used 174468K [0x000000076ab00000, 0x00000007c0000000, 0x00000007c0000000)
  eden space 724480K, 0% used [0x000000076ab00000,0x000000076ab00000,0x0000000796e80000)
  from space 262144K, 66% used [0x0000000796e80000,0x00000007a18e12b0,0x00000007a6e80000)
  to   space 279040K, 0% used [0x00000007aef80000,0x00000007aef80000,0x00000007c0000000)
 ParOldGen       total 884224K, used 598609K [0x00000006c0000000, 0x00000006f5f80000, 0x000000076ab00000)
  object space 884224K, 67% used [0x00000006c0000000,0x00000006e4894670,0x00000006f5f80000)
 Metaspace       used 6744K, capacity 7384K, committed 7680K, reserved 1056768K
  class space    used 638K, capacity 656K, committed 768K, reserved 1048576K
}
Event: 26.173 GC heap before
{Heap before GC invocations=22 (full 4):
 PSYoungGen      total 986624K, used 898948K [0x000000076ab00000, 0x00000007c0000000, 0x00000007c0000000)
  eden space 724480K, 100% used [0x000000076ab00000,0x0000000796e80000,0x0000000796e80000)
  from space 262144K, 66% used [0x0000000796e80000,0x00000007a18e12b0,0x00000007a6e80000)
  to   space 279040K, 0% used [0x00000007aef80000,0x00000007aef80000,0x00000007c0000000)
 ParOldGen       total 884224K, used 598609K [0x00000006c0000000, 0x00000006f5f80000, 0x000000076ab00000)
  object space 884224K, 67% used [0x00000006c0000000,0x00000006e4894670,0x00000006f5f80000)
 Metaspace       used 6871K, capacity 7448K, committed 7680K, reserved 1056768K
  class space    used 644K, capacity 656K, committed 768K, reserved 1048576K

Deoptimization events (10 events):
Event: 24.801 Thread 0x000000001fc8d800 Uncommon trap: reason=unstable_if action=reinterpret pc=0x000000000343ab80 method=java.util.Arrays.sort([Ljava/lang/Object;IILjava/util/Comparator;)V @ 1
Event: 24.801 Thread 0x000000001fc8d800 Uncommon trap: reason=class_check action=maybe_recompile pc=0x0000000002f76340 method=java.util.Arrays.hashCode([Ljava/lang/Object;)I @ 43
Event: 24.801 Thread 0x000000001fc8d800 Uncommon trap: reason=class_check action=maybe_recompile pc=0x0000000002f76340 method=java.util.Arrays.hashCode([Ljava/lang/Object;)I @ 43
Event: 24.801 Thread 0x000000001fc8d800 Uncommon trap: reason=class_check action=maybe_recompile pc=0x0000000002f76340 method=java.util.Arrays.hashCode([Ljava/lang/Object;)I @ 43
Event: 24.801 Thread 0x000000001fc8d800 Uncommon trap: reason=class_check action=maybe_recompile pc=0x0000000002f76340 method=java.util.Arrays.hashCode([Ljava/lang/Object;)I @ 43
Event: 24.801 Thread 0x000000001fc8d800 Uncommon trap: reason=class_check action=maybe_recompile pc=0x0000000002ea04f4 method=java.util.Arrays.hashCode([Ljava/lang/Object;)I @ 43
Event: 24.928 Thread 0x000000001fc8d800 Uncommon trap: reason=speculate_class_check action=maybe_recompile pc=0x00000000036df2d0 method=java.util.HashMap.comparableClassFor(Ljava/lang/Object;)Ljava/lang/Class; @ 15
Event: 24.928 Thread 0x000000001fc8d800 Uncommon trap: reason=speculate_class_check action=maybe_recompile pc=0x00000000036df2d0 method=java.util.HashMap.comparableClassFor(Ljava/lang/Object;)Ljava/lang/Class; @ 15
Event: 25.590 Thread 0x000000001fc8d800 Uncommon trap: reason=unstable_if action=reinterpret pc=0x0000000002db013c method=com.android.dx.dex.code.DalvCode.hasPositions()Z @ 15
Event: 25.600 Thread 0x000000001fc8d800 Uncommon trap: reason=unstable_if action=reinterpret pc=0x00000000030553d0 method=java.util.HashMap$HashIterator.<init>(Ljava/util/HashMap;)V @ 38

Internal exceptions (10 events):
Event: 8.338 Thread 0x000000001d89c800 Implicit null exception at 0x00000000032cb722 to 0x00000000032cc181
Event: 8.338 Thread 0x000000001d89c800 Implicit null exception at 0x0000000002b1bc3b to 0x0000000002b1bd71
Event: 9.561 Thread 0x000000001d89a800 Implicit null exception at 0x0000000002bcdd28 to 0x0000000002bcf138
Event: 11.448 Thread 0x000000001d89c800 Implicit null exception at 0x0000000002b2ba4c to 0x0000000002b2bb52
Event: 11.653 Thread 0x000000001d89c800 Implicit null exception at 0x0000000003533e4b to 0x000000000353595d
Event: 18.923 Thread 0x000000001e600800 Implicit null exception at 0x0000000002ee7633 to 0x0000000002ee8b31
Event: 19.121 Thread 0x000000001d89c800 Implicit null exception at 0x0000000003658a13 to 0x00000000036599ff
Event: 19.626 Thread 0x000000001d89a800 Implicit null exception at 0x0000000003026df4 to 0x0000000003026fa5
Event: 19.626 Thread 0x000000001d89a800 Implicit null exception at 0x00000000031777c8 to 0x0000000003177991
Event: 25.600 Thread 0x000000001fc8d800 Implicit null exception at 0x0000000003055180 to 0x00000000030553b9

Events (10 events):
Event: 25.600 Thread 0x000000001fc8d800 Uncommon trap: trap_request=0xffffff65 fr.pc=0x00000000030553d0
Event: 25.600 Thread 0x000000001fc8d800 DEOPT PACKING pc=0x00000000030553d0 sp=0x000000002160ebd0
Event: 25.600 Thread 0x000000001fc8d800 DEOPT UNPACKING pc=0x000000000290582a sp=0x000000002160eb70 mode 2
Event: 25.627 Thread 0x000000001fc8d800 DEOPT PACKING pc=0x0000000002fe76ab sp=0x000000002160ebb0
Event: 25.627 Thread 0x000000001fc8d800 DEOPT UNPACKING pc=0x000000000290787f sp=0x000000002160e918 mode 0
Event: 26.045 loading class com/android/dx/dex/file/ProtoIdItem
Event: 26.045 loading class com/android/dx/dex/file/ProtoIdItem done
Event: 26.075 Thread 0x000000001fc8d800 DEOPT PACKING pc=0x0000000002dd4670 sp=0x000000002160eac0
Event: 26.075 Thread 0x000000001fc8d800 DEOPT UNPACKING pc=0x000000000290787f sp=0x000000002160e7d8 mode 0
Event: 26.173 Executing VM operation: ParallelGCFailedAllocation


Dynamic libraries:
0x000000013f030000 - 0x000000013f067000 	C:\Program Files\Java\jdk1.8.0_151\bin\java.exe
0x0000000076f10000 - 0x00000000770ba000 	C:\Windows\SYSTEM32\ntdll.dll
0x0000000076cf0000 - 0x0000000076e0f000 	C:\Windows\system32\kernel32.dll
0x000007fefcdf0000 - 0x000007fefce5b000 	C:\Windows\system32\KERNELBASE.dll
0x000007fefde70000 - 0x000007fefdf4b000 	C:\Windows\system32\ADVAPI32.dll
0x000007fefef90000 - 0x000007feff02f000 	C:\Windows\system32\msvcrt.dll
0x000007fefe030000 - 0x000007fefe04f000 	C:\Windows\SYSTEM32\sechost.dll
0x000007fefec80000 - 0x000007fefedad000 	C:\Windows\system32\RPCRT4.dll
0x0000000076e10000 - 0x0000000076f0a000 	C:\Windows\system32\USER32.dll
0x000007fefe690000 - 0x000007fefe6f7000 	C:\Windows\system32\GDI32.dll
0x000007fefe790000 - 0x000007fefe79e000 	C:\Windows\system32\LPK.dll
0x000007fefd010000 - 0x000007fefd0da000 	C:\Windows\system32\USP10.dll
0x000007fefb120000 - 0x000007fefb314000 	C:\Windows\WinSxS\amd64_microsoft.windows.common-controls_6595b64144ccf1df_6.0.7601.18837_none_fa3b1e3d17594757\COMCTL32.dll
0x000007fefe610000 - 0x000007fefe681000 	C:\Windows\system32\SHLWAPI.dll
0x000007fefedb0000 - 0x000007fefedde000 	C:\Windows\system32\IMM32.DLL
0x000007fefe500000 - 0x000007fefe609000 	C:\Windows\system32\MSCTF.dll
0x0000000062f50000 - 0x0000000063022000 	C:\Program Files\Java\jdk1.8.0_151\jre\bin\msvcr100.dll
0x000000005d3f0000 - 0x000000005dc8d000 	C:\Program Files\Java\jdk1.8.0_151\jre\bin\server\jvm.dll
0x000007fefb0f0000 - 0x000007fefb0f9000 	C:\Windows\system32\WSOCK32.dll
0x000007fefef40000 - 0x000007fefef8d000 	C:\Windows\system32\WS2_32.dll
0x000007fefe780000 - 0x000007fefe788000 	C:\Windows\system32\NSI.dll
0x000007fefab50000 - 0x000007fefab8b000 	C:\Windows\system32\WINMM.dll
0x000007fefbc70000 - 0x000007fefbc7c000 	C:\Windows\system32\VERSION.dll
0x00000000770d0000 - 0x00000000770d7000 	C:\Windows\system32\PSAPI.DLL
0x000000006ed90000 - 0x000000006ed9f000 	C:\Program Files\Java\jdk1.8.0_151\jre\bin\verify.dll
0x0000000062f20000 - 0x0000000062f49000 	C:\Program Files\Java\jdk1.8.0_151\jre\bin\java.dll
0x00000000651f0000 - 0x0000000065206000 	C:\Program Files\Java\jdk1.8.0_151\jre\bin\zip.dll
0x000007fefd0e0000 - 0x000007fefde69000 	C:\Windows\system32\SHELL32.dll
0x000007fefea70000 - 0x000007fefec73000 	C:\Windows\system32\ole32.dll
0x000007fefcc50000 - 0x000007fefcc5f000 	C:\Windows\system32\profapi.dll

VM Arguments:
jvm_args: -Djava.awt.headless=true -Xmx4g -Dfile.encoding=GBK -Duser.country=CN -Duser.language=zh -Duser.variant 
java_command: com.android.dx.command.Main --dex --num-threads=4 --multi-dex --main-dex-list C:\Users\Administrator\Desktop\MLxiao\app\build\intermediates\multi-dex\debug\maindexlist.txt --output C:\Users\Administrator\Desktop\MLxiao\app\build\intermediates\transforms\dex\debug\folders\1000\1f\main C:\Users\Administrator\Desktop\MLxiao\app\build\intermediates\transforms\jarMerging\debug\jars\1\1f\combined.jar
java_class_path (initial): D:\Sdk\build-tools\26.0.1\lib\dx.jar
Launcher Type: SUN_STANDARD

Environment Variables:
JAVA_HOME=C:\Program Files\Java\jdk1.8.0_151
CLASSPATH=.;C:\Program Files\Java\jdk1.8.0_151\lib;C:\Program Files\Java\jdk1.8.0_151\lib\tools.jar;C:\Program Files\Java\jdk1.8.0_151\lib\dt.jar;
PATH=C:\Program Files (x86)\Common Files\Intel\Shared Libraries\redist\intel64\compiler;C:\Windows\system32;C:\Windows;C:\Windows\System32\Wbem;C:\Windows\System32\WindowsPowerShell\v1.0\;C:\Program Files (x86)\NVIDIA Corporation\PhysX\Common;C:\Program Files\Java\jdk1.8.0_151\bin;C:\Program Files\Java\jdk1.8.0_151\jre1.8.0_151\bin;C:\Program Files\Git\cmd;D:\Sdk\platform-tools;D:\Sdk\tools;C:\Program Files\Common Files\Autodesk Shared\;C:\Program Files (x86)\Python\Scripts\;C:\Program Files (x86)\Python\;
USERNAME=Administrator
OS=Windows_NT
PROCESSOR_IDENTIFIER=Intel64 Family 6 Model 158 Stepping 9, GenuineIntel



---------------  S Y S T E M  ---------------

OS: Windows 7 , 64 bit Build 7601 (6.1.7601.19160)

CPU:total 4 (initial active 4) (4 cores per cpu, 1 threads per core) family 6 model 158 stepping 9, cmov, cx8, fxsr, mmx, sse, sse2, sse3, ssse3, sse4.1, sse4.2, popcnt, avx, avx2, aes, clmul, erms, 3dnowpref, lzcnt, tsc, tscinvbit, bmi1, bmi2, adx

Memory: 4k page, physical 8335948k(904688k free), swap 10286796k(20000k free)

vm_info: Java HotSpot(TM) 64-Bit Server VM (25.151-b12) for windows-amd64 JRE (1.8.0_151-b12), built on Sep  5 2017 19:33:46 by "java_re" with MS VC++ 10.0 (VS2010)

time: Fri Jan 12 17:49:01 2018
elapsed time: 26 seconds (0d 0h 0m 26s)

