#
# There is insufficient memory for the Java Runtime Environment to continue.
# Native memory allocation (mmap) failed to map 145227776 bytes for committing reserved memory.
# Possible reasons:
#   The system is out of physical RAM or swap space
#   In 32 bit mode, the process size limit was hit
# Possible solutions:
#   Reduce memory load on the system
#   Increase physical memory or swap space
#   Check if swap backing store is full
#   Use 64 bit Java on a 64 bit OS
#   Decrease Java heap size (-Xmx/-Xms)
#   Decrease number of Java threads
#   Decrease Java thread stack sizes (-Xss)
#   Set larger code cache with -XX:ReservedCodeCacheSize=
# This output file may be truncated or incomplete.
#
#  Out of Memory Error (os_linux.cpp:2640), pid=30845, tid=0x00007ff99cdfc700
#
# JRE version: OpenJDK Runtime Environment (8.0_152-b01) (build 1.8.0_152-release-915-b01)
# Java VM: OpenJDK 64-Bit Server VM (25.152-b01 mixed mode linux-amd64 compressed oops)
# Failed to write core dump. Core dumps have been disabled. To enable core dumping, try "ulimit -c unlimited" before starting Java again
#

---------------  T H R E A D  ---------------

Current thread (0x00007ff9b8078800):  VMThread [stack: 0x00007ff99ccfc000,0x00007ff99cdfd000] [id=30864]

Stack: [0x00007ff99ccfc000,0x00007ff99cdfd000],  sp=0x00007ff99cdfb490,  free space=1021k
Native frames: (J=compiled Java code, j=interpreted, Vv=VM code, C=native code)
V  [libjvm.so+0x9eb15d]  VMError::report_and_die()+0x15d
V  [libjvm.so+0x4b8eaa]  report_vm_out_of_memory(char const*, int, unsigned long, VMErrorType, char const*)+0x8a
V  [libjvm.so+0x851370]  os::pd_commit_memory(char*, unsigned long, unsigned long, bool)+0xf0
V  [libjvm.so+0x84be8f]  os::commit_memory(char*, unsigned long, unsigned long, bool)+0x1f
V  [libjvm.so+0x8c261b]  PSVirtualSpace::expand_by(unsigned long)+0x5b
V  [libjvm.so+0x8b33fb]  PSOldGen::expand_by(unsigned long) [clone .part.109]+0x1b
V  [libjvm.so+0x8b35bb]  PSOldGen::expand(unsigned long) [clone .part.111]+0xdb
V  [libjvm.so+0x8b3e98]  PSOldGen::resize(unsigned long)+0x188
V  [libjvm.so+0x8b94ac]  PSParallelCompact::invoke_no_policy(bool)+0x97c
V  [libjvm.so+0x8c05bd]  PSScavenge::invoke()+0x17d
V  [libjvm.so+0x8748f3]  ParallelScavengeHeap::failed_mem_allocate(unsigned long)+0x63
V  [libjvm.so+0x9ecc84]  VM_ParallelGCFailedAllocation::doit()+0x84
V  [libjvm.so+0x9f1197]  VM_Operation::evaluate()+0x47
V  [libjvm.so+0x9efb78]  VMThread::evaluate_operation(VM_Operation*)+0x2c8
V  [libjvm.so+0x9efff9]  VMThread::loop()+0x219
V  [libjvm.so+0x9f0442]  VMThread::run()+0x72
V  [libjvm.so+0x84e792]  java_start(Thread*)+0xf2

VM_Operation (0x00007ff997c850b0): ParallelGCFailedAllocation, mode: safepoint, requested by thread 0x00007ff9b8191800


---------------  P R O C E S S  ---------------

Java Threads: ( => current thread )
  0x00007ff9b8198000 JavaThread "pool-2-thread-4" [_thread_blocked, id=30895, stack(0x00007ff997782000,0x00007ff997883000)]
  0x00007ff9b8196800 JavaThread "pool-2-thread-3" [_thread_blocked, id=30894, stack(0x00007ff997883000,0x00007ff997984000)]
  0x00007ff9b8194800 JavaThread "pool-2-thread-2" [_thread_blocked, id=30893, stack(0x00007ff997984000,0x00007ff997a85000)]
  0x00007ff9b8192800 JavaThread "pool-3-thread-1" [_thread_blocked, id=30892, stack(0x00007ff997a85000,0x00007ff997b86000)]
  0x00007ff9b8191800 JavaThread "pool-2-thread-1" [_thread_blocked, id=30891, stack(0x00007ff997b86000,0x00007ff997c87000)]
  0x00007ff9b80cb800 JavaThread "Service Thread" daemon [_thread_blocked, id=30880, stack(0x00007ff997eff000,0x00007ff998000000)]
  0x00007ff9b80be800 JavaThread "C1 CompilerThread2" daemon [_thread_blocked, id=30872, stack(0x00007ff99c014000,0x00007ff99c115000)]
  0x00007ff9b80bc800 JavaThread "C2 CompilerThread1" daemon [_thread_blocked, id=30871, stack(0x00007ff99c115000,0x00007ff99c216000)]
  0x00007ff9b80b9800 JavaThread "C2 CompilerThread0" daemon [_thread_blocked, id=30870, stack(0x00007ff99c216000,0x00007ff99c317000)]
  0x00007ff9b80b8000 JavaThread "Signal Dispatcher" daemon [_thread_blocked, id=30869, stack(0x00007ff99c317000,0x00007ff99c418000)]
  0x00007ff9b8084800 JavaThread "Finalizer" daemon [_thread_blocked, id=30866, stack(0x00007ff99cafa000,0x00007ff99cbfb000)]
  0x00007ff9b8080000 JavaThread "Reference Handler" daemon [_thread_blocked, id=30865, stack(0x00007ff99cbfb000,0x00007ff99ccfc000)]
  0x00007ff9b800b000 JavaThread "main" [_thread_blocked, id=30850, stack(0x00007ff9be313000,0x00007ff9be414000)]

Other Threads:
=>0x00007ff9b8078800 VMThread [stack: 0x00007ff99ccfc000,0x00007ff99cdfd000] [id=30864]
  0x00007ff9b80ce000 WatcherThread [stack: 0x00007ff997dfe000,0x00007ff997eff000] [id=30881]

VM state:at safepoint (normal execution)

VM Mutex/Monitor currently owned by a thread:  ([mutex/lock_event])
[0x00007ff9b8006bc0] ExpandHeap_lock - owner thread: 0x00007ff9b8078800
[0x00007ff9b8007240] Threads_lock - owner thread: 0x00007ff9b8078800
[0x00007ff9b8007740] Heap_lock - owner thread: 0x00007ff9b8191800

Heap:
 PSYoungGen      total 1063936K, used 94923K [0x000000076ab00000, 0x00000007b6580000, 0x00000007c0000000)
  eden space 924160K, 0% used [0x000000076ab00000,0x000000076ab00000,0x00000007a3180000)
  from space 139776K, 67% used [0x00000007ac300000,0x00000007b1fb2fe8,0x00000007b4b80000)
  to   space 148992K, 0% used [0x00000007a3180000,0x00000007a3180000,0x00000007ac300000)
 ParOldGen       total 465408K, used 464963K [0x00000006c0000000, 0x00000006dc680000, 0x000000076ab00000)
  object space 465408K, 99% used [0x00000006c0000000,0x00000006dc610c10,0x00000006dc680000)
 Metaspace       used 6613K, capacity 7344K, committed 7552K, reserved 1056768K
  class space    used 603K, capacity 616K, committed 640K, reserved 1048576K

Card table byte_map: [0x00007ff9a77b9000,0x00007ff9a7fba000] byte_map_base: 0x00007ff9a41b9000

Marking Bits: (ParMarkBitMap*) 0x00007ff9bd7dc3e0
 Begin Bits: [0x00007ff99ef60000, 0x00007ff9a2f60000)
 End Bits:   [0x00007ff9a2f60000, 0x00007ff9a6f60000)

Polling page: 0x00007ff9be42d000

CodeCache: size=245760Kb used=12425Kb max_used=12924Kb free=233334Kb
 bounds [0x00007ff9a837a000, 0x00007ff9a908a000, 0x00007ff9b737a000]
 total_blobs=2827 nmethods=2561 adapters=180
 compilation: enabled

Compilation events (10 events):
Event: 44.208 Thread 0x00007ff9b80be800 3707       3       sun.nio.cs.UTF_8$Encoder::encodeLoop (28 bytes)
Event: 44.209 Thread 0x00007ff9b80be800 nmethod 3707 0x00007ff9a874fdd0 code [0x00007ff9a874ff80, 0x00007ff9a87504b8]
Event: 44.209 Thread 0x00007ff9b80be800 3708       3       java.io.OutputStreamWriter::flushBuffer (8 bytes)
Event: 44.209 Thread 0x00007ff9b80be800 nmethod 3708 0x00007ff9a870e910 code [0x00007ff9a870ea80, 0x00007ff9a870ec28]
Event: 44.209 Thread 0x00007ff9b80be800 3709       3       java.io.OutputStream::flush (1 bytes)
Event: 44.209 Thread 0x00007ff9b80be800 nmethod 3709 0x00007ff9a8a29b10 code [0x00007ff9a8a29c60, 0x00007ff9a8a29db0]
Event: 44.209 Thread 0x00007ff9b80be800 3710       3       java.nio.Buffer::clear (20 bytes)
Event: 44.209 Thread 0x00007ff9b80be800 nmethod 3710 0x00007ff9a8aba350 code [0x00007ff9a8aba4a0, 0x00007ff9a8aba610]
Event: 44.292 Thread 0x00007ff9b80be800 3712       3       com.android.dx.ssa.back.FirstFitLocalCombiningAllocator::findAnyFittingRange (189 bytes)
Event: 44.293 Thread 0x00007ff9b80be800 nmethod 3712 0x00007ff9a88c1c10 code [0x00007ff9a88c1e00, 0x00007ff9a88c2718]

GC Heap History (10 events):
Event: 25.160 GC heap after
Heap after GC invocations=19 (full 4):
 PSYoungGen      total 582144K, used 54572K [0x000000076ab00000, 0x00000007a3000000, 0x00000007c0000000)
  eden space 513024K, 0% used [0x000000076ab00000,0x000000076ab00000,0x000000078a000000)
  from space 69120K, 78% used [0x000000078a000000,0x000000078d54b380,0x000000078e380000)
  to   space 94720K, 0% used [0x000000079d380000,0x000000079d380000,0x00000007a3000000)
 ParOldGen       total 327168K, used 234726K [0x00000006c0000000, 0x00000006d3f80000, 0x000000076ab00000)
  object space 327168K, 71% used [0x00000006c0000000,0x00000006ce539b28,0x00000006d3f80000)
 Metaspace       used 6569K, capacity 7344K, committed 7552K, reserved 1056768K
  class space    used 602K, capacity 616K, committed 640K, reserved 1048576K
}
Event: 27.476 GC heap before
{Heap before GC invocations=20 (full 4):
 PSYoungGen      total 582144K, used 567596K [0x000000076ab00000, 0x00000007a3000000, 0x00000007c0000000)
  eden space 513024K, 100% used [0x000000076ab00000,0x000000078a000000,0x000000078a000000)
  from space 69120K, 78% used [0x000000078a000000,0x000000078d54b380,0x000000078e380000)
  to   space 94720K, 0% used [0x000000079d380000,0x000000079d380000,0x00000007a3000000)
 ParOldGen       total 327168K, used 234726K [0x00000006c0000000, 0x00000006d3f80000, 0x000000076ab00000)
  object space 327168K, 71% used [0x00000006c0000000,0x00000006ce539b28,0x00000006d3f80000)
 Metaspace       used 6571K, capacity 7344K, committed 7552K, reserved 1056768K
  class space    used 602K, capacity 616K, committed 640K, reserved 1048576K
Event: 30.738 GC heap after
Heap after GC invocations=20 (full 4):
 PSYoungGen      total 815616K, used 83025K [0x000000076ab00000, 0x00000007a5580000, 0x00000007c0000000)
  eden space 720896K, 0% used [0x000000076ab00000,0x000000076ab00000,0x0000000796b00000)
  from space 94720K, 87% used [0x000000079d380000,0x00000007a24947d8,0x00000007a3000000)
  to   space 107008K, 0% used [0x0000000796b00000,0x0000000796b00000,0x000000079d380000)
 ParOldGen       total 327168K, used 289663K [0x00000006c0000000, 0x00000006d3f80000, 0x000000076ab00000)
  object space 327168K, 88% used [0x00000006c0000000,0x00000006d1adffe8,0x00000006d3f80000)
 Metaspace       used 6571K, capacity 7344K, committed 7552K, reserved 1056768K
  class space    used 602K, capacity 616K, committed 640K, reserved 1048576K
}
Event: 30.738 GC heap before
{Heap before GC invocations=21 (full 5):
 PSYoungGen      total 815616K, used 83025K [0x000000076ab00000, 0x00000007a5580000, 0x00000007c0000000)
  eden space 720896K, 0% used [0x000000076ab00000,0x000000076ab00000,0x0000000796b00000)
  from space 94720K, 87% used [0x000000079d380000,0x00000007a24947d8,0x00000007a3000000)
  to   space 107008K, 0% used [0x0000000796b00000,0x0000000796b00000,0x000000079d380000)
 ParOldGen       total 327168K, used 289663K [0x00000006c0000000, 0x00000006d3f80000, 0x000000076ab00000)
  object space 327168K, 88% used [0x00000006c0000000,0x00000006d1adffe8,0x00000006d3f80000)
 Metaspace       used 6571K, capacity 7344K, committed 7552K, reserved 1056768K
  class space    used 602K, capacity 616K, committed 640K, reserved 1048576K
Event: 32.188 GC heap after
Heap after GC invocations=21 (full 5):
 PSYoungGen      total 815616K, used 40666K [0x000000076ab00000, 0x00000007a5580000, 0x00000007c0000000)
  eden space 720896K, 0% used [0x000000076ab00000,0x000000076ab00000,0x0000000796b00000)
  from space 94720K, 42% used [0x000000079d380000,0x000000079fb369c8,0x00000007a3000000)
  to   space 107008K, 0% used [0x0000000796b00000,0x0000000796b00000,0x000000079d380000)
 ParOldGen       total 435712K, used 326762K [0x00000006c0000000, 0x00000006da980000, 0x000000076ab00000)
  object space 435712K, 74% used [0x00000006c0000000,0x00000006d3f1aa88,0x00000006da980000)
 Metaspace       used 6571K, capacity 7344K, committed 7552K, reserved 1056768K
  class space    used 602K, capacity 616K, committed 640K, reserved 1048576K
}
Event: 36.161 GC heap before
{Heap before GC invocations=22 (full 5):
 PSYoungGen      total 815616K, used 761562K [0x000000076ab00000, 0x00000007a5580000, 0x00000007c0000000)
  eden space 720896K, 100% used [0x000000076ab00000,0x0000000796b00000,0x0000000796b00000)
  from space 94720K, 42% used [0x000000079d380000,0x000000079fb369c8,0x00000007a3000000)
  to   space 107008K, 0% used [0x0000000796b00000,0x0000000796b00000,0x000000079d380000)
 ParOldGen       total 435712K, used 326762K [0x00000006c0000000, 0x00000006da980000, 0x000000076ab00000)
  object space 435712K, 74% used [0x00000006c0000000,0x00000006d3f1aa88,0x00000006da980000)
 Metaspace       used 6589K, capacity 7344K, committed 7552K, reserved 1056768K
  class space    used 603K, capacity 616K, committed 640K, reserved 1048576K
Event: 40.637 GC heap after
Heap after GC invocations=22 (full 5):
 PSYoungGen      total 827904K, used 106981K [0x000000076ab00000, 0x00000007b4b80000, 0x00000007c0000000)
  eden space 720896K, 0% used [0x000000076ab00000,0x000000076ab00000,0x0000000796b00000)
  from space 107008K, 99% used [0x0000000796b00000,0x000000079d3795f0,0x000000079d380000)
  to   space 139776K, 0% used [0x00000007ac300000,0x00000007ac300000,0x00000007b4b80000)
 ParOldGen       total 435712K, used 364765K [0x00000006c0000000, 0x00000006da980000, 0x000000076ab00000)
  object space 435712K, 83% used [0x00000006c0000000,0x00000006d6437550,0x00000006da980000)
 Metaspace       used 6589K, capacity 7344K, committed 7552K, reserved 1056768K
  class space    used 603K, capacity 616K, committed 640K, reserved 1048576K
}
Event: 44.348 GC heap before
{Heap before GC invocations=23 (full 5):
 PSYoungGen      total 827904K, used 827877K [0x000000076ab00000, 0x00000007b4b80000, 0x00000007c0000000)
  eden space 720896K, 100% used [0x000000076ab00000,0x0000000796b00000,0x0000000796b00000)
  from space 107008K, 99% used [0x0000000796b00000,0x000000079d3795f0,0x000000079d380000)
  to   space 139776K, 0% used [0x00000007ac300000,0x00000007ac300000,0x00000007b4b80000)
 ParOldGen       total 435712K, used 364765K [0x00000006c0000000, 0x00000006da980000, 0x000000076ab00000)
  object space 435712K, 83% used [0x00000006c0000000,0x00000006d6437550,0x00000006da980000)
 Metaspace       used 6613K, capacity 7344K, committed 7552K, reserved 1056768K
  class space    used 603K, capacity 616K, committed 640K, reserved 1048576K
Event: 50.436 GC heap after
Heap after GC invocations=23 (full 5):
 PSYoungGen      total 1063936K, used 98185K [0x000000076ab00000, 0x00000007b6580000, 0x00000007c0000000)
  eden space 924160K, 0% used [0x000000076ab00000,0x000000076ab00000,0x00000007a3180000)
  from space 139776K, 70% used [0x00000007ac300000,0x00000007b22e24a8,0x00000007b4b80000)
  to   space 148992K, 0% used [0x00000007a3180000,0x00000007a3180000,0x00000007ac300000)
 ParOldGen       total 465408K, used 464234K [0x00000006c0000000, 0x00000006dc680000, 0x000000076ab00000)
  object space 465408K, 99% used [0x00000006c0000000,0x00000006dc55ab88,0x00000006dc680000)
 Metaspace       used 6613K, capacity 7344K, committed 7552K, reserved 1056768K
  class space    used 603K, capacity 616K, committed 640K, reserved 1048576K
}
Event: 51.064 GC heap before
{Heap before GC invocations=24 (full 6):
 PSYoungGen      total 1063936K, used 98185K [0x000000076ab00000, 0x00000007b6580000, 0x00000007c0000000)
  eden space 924160K, 0% used [0x000000076ab00000,0x000000076ab00000,0x00000007a3180000)
  from space 139776K, 70% used [0x00000007ac300000,0x00000007b22e24a8,0x00000007b4b80000)
  to   space 148992K, 0% used [0x00000007a3180000,0x00000007a3180000,0x00000007ac300000)
 ParOldGen       total 465408K, used 464234K [0x00000006c0000000, 0x00000006dc680000, 0x000000076ab00000)
  object space 465408K, 99% used [0x00000006c0000000,0x00000006dc55ab88,0x00000006dc680000)
 Metaspace       used 6613K, capacity 7344K, committed 7552K, reserved 1056768K
  class space    used 603K, capacity 616K, committed 640K, reserved 1048576K

Deoptimization events (10 events):
Event: 40.684 Thread 0x00007ff9b8194800 Uncommon trap: reason=class_check action=maybe_recompile pc=0x00007ff9a84c782c method=com.android.dx.util.BitIntSet.merge(Lcom/android/dx/util/IntSet;)V @ 1
Event: 43.175 Thread 0x00007ff9b8194800 Uncommon trap: reason=unstable_if action=reinterpret pc=0x00007ff9a86a1080 method=com.android.dx.ssa.back.IdenticalBlockCombiner.replaceSucc(Lcom/android/dx/rop/code/BasicBlock;II)V @ 30
Event: 43.239 Thread 0x00007ff9b8194800 Uncommon trap: reason=bimorphic action=maybe_recompile pc=0x00007ff9a8f33e98 method=com.android.dx.cf.code.BytecodeArray.parseInstruction(ILcom/android/dx/cf/code/BytecodeArray$Visitor;)I @ 1083
Event: 43.239 Thread 0x00007ff9b8194800 Uncommon trap: reason=bimorphic action=maybe_recompile pc=0x00007ff9a8f33e98 method=com.android.dx.cf.code.BytecodeArray.parseInstruction(ILcom/android/dx/cf/code/BytecodeArray$Visitor;)I @ 1083
Event: 43.357 Thread 0x00007ff9b8191800 Uncommon trap: reason=unstable_if action=reinterpret pc=0x00007ff9a854a73c method=com.android.dx.ssa.SsaBasicBlock.checkRegUsed(Ljava/util/BitSet;Lcom/android/dx/rop/code/RegisterSpec;)Z @ 30
Event: 43.754 Thread 0x00007ff9b8196800 Uncommon trap: reason=bimorphic action=maybe_recompile pc=0x00007ff9a8f88018 method=java.util.HashMap$TreeNode.find(ILjava/lang/Object;Ljava/lang/Class;)Ljava/util/HashMap$TreeNode; @ 68
Event: 43.754 Thread 0x00007ff9b8196800 Uncommon trap: reason=bimorphic action=maybe_recompile pc=0x00007ff9a8f88018 method=java.util.HashMap$TreeNode.find(ILjava/lang/Object;Ljava/lang/Class;)Ljava/util/HashMap$TreeNode; @ 68
Event: 43.754 Thread 0x00007ff9b8196800 Uncommon trap: reason=bimorphic action=maybe_recompile pc=0x00007ff9a8f88018 method=java.util.HashMap$TreeNode.find(ILjava/lang/Object;Ljava/lang/Class;)Ljava/util/HashMap$TreeNode; @ 68
Event: 43.754 Thread 0x00007ff9b8196800 Uncommon trap: reason=bimorphic action=maybe_recompile pc=0x00007ff9a8f88018 method=java.util.HashMap$TreeNode.find(ILjava/lang/Object;Ljava/lang/Class;)Ljava/util/HashMap$TreeNode; @ 68
Event: 44.294 Thread 0x00007ff9b8194800 Uncommon trap: reason=class_check action=maybe_recompile pc=0x00007ff9a8e710c4 method=com.android.dx.ssa.SCCP.replaceConstants()V @ 182

Classes redefined (0 events):
No events

Internal exceptions (10 events):
Event: 1.334 Thread 0x00007ff9b800b000 Exception <a 'java/lang/NoSuchMethodError': Method sun.misc.Unsafe.prefetchRead(Ljava/lang/Object;J)V name or signature does not match> (0x000000076ab07f90) thrown at [/ssd/Android/AOSP-openjdk-git/jdk8u/hotspot/src/share/vm/prims/jni.cpp, line 4011]
Event: 4.208 Thread 0x00007ff9b800b000 Implicit null exception at 0x00007ff9a84e2574 to 0x00007ff9a84e2bbd
Event: 4.996 Thread 0x00007ff9b8194800 Implicit null exception at 0x00007ff9a86b683b to 0x00007ff9a86b9021
Event: 5.276 Thread 0x00007ff9b8196800 Exception <a 'java/lang/ArrayIndexOutOfBoundsException': 18> (0x000000076f4e9fe8) thrown at [/ssd/Android/AOSP-openjdk-git/jdk8u/hotspot/src/share/vm/interpreter/interpreterRuntime.cpp, line 366]
Event: 5.277 Thread 0x00007ff9b8196800 Exception <a 'java/lang/ArrayIndexOutOfBoundsException': 145> (0x000000076f4ebb68) thrown at [/ssd/Android/AOSP-openjdk-git/jdk8u/hotspot/src/share/vm/interpreter/interpreterRuntime.cpp, line 366]
Event: 5.277 Thread 0x00007ff9b8196800 Exception <a 'java/lang/ArrayIndexOutOfBoundsException'> (0x000000076f4ece50) thrown at [/ssd/Android/AOSP-openjdk-git/jdk8u/hotspot/src/share/vm/runtime/sharedRuntime.cpp, line 605]
Event: 20.463 Thread 0x00007ff9b8198000 Implicit null exception at 0x00007ff9a8fce490 to 0x00007ff9a8fd3d89
Event: 25.609 Thread 0x00007ff9b8194800 Implicit null exception at 0x00007ff9a8f15342 to 0x00007ff9a8f1633d
Event: 32.692 Thread 0x00007ff9b8194800 Implicit null exception at 0x00007ff9a862888c to 0x00007ff9a8628993
Event: 32.904 Thread 0x00007ff9b8196800 Implicit null exception at 0x00007ff9a876cb72 to 0x00007ff9a876dfcd

Events (10 events):
Event: 44.005 Thread 0x00007ff9b8198000 DEOPT PACKING pc=0x00007ff9a867ab66 sp=0x00007ff9978815c0
Event: 44.005 Thread 0x00007ff9b8198000 DEOPT UNPACKING pc=0x00007ff9a83c1373 sp=0x00007ff9978813c8 mode 0
Event: 44.069 Thread 0x00007ff9b800b000 DEOPT PACKING pc=0x00007ff9a867ab66 sp=0x00007ff9be411c90
Event: 44.069 Thread 0x00007ff9b800b000 DEOPT UNPACKING pc=0x00007ff9a83c1373 sp=0x00007ff9be411a98 mode 0
Event: 44.242 Thread 0x00007ff9b8191800 DEOPT PACKING pc=0x00007ff9a867ab66 sp=0x00007ff997c855c0
Event: 44.242 Thread 0x00007ff9b8191800 DEOPT UNPACKING pc=0x00007ff9a83c1373 sp=0x00007ff997c853c8 mode 0
Event: 44.294 Thread 0x00007ff9b8194800 Uncommon trap: trap_request=0xffffffde fr.pc=0x00007ff9a8e710c4
Event: 44.294 Thread 0x00007ff9b8194800 DEOPT PACKING pc=0x00007ff9a8e710c4 sp=0x00007ff997a83110
Event: 44.294 Thread 0x00007ff9b8194800 DEOPT UNPACKING pc=0x00007ff9a837ef69 sp=0x00007ff997a830a8 mode 2
Event: 44.325 Executing VM operation: ParallelGCFailedAllocation


Dynamic libraries:
00400000-00401000 r-xp 00000000 08:01 10093581                           /home/afirez/android-studio/jre/bin/java
00600000-00601000 r--p 00000000 08:01 10093581                           /home/afirez/android-studio/jre/bin/java
00601000-00602000 rw-p 00001000 08:01 10093581                           /home/afirez/android-studio/jre/bin/java
022f5000-02316000 rw-p 00000000 00:00 0                                  [heap]
6c0000000-6dc680000 rw-p 00000000 00:00 0 
6e5100000-76ab00000 ---p 00000000 00:00 0 
76ab00000-7b6580000 rw-p 00000000 00:00 0 
7b6580000-7c0000000 ---p 00000000 00:00 0 
7c0000000-7c00a0000 rw-p 00000000 00:00 0 
7c00a0000-800000000 ---p 00000000 00:00 0 
7ff950000000-7ff95007c000 rw-p 00000000 00:00 0 
7ff95007c000-7ff954000000 ---p 00000000 00:00 0 
7ff954000000-7ff95402a000 rw-p 00000000 00:00 0 
7ff95402a000-7ff958000000 ---p 00000000 00:00 0 
7ff958000000-7ff958021000 rw-p 00000000 00:00 0 
7ff958021000-7ff95c000000 ---p 00000000 00:00 0 
7ff95c000000-7ff95c043000 rw-p 00000000 00:00 0 
7ff95c043000-7ff960000000 ---p 00000000 00:00 0 
7ff960000000-7ff960021000 rw-p 00000000 00:00 0 
7ff960021000-7ff964000000 ---p 00000000 00:00 0 
7ff964000000-7ff964042000 rw-p 00000000 00:00 0 
7ff964042000-7ff968000000 ---p 00000000 00:00 0 
7ff968000000-7ff96878d000 rw-p 00000000 00:00 0 
7ff96878d000-7ff96c000000 ---p 00000000 00:00 0 
7ff96c000000-7ff96c021000 rw-p 00000000 00:00 0 
7ff96c021000-7ff970000000 ---p 00000000 00:00 0 
7ff970000000-7ff97167b000 rw-p 00000000 00:00 0 
7ff97167b000-7ff974000000 ---p 00000000 00:00 0 
7ff974000000-7ff975c78000 rw-p 00000000 00:00 0 
7ff975c78000-7ff978000000 ---p 00000000 00:00 0 
7ff978000000-7ff978021000 rw-p 00000000 00:00 0 
7ff978021000-7ff97c000000 ---p 00000000 00:00 0 
7ff97c000000-7ff97c021000 rw-p 00000000 00:00 0 
7ff97c021000-7ff980000000 ---p 00000000 00:00 0 
7ff980000000-7ff9802b1000 rw-p 00000000 00:00 0 
7ff9802b1000-7ff984000000 ---p 00000000 00:00 0 
7ff984000000-7ff984021000 rw-p 00000000 00:00 0 
7ff984021000-7ff988000000 ---p 00000000 00:00 0 
7ff988000000-7ff988021000 rw-p 00000000 00:00 0 
7ff988021000-7ff98c000000 ---p 00000000 00:00 0 
7ff98c000000-7ff98c021000 rw-p 00000000 00:00 0 
7ff98c021000-7ff990000000 ---p 00000000 00:00 0 
7ff990000000-7ff990021000 rw-p 00000000 00:00 0 
7ff990021000-7ff994000000 ---p 00000000 00:00 0 
7ff997782000-7ff997785000 ---p 00000000 00:00 0 
7ff997785000-7ff997883000 rw-p 00000000 00:00 0 
7ff997883000-7ff997886000 ---p 00000000 00:00 0 
7ff997886000-7ff997984000 rw-p 00000000 00:00 0 
7ff997984000-7ff997987000 ---p 00000000 00:00 0 
7ff997987000-7ff997a85000 rw-p 00000000 00:00 0 
7ff997a85000-7ff997a88000 ---p 00000000 00:00 0 
7ff997a88000-7ff997b86000 rw-p 00000000 00:00 0 
7ff997b86000-7ff997b89000 ---p 00000000 00:00 0 
7ff997b89000-7ff997c87000 rw-p 00000000 00:00 0 
7ff997c87000-7ff997dfe000 r--s 01245000 08:01 11538970                   /home/afirez/Desktop/MLxiao/app/build/intermediates/transforms/jarMerging/debug/jars/1/1f/combined.jar
7ff997dfe000-7ff997dff000 ---p 00000000 00:00 0 
7ff997dff000-7ff997eff000 rw-p 00000000 00:00 0 
7ff997eff000-7ff997f02000 ---p 00000000 00:00 0 
7ff997f02000-7ff998000000 rw-p 00000000 00:00 0 
7ff998000000-7ff998021000 rw-p 00000000 00:00 0 
7ff998021000-7ff99c000000 ---p 00000000 00:00 0 
7ff99c014000-7ff99c017000 ---p 00000000 00:00 0 
7ff99c017000-7ff99c115000 rw-p 00000000 00:00 0 
7ff99c115000-7ff99c118000 ---p 00000000 00:00 0 
7ff99c118000-7ff99c216000 rw-p 00000000 00:00 0 
7ff99c216000-7ff99c219000 ---p 00000000 00:00 0 
7ff99c219000-7ff99c317000 rw-p 00000000 00:00 0 
7ff99c317000-7ff99c31a000 ---p 00000000 00:00 0 
7ff99c31a000-7ff99c418000 rw-p 00000000 00:00 0 
7ff99c418000-7ff99cafa000 r--p 00000000 08:01 2890617                    /usr/lib/locale/locale-archive
7ff99cafa000-7ff99cafd000 ---p 00000000 00:00 0 
7ff99cafd000-7ff99cbfb000 rw-p 00000000 00:00 0 
7ff99cbfb000-7ff99cbfe000 ---p 00000000 00:00 0 
7ff99cbfe000-7ff99ccfc000 rw-p 00000000 00:00 0 
7ff99ccfc000-7ff99ccfd000 ---p 00000000 00:00 0 
7ff99ccfd000-7ff99dd90000 rw-p 00000000 00:00 0 
7ff99dd90000-7ff99df60000 r--s 03c46000 08:01 10093660                   /home/afirez/android-studio/jre/jre/lib/rt.jar
7ff99df60000-7ff99e620000 rw-p 00000000 00:00 0 
7ff99e620000-7ff99e760000 ---p 00000000 00:00 0 
7ff99e760000-7ff9a6f60000 rw-p 00000000 00:00 0 
7ff9a6f60000-7ff9a6f61000 ---p 00000000 00:00 0 
7ff9a6f61000-7ff9a7061000 rw-p 00000000 00:00 0 
7ff9a7061000-7ff9a7062000 ---p 00000000 00:00 0 
7ff9a7062000-7ff9a7162000 rw-p 00000000 00:00 0 
7ff9a7162000-7ff9a7163000 ---p 00000000 00:00 0 
7ff9a7163000-7ff9a7347000 rw-p 00000000 00:00 0 
7ff9a7347000-7ff9a77b9000 ---p 00000000 00:00 0 
7ff9a77b9000-7ff9a789d000 rw-p 00000000 00:00 0 
7ff9a789d000-7ff9a7d0e000 ---p 00000000 00:00 0 
7ff9a7d0e000-7ff9a7f6c000 rw-p 00000000 00:00 0 
7ff9a7f6c000-7ff9a7fb9000 ---p 00000000 00:00 0 
7ff9a7fb9000-7ff9a7fef000 rw-p 00000000 00:00 0 
7ff9a7fef000-7ff9a837a000 ---p 00000000 00:00 0 
7ff9a837a000-7ff9a908a000 rwxp 00000000 00:00 0 
7ff9a908a000-7ff9b737a000 ---p 00000000 00:00 0 
7ff9b737a000-7ff9b7394000 r-xp 00000000 08:01 10093681                   /home/afirez/android-studio/jre/jre/lib/amd64/libzip.so
7ff9b7394000-7ff9b7594000 ---p 0001a000 08:01 10093681                   /home/afirez/android-studio/jre/jre/lib/amd64/libzip.so
7ff9b7594000-7ff9b7595000 r--p 0001a000 08:01 10093681                   /home/afirez/android-studio/jre/jre/lib/amd64/libzip.so
7ff9b7595000-7ff9b7596000 rw-p 0001b000 08:01 10093681                   /home/afirez/android-studio/jre/jre/lib/amd64/libzip.so
7ff9b7596000-7ff9b75a0000 r-xp 00000000 08:01 1835237                    /lib/x86_64-linux-gnu/libnss_files-2.19.so
7ff9b75a0000-7ff9b779f000 ---p 0000a000 08:01 1835237                    /lib/x86_64-linux-gnu/libnss_files-2.19.so
7ff9b779f000-7ff9b77a0000 r--p 00009000 08:01 1835237                    /lib/x86_64-linux-gnu/libnss_files-2.19.so
7ff9b77a0000-7ff9b77a1000 rw-p 0000a000 08:01 1835237                    /lib/x86_64-linux-gnu/libnss_files-2.19.so
7ff9b77a1000-7ff9b77ac000 r-xp 00000000 08:01 1835241                    /lib/x86_64-linux-gnu/libnss_nis-2.19.so
7ff9b77ac000-7ff9b79ab000 ---p 0000b000 08:01 1835241                    /lib/x86_64-linux-gnu/libnss_nis-2.19.so
7ff9b79ab000-7ff9b79ac000 r--p 0000a000 08:01 1835241                    /lib/x86_64-linux-gnu/libnss_nis-2.19.so
7ff9b79ac000-7ff9b79ad000 rw-p 0000b000 08:01 1835241                    /lib/x86_64-linux-gnu/libnss_nis-2.19.so
7ff9b79ad000-7ff9b79c4000 r-xp 00000000 08:01 1835254                    /lib/x86_64-linux-gnu/libnsl-2.19.so
7ff9b79c4000-7ff9b7bc3000 ---p 00017000 08:01 1835254                    /lib/x86_64-linux-gnu/libnsl-2.19.so
7ff9b7bc3000-7ff9b7bc4000 r--p 00016000 08:01 1835254                    /lib/x86_64-linux-gnu/libnsl-2.19.so
7ff9b7bc4000-7ff9b7bc5000 rw-p 00017000 08:01 1835254                    /lib/x86_64-linux-gnu/libnsl-2.19.so
7ff9b7bc5000-7ff9b7bc7000 rw-p 00000000 00:00 0 
7ff9b7bc7000-7ff9b7bd0000 r-xp 00000000 08:01 1835243                    /lib/x86_64-linux-gnu/libnss_compat-2.19.so
7ff9b7bd0000-7ff9b7dcf000 ---p 00009000 08:01 1835243                    /lib/x86_64-linux-gnu/libnss_compat-2.19.so
7ff9b7dcf000-7ff9b7dd0000 r--p 00008000 08:01 1835243                    /lib/x86_64-linux-gnu/libnss_compat-2.19.so
7ff9b7dd0000-7ff9b7dd1000 rw-p 00009000 08:01 1835243                    /lib/x86_64-linux-gnu/libnss_compat-2.19.so
7ff9b7dd1000-7ff9b7dfe000 r-xp 00000000 08:01 10093680                   /home/afirez/android-studio/jre/jre/lib/amd64/libjava.so
7ff9b7dfe000-7ff9b7ffd000 ---p 0002d000 08:01 10093680                   /home/afirez/android-studio/jre/jre/lib/amd64/libjava.so
7ff9b7ffd000-7ff9b7ffe000 r--p 0002c000 08:01 10093680                   /home/afirez/android-studio/jre/jre/lib/amd64/libjava.so
7ff9b7ffe000-7ff9b8000000 rw-p 0002d000 08:01 10093680                   /home/afirez/android-studio/jre/jre/lib/amd64/libjava.so
7ff9b8000000-7ff9b83a1000 rw-p 00000000 00:00 0 
7ff9b83a1000-7ff9bc000000 ---p 00000000 00:00 0 
7ff9bc001000-7ff9bc0e6000 rw-p 00000000 00:00 0 
7ff9bc0e6000-7ff9bc0e7000 ---p 00000000 00:00 0 
7ff9bc0e7000-7ff9bc1e7000 rw-p 00000000 00:00 0 
7ff9bc1e7000-7ff9bc1f7000 r-xp 00000000 08:01 10093686                   /home/afirez/android-studio/jre/jre/lib/amd64/libverify.so
7ff9bc1f7000-7ff9bc3f6000 ---p 00010000 08:01 10093686                   /home/afirez/android-studio/jre/jre/lib/amd64/libverify.so
7ff9bc3f6000-7ff9bc3f8000 r--p 0000f000 08:01 10093686                   /home/afirez/android-studio/jre/jre/lib/amd64/libverify.so
7ff9bc3f8000-7ff9bc3f9000 rw-p 00011000 08:01 10093686                   /home/afirez/android-studio/jre/jre/lib/amd64/libverify.so
7ff9bc3f9000-7ff9bc400000 r-xp 00000000 08:01 1835252                    /lib/x86_64-linux-gnu/librt-2.19.so
7ff9bc400000-7ff9bc5ff000 ---p 00007000 08:01 1835252                    /lib/x86_64-linux-gnu/librt-2.19.so
7ff9bc5ff000-7ff9bc600000 r--p 00006000 08:01 1835252                    /lib/x86_64-linux-gnu/librt-2.19.so
7ff9bc600000-7ff9bc601000 rw-p 00007000 08:01 1835252                    /lib/x86_64-linux-gnu/librt-2.19.so
7ff9bc601000-7ff9bc706000 r-xp 00000000 08:01 1835245                    /lib/x86_64-linux-gnu/libm-2.19.so
7ff9bc706000-7ff9bc905000 ---p 00105000 08:01 1835245                    /lib/x86_64-linux-gnu/libm-2.19.so
7ff9bc905000-7ff9bc906000 r--p 00104000 08:01 1835245                    /lib/x86_64-linux-gnu/libm-2.19.so
7ff9bc906000-7ff9bc907000 rw-p 00105000 08:01 1835245                    /lib/x86_64-linux-gnu/libm-2.19.so
7ff9bc907000-7ff9bd4ff000 r-xp 00000000 08:01 10093690                   /home/afirez/android-studio/jre/jre/lib/amd64/server/libjvm.so
7ff9bd4ff000-7ff9bd6ff000 ---p 00bf8000 08:01 10093690                   /home/afirez/android-studio/jre/jre/lib/amd64/server/libjvm.so
7ff9bd6ff000-7ff9bd79e000 r--p 00bf8000 08:01 10093690                   /home/afirez/android-studio/jre/jre/lib/amd64/server/libjvm.so
7ff9bd79e000-7ff9bd7c7000 rw-p 00c97000 08:01 10093690                   /home/afirez/android-studio/jre/jre/lib/amd64/server/libjvm.so
7ff9bd7c7000-7ff9bd80b000 rw-p 00000000 00:00 0 
7ff9bd80b000-7ff9bd824000 r-xp 00000000 08:01 1835251                    /lib/x86_64-linux-gnu/libpthread-2.19.so
7ff9bd824000-7ff9bda23000 ---p 00019000 08:01 1835251                    /lib/x86_64-linux-gnu/libpthread-2.19.so
7ff9bda23000-7ff9bda24000 r--p 00018000 08:01 1835251                    /lib/x86_64-linux-gnu/libpthread-2.19.so
7ff9bda24000-7ff9bda25000 rw-p 00019000 08:01 1835251                    /lib/x86_64-linux-gnu/libpthread-2.19.so
7ff9bda25000-7ff9bda29000 rw-p 00000000 00:00 0 
7ff9bda29000-7ff9bda2c000 r-xp 00000000 08:01 1835255                    /lib/x86_64-linux-gnu/libdl-2.19.so
7ff9bda2c000-7ff9bdc2b000 ---p 00003000 08:01 1835255                    /lib/x86_64-linux-gnu/libdl-2.19.so
7ff9bdc2b000-7ff9bdc2c000 r--p 00002000 08:01 1835255                    /lib/x86_64-linux-gnu/libdl-2.19.so
7ff9bdc2c000-7ff9bdc2d000 rw-p 00003000 08:01 1835255                    /lib/x86_64-linux-gnu/libdl-2.19.so
7ff9bdc2d000-7ff9bddeb000 r-xp 00000000 08:01 1835259                    /lib/x86_64-linux-gnu/libc-2.19.so
7ff9bddeb000-7ff9bdfeb000 ---p 001be000 08:01 1835259                    /lib/x86_64-linux-gnu/libc-2.19.so
7ff9bdfeb000-7ff9bdfef000 r--p 001be000 08:01 1835259                    /lib/x86_64-linux-gnu/libc-2.19.so
7ff9bdfef000-7ff9bdff1000 rw-p 001c2000 08:01 1835259                    /lib/x86_64-linux-gnu/libc-2.19.so
7ff9bdff1000-7ff9bdff6000 rw-p 00000000 00:00 0 
7ff9bdff6000-7ff9be00c000 r-xp 00000000 08:01 10093629                   /home/afirez/android-studio/jre/lib/amd64/jli/libjli.so
7ff9be00c000-7ff9be20b000 ---p 00016000 08:01 10093629                   /home/afirez/android-studio/jre/lib/amd64/jli/libjli.so
7ff9be20b000-7ff9be20c000 r--p 00015000 08:01 10093629                   /home/afirez/android-studio/jre/lib/amd64/jli/libjli.so
7ff9be20c000-7ff9be20d000 rw-p 00016000 08:01 10093629                   /home/afirez/android-studio/jre/lib/amd64/jli/libjli.so
7ff9be20d000-7ff9be230000 r-xp 00000000 08:01 1835248                    /lib/x86_64-linux-gnu/ld-2.19.so
7ff9be231000-7ff9be240000 r--s 000e4000 08:01 4474121                    /home/afirez/Android/Sdk/build-tools/26.0.1/lib/dx.jar
7ff9be240000-7ff9be313000 rw-p 00000000 00:00 0 
7ff9be313000-7ff9be316000 ---p 00000000 00:00 0 
7ff9be316000-7ff9be418000 rw-p 00000000 00:00 0 
7ff9be423000-7ff9be424000 rw-p 00000000 00:00 0 
7ff9be424000-7ff9be42c000 rw-s 00000000 08:01 4474688                    /tmp/hsperfdata_afirez/30845
7ff9be42c000-7ff9be42d000 rw-p 00000000 00:00 0 
7ff9be42d000-7ff9be42e000 ---p 00000000 00:00 0 
7ff9be42e000-7ff9be42f000 rw-p 00000000 00:00 0 
7ff9be42f000-7ff9be430000 r--p 00022000 08:01 1835248                    /lib/x86_64-linux-gnu/ld-2.19.so
7ff9be430000-7ff9be431000 rw-p 00023000 08:01 1835248                    /lib/x86_64-linux-gnu/ld-2.19.so
7ff9be431000-7ff9be432000 rw-p 00000000 00:00 0 
7ffea8555000-7ffea8577000 rw-p 00000000 00:00 0                          [stack]
7ffea85e6000-7ffea85e8000 r--p 00000000 00:00 0                          [vvar]
7ffea85e8000-7ffea85ea000 r-xp 00000000 00:00 0                          [vdso]
ffffffffff600000-ffffffffff601000 r-xp 00000000 00:00 0                  [vsyscall]

VM Arguments:
jvm_args: -Djava.awt.headless=true -Xmx4g -Dfile.encoding=UTF-8 -Duser.country=US -Duser.language=en -Duser.variant 
java_command: com.android.dx.command.Main --dex --num-threads=4 --multi-dex --main-dex-list /home/afirez/Desktop/MLxiao/app/build/intermediates/multi-dex/debug/maindexlist.txt --output /home/afirez/Desktop/MLxiao/app/build/intermediates/transforms/dex/debug/folders/1000/1f/main /home/afirez/Desktop/MLxiao/app/build/intermediates/transforms/jarMerging/debug/jars/1/1f/combined.jar
java_class_path (initial): /home/afirez/Android/Sdk/build-tools/26.0.1/lib/dx.jar
Launcher Type: SUN_STANDARD

Environment Variables:
JAVA_HOME=/home/afirez/.sdkman/candidates/java/current
PATH=/home/afirez/.sdkman/candidates/java/current/bin:/home/afirez/.sdkman/candidates/gradle/current/bin:/usr/local/sbin:/usr/local/bin:/usr/sbin:/usr/bin:/sbin:/bin:/usr/games:/usr/local/games:/home/afirez/Android/Sdk/platform-tools:/home/afirez/Android/Sdk/tools
LD_LIBRARY_PATH=./android-studio/bin:
SHELL=/usr/bin/zsh
DISPLAY=:0

Signal Handlers:
SIGSEGV: [libjvm.so+0x9ebc60], sa_mask[0]=11111111011111111101111111111110, sa_flags=SA_RESTART|SA_SIGINFO
SIGBUS: [libjvm.so+0x9ebc60], sa_mask[0]=11111111011111111101111111111110, sa_flags=SA_RESTART|SA_SIGINFO
SIGFPE: [libjvm.so+0x84cf60], sa_mask[0]=11111111011111111101111111111110, sa_flags=SA_RESTART|SA_SIGINFO
SIGPIPE: [libjvm.so+0x84cf60], sa_mask[0]=11111111011111111101111111111110, sa_flags=SA_RESTART|SA_SIGINFO
SIGXFSZ: [libjvm.so+0x84cf60], sa_mask[0]=11111111011111111101111111111110, sa_flags=SA_RESTART|SA_SIGINFO
SIGILL: [libjvm.so+0x84cf60], sa_mask[0]=11111111011111111101111111111110, sa_flags=SA_RESTART|SA_SIGINFO
SIGUSR1: SIG_DFL, sa_mask[0]=00000000000000000000000000000000, sa_flags=none
SIGUSR2: [libjvm.so+0x84ce30], sa_mask[0]=00100000000000000000000000000000, sa_flags=SA_RESTART|SA_SIGINFO
SIGHUP: [libjvm.so+0x84d020], sa_mask[0]=11111111011111111101111111111110, sa_flags=SA_RESTART|SA_SIGINFO
SIGINT: [libjvm.so+0x84d020], sa_mask[0]=11111111011111111101111111111110, sa_flags=SA_RESTART|SA_SIGINFO
SIGTERM: [libjvm.so+0x84d020], sa_mask[0]=11111111011111111101111111111110, sa_flags=SA_RESTART|SA_SIGINFO
SIGQUIT: [libjvm.so+0x84d020], sa_mask[0]=11111111011111111101111111111110, sa_flags=SA_RESTART|SA_SIGINFO


---------------  S Y S T E M  ---------------

OS:DISTRIB_ID=Ubuntu
DISTRIB_RELEASE=14.04
DISTRIB_CODENAME=trusty
DISTRIB_DESCRIPTION="Ubuntu 14.04.5 LTS"

uname:Linux 4.4.0-31-generic #50~14.04.1-Ubuntu SMP Wed Jul 13 01:07:32 UTC 2016 x86_64
libc:glibc 2.19 NPTL 2.19 
rlimit: STACK 8192k, CORE 0k, NPROC 19749, NOFILE 4096, AS infinity
load average:20.35 8.62 4.50

/proc/meminfo:
MemTotal:        5078772 kB
MemFree:          119248 kB
MemAvailable:      17108 kB
Buffers:             464 kB
Cached:            25088 kB
SwapCached:         2120 kB
Active:          3867264 kB
Inactive:         912860 kB
Active(anon):    3865420 kB
Inactive(anon):   909408 kB
Active(file):       1844 kB
Inactive(file):     3452 kB
Unevictable:         184 kB
Mlocked:             184 kB
SwapTotal:       4191228 kB
SwapFree:              0 kB
Dirty:                28 kB
Writeback:             4 kB
AnonPages:       4754124 kB
Mapped:             8504 kB
Shmem:             19164 kB
Slab:              68572 kB
SReclaimable:      35976 kB
SUnreclaim:        32596 kB
KernelStack:       11920 kB
PageTables:        59756 kB
NFS_Unstable:          0 kB
Bounce:                0 kB
WritebackTmp:          0 kB
CommitLimit:     6730612 kB
Committed_AS:   13646388 kB
VmallocTotal:   34359738367 kB
VmallocUsed:           0 kB
VmallocChunk:          0 kB
HardwareCorrupted:     0 kB
AnonHugePages:   1515520 kB
CmaTotal:              0 kB
CmaFree:               0 kB
HugePages_Total:       0
HugePages_Free:        0
HugePages_Rsvd:        0
HugePages_Surp:        0
Hugepagesize:       2048 kB
DirectMap4k:      151488 kB
DirectMap2M:     5091328 kB


CPU:total 4 (initial active 4) (4 cores per cpu, 1 threads per core) family 6 model 158 stepping 9, cmov, cx8, fxsr, mmx, sse, sse2, sse3, ssse3, sse4.1, sse4.2, popcnt, avx, avx2, aes, clmul, 3dnowpref, lzcnt, tsc, tscinvbit

/proc/cpuinfo:
processor	: 0
vendor_id	: GenuineIntel
cpu family	: 6
model		: 158
model name	: Intel(R) Core(TM) i5-7400 CPU @ 3.00GHz
stepping	: 9
cpu MHz		: 3000.018
cache size	: 6144 KB
physical id	: 0
siblings	: 4
core id		: 0
cpu cores	: 4
apicid		: 0
initial apicid	: 0
fpu		: yes
fpu_exception	: yes
cpuid level	: 22
wp		: yes
flags		: fpu vme de pse tsc msr pae mce cx8 apic sep mtrr pge mca cmov pat pse36 clflush mmx fxsr sse sse2 ht syscall nx rdtscp lm constant_tsc rep_good nopl xtopology nonstop_tsc pni pclmulqdq ssse3 cx16 sse4_1 sse4_2 x2apic movbe popcnt aes xsave avx rdrand hypervisor lahf_lm abm 3dnowprefetch avx2 rdseed clflushopt
bugs		:
bogomips	: 6000.03
clflush size	: 64
cache_alignment	: 64
address sizes	: 39 bits physical, 48 bits virtual
power management:

processor	: 1
vendor_id	: GenuineIntel
cpu family	: 6
model		: 158
model name	: Intel(R) Core(TM) i5-7400 CPU @ 3.00GHz
stepping	: 9
cpu MHz		: 3000.018
cache size	: 6144 KB
physical id	: 0
siblings	: 4
core id		: 1
cpu cores	: 4
apicid		: 1
initial apicid	: 1
fpu		: yes
fpu_exception	: yes
cpuid level	: 22
wp		: yes
flags		: fpu vme de pse tsc msr pae mce cx8 apic sep mtrr pge mca cmov pat pse36 clflush mmx fxsr sse sse2 ht syscall nx rdtscp lm constant_tsc rep_good nopl xtopology nonstop_tsc pni pclmulqdq ssse3 cx16 sse4_1 sse4_2 x2apic movbe popcnt aes xsave avx rdrand hypervisor lahf_lm abm 3dnowprefetch avx2 rdseed clflushopt
bugs		:
bogomips	: 6000.03
clflush size	: 64
cache_alignment	: 64
address sizes	: 39 bits physical, 48 bits virtual
power management:

processor	: 2
vendor_id	: GenuineIntel
cpu family	: 6
model		: 158
model name	: Intel(R) Core(TM) i5-7400 CPU @ 3.00GHz
stepping	: 9
cpu MHz		: 3000.018
cache size	: 6144 KB
physical id	: 0
siblings	: 4
core id		: 2
cpu cores	: 4
apicid		: 2
initial apicid	: 2
fpu		: yes
fpu_exception	: yes
cpuid level	: 22
wp		: yes
flags		: fpu vme de pse tsc msr pae mce cx8 apic sep mtrr pge mca cmov pat pse36 clflush mmx fxsr sse sse2 ht syscall nx rdtscp lm constant_tsc rep_good nopl xtopology nonstop_tsc pni pclmulqdq ssse3 cx16 sse4_1 sse4_2 x2apic movbe popcnt aes xsave avx rdrand hypervisor lahf_lm abm 3dnowprefetch avx2 rdseed clflushopt
bugs		:
bogomips	: 6000.03
clflush size	: 64
cache_alignment	: 64
address sizes	: 39 bits physical, 48 bits virtual
power management:

processor	: 3
vendor_id	: GenuineIntel
cpu family	: 6
model		: 158
model name	: Intel(R) Core(TM) i5-7400 CPU @ 3.00GHz
stepping	: 9
cpu MHz		: 3000.018
cache size	: 6144 KB
physical id	: 0
siblings	: 4
core id		: 3
cpu cores	: 4
apicid		: 3
initial apicid	: 3
fpu		: yes
fpu_exception	: yes
cpuid level	: 22
wp		: yes
flags		: fpu vme de pse tsc msr pae mce cx8 apic sep mtrr pge mca cmov pat pse36 clflush mmx fxsr sse sse2 ht syscall nx rdtscp lm constant_tsc rep_good nopl xtopology nonstop_tsc pni pclmulqdq ssse3 cx16 sse4_1 sse4_2 x2apic movbe popcnt aes xsave avx rdrand hypervisor lahf_lm abm 3dnowprefetch avx2 rdseed clflushopt
bugs		:
bogomips	: 6000.03
clflush size	: 64
cache_alignment	: 64
address sizes	: 39 bits physical, 48 bits virtual
power management:



Memory: 4k page, physical 5078772k(119000k free), swap 4191228k(0k free)

vm_info: OpenJDK 64-Bit Server VM (25.152-b01) for linux-amd64 JRE (1.8.0_152-release-915-b01), built by "builder" with gcc 4.8.4

time: Wed Feb  7 22:38:53 2018
elapsed time: 98 seconds (0d 0h 1m 38s)

