#
# There is insufficient memory for the Java Runtime Environment to continue.
# Native memory allocation (malloc) failed to allocate 259456 bytes for Chunk::new
# Possible reasons:
#   The system is out of physical RAM or swap space
#   In 32 bit mode, the process size limit was hit
# Possible solutions:
#   Reduce memory load on the system
#   Increase physical memory or swap space
#   Check if swap backing store is full
#   Use 64 bit Java on a 64 bit OS
#   Decrease Java heap size (-Xmx/-Xms)
#   Decrease number of Java threads
#   Decrease Java thread stack sizes (-Xss)
#   Set larger code cache with -XX:ReservedCodeCacheSize=
# This output file may be truncated or incomplete.
#
#  Out of Memory Error (allocation.cpp:390), pid=8684, tid=0x0000000000002598
#
# JRE version: Java(TM) SE Runtime Environment (8.0_151-b12) (build 1.8.0_151-b12)
# Java VM: Java HotSpot(TM) 64-Bit Server VM (25.151-b12 mixed mode windows-amd64 compressed oops)
# Failed to write core dump. Minidumps are not enabled by default on client versions of Windows
#

---------------  T H R E A D  ---------------

Current thread (0x000000001d3da800):  JavaThread "C2 CompilerThread0" daemon [_thread_in_native, id=9624, stack(0x000000001dba0000,0x000000001dca0000)]

Stack: [0x000000001dba0000,0x000000001dca0000]
[error occurred during error reporting (printing stack bounds), id 0xc0000005]

Native frames: (J=compiled Java code, j=interpreted, Vv=VM code, C=native code)


Current CompileTask:
C2:  13511 2298       4       com.android.dx.dex.code.OutputFinisher::addConstants (134 bytes)


---------------  P R O C E S S  ---------------

Java Threads: ( => current thread )
  0x000000001d5cf800 JavaThread "pool-1-thread-1" [_thread_in_Java, id=6372, stack(0x000000001e3f0000,0x000000001e4f0000)]
  0x000000001d3f3800 JavaThread "Service Thread" daemon [_thread_blocked, id=9580, stack(0x000000001e100000,0x000000001e200000)]
  0x000000001d3ef000 JavaThread "C1 CompilerThread2" daemon [_thread_blocked, id=9616, stack(0x000000001df10000,0x000000001e010000)]
  0x000000001d3ee000 JavaThread "C2 CompilerThread1" daemon [_thread_in_native, id=9620, stack(0x000000001dd40000,0x000000001de40000)]
=>0x000000001d3da800 JavaThread "C2 CompilerThread0" daemon [_thread_in_native, id=9624, stack(0x000000001dba0000,0x000000001dca0000)]
  0x000000001bf8e800 JavaThread "Attach Listener" daemon [_thread_blocked, id=9628, stack(0x000000001d840000,0x000000001d940000)]
  0x000000001bf8d800 JavaThread "Signal Dispatcher" daemon [_thread_blocked, id=9668, stack(0x000000001d940000,0x000000001da40000)]
  0x000000001bf66000 JavaThread "Finalizer" daemon [_thread_blocked, id=9720, stack(0x000000001d2d0000,0x000000001d3d0000)]
  0x000000001bf24800 JavaThread "Reference Handler" daemon [_thread_blocked, id=9716, stack(0x000000001d0e0000,0x000000001d1e0000)]
  0x000000000252e000 JavaThread "main" [_thread_blocked, id=9732, stack(0x0000000002580000,0x0000000002680000)]

Other Threads:
  0x000000001bf1c800 VMThread [stack: 0x000000001cee0000,0x000000001cfe0000] [id=9700]
  0x000000001d4a7800 WatcherThread [stack: 0x000000001e250000,0x000000001e350000] [id=9876]

VM state:not at safepoint (normal execution)

VM Mutex/Monitor currently owned by a thread: None

Heap:
 PSYoungGen      total 138240K, used 58676K [0x000000076ab00000, 0x000000077ea00000, 0x00000007c0000000)
  eden space 133120K, 40% used [0x000000076ab00000,0x000000076df4fcd8,0x0000000772d00000)
  from space 5120K, 99% used [0x0000000772d00000,0x00000007731fd458,0x0000000773200000)
  to   space 30208K, 0% used [0x000000077cc80000,0x000000077cc80000,0x000000077ea00000)
 ParOldGen       total 87552K, used 57361K [0x00000006c0000000, 0x00000006c5580000, 0x000000076ab00000)
  object space 87552K, 65% used [0x00000006c0000000,0x00000006c3804698,0x00000006c5580000)
 Metaspace       used 6418K, capacity 7256K, committed 7424K, reserved 1056768K
  class space    used 620K, capacity 656K, committed 768K, reserved 1048576K

Card table byte_map: [0x0000000011a40000,0x0000000012250000] byte_map_base: 0x000000000e440000

Marking Bits: (ParMarkBitMap*) 0x000000006220d850
 Begin Bits: [0x0000000012d90000, 0x0000000016d90000)
 End Bits:   [0x0000000016d90000, 0x000000001ad90000)

Polling page: 0x0000000000130000

CodeCache: size=245760Kb used=9224Kb max_used=9616Kb free=236535Kb
 bounds [0x0000000002680000, 0x0000000002ff0000, 0x0000000011680000]
 total_blobs=2105 nmethods=1836 adapters=178
 compilation: enabled

Compilation events (10 events):
Event: 13.497 Thread 0x000000001d3ef000 2310       3       java.util.HashMap$KeySet::iterator (12 bytes)
Event: 13.497 Thread 0x000000001d3ef000 nmethod 2310 0x00000000028ad310 code [0x00000000028ad480, 0x00000000028ad6e8]
Event: 13.498 Thread 0x000000001d3ee000 nmethod 2305 0x0000000002a3a790 code [0x0000000002a3a8e0, 0x0000000002a3aad8]
Event: 13.498 Thread 0x000000001d3ee000 2311       4       java.util.HashMap$HashIterator::hasNext (13 bytes)
Event: 13.499 Thread 0x000000001d3ee000 nmethod 2311 0x000000000291e110 code [0x000000000291e240, 0x000000000291e2b8]
Event: 13.499 Thread 0x000000001d3ee000 2295       4       com.android.dx.rop.cst.CstMemberRef::hashCode (19 bytes)
Event: 13.499 Thread 0x000000001d3ef000 2312  s    3       java.util.Vector::addElement (38 bytes)
Event: 13.499 Thread 0x000000001d3ef000 nmethod 2312 0x0000000002cc9a10 code [0x0000000002cc9ba0, 0x0000000002cca0c8]
Event: 13.500 Thread 0x000000001d3ef000 2313       3       com.android.dx.dex.file.DebugInfoItem::<init> (36 bytes)
Event: 13.500 Thread 0x000000001d3ef000 nmethod 2313 0x0000000002fe50d0 code [0x0000000002fe5240, 0x0000000002fe5538]

GC Heap History (10 events):
Event: 1.466 GC heap before
{Heap before GC invocations=1 (full 0):
 PSYoungGen      total 38400K, used 33280K [0x000000076ab00000, 0x000000076d580000, 0x00000007c0000000)
  eden space 33280K, 100% used [0x000000076ab00000,0x000000076cb80000,0x000000076cb80000)
  from space 5120K, 0% used [0x000000076d080000,0x000000076d080000,0x000000076d580000)
  to   space 5120K, 0% used [0x000000076cb80000,0x000000076cb80000,0x000000076d080000)
 ParOldGen       total 87552K, used 0K [0x00000006c0000000, 0x00000006c5580000, 0x000000076ab00000)
  object space 87552K, 0% used [0x00000006c0000000,0x00000006c0000000,0x00000006c5580000)
 Metaspace       used 5891K, capacity 6898K, committed 7040K, reserved 1056768K
  class space    used 597K, capacity 618K, committed 640K, reserved 1048576K
Event: 1.687 GC heap after
Heap after GC invocations=1 (full 0):
 PSYoungGen      total 38400K, used 5107K [0x000000076ab00000, 0x000000076f600000, 0x00000007c0000000)
  eden space 33280K, 0% used [0x000000076ab00000,0x000000076ab00000,0x000000076cb80000)
  from space 5120K, 99% used [0x000000076cb80000,0x000000076d07cd00,0x000000076d080000)
  to   space 5120K, 0% used [0x000000076f100000,0x000000076f100000,0x000000076f600000)
 ParOldGen       total 87552K, used 2128K [0x00000006c0000000, 0x00000006c5580000, 0x000000076ab00000)
  object space 87552K, 2% used [0x00000006c0000000,0x00000006c02140c0,0x00000006c5580000)
 Metaspace       used 5891K, capacity 6898K, committed 7040K, reserved 1056768K
  class space    used 597K, capacity 618K, committed 640K, reserved 1048576K
}
Event: 5.058 GC heap before
{Heap before GC invocations=2 (full 0):
 PSYoungGen      total 38400K, used 38387K [0x000000076ab00000, 0x000000076f600000, 0x00000007c0000000)
  eden space 33280K, 100% used [0x000000076ab00000,0x000000076cb80000,0x000000076cb80000)
  from space 5120K, 99% used [0x000000076cb80000,0x000000076d07cd00,0x000000076d080000)
  to   space 5120K, 0% used [0x000000076f100000,0x000000076f100000,0x000000076f600000)
 ParOldGen       total 87552K, used 2128K [0x00000006c0000000, 0x00000006c5580000, 0x000000076ab00000)
  object space 87552K, 2% used [0x00000006c0000000,0x00000006c02140c0,0x00000006c5580000)
 Metaspace       used 6050K, capacity 6964K, committed 7040K, reserved 1056768K
  class space    used 600K, capacity 620K, committed 640K, reserved 1048576K
Event: 5.300 GC heap after
Heap after GC invocations=2 (full 0):
 PSYoungGen      total 71680K, used 5088K [0x000000076ab00000, 0x000000076f600000, 0x00000007c0000000)
  eden space 66560K, 0% used [0x000000076ab00000,0x000000076ab00000,0x000000076ec00000)
  from space 5120K, 99% used [0x000000076f100000,0x000000076f5f80b0,0x000000076f600000)
  to   space 5120K, 0% used [0x000000076ec00000,0x000000076ec00000,0x000000076f100000)
 ParOldGen       total 87552K, used 11282K [0x00000006c0000000, 0x00000006c5580000, 0x000000076ab00000)
  object space 87552K, 12% used [0x00000006c0000000,0x00000006c0b04ae8,0x00000006c5580000)
 Metaspace       used 6050K, capacity 6964K, committed 7040K, reserved 1056768K
  class space    used 600K, capacity 620K, committed 640K, reserved 1048576K
}
Event: 6.989 GC heap before
{Heap before GC invocations=3 (full 0):
 PSYoungGen      total 71680K, used 71648K [0x000000076ab00000, 0x000000076f600000, 0x00000007c0000000)
  eden space 66560K, 100% used [0x000000076ab00000,0x000000076ec00000,0x000000076ec00000)
  from space 5120K, 99% used [0x000000076f100000,0x000000076f5f80b0,0x000000076f600000)
  to   space 5120K, 0% used [0x000000076ec00000,0x000000076ec00000,0x000000076f100000)
 ParOldGen       total 87552K, used 11282K [0x00000006c0000000, 0x00000006c5580000, 0x000000076ab00000)
  object space 87552K, 12% used [0x00000006c0000000,0x00000006c0b04ae8,0x00000006c5580000)
 Metaspace       used 6147K, capacity 7094K, committed 7296K, reserved 1056768K
  class space    used 608K, capacity 622K, committed 640K, reserved 1048576K
Event: 7.129 GC heap after
Heap after GC invocations=3 (full 0):
 PSYoungGen      total 71680K, used 5108K [0x000000076ab00000, 0x0000000773700000, 0x00000007c0000000)
  eden space 66560K, 0% used [0x000000076ab00000,0x000000076ab00000,0x000000076ec00000)
  from space 5120K, 99% used [0x000000076ec00000,0x000000076f0fd3f8,0x000000076f100000)
  to   space 5120K, 0% used [0x0000000773200000,0x0000000773200000,0x0000000773700000)
 ParOldGen       total 87552K, used 22846K [0x00000006c0000000, 0x00000006c5580000, 0x000000076ab00000)
  object space 87552K, 26% used [0x00000006c0000000,0x00000006c164fb68,0x00000006c5580000)
 Metaspace       used 6147K, capacity 7094K, committed 7296K, reserved 1056768K
  class space    used 608K, capacity 622K, committed 640K, reserved 1048576K
}
Event: 7.478 GC heap before
{Heap before GC invocations=4 (full 0):
 PSYoungGen      total 71680K, used 71668K [0x000000076ab00000, 0x0000000773700000, 0x00000007c0000000)
  eden space 66560K, 100% used [0x000000076ab00000,0x000000076ec00000,0x000000076ec00000)
  from space 5120K, 99% used [0x000000076ec00000,0x000000076f0fd3f8,0x000000076f100000)
  to   space 5120K, 0% used [0x0000000773200000,0x0000000773200000,0x0000000773700000)
 ParOldGen       total 87552K, used 22846K [0x00000006c0000000, 0x00000006c5580000, 0x000000076ab00000)
  object space 87552K, 26% used [0x00000006c0000000,0x00000006c164fb68,0x00000006c5580000)
 Metaspace       used 6220K, capacity 7094K, committed 7296K, reserved 1056768K
  class space    used 608K, capacity 622K, committed 640K, reserved 1048576K
Event: 7.712 GC heap after
Heap after GC invocations=4 (full 0):
 PSYoungGen      total 138240K, used 5115K [0x000000076ab00000, 0x0000000773700000, 0x00000007c0000000)
  eden space 133120K, 0% used [0x000000076ab00000,0x000000076ab00000,0x0000000772d00000)
  from space 5120K, 99% used [0x0000000773200000,0x00000007736fef08,0x0000000773700000)
  to   space 5120K, 0% used [0x0000000772d00000,0x0000000772d00000,0x0000000773200000)
 ParOldGen       total 87552K, used 31402K [0x00000006c0000000, 0x00000006c5580000, 0x000000076ab00000)
  object space 87552K, 35% used [0x00000006c0000000,0x00000006c1eaa998,0x00000006c5580000)
 Metaspace       used 6220K, capacity 7094K, committed 7296K, reserved 1056768K
  class space    used 608K, capacity 622K, committed 640K, reserved 1048576K
}
Event: 10.574 GC heap before
{Heap before GC invocations=5 (full 0):
 PSYoungGen      total 138240K, used 138235K [0x000000076ab00000, 0x0000000773700000, 0x00000007c0000000)
  eden space 133120K, 100% used [0x000000076ab00000,0x0000000772d00000,0x0000000772d00000)
  from space 5120K, 99% used [0x0000000773200000,0x00000007736fef08,0x0000000773700000)
  to   space 5120K, 0% used [0x0000000772d00000,0x0000000772d00000,0x0000000773200000)
 ParOldGen       total 87552K, used 31402K [0x00000006c0000000, 0x00000006c5580000, 0x000000076ab00000)
  object space 87552K, 35% used [0x00000006c0000000,0x00000006c1eaa998,0x00000006c5580000)
 Metaspace       used 6335K, capacity 7222K, committed 7296K, reserved 1056768K
  class space    used 613K, capacity 622K, committed 640K, reserved 1048576K
Event: 11.394 GC heap after
Heap after GC invocations=5 (full 0):
 PSYoungGen      total 138240K, used 5109K [0x000000076ab00000, 0x000000077ea00000, 0x00000007c0000000)
  eden space 133120K, 0% used [0x000000076ab00000,0x000000076ab00000,0x0000000772d00000)
  from space 5120K, 99% used [0x0000000772d00000,0x00000007731fd458,0x0000000773200000)
  to   space 30208K, 0% used [0x000000077cc80000,0x000000077cc80000,0x000000077ea00000)
 ParOldGen       total 87552K, used 57361K [0x00000006c0000000, 0x00000006c5580000, 0x000000076ab00000)
  object space 87552K, 65% used [0x00000006c0000000,0x00000006c3804698,0x00000006c5580000)
 Metaspace       used 6335K, capacity 7222K, committed 7296K, reserved 1056768K
  class space    used 613K, capacity 622K, committed 640K, reserved 1048576K
}

Deoptimization events (10 events):
Event: 11.724 Thread 0x000000001d5d2800 Uncommon trap: reason=unstable_if action=reinterpret pc=0x0000000002d8fbf4 method=com.android.dx.ssa.SsaRenamer$BlockRenamer.addMapping(ILcom/android/dx/rop/code/RegisterSpec;)V @ 120
Event: 11.724 Thread 0x000000001d5d2800 Uncommon trap: reason=unstable_if action=reinterpret pc=0x0000000002d526f4 method=com.android.dx.ssa.SsaRenamer$BlockRenamer.addMapping(ILcom/android/dx/rop/code/RegisterSpec;)V @ 120
Event: 11.725 Thread 0x000000001d5d2800 Uncommon trap: reason=class_check action=maybe_recompile pc=0x0000000002b1c320 method=com.android.dx.rop.code.RegisterSpec.withSimpleType()Lcom/android/dx/rop/code/RegisterSpec; @ 21
Event: 13.460 Thread 0x000000001d5cf800 Uncommon trap: reason=class_check action=maybe_recompile pc=0x0000000002a79e80 method=java.util.Arrays.hashCode([Ljava/lang/Object;)I @ 43
Event: 13.460 Thread 0x000000001d5cf800 Uncommon trap: reason=class_check action=maybe_recompile pc=0x0000000002a79e80 method=java.util.Arrays.hashCode([Ljava/lang/Object;)I @ 43
Event: 13.460 Thread 0x000000001d5cf800 Uncommon trap: reason=class_check action=maybe_recompile pc=0x0000000002a79e80 method=java.util.Arrays.hashCode([Ljava/lang/Object;)I @ 43
Event: 13.460 Thread 0x000000001d5cf800 Uncommon trap: reason=class_check action=maybe_recompile pc=0x0000000002a79e80 method=java.util.Arrays.hashCode([Ljava/lang/Object;)I @ 43
Event: 13.460 Thread 0x000000001d5cf800 Uncommon trap: reason=class_check action=maybe_recompile pc=0x0000000002a40af4 method=java.util.Arrays.hashCode([Ljava/lang/Object;)I @ 43
Event: 13.483 Thread 0x000000001d5cf800 Uncommon trap: reason=bimorphic action=maybe_recompile pc=0x0000000002a48560 method=java.util.HashMap.putVal(ILjava/lang/Object;Ljava/lang/Object;ZZ)Ljava/lang/Object; @ 91
Event: 13.483 Thread 0x000000001d5cf800 Uncommon trap: reason=bimorphic action=maybe_recompile pc=0x0000000002a48560 method=java.util.HashMap.putVal(ILjava/lang/Object;Ljava/lang/Object;ZZ)Ljava/lang/Object; @ 91

Internal exceptions (3 events):
Event: 0.397 Thread 0x000000000252e000 Exception <a 'java/lang/NoSuchMethodError': Method sun.misc.Unsafe.defineClass(Ljava/lang/String;[BII)Ljava/lang/Class; name or signature does not match> (0x000000076ab07ca8) thrown at [C:\re\workspace\8-2-build-windows-amd64-cygwin\jdk8u151\9699\hotspot\
Event: 0.397 Thread 0x000000000252e000 Exception <a 'java/lang/NoSuchMethodError': Method sun.misc.Unsafe.prefetchRead(Ljava/lang/Object;J)V name or signature does not match> (0x000000076ab07f90) thrown at [C:\re\workspace\8-2-build-windows-amd64-cygwin\jdk8u151\9699\hotspot\src\share\vm\prims
Event: 6.272 Thread 0x000000001d58a800 Implicit null exception at 0x00000000028cbb22 to 0x00000000028cbc31

Events (10 events):
Event: 13.492 Thread 0x000000001d3ef000 flushing nmethod 0x0000000002cc98d0
Event: 13.492 Thread 0x000000001d3ef000 flushing nmethod 0x0000000002cd6850
Event: 13.493 Thread 0x000000001d3ef000 flushing nmethod 0x0000000002d41990
Event: 13.493 Thread 0x000000001d3ef000 flushing nmethod 0x0000000002d7c090
Event: 13.493 Thread 0x000000001d3ef000 flushing nmethod 0x0000000002d7e750
Event: 13.493 Thread 0x000000001d3ef000 flushing nmethod 0x0000000002d82d10
Event: 13.493 Thread 0x000000001d3ef000 flushing nmethod 0x0000000002d870d0
Event: 13.493 Thread 0x000000001d3ef000 flushing nmethod 0x0000000002dbf1d0
Event: 13.499 loading class com/android/dx/dex/file/CatchStructs
Event: 13.499 loading class com/android/dx/dex/file/CatchStructs done


Dynamic libraries:
0x000000013fe30000 - 0x000000013fe67000 	C:\Program Files\Java\jdk1.8.0_151\bin\java.exe
0x0000000076f10000 - 0x00000000770ba000 	C:\Windows\SYSTEM32\ntdll.dll
0x0000000076cf0000 - 0x0000000076e0f000 	C:\Windows\system32\kernel32.dll
0x000007fefcdf0000 - 0x000007fefce5b000 	C:\Windows\system32\KERNELBASE.dll
0x000007fefde70000 - 0x000007fefdf4b000 	C:\Windows\system32\ADVAPI32.dll
0x000007fefef90000 - 0x000007feff02f000 	C:\Windows\system32\msvcrt.dll
0x000007fefe030000 - 0x000007fefe04f000 	C:\Windows\SYSTEM32\sechost.dll
0x000007fefec80000 - 0x000007fefedad000 	C:\Windows\system32\RPCRT4.dll
0x0000000076e10000 - 0x0000000076f0a000 	C:\Windows\system32\USER32.dll
0x000007fefe690000 - 0x000007fefe6f7000 	C:\Windows\system32\GDI32.dll
0x000007fefe790000 - 0x000007fefe79e000 	C:\Windows\system32\LPK.dll
0x000007fefd010000 - 0x000007fefd0da000 	C:\Windows\system32\USP10.dll
0x000007fefb120000 - 0x000007fefb314000 	C:\Windows\WinSxS\amd64_microsoft.windows.common-controls_6595b64144ccf1df_6.0.7601.18837_none_fa3b1e3d17594757\COMCTL32.dll
0x000007fefe610000 - 0x000007fefe681000 	C:\Windows\system32\SHLWAPI.dll
0x000007fefedb0000 - 0x000007fefedde000 	C:\Windows\system32\IMM32.DLL
0x000007fefe500000 - 0x000007fefe609000 	C:\Windows\system32\MSCTF.dll
0x0000000062290000 - 0x0000000062362000 	C:\Program Files\Java\jdk1.8.0_151\jre\bin\msvcr100.dll
0x00000000619f0000 - 0x000000006228d000 	C:\Program Files\Java\jdk1.8.0_151\jre\bin\server\jvm.dll
0x000007feef150000 - 0x000007feef159000 	C:\Windows\system32\WSOCK32.dll
0x000007fefef40000 - 0x000007fefef8d000 	C:\Windows\system32\WS2_32.dll
0x000007fefe780000 - 0x000007fefe788000 	C:\Windows\system32\NSI.dll
0x000007fefab50000 - 0x000007fefab8b000 	C:\Windows\system32\WINMM.dll
0x000007fefbc70000 - 0x000007fefbc7c000 	C:\Windows\system32\VERSION.dll
0x00000000770d0000 - 0x00000000770d7000 	C:\Windows\system32\PSAPI.DLL
0x000000006df40000 - 0x000000006df4f000 	C:\Program Files\Java\jdk1.8.0_151\jre\bin\verify.dll
0x0000000062780000 - 0x00000000627a9000 	C:\Program Files\Java\jdk1.8.0_151\jre\bin\java.dll
0x0000000063270000 - 0x0000000063286000 	C:\Program Files\Java\jdk1.8.0_151\jre\bin\zip.dll
0x000007fefd0e0000 - 0x000007fefde69000 	C:\Windows\system32\SHELL32.dll
0x000007fefea70000 - 0x000007fefec73000 	C:\Windows\system32\ole32.dll
0x000007fefcc50000 - 0x000007fefcc5f000 	C:\Windows\system32\profapi.dll

VM Arguments:
jvm_args: -Djava.awt.headless=true -Xmx4g -Dfile.encoding=GBK -Duser.country=CN -Duser.language=zh -Duser.variant 
java_command: com.android.dx.command.Main --dex --force-jumbo --num-threads=4 --multi-dex --output C:\Users\Administrator\Desktop\MLxiao\app\build\intermediates\transforms\dex\debug\folders\1000\5\slice_0 C:\Users\Administrator\Desktop\MLxiao\app\build\intermediates\transforms\instantRunSlicer\debug\folders\1\5\slice_0
java_class_path (initial): D:\Sdk\build-tools\26.0.1\lib\dx.jar
Launcher Type: SUN_STANDARD

Environment Variables:
JAVA_HOME=C:\Program Files\Java\jdk1.8.0_151
CLASSPATH=.;C:\Program Files\Java\jdk1.8.0_151\lib;C:\Program Files\Java\jdk1.8.0_151\lib\tools.jar;C:\Program Files\Java\jdk1.8.0_151\lib\dt.jar;
PATH=C:\Program Files (x86)\Common Files\Intel\Shared Libraries\redist\intel64\compiler;C:\Windows\system32;C:\Windows;C:\Windows\System32\Wbem;C:\Windows\System32\WindowsPowerShell\v1.0\;C:\Program Files (x86)\NVIDIA Corporation\PhysX\Common;C:\Program Files\Java\jdk1.8.0_151\bin;C:\Program Files\Java\jdk1.8.0_151\jre1.8.0_151\bin;C:\Program Files\Git\cmd;D:\Sdk\platform-tools;D:\Sdk\tools;C:\Program Files\Common Files\Autodesk Shared\;C:\Program Files (x86)\Python\Scripts\;C:\Program Files (x86)\Python\;
USERNAME=Administrator
OS=Windows_NT
PROCESSOR_IDENTIFIER=Intel64 Family 6 Model 158 Stepping 9, GenuineIntel



---------------  S Y S T E M  ---------------

OS: Windows 7 , 64 bit Build 7601 (6.1.7601.19160)

CPU:total 4 (initial active 4) (4 cores per cpu, 1 threads per core) family 6 model 158 stepping 9, cmov, cx8, fxsr, mmx, sse, sse2, sse3, ssse3, sse4.1, sse4.2, popcnt, avx, avx2, aes, clmul, erms, 3dnowpref, lzcnt, tsc, tscinvbit, bmi1, bmi2, adx

Memory: 4k page, physical 8335948k(1429016k free), swap 10431264k(3084k free)

vm_info: Java HotSpot(TM) 64-Bit Server VM (25.151-b12) for windows-amd64 JRE (1.8.0_151-b12), built on Sep  5 2017 19:33:46 by "java_re" with MS VC++ 10.0 (VS2010)

time: Fri Jan 12 15:32:07 2018
elapsed time: 13 seconds (0d 0h 0m 13s)

