#
# There is insufficient memory for the Java Runtime Environment to continue.
# Native memory allocation (malloc) failed to allocate 32744 bytes for ChunkPool::allocate
# Possible reasons:
#   The system is out of physical RAM or swap space
#   In 32 bit mode, the process size limit was hit
# Possible solutions:
#   Reduce memory load on the system
#   Increase physical memory or swap space
#   Check if swap backing store is full
#   Use 64 bit Java on a 64 bit OS
#   Decrease Java heap size (-Xmx/-Xms)
#   Decrease number of Java threads
#   Decrease Java thread stack sizes (-Xss)
#   Set larger code cache with -XX:ReservedCodeCacheSize=
# This output file may be truncated or incomplete.
#
#  Out of Memory Error (allocation.cpp:273), pid=5396, tid=0x0000000000001704
#
# JRE version: OpenJDK Runtime Environment (8.0_152-b01) (build 1.8.0_152-release-915-b01)
# Java VM: OpenJDK 64-Bit Server VM (25.152-b01 mixed mode windows-amd64 compressed oops)
# Failed to write core dump. Minidumps are not enabled by default on client versions of Windows
#

---------------  T H R E A D  ---------------

Current thread (0x000000001c12e800):  JavaThread "C2 CompilerThread0" daemon [_thread_in_native, id=5892, stack(0x000000001ddf0000,0x000000001def0000)]

Stack: [0x000000001ddf0000,0x000000001def0000]
[error occurred during error reporting (printing stack bounds), id 0xc0000005]

Native frames: (J=compiled Java code, j=interpreted, Vv=VM code, C=native code)


Current CompileTask:
C2:  13030 2864       4       com.android.dx.dex.cf.CfTranslator::translate0 (259 bytes)


---------------  P R O C E S S  ---------------

Java Threads: ( => current thread )
  0x000000001e611000 JavaThread "pool-2-thread-4" [_thread_blocked, id=5968, stack(0x000000001f360000,0x000000001f460000)]
  0x000000001e6d6000 JavaThread "pool-2-thread-3" [_thread_in_Java, id=6664, stack(0x000000001f0b0000,0x000000001f1b0000)]
  0x000000001e6d5000 JavaThread "pool-2-thread-2" [_thread_blocked, id=5864, stack(0x000000001ef30000,0x000000001f030000)]
  0x000000001e638000 JavaThread "pool-3-thread-1" [_thread_blocked, id=7532, stack(0x000000001df20000,0x000000001e020000)]
  0x000000001e5e2800 JavaThread "pool-2-thread-1" [_thread_blocked, id=5680, stack(0x000000001ed30000,0x000000001ee30000)]
  0x000000001d620800 JavaThread "Service Thread" daemon [_thread_blocked, id=7708, stack(0x000000001e270000,0x000000001e370000)]
  0x000000001d5a8800 JavaThread "C1 CompilerThread2" daemon [_thread_blocked, id=7788, stack(0x000000001e070000,0x000000001e170000)]
  0x000000001d5a7800 JavaThread "C2 CompilerThread1" daemon [_thread_in_native, id=7712, stack(0x000000001d060000,0x000000001d160000)]
=>0x000000001c12e800 JavaThread "C2 CompilerThread0" daemon [_thread_in_native, id=5892, stack(0x000000001ddf0000,0x000000001def0000)]
  0x000000001d58b000 JavaThread "Attach Listener" daemon [_thread_blocked, id=5616, stack(0x000000001dbe0000,0x000000001dce0000)]
  0x000000001c11e800 JavaThread "Signal Dispatcher" daemon [_thread_blocked, id=6204, stack(0x000000001d9f0000,0x000000001daf0000)]
  0x000000001c108000 JavaThread "Finalizer" daemon [_thread_blocked, id=5200, stack(0x000000001d480000,0x000000001d580000)]
  0x000000001c0c1000 JavaThread "Reference Handler" daemon [_thread_blocked, id=3636, stack(0x000000001d320000,0x000000001d420000)]
  0x000000000246e800 JavaThread "main" [_thread_blocked, id=7856, stack(0x0000000002660000,0x0000000002760000)]

Other Threads:
  0x000000001c0b9800 VMThread [stack: 0x000000001d1c0000,0x000000001d2c0000] [id=5664]
  0x000000001d5d7800 WatcherThread [stack: 0x000000001e400000,0x000000001e500000] [id=7932]

VM state:not at safepoint (normal execution)

VM Mutex/Monitor currently owned by a thread: None

Heap:
 PSYoungGen      total 760320K, used 431280K [0x000000076ab00000, 0x00000007aeb00000, 0x00000007c0000000)
  eden space 576000K, 42% used [0x000000076ab00000,0x0000000779c32200,0x000000078dd80000)
  from space 184320K, 99% used [0x000000078dd80000,0x000000079917a020,0x0000000799180000)
  to   space 218624K, 0% used [0x00000007a1580000,0x00000007a1580000,0x00000007aeb00000)
 ParOldGen       total 599552K, used 379096K [0x00000006c0000000, 0x00000006e4980000, 0x000000076ab00000)
  object space 599552K, 63% used [0x00000006c0000000,0x00000006d7236020,0x00000006e4980000)
 Metaspace       used 6601K, capacity 7286K, committed 7552K, reserved 1056768K
  class space    used 606K, capacity 622K, committed 640K, reserved 1048576K

Card table byte_map: [0x0000000011b20000,0x0000000012330000] byte_map_base: 0x000000000e520000

Marking Bits: (ParMarkBitMap*) 0x0000000070453950
 Begin Bits: [0x0000000012f30000, 0x0000000016f30000)
 End Bits:   [0x0000000016f30000, 0x000000001af30000)

Polling page: 0x0000000000330000

CodeCache: size=245760Kb used=14721Kb max_used=14721Kb free=231038Kb
 bounds [0x0000000002760000, 0x00000000035e0000, 0x0000000011760000]
 total_blobs=3126 nmethods=2861 adapters=178
 compilation: enabled

Compilation events (10 events):
Event: 12.998 Thread 0x000000001d5a8800 2929       2       com.android.dx.ssa.ConstCollector::getConstsSortedByCountUse (386 bytes)
Event: 12.999 Thread 0x000000001d5a8800 nmethod 2929 0x000000000352b6d0 code [0x000000000352ba60, 0x000000000352cca8]
Event: 13.000 Thread 0x000000001d5a8800 2930 %     3       com.android.dx.ssa.ConstCollector::getConstsSortedByCountUse @ 27 (386 bytes)
Event: 13.002 Thread 0x000000001d5a8800 nmethod 2930% 0x00000000035d53d0 code [0x00000000035d59a0, 0x00000000035d9e88]
Event: 13.004 Thread 0x000000001d5a8800 2932       2       com.android.dx.ssa.NormalSsaInsn::setNewSources (46 bytes)
Event: 13.004 Thread 0x000000001d5a8800 nmethod 2932 0x000000000352b0d0 code [0x000000000352b260, 0x000000000352b4f8]
Event: 13.004 Thread 0x000000001d5a8800 2933   !   2       com.android.dx.rop.code.PlainInsn::withSourceLiteral (216 bytes)
Event: 13.005 Thread 0x000000001d5a8800 nmethod 2933 0x0000000003530950 code [0x0000000003530bc0, 0x0000000003531608]
Event: 13.023 Thread 0x000000001d5a8800 2936       3       com.android.dx.ssa.back.FirstFitLocalCombiningAllocator::findRangeAndAdjust (311 bytes)
Event: 13.024 Thread 0x000000001d5a8800 nmethod 2936 0x000000000354e250 code [0x000000000354e560, 0x0000000003550278]

GC Heap History (10 events):
Event: 7.425 GC heap before
{Heap before GC invocations=14 (full 2):
 PSYoungGen      total 557568K, used 530223K [0x000000076ab00000, 0x0000000798200000, 0x00000007c0000000)
  eden space 454144K, 100% used [0x000000076ab00000,0x0000000786680000,0x0000000786680000)
  from space 103424K, 73% used [0x0000000786680000,0x000000078b0cbe58,0x000000078cb80000)
  to   space 111616K, 0% used [0x0000000791500000,0x0000000791500000,0x0000000798200000)
 ParOldGen       total 363008K, used 203721K [0x00000006c0000000, 0x00000006d6280000, 0x000000076ab00000)
  object space 363008K, 56% used [0x00000006c0000000,0x00000006cc6f27d0,0x00000006d6280000)
 Metaspace       used 6566K, capacity 7286K, committed 7552K, reserved 1056768K
  class space    used 605K, capacity 622K, committed 640K, reserved 1048576K
Event: 7.527 GC heap after
Heap after GC invocations=14 (full 2):
 PSYoungGen      total 603648K, used 111609K [0x000000076ab00000, 0x000000079c080000, 0x00000007c0000000)
  eden space 492032K, 0% used [0x000000076ab00000,0x000000076ab00000,0x0000000788b80000)
  from space 111616K, 99% used [0x0000000791500000,0x00000007981fe6a0,0x0000000798200000)
  to   space 140800K, 0% used [0x0000000788b80000,0x0000000788b80000,0x0000000791500000)
 ParOldGen       total 363008K, used 231227K [0x00000006c0000000, 0x00000006d6280000, 0x000000076ab00000)
  object space 363008K, 63% used [0x00000006c0000000,0x00000006ce1ceca8,0x00000006d6280000)
 Metaspace       used 6566K, capacity 7286K, committed 7552K, reserved 1056768K
  class space    used 605K, capacity 622K, committed 640K, reserved 1048576K
}
Event: 8.291 GC heap before
{Heap before GC invocations=15 (full 2):
 PSYoungGen      total 603648K, used 603641K [0x000000076ab00000, 0x000000079c080000, 0x00000007c0000000)
  eden space 492032K, 100% used [0x000000076ab00000,0x0000000788b80000,0x0000000788b80000)
  from space 111616K, 99% used [0x0000000791500000,0x00000007981fe6a0,0x0000000798200000)
  to   space 140800K, 0% used [0x0000000788b80000,0x0000000788b80000,0x0000000791500000)
 ParOldGen       total 363008K, used 231227K [0x00000006c0000000, 0x00000006d6280000, 0x000000076ab00000)
  object space 363008K, 63% used [0x00000006c0000000,0x00000006ce1ceca8,0x00000006d6280000)
 Metaspace       used 6578K, capacity 7286K, committed 7552K, reserved 1056768K
  class space    used 606K, capacity 622K, committed 640K, reserved 1048576K
Event: 8.456 GC heap after
Heap after GC invocations=15 (full 2):
 PSYoungGen      total 632832K, used 140769K [0x000000076ab00000, 0x00000007a3f00000, 0x00000007c0000000)
  eden space 492032K, 0% used [0x000000076ab00000,0x000000076ab00000,0x0000000788b80000)
  from space 140800K, 99% used [0x0000000788b80000,0x00000007914f8590,0x0000000791500000)
  to   space 177664K, 0% used [0x0000000799180000,0x0000000799180000,0x00000007a3f00000)
 ParOldGen       total 363008K, used 265102K [0x00000006c0000000, 0x00000006d6280000, 0x000000076ab00000)
  object space 363008K, 73% used [0x00000006c0000000,0x00000006d02e3a40,0x00000006d6280000)
 Metaspace       used 6578K, capacity 7286K, committed 7552K, reserved 1056768K
  class space    used 606K, capacity 622K, committed 640K, reserved 1048576K
}
Event: 9.228 GC heap before
{Heap before GC invocations=16 (full 2):
 PSYoungGen      total 632832K, used 632801K [0x000000076ab00000, 0x00000007a3f00000, 0x00000007c0000000)
  eden space 492032K, 100% used [0x000000076ab00000,0x0000000788b80000,0x0000000788b80000)
  from space 140800K, 99% used [0x0000000788b80000,0x00000007914f8590,0x0000000791500000)
  to   space 177664K, 0% used [0x0000000799180000,0x0000000799180000,0x00000007a3f00000)
 ParOldGen       total 363008K, used 265102K [0x00000006c0000000, 0x00000006d6280000, 0x000000076ab00000)
  object space 363008K, 73% used [0x00000006c0000000,0x00000006d02e3a40,0x00000006d6280000)
 Metaspace       used 6598K, capacity 7286K, committed 7552K, reserved 1056768K
  class space    used 606K, capacity 622K, committed 640K, reserved 1048576K
Event: 9.420 GC heap after
Heap after GC invocations=16 (full 2):
 PSYoungGen      total 753664K, used 112238K [0x000000076ab00000, 0x00000007a5700000, 0x00000007c0000000)
  eden space 576000K, 0% used [0x000000076ab00000,0x000000076ab00000,0x000000078dd80000)
  from space 177664K, 63% used [0x0000000799180000,0x000000079ff1b8b8,0x00000007a3f00000)
  to   space 184320K, 0% used [0x000000078dd80000,0x000000078dd80000,0x0000000799180000)
 ParOldGen       total 371200K, used 371139K [0x00000006c0000000, 0x00000006d6a80000, 0x000000076ab00000)
  object space 371200K, 99% used [0x00000006c0000000,0x00000006d6a70e78,0x00000006d6a80000)
 Metaspace       used 6598K, capacity 7286K, committed 7552K, reserved 1056768K
  class space    used 606K, capacity 622K, committed 640K, reserved 1048576K
}
Event: 9.420 GC heap before
{Heap before GC invocations=17 (full 3):
 PSYoungGen      total 753664K, used 112238K [0x000000076ab00000, 0x00000007a5700000, 0x00000007c0000000)
  eden space 576000K, 0% used [0x000000076ab00000,0x000000076ab00000,0x000000078dd80000)
  from space 177664K, 63% used [0x0000000799180000,0x000000079ff1b8b8,0x00000007a3f00000)
  to   space 184320K, 0% used [0x000000078dd80000,0x000000078dd80000,0x0000000799180000)
 ParOldGen       total 371200K, used 371139K [0x00000006c0000000, 0x00000006d6a80000, 0x000000076ab00000)
  object space 371200K, 99% used [0x00000006c0000000,0x00000006d6a70e78,0x00000006d6a80000)
 Metaspace       used 6598K, capacity 7286K, committed 7552K, reserved 1056768K
  class space    used 606K, capacity 622K, committed 640K, reserved 1048576K
Event: 11.145 GC heap after
Heap after GC invocations=17 (full 3):
 PSYoungGen      total 753664K, used 104875K [0x000000076ab00000, 0x00000007a5700000, 0x00000007c0000000)
  eden space 576000K, 0% used [0x000000076ab00000,0x000000076ab00000,0x000000078dd80000)
  from space 177664K, 59% used [0x0000000799180000,0x000000079f7eaf68,0x00000007a3f00000)
  to   space 184320K, 0% used [0x000000078dd80000,0x000000078dd80000,0x0000000799180000)
 ParOldGen       total 599552K, used 370984K [0x00000006c0000000, 0x00000006e4980000, 0x000000076ab00000)
  object space 599552K, 61% used [0x00000006c0000000,0x00000006d6a4a018,0x00000006e4980000)
 Metaspace       used 6598K, capacity 7286K, committed 7552K, reserved 1056768K
  class space    used 606K, capacity 622K, committed 640K, reserved 1048576K
}
Event: 12.385 GC heap before
{Heap before GC invocations=18 (full 3):
 PSYoungGen      total 753664K, used 680875K [0x000000076ab00000, 0x00000007a5700000, 0x00000007c0000000)
  eden space 576000K, 100% used [0x000000076ab00000,0x000000078dd80000,0x000000078dd80000)
  from space 177664K, 59% used [0x0000000799180000,0x000000079f7eaf68,0x00000007a3f00000)
  to   space 184320K, 0% used [0x000000078dd80000,0x000000078dd80000,0x0000000799180000)
 ParOldGen       total 599552K, used 370984K [0x00000006c0000000, 0x00000006e4980000, 0x000000076ab00000)
  object space 599552K, 61% used [0x00000006c0000000,0x00000006d6a4a018,0x00000006e4980000)
 Metaspace       used 6598K, capacity 7286K, committed 7552K, reserved 1056768K
  class space    used 606K, capacity 622K, committed 640K, reserved 1048576K
Event: 12.547 GC heap after
Heap after GC invocations=18 (full 3):
 PSYoungGen      total 760320K, used 184296K [0x000000076ab00000, 0x00000007aeb00000, 0x00000007c0000000)
  eden space 576000K, 0% used [0x000000076ab00000,0x000000076ab00000,0x000000078dd80000)
  from space 184320K, 99% used [0x000000078dd80000,0x000000079917a020,0x0000000799180000)
  to   space 218624K, 0% used [0x00000007a1580000,0x00000007a1580000,0x00000007aeb00000)
 ParOldGen       total 599552K, used 379096K [0x00000006c0000000, 0x00000006e4980000, 0x000000076ab00000)
  object space 599552K, 63% used [0x00000006c0000000,0x00000006d7236020,0x00000006e4980000)
 Metaspace       used 6598K, capacity 7286K, committed 7552K, reserved 1056768K
  class space    used 606K, capacity 622K, committed 640K, reserved 1048576K
}

Deoptimization events (10 events):
Event: 12.063 Thread 0x000000001e5e2800 Uncommon trap: reason=unstable_if action=reinterpret pc=0x000000000351e380 method=com.android.dx.ssa.SCCP.simulateStmt(Lcom/android/dx/ssa/SsaInsn;)V @ 59
Event: 12.352 Thread 0x000000001e611000 Uncommon trap: reason=bimorphic action=maybe_recompile pc=0x000000000355378c method=com.android.dx.cf.code.BytecodeArray.parseInstruction(ILcom/android/dx/cf/code/BytecodeArray$Visitor;)I @ 2135
Event: 12.352 Thread 0x000000001e611000 Uncommon trap: reason=bimorphic action=maybe_recompile pc=0x000000000355378c method=com.android.dx.cf.code.BytecodeArray.parseInstruction(ILcom/android/dx/cf/code/BytecodeArray$Visitor;)I @ 2135
Event: 12.384 Thread 0x000000001e6d6000 Uncommon trap: reason=bimorphic action=maybe_recompile pc=0x0000000003554a28 method=com.android.dx.cf.code.BytecodeArray.parseInstruction(ILcom/android/dx/cf/code/BytecodeArray$Visitor;)I @ 1161
Event: 12.385 Thread 0x000000001e6d6000 Uncommon trap: reason=bimorphic action=maybe_recompile pc=0x0000000003554a28 method=com.android.dx.cf.code.BytecodeArray.parseInstruction(ILcom/android/dx/cf/code/BytecodeArray$Visitor;)I @ 1161
Event: 12.668 Thread 0x000000001e6d5000 Uncommon trap: reason=unstable_if action=reinterpret pc=0x0000000003573eb8 method=com.android.dx.cf.code.RopperMachine.run(Lcom/android/dx/cf/code/Frame;II)V @ 356
Event: 12.668 Thread 0x000000001e6d5000 Uncommon trap: reason=unstable_if action=reinterpret pc=0x00000000034a2214 method=com.android.dx.cf.code.Ropper.processBlock(Lcom/android/dx/cf/code/ByteBlock;Lcom/android/dx/cf/code/Frame;[I)V @ 791
Event: 12.802 Thread 0x000000001e611000 Uncommon trap: reason=bimorphic action=maybe_recompile pc=0x00000000035c5034 method=com.android.dx.cf.code.BytecodeArray.parseInstruction(ILcom/android/dx/cf/code/BytecodeArray$Visitor;)I @ 2484
Event: 12.802 Thread 0x000000001e611000 Uncommon trap: reason=bimorphic action=maybe_recompile pc=0x00000000035c5034 method=com.android.dx.cf.code.BytecodeArray.parseInstruction(ILcom/android/dx/cf/code/BytecodeArray$Visitor;)I @ 2484
Event: 12.983 Thread 0x000000001e6d6000 Uncommon trap: reason=unstable_if action=reinterpret pc=0x000000000323485c method=java.lang.Integer.valueOf(I)Ljava/lang/Integer; @ 10

Classes redefined (0 events):
No events

Internal exceptions (9 events):
Event: 0.040 Thread 0x000000000246e800 Exception <a 'java/lang/NoSuchMethodError': Method sun.misc.Unsafe.defineClass(Ljava/lang/String;[BII)Ljava/lang/Class; name or signature does not match> (0x000000076ab07ca8) thrown at [D:\src\AOSP-openjdk-cygwin\jdk8u\hotspot\src\share\vm\prims\jni.cpp, 
Event: 0.040 Thread 0x000000000246e800 Exception <a 'java/lang/NoSuchMethodError': Method sun.misc.Unsafe.prefetchRead(Ljava/lang/Object;J)V name or signature does not match> (0x000000076ab07f90) thrown at [D:\src\AOSP-openjdk-cygwin\jdk8u\hotspot\src\share\vm\prims\jni.cpp, line 4011]
Event: 0.267 Thread 0x000000000246e800 Implicit null exception at 0x00000000028c37f8 to 0x00000000028c3e11
Event: 0.490 Thread 0x000000001e5e2800 Implicit null exception at 0x0000000002aebe22 to 0x0000000002aebf22
Event: 0.581 Thread 0x000000001e5e2800 Implicit null exception at 0x0000000002aedbd5 to 0x0000000002af0155
Event: 0.932 Thread 0x000000001e6d5000 Exception <a 'java/lang/ArrayIndexOutOfBoundsException': 18> (0x000000076ddf8970) thrown at [D:\src\AOSP-openjdk-cygwin\jdk8u\hotspot\src\share\vm\interpreter\interpreterRuntime.cpp, line 366]
Event: 0.932 Thread 0x000000001e6d5000 Exception <a 'java/lang/ArrayIndexOutOfBoundsException': 145> (0x000000076ddfa4f0) thrown at [D:\src\AOSP-openjdk-cygwin\jdk8u\hotspot\src\share\vm\interpreter\interpreterRuntime.cpp, line 366]
Event: 0.933 Thread 0x000000001e6d5000 Exception <a 'java/lang/ArrayIndexOutOfBoundsException'> (0x000000076ddfb7d8) thrown at [D:\src\AOSP-openjdk-cygwin\jdk8u\hotspot\src\share\vm\runtime\sharedRuntime.cpp, line 605]
Event: 3.712 Thread 0x000000000246e800 Implicit null exception at 0x00000000028db430 to 0x00000000028dbdb9

Events (10 events):
Event: 12.912 Thread 0x000000001e6d5000 DEOPT UNPACKING pc=0x00000000027a75bf sp=0x000000001f02ecc0 mode 0
Event: 12.965 Thread 0x000000000246e800 DEOPT PACKING pc=0x0000000002f35793 sp=0x000000000275ead0
Event: 12.965 Thread 0x000000000246e800 DEOPT UNPACKING pc=0x00000000027a75bf sp=0x000000000275e8e0 mode 0
Event: 12.983 Thread 0x000000001e6d6000 Uncommon trap: trap_request=0xffffff65 fr.pc=0x000000000323485c
Event: 12.983 Thread 0x000000001e6d6000 DEOPT PACKING pc=0x000000000323485c sp=0x000000001f1ae460
Event: 12.983 Thread 0x000000001e6d6000 DEOPT UNPACKING pc=0x00000000027a556a sp=0x000000001f1ae3e0 mode 2
Event: 12.985 Thread 0x000000000246e800 DEOPT PACKING pc=0x0000000002f30c14 sp=0x000000000275e9d0
Event: 12.985 Thread 0x000000000246e800 DEOPT UNPACKING pc=0x00000000027a75bf sp=0x000000000275e790 mode 0
Event: 13.025 Thread 0x000000001e6d6000 DEOPT PACKING pc=0x0000000002efa459 sp=0x000000001f1ae470
Event: 13.025 Thread 0x000000001e6d6000 DEOPT UNPACKING pc=0x00000000027a75bf sp=0x000000001f1ae1d0 mode 0


Dynamic libraries:
0x000000013f960000 - 0x000000013f991000 	C:\Program Files\Android\Android Studio\jre\bin\java.exe
0x00000000776a0000 - 0x000000007784a000 	C:\Windows\SYSTEM32\ntdll.dll
0x0000000077480000 - 0x000000007759f000 	C:\Windows\system32\kernel32.dll
0x000007fefd500000 - 0x000007fefd56b000 	C:\Windows\system32\KERNELBASE.dll
0x000007feff5d0000 - 0x000007feff6ab000 	C:\Windows\system32\ADVAPI32.dll
0x000007fefedd0000 - 0x000007fefee6f000 	C:\Windows\system32\msvcrt.dll
0x000007feff6b0000 - 0x000007feff6cf000 	C:\Windows\SYSTEM32\sechost.dll
0x000007feff060000 - 0x000007feff18d000 	C:\Windows\system32\RPCRT4.dll
0x00000000775a0000 - 0x000000007769a000 	C:\Windows\system32\USER32.dll
0x000007fefea30000 - 0x000007fefea97000 	C:\Windows\system32\GDI32.dll
0x000007feff9a0000 - 0x000007feff9ae000 	C:\Windows\system32\LPK.dll
0x000007feff500000 - 0x000007feff5ca000 	C:\Windows\system32\USP10.dll
0x000007fefb8b0000 - 0x000007fefbaa4000 	C:\Windows\WinSxS\amd64_microsoft.windows.common-controls_6595b64144ccf1df_6.0.7601.18837_none_fa3b1e3d17594757\COMCTL32.dll
0x000007fefeaa0000 - 0x000007fefeb11000 	C:\Windows\system32\SHLWAPI.dll
0x000007fefe8b0000 - 0x000007fefe8de000 	C:\Windows\system32\IMM32.DLL
0x000007fefee70000 - 0x000007fefef79000 	C:\Windows\system32\MSCTF.dll
0x0000000070f70000 - 0x0000000071042000 	C:\Program Files\Android\Android Studio\jre\jre\bin\msvcr100.dll
0x000000006fc90000 - 0x00000000704ce000 	C:\Program Files\Android\Android Studio\jre\jre\bin\server\jvm.dll
0x000007feef860000 - 0x000007feef869000 	C:\Windows\system32\WSOCK32.dll
0x000007fefe9e0000 - 0x000007fefea2d000 	C:\Windows\system32\WS2_32.dll
0x000007fefda90000 - 0x000007fefda98000 	C:\Windows\system32\NSI.dll
0x000007fefaba0000 - 0x000007fefabdb000 	C:\Windows\system32\WINMM.dll
0x000007fefc400000 - 0x000007fefc40c000 	C:\Windows\system32\VERSION.dll
0x0000000077860000 - 0x0000000077867000 	C:\Windows\system32\PSAPI.DLL
0x000007feedb20000 - 0x000007feedb2f000 	C:\Program Files\Android\Android Studio\jre\jre\bin\verify.dll
0x000007feedaf0000 - 0x000007feedb19000 	C:\Program Files\Android\Android Studio\jre\jre\bin\java.dll
0x000007feedad0000 - 0x000007feedae6000 	C:\Program Files\Android\Android Studio\jre\jre\bin\zip.dll
0x000007fefdb20000 - 0x000007fefe8a9000 	C:\Windows\system32\SHELL32.dll
0x000007fefebc0000 - 0x000007fefedc3000 	C:\Windows\system32\ole32.dll
0x000007fefd3f0000 - 0x000007fefd3ff000 	C:\Windows\system32\profapi.dll

VM Arguments:
jvm_args: -Djava.awt.headless=true -Xmx4g -Dfile.encoding=GBK -Duser.country=CN -Duser.language=zh -Duser.variant 
java_command: com.android.dx.command.Main --dex --num-threads=4 --multi-dex --main-dex-list C:\Users\Administrator\Desktop\MLxiao\app\build\intermediates\multi-dex\debug\maindexlist.txt --output C:\Users\Administrator\Desktop\MLxiao\app\build\intermediates\transforms\dex\debug\folders\1000\1f\main C:\Users\Administrator\Desktop\MLxiao\app\build\intermediates\transforms\jarMerging\debug\jars\1\1f\combined.jar
java_class_path (initial): D:\Sdk\sdk\build-tools\25.0.3\lib\dx.jar
Launcher Type: SUN_STANDARD

Environment Variables:
JAVA_HOME=C:\Program Files (x86)\Java\jdk1.8.0_144
CLASSPATH=.;C:\Program Files (x86)\Java\jdk1.8.0_144\lib;C:\Program Files (x86)\Java\jdk1.8.0_144\lib\tools.jar
PATH=C:\ProgramData\Oracle\Java\javapath;C:\Windows\system32;C:\Windows;C:\Windows\System32\Wbem;C:\Windows\System32\WindowsPowerShell\v1.0\;C:\Program Files (x86)\NVIDIA Corporation\PhysX\Common;C:\Program Files (x86)\Java\jdk1.8.0_144\bin;C:\Program Files (x86)\Java\jdk1.8.0_144\jre\bin;C:\Program Files\Git\cmd;D:\Sdk\platform-tools;D:\Sdk\tools;
USERNAME=Administrator
OS=Windows_NT
PROCESSOR_IDENTIFIER=Intel64 Family 6 Model 158 Stepping 9, GenuineIntel



---------------  S Y S T E M  ---------------

OS: Windows 7 , 64 bit Build 7601 (6.1.7601.19160)

CPU:total 4 (initial active 4) (4 cores per cpu, 1 threads per core) family 6 model 158 stepping 9, cmov, cx8, fxsr, mmx, sse, sse2, sse3, ssse3, sse4.1, sse4.2, popcnt, avx, avx2, aes, clmul, erms, 3dnowpref, lzcnt, tsc, tscinvbit, bmi1, bmi2, adx

Memory: 4k page, physical 8335948k(703500k free), swap 10431264k(3080k free)

vm_info: OpenJDK 64-Bit Server VM (25.152-b01) for windows-amd64 JRE (1.8.0_152-release-915-b01), built by "builder" with MS VC++ 10.0 (VS2010)

time: Thu Dec 07 15:07:57 2017
elapsed time: 13 seconds (0d 0h 0m 13s)

