#
# There is insufficient memory for the Java Runtime Environment to continue.
# Native memory allocation (malloc) failed to allocate 597296 bytes for Chunk::new
# Possible reasons:
#   The system is out of physical RAM or swap space
#   In 32 bit mode, the process size limit was hit
# Possible solutions:
#   Reduce memory load on the system
#   Increase physical memory or swap space
#   Check if swap backing store is full
#   Use 64 bit Java on a 64 bit OS
#   Decrease Java heap size (-Xmx/-Xms)
#   Decrease number of Java threads
#   Decrease Java thread stack sizes (-Xss)
#   Set larger code cache with -XX:ReservedCodeCacheSize=
# This output file may be truncated or incomplete.
#
#  Out of Memory Error (allocation.cpp:390), pid=10096, tid=0x000000000000251c
#
# JRE version: Java(TM) SE Runtime Environment (8.0_151-b12) (build 1.8.0_151-b12)
# Java VM: Java HotSpot(TM) 64-Bit Server VM (25.151-b12 mixed mode windows-amd64 compressed oops)
# Failed to write core dump. Minidumps are not enabled by default on client versions of Windows
#

---------------  T H R E A D  ---------------

Current thread (0x000000001d63e000):  JavaThread "C2 CompilerThread1" daemon [_thread_in_native, id=9500, stack(0x000000001d300000,0x000000001d400000)]

Stack: [0x000000001d300000,0x000000001d400000]
[error occurred during error reporting (printing stack bounds), id 0xc0000005]

Native frames: (J=compiled Java code, j=interpreted, Vv=VM code, C=native code)


Current CompileTask:
C2:   5246 2043 %     4       com.android.dx.ssa.DeadCodeRemover::run @ 109 (194 bytes)


---------------  P R O C E S S  ---------------

Java Threads: ( => current thread )
  0x000000001d8f9000 JavaThread "pool-2-thread-4" [_thread_blocked, id=10220, stack(0x000000001e820000,0x000000001e920000)]
  0x000000001d8f6000 JavaThread "pool-2-thread-3" [_thread_in_Java, id=8244, stack(0x000000001e720000,0x000000001e820000)]
  0x000000001d8f1800 JavaThread "pool-2-thread-2" [_thread_in_Java, id=9340, stack(0x000000001e500000,0x000000001e600000)]
  0x000000001d8f0800 JavaThread "pool-3-thread-1" [_thread_blocked, id=9472, stack(0x000000001e350000,0x000000001e450000)]
  0x000000001d7c8000 JavaThread "pool-2-thread-1" [_thread_blocked, id=9084, stack(0x000000001e0b0000,0x000000001e1b0000)]
  0x000000001d643800 JavaThread "Service Thread" daemon [_thread_blocked, id=9028, stack(0x000000001df80000,0x000000001e080000)]
  0x000000001d63f000 JavaThread "C1 CompilerThread2" daemon [_thread_blocked, id=8840, stack(0x000000001ddf0000,0x000000001def0000)]
=>0x000000001d63e000 JavaThread "C2 CompilerThread1" daemon [_thread_in_native, id=9500, stack(0x000000001d300000,0x000000001d400000)]
  0x000000001d62a800 JavaThread "C2 CompilerThread0" daemon [_thread_in_native, id=8220, stack(0x000000001dcf0000,0x000000001ddf0000)]
  0x000000001c23e800 JavaThread "Attach Listener" daemon [_thread_blocked, id=9892, stack(0x000000001da50000,0x000000001db50000)]
  0x000000001c23d800 JavaThread "Signal Dispatcher" daemon [_thread_blocked, id=9844, stack(0x000000001dbe0000,0x000000001dce0000)]
  0x000000001c216000 JavaThread "Finalizer" daemon [_thread_blocked, id=9960, stack(0x000000001d520000,0x000000001d620000)]
  0x000000001c1d4800 JavaThread "Reference Handler" daemon [_thread_blocked, id=9952, stack(0x000000001d400000,0x000000001d500000)]
  0x000000000257e000 JavaThread "main" [_thread_in_native, id=9872, stack(0x0000000002710000,0x0000000002810000)]

Other Threads:
  0x000000001c1cd000 VMThread [stack: 0x000000001d1e0000,0x000000001d2e0000] [id=9944]
  0x000000001d6c1800 WatcherThread [stack: 0x000000001e200000,0x000000001e300000] [id=8292]

VM state:not at safepoint (normal execution)

VM Mutex/Monitor currently owned by a thread: None

Heap:
 PSYoungGen      total 163840K, used 110666K [0x000000076ab00000, 0x000000077eb00000, 0x00000007c0000000)
  eden space 133120K, 60% used [0x000000076ab00000,0x000000076f916e58,0x0000000772d00000)
  from space 30720K, 99% used [0x000000077cd00000,0x000000077eafbac8,0x000000077eb00000)
  to   space 5120K, 0% used [0x0000000772d00000,0x0000000772d00000,0x0000000773200000)
 ParOldGen       total 87552K, used 60386K [0x00000006c0000000, 0x00000006c5580000, 0x000000076ab00000)
  object space 87552K, 68% used [0x00000006c0000000,0x00000006c3af8aa0,0x00000006c5580000)
 Metaspace       used 6298K, capacity 7158K, committed 7296K, reserved 1056768K
  class space    used 609K, capacity 622K, committed 640K, reserved 1048576K

Card table byte_map: [0x0000000011bd0000,0x00000000123e0000] byte_map_base: 0x000000000e5d0000

Marking Bits: (ParMarkBitMap*) 0x000000006220d850
 Begin Bits: [0x0000000013040000, 0x0000000017040000)
 End Bits:   [0x0000000017040000, 0x000000001b040000)

Polling page: 0x0000000000140000

CodeCache: size=245760Kb used=9487Kb max_used=9507Kb free=236272Kb
 bounds [0x0000000002810000, 0x0000000003180000, 0x0000000011810000]
 total_blobs=2138 nmethods=1873 adapters=178
 compilation: enabled

Compilation events (10 events):
Event: 5.225 Thread 0x000000001d63f000 2077       2       java.util.TimSort::binarySort (223 bytes)
Event: 5.225 Thread 0x000000001d63f000 nmethod 2077 0x0000000003157cd0 code [0x0000000003157e80, 0x0000000003158478]
Event: 5.226 Thread 0x000000001d63f000 2076       2       java.util.TimSort::countRunAndMakeAscending (128 bytes)
Event: 5.226 Thread 0x000000001d63f000 nmethod 2076 0x00000000029792d0 code [0x0000000002979480, 0x0000000002979a28]
Event: 5.226 Thread 0x000000001d63f000 2078       2       com.android.dx.rop.code.Rops::opGetStatic (97 bytes)
Event: 5.226 Thread 0x000000001d63f000 nmethod 2078 0x00000000029fbfd0 code [0x00000000029fc1a0, 0x00000000029fc718]
Event: 5.226 Thread 0x000000001d63f000 2075       2       java.util.TreeMap$EntryIterator::next (5 bytes)
Event: 5.226 Thread 0x000000001d63f000 nmethod 2075 0x000000000293f750 code [0x000000000293f8c0, 0x000000000293fa28]
Event: 5.226 Thread 0x000000001d63f000 2074       2       com.android.dx.dex.code.SwitchData::<init> (117 bytes)
Event: 5.227 Thread 0x000000001d63f000 nmethod 2074 0x0000000002933090 code [0x0000000002933280, 0x0000000002933828]

GC Heap History (10 events):
Event: 1.610 GC heap before
{Heap before GC invocations=2 (full 0):
 PSYoungGen      total 38400K, used 38385K [0x000000076ab00000, 0x000000076f600000, 0x00000007c0000000)
  eden space 33280K, 100% used [0x000000076ab00000,0x000000076cb80000,0x000000076cb80000)
  from space 5120K, 99% used [0x000000076cb80000,0x000000076d07c5c8,0x000000076d080000)
  to   space 5120K, 0% used [0x000000076f100000,0x000000076f100000,0x000000076f600000)
 ParOldGen       total 87552K, used 2470K [0x00000006c0000000, 0x00000006c5580000, 0x000000076ab00000)
  object space 87552K, 2% used [0x00000006c0000000,0x00000006c0269b70,0x00000006c5580000)
 Metaspace       used 6049K, capacity 6964K, committed 7040K, reserved 1056768K
  class space    used 603K, capacity 620K, committed 640K, reserved 1048576K
Event: 1.632 GC heap after
Heap after GC invocations=2 (full 0):
 PSYoungGen      total 71680K, used 5110K [0x000000076ab00000, 0x000000076f600000, 0x00000007c0000000)
  eden space 66560K, 0% used [0x000000076ab00000,0x000000076ab00000,0x000000076ec00000)
  from space 5120K, 99% used [0x000000076f100000,0x000000076f5fd9e8,0x000000076f600000)
  to   space 5120K, 0% used [0x000000076ec00000,0x000000076ec00000,0x000000076f100000)
 ParOldGen       total 87552K, used 6953K [0x00000006c0000000, 0x00000006c5580000, 0x000000076ab00000)
  object space 87552K, 7% used [0x00000006c0000000,0x00000006c06ca658,0x00000006c5580000)
 Metaspace       used 6049K, capacity 6964K, committed 7040K, reserved 1056768K
  class space    used 603K, capacity 620K, committed 640K, reserved 1048576K
}
Event: 2.414 GC heap before
{Heap before GC invocations=3 (full 0):
 PSYoungGen      total 71680K, used 71670K [0x000000076ab00000, 0x000000076f600000, 0x00000007c0000000)
  eden space 66560K, 100% used [0x000000076ab00000,0x000000076ec00000,0x000000076ec00000)
  from space 5120K, 99% used [0x000000076f100000,0x000000076f5fd9e8,0x000000076f600000)
  to   space 5120K, 0% used [0x000000076ec00000,0x000000076ec00000,0x000000076f100000)
 ParOldGen       total 87552K, used 6953K [0x00000006c0000000, 0x00000006c5580000, 0x000000076ab00000)
  object space 87552K, 7% used [0x00000006c0000000,0x00000006c06ca658,0x00000006c5580000)
 Metaspace       used 6135K, capacity 7028K, committed 7296K, reserved 1056768K
  class space    used 607K, capacity 620K, committed 640K, reserved 1048576K
Event: 2.486 GC heap after
Heap after GC invocations=3 (full 0):
 PSYoungGen      total 71680K, used 5096K [0x000000076ab00000, 0x0000000773700000, 0x00000007c0000000)
  eden space 66560K, 0% used [0x000000076ab00000,0x000000076ab00000,0x000000076ec00000)
  from space 5120K, 99% used [0x000000076ec00000,0x000000076f0fa2a8,0x000000076f100000)
  to   space 5120K, 0% used [0x0000000773200000,0x0000000773200000,0x0000000773700000)
 ParOldGen       total 87552K, used 17789K [0x00000006c0000000, 0x00000006c5580000, 0x000000076ab00000)
  object space 87552K, 20% used [0x00000006c0000000,0x00000006c115f740,0x00000006c5580000)
 Metaspace       used 6135K, capacity 7028K, committed 7296K, reserved 1056768K
  class space    used 607K, capacity 620K, committed 640K, reserved 1048576K
}
Event: 2.993 GC heap before
{Heap before GC invocations=4 (full 0):
 PSYoungGen      total 71680K, used 71656K [0x000000076ab00000, 0x0000000773700000, 0x00000007c0000000)
  eden space 66560K, 100% used [0x000000076ab00000,0x000000076ec00000,0x000000076ec00000)
  from space 5120K, 99% used [0x000000076ec00000,0x000000076f0fa2a8,0x000000076f100000)
  to   space 5120K, 0% used [0x0000000773200000,0x0000000773200000,0x0000000773700000)
 ParOldGen       total 87552K, used 17789K [0x00000006c0000000, 0x00000006c5580000, 0x000000076ab00000)
  object space 87552K, 20% used [0x00000006c0000000,0x00000006c115f740,0x00000006c5580000)
 Metaspace       used 6176K, capacity 7092K, committed 7296K, reserved 1056768K
  class space    used 607K, capacity 620K, committed 640K, reserved 1048576K
Event: 3.290 GC heap after
Heap after GC invocations=4 (full 0):
 PSYoungGen      total 138240K, used 5098K [0x000000076ab00000, 0x0000000773700000, 0x00000007c0000000)
  eden space 133120K, 0% used [0x000000076ab00000,0x000000076ab00000,0x0000000772d00000)
  from space 5120K, 99% used [0x0000000773200000,0x00000007736fa928,0x0000000773700000)
  to   space 5120K, 0% used [0x0000000772d00000,0x0000000772d00000,0x0000000773200000)
 ParOldGen       total 87552K, used 31010K [0x00000006c0000000, 0x00000006c5580000, 0x000000076ab00000)
  object space 87552K, 35% used [0x00000006c0000000,0x00000006c1e48a18,0x00000006c5580000)
 Metaspace       used 6176K, capacity 7092K, committed 7296K, reserved 1056768K
  class space    used 607K, capacity 620K, committed 640K, reserved 1048576K
}
Event: 3.851 GC heap before
{Heap before GC invocations=5 (full 0):
 PSYoungGen      total 138240K, used 138218K [0x000000076ab00000, 0x0000000773700000, 0x00000007c0000000)
  eden space 133120K, 100% used [0x000000076ab00000,0x0000000772d00000,0x0000000772d00000)
  from space 5120K, 99% used [0x0000000773200000,0x00000007736fa928,0x0000000773700000)
  to   space 5120K, 0% used [0x0000000772d00000,0x0000000772d00000,0x0000000773200000)
 ParOldGen       total 87552K, used 31010K [0x00000006c0000000, 0x00000006c5580000, 0x000000076ab00000)
  object space 87552K, 35% used [0x00000006c0000000,0x00000006c1e48a18,0x00000006c5580000)
 Metaspace       used 6285K, capacity 7158K, committed 7296K, reserved 1056768K
  class space    used 609K, capacity 622K, committed 640K, reserved 1048576K
Event: 3.945 GC heap after
Heap after GC invocations=5 (full 0):
 PSYoungGen      total 138240K, used 5108K [0x000000076ab00000, 0x000000077eb00000, 0x00000007c0000000)
  eden space 133120K, 0% used [0x000000076ab00000,0x000000076ab00000,0x0000000772d00000)
  from space 5120K, 99% used [0x0000000772d00000,0x00000007731fd048,0x0000000773200000)
  to   space 30720K, 0% used [0x000000077cd00000,0x000000077cd00000,0x000000077eb00000)
 ParOldGen       total 87552K, used 54694K [0x00000006c0000000, 0x00000006c5580000, 0x000000076ab00000)
  object space 87552K, 62% used [0x00000006c0000000,0x00000006c35698f8,0x00000006c5580000)
 Metaspace       used 6285K, capacity 7158K, committed 7296K, reserved 1056768K
  class space    used 609K, capacity 622K, committed 640K, reserved 1048576K
}
Event: 4.535 GC heap before
{Heap before GC invocations=6 (full 0):
 PSYoungGen      total 138240K, used 138228K [0x000000076ab00000, 0x000000077eb00000, 0x00000007c0000000)
  eden space 133120K, 100% used [0x000000076ab00000,0x0000000772d00000,0x0000000772d00000)
  from space 5120K, 99% used [0x0000000772d00000,0x00000007731fd048,0x0000000773200000)
  to   space 30720K, 0% used [0x000000077cd00000,0x000000077cd00000,0x000000077eb00000)
 ParOldGen       total 87552K, used 54694K [0x00000006c0000000, 0x00000006c5580000, 0x000000076ab00000)
  object space 87552K, 62% used [0x00000006c0000000,0x00000006c35698f8,0x00000006c5580000)
 Metaspace       used 6287K, capacity 7158K, committed 7296K, reserved 1056768K
  class space    used 609K, capacity 622K, committed 640K, reserved 1048576K
Event: 4.605 GC heap after
Heap after GC invocations=6 (full 0):
 PSYoungGen      total 163840K, used 30702K [0x000000076ab00000, 0x000000077eb00000, 0x00000007c0000000)
  eden space 133120K, 0% used [0x000000076ab00000,0x000000076ab00000,0x0000000772d00000)
  from space 30720K, 99% used [0x000000077cd00000,0x000000077eafbac8,0x000000077eb00000)
  to   space 5120K, 0% used [0x0000000772d00000,0x0000000772d00000,0x0000000773200000)
 ParOldGen       total 87552K, used 60386K [0x00000006c0000000, 0x00000006c5580000, 0x000000076ab00000)
  object space 87552K, 68% used [0x00000006c0000000,0x00000006c3af8aa0,0x00000006c5580000)
 Metaspace       used 6287K, capacity 7158K, committed 7296K, reserved 1056768K
  class space    used 609K, capacity 622K, committed 640K, reserved 1048576K
}

Deoptimization events (10 events):
Event: 4.209 Thread 0x000000001d7c8000 Uncommon trap: reason=unstable_if action=reinterpret pc=0x0000000002d462dc method=com.android.dx.ssa.SsaRenamer$BlockRenamer.process()V @ 90
Event: 4.209 Thread 0x000000001d7c8000 Uncommon trap: reason=bimorphic action=maybe_recompile pc=0x00000000030af0bc method=com.android.dx.ssa.NormalSsaInsn.accept(Lcom/android/dx/ssa/SsaInsn$Visitor;)V @ 9
Event: 4.209 Thread 0x000000001d7c8000 Uncommon trap: reason=bimorphic action=maybe_recompile pc=0x00000000030af0bc method=com.android.dx.ssa.NormalSsaInsn.accept(Lcom/android/dx/ssa/SsaInsn$Visitor;)V @ 9
Event: 4.209 Thread 0x000000001d7c8000 Uncommon trap: reason=bimorphic action=maybe_recompile pc=0x00000000030af0bc method=com.android.dx.ssa.NormalSsaInsn.accept(Lcom/android/dx/ssa/SsaInsn$Visitor;)V @ 9
Event: 4.209 Thread 0x000000001d7c8000 Uncommon trap: reason=bimorphic action=maybe_recompile pc=0x00000000030af0bc method=com.android.dx.ssa.NormalSsaInsn.accept(Lcom/android/dx/ssa/SsaInsn$Visitor;)V @ 9
Event: 4.210 Thread 0x000000001d7c8000 Uncommon trap: reason=unstable_if action=reinterpret pc=0x0000000002dcc2f4 method=com.android.dx.rop.code.Insn.equalsHandleNulls(Ljava/lang/Object;Ljava/lang/Object;)Z @ 14
Event: 4.395 Thread 0x000000001d7c8000 Uncommon trap: reason=unstable_if action=reinterpret pc=0x0000000002f53da8 method=com.android.dx.rop.code.LocalVariableInfo.mergeStarts(ILcom/android/dx/rop/code/RegisterSpecSet;)Z @ 56
Event: 4.525 Thread 0x000000001d8f9000 Uncommon trap: reason=bimorphic action=maybe_recompile pc=0x0000000002c43ae8 method=java.util.HashMap.putVal(ILjava/lang/Object;Ljava/lang/Object;ZZ)Ljava/lang/Object; @ 91
Event: 5.202 Thread 0x000000001d8f9000 Uncommon trap: reason=bimorphic action=maybe_recompile pc=0x0000000002c43ae8 method=java.util.HashMap.putVal(ILjava/lang/Object;Ljava/lang/Object;ZZ)Ljava/lang/Object; @ 91
Event: 5.202 Thread 0x000000001d8f9000 Uncommon trap: reason=bimorphic action=maybe_recompile pc=0x0000000002aa4974 method=java.util.HashMap.getNode(ILjava/lang/Object;)Ljava/util/HashMap$Node; @ 126

Internal exceptions (4 events):
Event: 0.046 Thread 0x000000000257e000 Exception <a 'java/lang/NoSuchMethodError': Method sun.misc.Unsafe.defineClass(Ljava/lang/String;[BII)Ljava/lang/Class; name or signature does not match> (0x000000076ab07ca8) thrown at [C:\re\workspace\8-2-build-windows-amd64-cygwin\jdk8u151\9699\hotspot\
Event: 0.046 Thread 0x000000000257e000 Exception <a 'java/lang/NoSuchMethodError': Method sun.misc.Unsafe.prefetchRead(Ljava/lang/Object;J)V name or signature does not match> (0x000000076ab07f90) thrown at [C:\re\workspace\8-2-build-windows-amd64-cygwin\jdk8u151\9699\hotspot\src\share\vm\prims
Event: 3.534 Thread 0x000000001d8f9000 Implicit null exception at 0x0000000002f1f8a2 to 0x0000000002f1f9a2
Event: 4.165 Thread 0x000000001d8f9000 Implicit null exception at 0x0000000002db1093 to 0x0000000002db1bf1

Events (10 events):
Event: 5.204 Executing VM operation: BulkRevokeBias
Event: 5.204 Executing VM operation: BulkRevokeBias done
Event: 5.211 Executing VM operation: RevokeBias
Event: 5.211 Executing VM operation: RevokeBias done
Event: 5.217 Thread 0x000000001d8f1800 DEOPT PACKING pc=0x0000000002ce3148 sp=0x000000001e5fe820
Event: 5.217 Thread 0x000000001d8f1800 DEOPT UNPACKING pc=0x000000000285787f sp=0x000000001e5fe5b0 mode 0
Event: 5.222 Executing VM operation: RevokeBias
Event: 5.222 Executing VM operation: RevokeBias done
Event: 5.222 Executing VM operation: RevokeBias
Event: 5.222 Executing VM operation: RevokeBias done


Dynamic libraries:
0x000000013fe30000 - 0x000000013fe67000 	C:\Program Files\Java\jdk1.8.0_151\bin\java.exe
0x0000000076f10000 - 0x00000000770ba000 	C:\Windows\SYSTEM32\ntdll.dll
0x0000000076cf0000 - 0x0000000076e0f000 	C:\Windows\system32\kernel32.dll
0x000007fefcdf0000 - 0x000007fefce5b000 	C:\Windows\system32\KERNELBASE.dll
0x000007fefde70000 - 0x000007fefdf4b000 	C:\Windows\system32\ADVAPI32.dll
0x000007fefef90000 - 0x000007feff02f000 	C:\Windows\system32\msvcrt.dll
0x000007fefe030000 - 0x000007fefe04f000 	C:\Windows\SYSTEM32\sechost.dll
0x000007fefec80000 - 0x000007fefedad000 	C:\Windows\system32\RPCRT4.dll
0x0000000076e10000 - 0x0000000076f0a000 	C:\Windows\system32\USER32.dll
0x000007fefe690000 - 0x000007fefe6f7000 	C:\Windows\system32\GDI32.dll
0x000007fefe790000 - 0x000007fefe79e000 	C:\Windows\system32\LPK.dll
0x000007fefd010000 - 0x000007fefd0da000 	C:\Windows\system32\USP10.dll
0x000007fefb120000 - 0x000007fefb314000 	C:\Windows\WinSxS\amd64_microsoft.windows.common-controls_6595b64144ccf1df_6.0.7601.18837_none_fa3b1e3d17594757\COMCTL32.dll
0x000007fefe610000 - 0x000007fefe681000 	C:\Windows\system32\SHLWAPI.dll
0x000007fefedb0000 - 0x000007fefedde000 	C:\Windows\system32\IMM32.DLL
0x000007fefe500000 - 0x000007fefe609000 	C:\Windows\system32\MSCTF.dll
0x0000000062290000 - 0x0000000062362000 	C:\Program Files\Java\jdk1.8.0_151\jre\bin\msvcr100.dll
0x00000000619f0000 - 0x000000006228d000 	C:\Program Files\Java\jdk1.8.0_151\jre\bin\server\jvm.dll
0x000007feef150000 - 0x000007feef159000 	C:\Windows\system32\WSOCK32.dll
0x000007fefef40000 - 0x000007fefef8d000 	C:\Windows\system32\WS2_32.dll
0x000007fefe780000 - 0x000007fefe788000 	C:\Windows\system32\NSI.dll
0x000007fefab50000 - 0x000007fefab8b000 	C:\Windows\system32\WINMM.dll
0x000007fefbc70000 - 0x000007fefbc7c000 	C:\Windows\system32\VERSION.dll
0x00000000770d0000 - 0x00000000770d7000 	C:\Windows\system32\PSAPI.DLL
0x000000006df40000 - 0x000000006df4f000 	C:\Program Files\Java\jdk1.8.0_151\jre\bin\verify.dll
0x0000000062780000 - 0x00000000627a9000 	C:\Program Files\Java\jdk1.8.0_151\jre\bin\java.dll
0x0000000063270000 - 0x0000000063286000 	C:\Program Files\Java\jdk1.8.0_151\jre\bin\zip.dll
0x000007fefd0e0000 - 0x000007fefde69000 	C:\Windows\system32\SHELL32.dll
0x000007fefea70000 - 0x000007fefec73000 	C:\Windows\system32\ole32.dll
0x000007fefcc50000 - 0x000007fefcc5f000 	C:\Windows\system32\profapi.dll

VM Arguments:
jvm_args: -Djava.awt.headless=true -Xmx4g -Dfile.encoding=GBK -Duser.country=CN -Duser.language=zh -Duser.variant 
java_command: com.android.dx.command.Main --dex --force-jumbo --num-threads=4 --multi-dex --output C:\Users\Administrator\Desktop\MLxiao\app\build\intermediates\transforms\dex\debug\folders\1000\5\slice_6 C:\Users\Administrator\Desktop\MLxiao\app\build\intermediates\transforms\instantRunSlicer\debug\folders\1\5\slice_6
java_class_path (initial): D:\Sdk\build-tools\26.0.1\lib\dx.jar
Launcher Type: SUN_STANDARD

Environment Variables:
JAVA_HOME=C:\Program Files\Java\jdk1.8.0_151
CLASSPATH=.;C:\Program Files\Java\jdk1.8.0_151\lib;C:\Program Files\Java\jdk1.8.0_151\lib\tools.jar;C:\Program Files\Java\jdk1.8.0_151\lib\dt.jar;
PATH=C:\Program Files (x86)\Common Files\Intel\Shared Libraries\redist\intel64\compiler;C:\Windows\system32;C:\Windows;C:\Windows\System32\Wbem;C:\Windows\System32\WindowsPowerShell\v1.0\;C:\Program Files (x86)\NVIDIA Corporation\PhysX\Common;C:\Program Files\Java\jdk1.8.0_151\bin;C:\Program Files\Java\jdk1.8.0_151\jre1.8.0_151\bin;C:\Program Files\Git\cmd;D:\Sdk\platform-tools;D:\Sdk\tools;C:\Program Files\Common Files\Autodesk Shared\;C:\Program Files (x86)\Python\Scripts\;C:\Program Files (x86)\Python\;
USERNAME=Administrator
OS=Windows_NT
PROCESSOR_IDENTIFIER=Intel64 Family 6 Model 158 Stepping 9, GenuineIntel



---------------  S Y S T E M  ---------------

OS: Windows 7 , 64 bit Build 7601 (6.1.7601.19160)

CPU:total 4 (initial active 4) (4 cores per cpu, 1 threads per core) family 6 model 158 stepping 9, cmov, cx8, fxsr, mmx, sse, sse2, sse3, ssse3, sse4.1, sse4.2, popcnt, avx, avx2, aes, clmul, erms, 3dnowpref, lzcnt, tsc, tscinvbit, bmi1, bmi2, adx

Memory: 4k page, physical 8335948k(1429440k free), swap 10431264k(5120k free)

vm_info: Java HotSpot(TM) 64-Bit Server VM (25.151-b12) for windows-amd64 JRE (1.8.0_151-b12), built on Sep  5 2017 19:33:46 by "java_re" with MS VC++ 10.0 (VS2010)

time: Fri Jan 12 15:32:07 2018
elapsed time: 5 seconds (0d 0h 0m 5s)

