#
# There is insufficient memory for the Java Runtime Environment to continue.
# Native memory allocation (malloc) failed to allocate 574976 bytes for Chunk::new
# Possible reasons:
#   The system is out of physical RAM or swap space
#   In 32 bit mode, the process size limit was hit
# Possible solutions:
#   Reduce memory load on the system
#   Increase physical memory or swap space
#   Check if swap backing store is full
#   Use 64 bit Java on a 64 bit OS
#   Decrease Java heap size (-Xmx/-Xms)
#   Decrease number of Java threads
#   Decrease Java thread stack sizes (-Xss)
#   Set larger code cache with -XX:ReservedCodeCacheSize=
# This output file may be truncated or incomplete.
#
#  Out of Memory Error (allocation.cpp:390), pid=8456, tid=0x00000000000025f4
#
# JRE version: Java(TM) SE Runtime Environment (8.0_151-b12) (build 1.8.0_151-b12)
# Java VM: Java HotSpot(TM) 64-Bit Server VM (25.151-b12 mixed mode windows-amd64 compressed oops)
# Failed to write core dump. Minidumps are not enabled by default on client versions of Windows
#

---------------  T H R E A D  ---------------

Current thread (0x000000001c19e800):  JavaThread "C2 CompilerThread0" daemon [_thread_in_native, id=9716, stack(0x000000001dcb0000,0x000000001ddb0000)]

Stack: [0x000000001dcb0000,0x000000001ddb0000]
[error occurred during error reporting (printing stack bounds), id 0xc0000005]

Native frames: (J=compiled Java code, j=interpreted, Vv=VM code, C=native code)


Current CompileTask:
C2:   3798 1198       4       com.android.dx.ssa.SCCP::simulateStmt (481 bytes)


---------------  P R O C E S S  ---------------

Java Threads: ( => current thread )
  0x000000001da9d800 JavaThread "pool-2-thread-4" [_thread_blocked, id=3100, stack(0x000000001ea50000,0x000000001eb50000)]
  0x000000001da9b000 JavaThread "pool-2-thread-3" [_thread_blocked, id=9368, stack(0x000000001e830000,0x000000001e930000)]
  0x000000001da99000 JavaThread "pool-2-thread-2" [_thread_blocked, id=10116, stack(0x000000001e660000,0x000000001e760000)]
  0x000000001da6a000 JavaThread "pool-3-thread-1" [_thread_blocked, id=9992, stack(0x000000001e400000,0x000000001e500000)]
  0x000000001da69800 JavaThread "pool-2-thread-1" [_thread_blocked, id=6668, stack(0x000000001ddd0000,0x000000001ded0000)]
  0x000000001d78c800 JavaThread "Service Thread" daemon [_thread_blocked, id=9680, stack(0x000000001e0c0000,0x000000001e1c0000)]
  0x000000001d705800 JavaThread "C1 CompilerThread2" daemon [_thread_in_vm, id=10108, stack(0x000000001d4e0000,0x000000001d5e0000)]
  0x000000001d700800 JavaThread "C2 CompilerThread1" daemon [_thread_in_native, id=9392, stack(0x000000001df00000,0x000000001e000000)]
=>0x000000001c19e800 JavaThread "C2 CompilerThread0" daemon [_thread_in_native, id=9716, stack(0x000000001dcb0000,0x000000001ddb0000)]
  0x000000001d6eb000 JavaThread "Attach Listener" daemon [_thread_blocked, id=8960, stack(0x000000001db30000,0x000000001dc30000)]
  0x000000001d6ea800 JavaThread "Signal Dispatcher" daemon [_thread_blocked, id=9508, stack(0x000000001d250000,0x000000001d350000)]
  0x000000001c179800 JavaThread "Finalizer" daemon [_thread_blocked, id=8924, stack(0x000000001d5e0000,0x000000001d6e0000)]
  0x000000001c132800 JavaThread "Reference Handler" daemon [_thread_blocked, id=9400, stack(0x000000001d3d0000,0x000000001d4d0000)]
  0x000000000246e000 JavaThread "main" [_thread_blocked, id=6156, stack(0x0000000002630000,0x0000000002730000)]

Other Threads:
  0x000000001c12b000 VMThread [stack: 0x000000001d150000,0x000000001d250000] [id=2960]
  0x000000001d7bc800 WatcherThread [stack: 0x000000001e200000,0x000000001e300000] [id=4944]

VM state:not at safepoint (normal execution)

VM Mutex/Monitor currently owned by a thread: None

Heap:
 PSYoungGen      total 38400K, used 32233K [0x000000076ab00000, 0x000000076d580000, 0x00000007c0000000)
  eden space 33280K, 96% used [0x000000076ab00000,0x000000076ca7a710,0x000000076cb80000)
  from space 5120K, 0% used [0x000000076d080000,0x000000076d080000,0x000000076d580000)
  to   space 5120K, 0% used [0x000000076cb80000,0x000000076cb80000,0x000000076d080000)
 ParOldGen       total 87552K, used 0K [0x00000006c0000000, 0x00000006c5580000, 0x000000076ab00000)
  object space 87552K, 0% used [0x00000006c0000000,0x00000006c0000000,0x00000006c5580000)
 Metaspace       used 5995K, capacity 6904K, committed 7040K, reserved 1056768K
  class space    used 603K, capacity 624K, committed 640K, reserved 1048576K

Card table byte_map: [0x0000000011af0000,0x0000000012300000] byte_map_base: 0x000000000e4f0000

Marking Bits: (ParMarkBitMap*) 0x00000000535ed850
 Begin Bits: [0x0000000012fa0000, 0x0000000016fa0000)
 End Bits:   [0x0000000016fa0000, 0x000000001afa0000)

Polling page: 0x0000000000430000

CodeCache: size=245760Kb used=4697Kb max_used=4715Kb free=241062Kb
 bounds [0x0000000002730000, 0x0000000002bd0000, 0x0000000011730000]
 total_blobs=1467 nmethods=1202 adapters=178
 compilation: enabled

Compilation events (10 events):
Event: 3.648 Thread 0x000000001d705800 1195       3       com.android.dx.rop.cst.CstKnownNull::getType (4 bytes)
Event: 3.648 Thread 0x000000001d705800 nmethod 1195 0x0000000002bc5fd0 code [0x0000000002bc6120, 0x0000000002bc6270]
Event: 3.650 Thread 0x000000001d700800 nmethod 1181% 0x0000000002bccc10 code [0x0000000002bcce00, 0x0000000002bcda58]
Event: 3.651 Thread 0x000000001c19e800 nmethod 1193 0x0000000002bc9290 code [0x0000000002bc9400, 0x0000000002bc9818]
Event: 3.651 Thread 0x000000001d700800 1196       4       com.android.dx.ssa.SsaBasicBlock::forEachPhiInsn (54 bytes)
Event: 3.651 Thread 0x000000001c19e800 1198       4       com.android.dx.ssa.SCCP::simulateStmt (481 bytes)
Event: 3.661 Thread 0x000000001d700800 nmethod 1196 0x0000000002bc9bd0 code [0x0000000002bc9d60, 0x0000000002bca4b8]
Event: 3.662 Thread 0x000000001d700800 1194   !   4       com.android.dx.cf.code.BytecodeArray::parseInstruction (2764 bytes)
Event: 3.702 Thread 0x000000001d705800 1203       3       java.util.concurrent.locks.LockSupport::setBlocker (12 bytes)
Event: 3.702 Thread 0x000000001d705800 nmethod 1203 0x0000000002bcc550 code [0x0000000002bcc6a0, 0x0000000002bcc7f0]

GC Heap History (0 events):
No events

Deoptimization events (5 events):
Event: 2.478 Thread 0x000000001da9b000 Uncommon trap: reason=unstable_if action=reinterpret pc=0x000000000295c374 method=java.util.BitSet.nextSetBit(I)I @ 87
Event: 2.620 Thread 0x000000001da9b000 Uncommon trap: reason=class_check action=maybe_recompile pc=0x0000000002974474 method=com.android.dx.ssa.NormalSsaInsn.accept(Lcom/android/dx/ssa/SsaInsn$Visitor;)V @ 9
Event: 2.627 Thread 0x000000001da9b000 Uncommon trap: reason=class_check action=maybe_recompile pc=0x0000000002974474 method=com.android.dx.ssa.NormalSsaInsn.accept(Lcom/android/dx/ssa/SsaInsn$Visitor;)V @ 9
Event: 3.057 Thread 0x000000001da69800 Uncommon trap: reason=class_check action=maybe_recompile pc=0x0000000002974474 method=com.android.dx.ssa.NormalSsaInsn.accept(Lcom/android/dx/ssa/SsaInsn$Visitor;)V @ 9
Event: 3.057 Thread 0x000000001da69800 Uncommon trap: reason=class_check action=maybe_recompile pc=0x0000000002974474 method=com.android.dx.ssa.NormalSsaInsn.accept(Lcom/android/dx/ssa/SsaInsn$Visitor;)V @ 9

Internal exceptions (2 events):
Event: 0.110 Thread 0x000000000246e000 Exception <a 'java/lang/NoSuchMethodError': Method sun.misc.Unsafe.defineClass(Ljava/lang/String;[BII)Ljava/lang/Class; name or signature does not match> (0x000000076ab07ca8) thrown at [C:\re\workspace\8-2-build-windows-amd64-cygwin\jdk8u151\9699\hotspot\
Event: 0.110 Thread 0x000000000246e000 Exception <a 'java/lang/NoSuchMethodError': Method sun.misc.Unsafe.prefetchRead(Ljava/lang/Object;J)V name or signature does not match> (0x000000076ab07f90) thrown at [C:\re\workspace\8-2-build-windows-amd64-cygwin\jdk8u151\9699\hotspot\src\share\vm\prims

Events (10 events):
Event: 3.057 Thread 0x000000001da69800 DEOPT UNPACKING pc=0x000000000277582a sp=0x000000001dece9a0 mode 2
Event: 3.057 Thread 0x000000001da69800 Uncommon trap: trap_request=0xffffffde fr.pc=0x0000000002974474
Event: 3.057 Thread 0x000000001da69800 DEOPT PACKING pc=0x0000000002974474 sp=0x000000001decea50
Event: 3.057 Thread 0x000000001da69800 DEOPT UNPACKING pc=0x000000000277582a sp=0x000000001dece9a0 mode 2
Event: 3.426 loading class java/util/TreeMap$EntrySet
Event: 3.426 loading class java/util/TreeMap$EntrySet done
Event: 3.426 loading class java/util/TreeMap$EntryIterator
Event: 3.426 loading class java/util/TreeMap$EntryIterator done
Event: 3.426 Executing VM operation: Deoptimize
Event: 3.427 Executing VM operation: Deoptimize done


Dynamic libraries:
0x000000013f0b0000 - 0x000000013f0e7000 	C:\Program Files\Java\jdk1.8.0_151\bin\java.exe
0x0000000076ea0000 - 0x000000007704a000 	C:\Windows\SYSTEM32\ntdll.dll
0x0000000076c80000 - 0x0000000076d9f000 	C:\Windows\system32\kernel32.dll
0x000007fefcca0000 - 0x000007fefcd0b000 	C:\Windows\system32\KERNELBASE.dll
0x000007fefec90000 - 0x000007fefed6b000 	C:\Windows\system32\ADVAPI32.dll
0x000007fefd950000 - 0x000007fefd9ef000 	C:\Windows\system32\msvcrt.dll
0x000007fefd630000 - 0x000007fefd64f000 	C:\Windows\SYSTEM32\sechost.dll
0x000007feff060000 - 0x000007feff18d000 	C:\Windows\system32\RPCRT4.dll
0x0000000076da0000 - 0x0000000076e9a000 	C:\Windows\system32\USER32.dll
0x000007fefee60000 - 0x000007fefeec7000 	C:\Windows\system32\GDI32.dll
0x000007fefebe0000 - 0x000007fefebee000 	C:\Windows\system32\LPK.dll
0x000007fefdb10000 - 0x000007fefdbda000 	C:\Windows\system32\USP10.dll
0x000007fefb130000 - 0x000007fefb324000 	C:\Windows\WinSxS\amd64_microsoft.windows.common-controls_6595b64144ccf1df_6.0.7601.18837_none_fa3b1e3d17594757\COMCTL32.dll
0x000007fefeed0000 - 0x000007fefef41000 	C:\Windows\system32\SHLWAPI.dll
0x000007fefd920000 - 0x000007fefd94e000 	C:\Windows\system32\IMM32.DLL
0x000007fefef50000 - 0x000007feff059000 	C:\Windows\system32\MSCTF.dll
0x0000000061a30000 - 0x0000000061b02000 	C:\Program Files\Java\jdk1.8.0_151\jre\bin\msvcr100.dll
0x0000000052dd0000 - 0x000000005366d000 	C:\Program Files\Java\jdk1.8.0_151\jre\bin\server\jvm.dll
0x000007fef3410000 - 0x000007fef3419000 	C:\Windows\system32\WSOCK32.dll
0x000007fefcfa0000 - 0x000007fefcfed000 	C:\Windows\system32\WS2_32.dll
0x000007fefed70000 - 0x000007fefed78000 	C:\Windows\system32\NSI.dll
0x000007fefa9e0000 - 0x000007fefaa1b000 	C:\Windows\system32\WINMM.dll
0x000007fefbc00000 - 0x000007fefbc0c000 	C:\Windows\system32\VERSION.dll
0x0000000077060000 - 0x0000000077067000 	C:\Windows\system32\PSAPI.DLL
0x000000006db50000 - 0x000000006db5f000 	C:\Program Files\Java\jdk1.8.0_151\jre\bin\verify.dll
0x000000006db20000 - 0x000000006db49000 	C:\Program Files\Java\jdk1.8.0_151\jre\bin\java.dll
0x0000000065cc0000 - 0x0000000065cd6000 	C:\Program Files\Java\jdk1.8.0_151\jre\bin\zip.dll
0x000007fefdbe0000 - 0x000007fefe969000 	C:\Windows\system32\SHELL32.dll
0x000007fefe970000 - 0x000007fefeb73000 	C:\Windows\system32\ole32.dll
0x000007fefcbf0000 - 0x000007fefcbff000 	C:\Windows\system32\profapi.dll

VM Arguments:
jvm_args: -Djava.awt.headless=true -Xmx4g -Dfile.encoding=GBK -Duser.country=CN -Duser.language=zh -Duser.variant 
java_command: com.android.dx.command.Main --dex --force-jumbo --num-threads=4 --multi-dex --output C:\Users\Administrator\Desktop\MLxiao\app\build\intermediates\transforms\dex\debug\folders\1000\8\alipaySdk-20160809_6d1b0e0422a18722e38d41798e2e2f45ee0c98a7 C:\Users\Administrator\Desktop\MLxiao\sdk\build\intermediates\bundles\default\libs\alipaySdk-20160809.jar
java_class_path (initial): D:\Sdk\build-tools\26.0.1\lib\dx.jar
Launcher Type: SUN_STANDARD

Environment Variables:
JAVA_HOME=C:\Program Files\Java\jdk1.8.0_151
CLASSPATH=.;C:\Program Files\Java\jdk1.8.0_151\lib;C:\Program Files\Java\jdk1.8.0_151\lib\tools.jar;C:\Program Files\Java\jdk1.8.0_151\lib\dt.jar;
PATH=C:\Program Files (x86)\Common Files\Intel\Shared Libraries\redist\intel64\compiler;C:\Windows\system32;C:\Windows;C:\Windows\System32\Wbem;C:\Windows\System32\WindowsPowerShell\v1.0\;C:\Program Files (x86)\NVIDIA Corporation\PhysX\Common;C:\Program Files\Java\jdk1.8.0_151\bin;C:\Program Files\Java\jdk1.8.0_151\jre1.8.0_151\bin;C:\Program Files\Git\cmd;D:\Sdk\platform-tools;D:\Sdk\tools;C:\Program Files\Common Files\Autodesk Shared\;C:\Program Files (x86)\Python\Scripts\;C:\Program Files (x86)\Python\;
USERNAME=Administrator
OS=Windows_NT
PROCESSOR_IDENTIFIER=Intel64 Family 6 Model 158 Stepping 9, GenuineIntel



---------------  S Y S T E M  ---------------

OS: Windows 7 , 64 bit Build 7601 (6.1.7601.19160)

CPU:total 4 (initial active 4) (4 cores per cpu, 1 threads per core) family 6 model 158 stepping 9, cmov, cx8, fxsr, mmx, sse, sse2, sse3, ssse3, sse4.1, sse4.2, popcnt, avx, avx2, aes, clmul, erms, 3dnowpref, lzcnt, tsc, tscinvbit, bmi1, bmi2, adx

Memory: 4k page, physical 8335948k(494996k free), swap 10431264k(7508k free)

vm_info: Java HotSpot(TM) 64-Bit Server VM (25.151-b12) for windows-amd64 JRE (1.8.0_151-b12), built on Sep  5 2017 19:33:46 by "java_re" with MS VC++ 10.0 (VS2010)

time: Mon Jan 29 15:22:43 2018
elapsed time: 3 seconds (0d 0h 0m 3s)

