#
# There is insufficient memory for the Java Runtime Environment to continue.
# Native memory allocation (malloc) failed to allocate 661296 bytes for Chunk::new
# Possible reasons:
#   The system is out of physical RAM or swap space
#   In 32 bit mode, the process size limit was hit
# Possible solutions:
#   Reduce memory load on the system
#   Increase physical memory or swap space
#   Check if swap backing store is full
#   Use 64 bit Java on a 64 bit OS
#   Decrease Java heap size (-Xmx/-Xms)
#   Decrease number of Java threads
#   Decrease Java thread stack sizes (-Xss)
#   Set larger code cache with -XX:ReservedCodeCacheSize=
# This output file may be truncated or incomplete.
#
#  Out of Memory Error (allocation.cpp:390), pid=7724, tid=0x0000000000000ab8
#
# JRE version: Java(TM) SE Runtime Environment (8.0_151-b12) (build 1.8.0_151-b12)
# Java VM: Java HotSpot(TM) 64-Bit Server VM (25.151-b12 mixed mode windows-amd64 compressed oops)
# Failed to write core dump. Minidumps are not enabled by default on client versions of Windows
#

---------------  T H R E A D  ---------------

Current thread (0x000000001d17b000):  JavaThread "C2 CompilerThread0" daemon [_thread_in_native, id=2744, stack(0x000000001d950000,0x000000001da50000)]

Stack: [0x000000001d950000,0x000000001da50000]
[error occurred during error reporting (printing stack bounds), id 0xc0000005]

Native frames: (J=compiled Java code, j=interpreted, Vv=VM code, C=native code)


Current CompileTask:
C2:  33328 4504   !   4       com.android.dx.cf.code.BytecodeArray::parseInstruction (2796 bytes)


---------------  P R O C E S S  ---------------

Java Threads: ( => current thread )
  0x000000001e301000 JavaThread "pool-1-thread-1" [_thread_blocked, id=8856, stack(0x000000001ec00000,0x000000001ed00000)]
  0x000000001e130800 JavaThread "pool-2-thread-4" [_thread_blocked, id=7632, stack(0x000000001ed30000,0x000000001ee30000)]
  0x000000001e033800 JavaThread "pool-2-thread-3" [_thread_blocked, id=8196, stack(0x000000001eae0000,0x000000001ebe0000)]
  0x000000001e032800 JavaThread "pool-2-thread-2" [_thread_blocked, id=8956, stack(0x000000001e9e0000,0x000000001eae0000)]
  0x000000001e034000 JavaThread "pool-3-thread-1" [_thread_blocked, id=8376, stack(0x000000001e830000,0x000000001e930000)]
  0x000000001e037000 JavaThread "pool-2-thread-1" [_thread_blocked, id=8552, stack(0x000000001cda0000,0x000000001cea0000)]
  0x000000001d213800 JavaThread "Service Thread" daemon [_thread_blocked, id=6988, stack(0x000000001da80000,0x000000001db80000)]
  0x000000001d193800 JavaThread "C1 CompilerThread2" daemon [_thread_blocked, id=7884, stack(0x000000001dca0000,0x000000001dda0000)]
  0x000000001d192800 JavaThread "C2 CompilerThread1" daemon [_thread_blocked, id=8604, stack(0x000000001db80000,0x000000001dc80000)]
=>0x000000001d17b000 JavaThread "C2 CompilerThread0" daemon [_thread_in_native, id=2744, stack(0x000000001d950000,0x000000001da50000)]
  0x000000001d178800 JavaThread "Attach Listener" daemon [_thread_blocked, id=4816, stack(0x000000001d830000,0x000000001d930000)]
  0x000000001be7e800 JavaThread "Signal Dispatcher" daemon [_thread_blocked, id=8168, stack(0x000000001d6a0000,0x000000001d7a0000)]
  0x000000001be5c800 JavaThread "Finalizer" daemon [_thread_blocked, id=8816, stack(0x000000001d070000,0x000000001d170000)]
  0x000000001be16000 JavaThread "Reference Handler" daemon [_thread_blocked, id=8828, stack(0x000000001cec0000,0x000000001cfc0000)]
  0x00000000000fe000 JavaThread "main" [_thread_in_native, id=8396, stack(0x00000000023e0000,0x00000000024e0000)]

Other Threads:
  0x000000001be0e800 VMThread [stack: 0x000000001cc50000,0x000000001cd50000] [id=8652]
  0x000000001d26c000 WatcherThread [stack: 0x000000001de90000,0x000000001df90000] [id=8488]

VM state:at safepoint (normal execution)

VM Mutex/Monitor currently owned by a thread:  ([mutex/lock_event])
[0x00000000000fc710] Threads_lock - owner thread: 0x000000001be0e800
[0x00000000000fcc10] Heap_lock - owner thread: 0x000000001e130800

Heap:
 PSYoungGen      total 862720K, used 780594K [0x000000076ab00000, 0x00000007bba00000, 0x00000007c0000000)
  eden space 683520K, 100% used [0x000000076ab00000,0x0000000794680000,0x0000000794680000)
  from space 179200K, 54% used [0x00000007a4400000,0x00000007aa2cc800,0x00000007af300000)
  to   space 259584K, 8% used [0x0000000794680000,0x0000000795bdabc0,0x00000007a4400000)
 ParOldGen       total 485888K, used 313568K [0x00000006c0000000, 0x00000006dda80000, 0x000000076ab00000)
  object space 485888K, 64% used [0x00000006c0000000,0x00000006d3238208,0x00000006dda80000)
 Metaspace       used 7642K, capacity 7960K, committed 8192K, reserved 1056768K
  class space    used 696K, capacity 720K, committed 768K, reserved 1048576K

Card table byte_map: [0x00000000118a0000,0x00000000120b0000] byte_map_base: 0x000000000e2a0000

Marking Bits: (ParMarkBitMap*) 0x000000005b5bd850
 Begin Bits: [0x0000000012c80000, 0x0000000016c80000)
 End Bits:   [0x0000000016c80000, 0x000000001ac80000)

Polling page: 0x0000000000120000

CodeCache: size=245760Kb used=15815Kb max_used=15815Kb free=229944Kb
 bounds [0x00000000024e0000, 0x0000000003470000, 0x00000000114e0000]
 total_blobs=3671 nmethods=3392 adapters=191
 compilation: enabled

Compilation events (10 events):
Event: 33.211 Thread 0x000000001d193800 nmethod 4500 0x0000000002832450 code [0x00000000028325c0, 0x0000000002832788]
Event: 33.212 Thread 0x000000001d193800 4501 %     3       com.android.dx.cf.code.SwitchList::removeSuperfluousDefaults @ 46 (149 bytes)
Event: 33.213 Thread 0x000000001d193800 nmethod 4501% 0x0000000002830690 code [0x00000000028308c0, 0x0000000002831638]
Event: 33.223 Thread 0x000000001d17b000 4502       4       java.util.concurrent.locks.AbstractQueuedSynchronizer$ConditionObject::signal (33 bytes)
Event: 33.225 Thread 0x000000001d17b000 nmethod 4502 0x0000000003353a90 code [0x0000000003353be0, 0x0000000003353d88]
Event: 33.227 Thread 0x000000001d192800 4503       4       com.android.dx.ssa.SsaMethod$1::visitMoveInsn (17 bytes)
Event: 33.228 Thread 0x000000001d192800 nmethod 4503 0x00000000028302d0 code [0x0000000002830420, 0x0000000002830518]
Event: 33.236 Thread 0x000000001d17b000 4504   !   4       com.android.dx.cf.code.BytecodeArray::parseInstruction (2796 bytes)
Event: 33.247 Thread 0x000000001d193800 4505       3       com.android.dx.dex.file.AnnotationUtils::makeCstArray (57 bytes)
Event: 33.248 Thread 0x000000001d193800 nmethod 4505 0x000000000282d310 code [0x000000000282d5c0, 0x000000000282e988]

GC Heap History (10 events):
Event: 22.741 GC heap before
{Heap before GC invocations=22 (full 7):
 PSYoungGen      total 943104K, used 734208K [0x000000076ab00000, 0x00000007b3800000, 0x00000007c0000000)
  eden space 734208K, 100% used [0x000000076ab00000,0x0000000797800000,0x0000000797800000)
  from space 208896K, 0% used [0x0000000797800000,0x0000000797800000,0x00000007a4400000)
  to   space 179200K, 0% used [0x00000007a4400000,0x00000007a4400000,0x00000007af300000)
 ParOldGen       total 485888K, used 485539K [0x00000006c0000000, 0x00000006dda80000, 0x000000076ab00000)
  object space 485888K, 99% used [0x00000006c0000000,0x00000006dda28f90,0x00000006dda80000)
 Metaspace       used 7201K, capacity 7736K, committed 7936K, reserved 1056768K
  class space    used 663K, capacity 688K, committed 768K, reserved 1048576K
Event: 25.658 GC heap after
Heap after GC invocations=22 (full 7):
 PSYoungGen      total 943104K, used 385536K [0x000000076ab00000, 0x00000007b3800000, 0x00000007c0000000)
  eden space 734208K, 52% used [0x000000076ab00000,0x0000000782380108,0x0000000797800000)
  from space 208896K, 0% used [0x0000000797800000,0x0000000797800000,0x00000007a4400000)
  to   space 179200K, 0% used [0x00000007a4400000,0x00000007a4400000,0x00000007af300000)
 ParOldGen       total 485888K, used 485398K [0x00000006c0000000, 0x00000006dda80000, 0x000000076ab00000)
  object space 485888K, 99% used [0x00000006c0000000,0x00000006dda059c0,0x00000006dda80000)
 Metaspace       used 7201K, capacity 7736K, committed 7936K, reserved 1056768K
  class space    used 663K, capacity 688K, committed 768K, reserved 1048576K
}
Event: 26.374 GC heap before
{Heap before GC invocations=23 (full 8):
 PSYoungGen      total 943104K, used 734208K [0x000000076ab00000, 0x00000007b3800000, 0x00000007c0000000)
  eden space 734208K, 100% used [0x000000076ab00000,0x0000000797800000,0x0000000797800000)
  from space 208896K, 0% used [0x0000000797800000,0x0000000797800000,0x00000007a4400000)
  to   space 179200K, 0% used [0x00000007a4400000,0x00000007a4400000,0x00000007af300000)
 ParOldGen       total 485888K, used 485398K [0x00000006c0000000, 0x00000006dda80000, 0x000000076ab00000)
  object space 485888K, 99% used [0x00000006c0000000,0x00000006dda059c0,0x00000006dda80000)
 Metaspace       used 7221K, capacity 7736K, committed 7936K, reserved 1056768K
  class space    used 664K, capacity 688K, committed 768K, reserved 1048576K
Event: 27.930 GC heap after
Heap after GC invocations=23 (full 8):
 PSYoungGen      total 943104K, used 287023K [0x000000076ab00000, 0x00000007b3800000, 0x00000007c0000000)
  eden space 734208K, 39% used [0x000000076ab00000,0x000000077c34bd98,0x0000000797800000)
  from space 208896K, 0% used [0x0000000797800000,0x0000000797800000,0x00000007a4400000)
  to   space 179200K, 0% used [0x00000007a4400000,0x00000007a4400000,0x00000007af300000)
 ParOldGen       total 485888K, used 485445K [0x00000006c0000000, 0x00000006dda80000, 0x000000076ab00000)
  object space 485888K, 99% used [0x00000006c0000000,0x00000006dda11518,0x00000006dda80000)
 Metaspace       used 7221K, capacity 7736K, committed 7936K, reserved 1056768K
  class space    used 664K, capacity 688K, committed 768K, reserved 1048576K
}
Event: 28.753 GC heap before
{Heap before GC invocations=24 (full 9):
 PSYoungGen      total 943104K, used 734208K [0x000000076ab00000, 0x00000007b3800000, 0x00000007c0000000)
  eden space 734208K, 100% used [0x000000076ab00000,0x0000000797800000,0x0000000797800000)
  from space 208896K, 0% used [0x0000000797800000,0x0000000797800000,0x00000007a4400000)
  to   space 179200K, 0% used [0x00000007a4400000,0x00000007a4400000,0x00000007af300000)
 ParOldGen       total 485888K, used 485445K [0x00000006c0000000, 0x00000006dda80000, 0x000000076ab00000)
  object space 485888K, 99% used [0x00000006c0000000,0x00000006dda11518,0x00000006dda80000)
 Metaspace       used 7278K, capacity 7800K, committed 7936K, reserved 1056768K
  class space    used 666K, capacity 688K, committed 768K, reserved 1048576K
Event: 30.298 GC heap after
Heap after GC invocations=24 (full 9):
 PSYoungGen      total 943104K, used 118298K [0x000000076ab00000, 0x00000007b3800000, 0x00000007c0000000)
  eden space 734208K, 16% used [0x000000076ab00000,0x0000000771e86800,0x0000000797800000)
  from space 208896K, 0% used [0x0000000797800000,0x0000000797800000,0x00000007a4400000)
  to   space 179200K, 0% used [0x00000007a4400000,0x00000007a4400000,0x00000007af300000)
 ParOldGen       total 485888K, used 485419K [0x00000006c0000000, 0x00000006dda80000, 0x000000076ab00000)
  object space 485888K, 99% used [0x00000006c0000000,0x00000006dda0ac28,0x00000006dda80000)
 Metaspace       used 7278K, capacity 7800K, committed 7936K, reserved 1056768K
  class space    used 666K, capacity 688K, committed 768K, reserved 1048576K
}
Event: 31.300 GC heap before
{Heap before GC invocations=25 (full 10):
 PSYoungGen      total 943104K, used 734208K [0x000000076ab00000, 0x00000007b3800000, 0x00000007c0000000)
  eden space 734208K, 100% used [0x000000076ab00000,0x0000000797800000,0x0000000797800000)
  from space 208896K, 0% used [0x0000000797800000,0x0000000797800000,0x00000007a4400000)
  to   space 179200K, 0% used [0x00000007a4400000,0x00000007a4400000,0x00000007af300000)
 ParOldGen       total 485888K, used 485419K [0x00000006c0000000, 0x00000006dda80000, 0x000000076ab00000)
  object space 485888K, 99% used [0x00000006c0000000,0x00000006dda0ac28,0x00000006dda80000)
 Metaspace       used 7637K, capacity 7960K, committed 8192K, reserved 1056768K
  class space    used 696K, capacity 720K, committed 768K, reserved 1048576K
Event: 32.212 GC heap after
Heap after GC invocations=25 (full 10):
 PSYoungGen      total 943104K, used 0K [0x000000076ab00000, 0x00000007b3800000, 0x00000007c0000000)
  eden space 734208K, 0% used [0x000000076ab00000,0x000000076ab00000,0x0000000797800000)
  from space 208896K, 0% used [0x0000000797800000,0x0000000797800000,0x00000007a4400000)
  to   space 179200K, 0% used [0x00000007a4400000,0x00000007a4400000,0x00000007af300000)
 ParOldGen       total 485888K, used 313568K [0x00000006c0000000, 0x00000006dda80000, 0x000000076ab00000)
  object space 485888K, 64% used [0x00000006c0000000,0x00000006d3238208,0x00000006dda80000)
 Metaspace       used 7637K, capacity 7960K, committed 8192K, reserved 1056768K
  class space    used 696K, capacity 720K, committed 768K, reserved 1048576K
}
Event: 32.786 GC heap before
{Heap before GC invocations=26 (full 10):
 PSYoungGen      total 943104K, used 734208K [0x000000076ab00000, 0x00000007b3800000, 0x00000007c0000000)
  eden space 734208K, 100% used [0x000000076ab00000,0x0000000797800000,0x0000000797800000)
  from space 208896K, 0% used [0x0000000797800000,0x0000000797800000,0x00000007a4400000)
  to   space 179200K, 0% used [0x00000007a4400000,0x00000007a4400000,0x00000007af300000)
 ParOldGen       total 485888K, used 313568K [0x00000006c0000000, 0x00000006dda80000, 0x000000076ab00000)
  object space 485888K, 64% used [0x00000006c0000000,0x00000006d3238208,0x00000006dda80000)
 Metaspace       used 7642K, capacity 7960K, committed 8192K, reserved 1056768K
  class space    used 696K, capacity 720K, committed 768K, reserved 1048576K
Event: 32.846 GC heap after
Heap after GC invocations=26 (full 10):
 PSYoungGen      total 862720K, used 97074K [0x000000076ab00000, 0x00000007bba00000, 0x00000007c0000000)
  eden space 683520K, 0% used [0x000000076ab00000,0x000000076ab00000,0x0000000794680000)
  from space 179200K, 54% used [0x00000007a4400000,0x00000007aa2cc800,0x00000007af300000)
  to   space 259584K, 0% used [0x0000000794680000,0x0000000794680000,0x00000007a4400000)
 ParOldGen       total 485888K, used 313568K [0x00000006c0000000, 0x00000006dda80000, 0x000000076ab00000)
  object space 485888K, 64% used [0x00000006c0000000,0x00000006d3238208,0x00000006dda80000)
 Metaspace       used 7642K, capacity 7960K, committed 8192K, reserved 1056768K
  class space    used 696K, capacity 720K, committed 768K, reserved 1048576K
}

Deoptimization events (10 events):
Event: 31.225 Thread 0x000000001e301000 Uncommon trap: reason=unstable_if action=reinterpret pc=0x00000000031722e0 method=sun.security.provider.DigestBase.implCompressMultiBlock([BII)I @ 2
Event: 32.396 Thread 0x000000001e037000 Uncommon trap: reason=unstable_if action=reinterpret pc=0x000000000297c8c0 method=java.util.concurrent.locks.ReentrantLock$FairSync.tryAcquire(I)Z @ 26
Event: 32.521 Thread 0x00000000000fe000 Uncommon trap: reason=unstable_if action=reinterpret pc=0x00000000033197c4 method=java.util.concurrent.ConcurrentHashMap.get(Ljava/lang/Object;)Ljava/lang/Object; @ 76
Event: 32.895 Thread 0x000000001e130800 Uncommon trap: reason=unstable_if action=reinterpret pc=0x00000000030b4878 method=java.util.TimSort.sort([Ljava/lang/Object;IILjava/util/Comparator;[Ljava/lang/Object;II)V @ 114
Event: 33.081 Thread 0x000000001e037000 Uncommon trap: reason=unstable_if action=reinterpret pc=0x0000000003147b04 method=com.android.dx.rop.code.RegisterSpec.equals(ILcom/android/dx/rop/type/TypeBearer;Lcom/android/dx/rop/code/LocalItem;)Z @ 31
Event: 33.081 Thread 0x000000001e037000 Uncommon trap: reason=unstable_if action=reinterpret pc=0x0000000002c9c03c method=com.android.dx.rop.code.RegisterSpec.equals(ILcom/android/dx/rop/type/TypeBearer;Lcom/android/dx/rop/code/LocalItem;)Z @ 31
Event: 33.087 Thread 0x000000001e037000 Uncommon trap: reason=unstable_if action=reinterpret pc=0x000000000274226c method=com.android.dx.rop.code.RegisterSpec.equals(ILcom/android/dx/rop/type/TypeBearer;Lcom/android/dx/rop/code/LocalItem;)Z @ 31
Event: 33.087 Thread 0x000000001e037000 Uncommon trap: reason=unstable_if action=reinterpret pc=0x0000000003349fec method=com.android.dx.rop.code.RegisterSpec.equals(ILcom/android/dx/rop/type/TypeBearer;Lcom/android/dx/rop/code/LocalItem;)Z @ 31
Event: 33.235 Thread 0x000000001e037000 Uncommon trap: reason=bimorphic action=maybe_recompile pc=0x00000000028e31ec method=com.android.dx.cf.code.BytecodeArray.parseInstruction(ILcom/android/dx/cf/code/BytecodeArray$Visitor;)I @ 1612
Event: 33.235 Thread 0x000000001e037000 Uncommon trap: reason=bimorphic action=maybe_recompile pc=0x00000000028e31ec method=com.android.dx.cf.code.BytecodeArray.parseInstruction(ILcom/android/dx/cf/code/BytecodeArray$Visitor;)I @ 1612

Internal exceptions (10 events):
Event: 0.855 Thread 0x000000001e037000 Exception <a 'java/lang/ArrayIndexOutOfBoundsException': 145> (0x000000077199c138) thrown at [C:\re\workspace\8-2-build-windows-amd64-cygwin\jdk8u151\9699\hotspot\src\share\vm\interpreter\interpreterRuntime.cpp, line 366]
Event: 0.855 Thread 0x000000001e037000 Exception <a 'java/lang/ArrayIndexOutOfBoundsException': 40> (0x000000077199d420) thrown at [C:\re\workspace\8-2-build-windows-amd64-cygwin\jdk8u151\9699\hotspot\src\share\vm\interpreter\interpreterRuntime.cpp, line 366]
Event: 4.148 Thread 0x00000000000fe000 Implicit null exception at 0x0000000002660fd0 to 0x000000000266195d
Event: 14.117 Thread 0x000000001e130800 Implicit null exception at 0x00000000031f6951 to 0x00000000031f6bee
Event: 26.050 Thread 0x000000001e301000 Implicit null exception at 0x000000000288feb5 to 0x00000000028948c1
Event: 31.128 Thread 0x000000001e301000 Implicit null exception at 0x0000000003069205 to 0x00000000030695cd
Event: 33.081 Thread 0x000000001e037000 Implicit null exception at 0x0000000003147454 to 0x0000000003147ad1
Event: 33.081 Thread 0x000000001e037000 Implicit null exception at 0x0000000002c9b962 to 0x0000000002c9c00d
Event: 33.087 Thread 0x000000001e037000 Implicit null exception at 0x0000000002741bfe to 0x0000000002742241
Event: 33.087 Thread 0x000000001e037000 Implicit null exception at 0x0000000003349ccb to 0x0000000003349fdd

Events (10 events):
Event: 33.087 Thread 0x000000001e037000 DEOPT UNPACKING pc=0x000000000252582a sp=0x000000001ce9e840 mode 2
Event: 33.087 Thread 0x000000001e037000 Uncommon trap: trap_request=0xffffff65 fr.pc=0x0000000003349fec
Event: 33.087 Thread 0x000000001e037000 DEOPT PACKING pc=0x0000000003349fec sp=0x000000001ce9e910
Event: 33.087 Thread 0x000000001e037000 DEOPT UNPACKING pc=0x000000000252582a sp=0x000000001ce9e840 mode 2
Event: 33.235 Thread 0x000000001e037000 Uncommon trap: trap_request=0xffffffc6 fr.pc=0x00000000028e31ec
Event: 33.235 Thread 0x000000001e037000 DEOPT PACKING pc=0x00000000028e31ec sp=0x000000001ce9eb10
Event: 33.235 Thread 0x000000001e037000 DEOPT UNPACKING pc=0x000000000252582a sp=0x000000001ce9eab8 mode 2
Event: 33.235 Thread 0x000000001e037000 Uncommon trap: trap_request=0xffffffc6 fr.pc=0x00000000028e31ec
Event: 33.235 Thread 0x000000001e037000 DEOPT PACKING pc=0x00000000028e31ec sp=0x000000001ce9eb10
Event: 33.235 Thread 0x000000001e037000 DEOPT UNPACKING pc=0x000000000252582a sp=0x000000001ce9eab8 mode 2


Dynamic libraries:
0x000000013f0d0000 - 0x000000013f107000 	C:\Program Files\Java\jdk1.8.0_151\bin\java.exe
0x0000000077170000 - 0x000000007731a000 	C:\Windows\SYSTEM32\ntdll.dll
0x0000000076f50000 - 0x000000007706f000 	C:\Windows\system32\kernel32.dll
0x000007fefd010000 - 0x000007fefd07b000 	C:\Windows\system32\KERNELBASE.dll
0x000007fefd3a0000 - 0x000007fefd47b000 	C:\Windows\system32\ADVAPI32.dll
0x000007fefeff0000 - 0x000007feff08f000 	C:\Windows\system32\msvcrt.dll
0x000007feff130000 - 0x000007feff14f000 	C:\Windows\SYSTEM32\sechost.dll
0x000007fefd890000 - 0x000007fefd9bd000 	C:\Windows\system32\RPCRT4.dll
0x0000000077070000 - 0x000000007716a000 	C:\Windows\system32\USER32.dll
0x000007fefda60000 - 0x000007fefdac7000 	C:\Windows\system32\GDI32.dll
0x000007feff090000 - 0x000007feff09e000 	C:\Windows\system32\LPK.dll
0x000007fefd480000 - 0x000007fefd54a000 	C:\Windows\system32\USP10.dll
0x000007fefb4f0000 - 0x000007fefb6e4000 	C:\Windows\WinSxS\amd64_microsoft.windows.common-controls_6595b64144ccf1df_6.0.7601.18837_none_fa3b1e3d17594757\COMCTL32.dll
0x000007feff0b0000 - 0x000007feff121000 	C:\Windows\system32\SHLWAPI.dll
0x000007fefd650000 - 0x000007fefd67e000 	C:\Windows\system32\IMM32.DLL
0x000007fefe150000 - 0x000007fefe259000 	C:\Windows\system32\MSCTF.dll
0x000000006b200000 - 0x000000006b2d2000 	C:\Program Files\Java\jdk1.8.0_151\jre\bin\msvcr100.dll
0x000000005ada0000 - 0x000000005b63d000 	C:\Program Files\Java\jdk1.8.0_151\jre\bin\server\jvm.dll
0x000007fefb840000 - 0x000007fefb849000 	C:\Windows\system32\WSOCK32.dll
0x000007fefde20000 - 0x000007fefde6d000 	C:\Windows\system32\WS2_32.dll
0x000007feff0a0000 - 0x000007feff0a8000 	C:\Windows\system32\NSI.dll
0x000007fefa3a0000 - 0x000007fefa3db000 	C:\Windows\system32\WINMM.dll
0x000007fefbe40000 - 0x000007fefbe4c000 	C:\Windows\system32\VERSION.dll
0x0000000077330000 - 0x0000000077337000 	C:\Windows\system32\PSAPI.DLL
0x000000006b1f0000 - 0x000000006b1ff000 	C:\Program Files\Java\jdk1.8.0_151\jre\bin\verify.dll
0x000000006b1c0000 - 0x000000006b1e9000 	C:\Program Files\Java\jdk1.8.0_151\jre\bin\java.dll
0x000000006b1a0000 - 0x000000006b1b6000 	C:\Program Files\Java\jdk1.8.0_151\jre\bin\zip.dll
0x000007fefe260000 - 0x000007fefefe9000 	C:\Windows\system32\SHELL32.dll
0x000007fefd680000 - 0x000007fefd883000 	C:\Windows\system32\ole32.dll
0x000007fefce60000 - 0x000007fefce6f000 	C:\Windows\system32\profapi.dll

VM Arguments:
jvm_args: -Djava.awt.headless=true -Xmx4g -Dfile.encoding=GBK -Duser.country=CN -Duser.language=zh -Duser.variant 
java_command: com.android.dx.command.Main --dex --num-threads=4 --multi-dex --main-dex-list C:\Users\Administrator\Desktop\MLxiao\app\build\intermediates\multi-dex\debug\maindexlist.txt --output C:\Users\Administrator\Desktop\MLxiao\app\build\intermediates\transforms\dex\debug\folders\1000\1f\main C:\Users\Administrator\Desktop\MLxiao\app\build\intermediates\transforms\jarMerging\debug\jars\1\1f\combined.jar
java_class_path (initial): D:\Sdk\build-tools\26.0.2\lib\dx.jar
Launcher Type: SUN_STANDARD

Environment Variables:
JAVA_HOME=C:\Program Files\Java\jdk1.8.0_151
CLASSPATH=.;C:\Program Files\Java\jdk1.8.0_151\lib;C:\Program Files\Java\jdk1.8.0_151\lib\tools.jar;C:\Program Files\Java\jdk1.8.0_151\lib\dt.jar;
PATH=C:\Program Files (x86)\Common Files\Intel\Shared Libraries\redist\intel64\compiler;C:\Windows\system32;C:\Windows;C:\Windows\System32\Wbem;C:\Windows\System32\WindowsPowerShell\v1.0\;C:\Program Files (x86)\NVIDIA Corporation\PhysX\Common;C:\Program Files\Java\jdk1.8.0_151\bin;C:\Program Files\Java\jdk1.8.0_151\jre1.8.0_151\bin;C:\Program Files\Git\cmd;D:\Sdk\platform-tools;D:\Sdk\tools;C:\Program Files\Common Files\Autodesk Shared\;C:\Program Files (x86)\Python\Scripts\;C:\Program Files (x86)\Python\;
USERNAME=Administrator
OS=Windows_NT
PROCESSOR_IDENTIFIER=Intel64 Family 6 Model 158 Stepping 9, GenuineIntel



---------------  S Y S T E M  ---------------

OS: Windows 7 , 64 bit Build 7601 (6.1.7601.19160)

CPU:total 4 (initial active 4) (4 cores per cpu, 1 threads per core) family 6 model 158 stepping 9, cmov, cx8, fxsr, mmx, sse, sse2, sse3, ssse3, sse4.1, sse4.2, popcnt, avx, avx2, aes, clmul, erms, 3dnowpref, lzcnt, tsc, tscinvbit, bmi1, bmi2, adx

Memory: 4k page, physical 8335948k(96796k free), swap 10431264k(5140k free)

vm_info: Java HotSpot(TM) 64-Bit Server VM (25.151-b12) for windows-amd64 JRE (1.8.0_151-b12), built on Sep  5 2017 19:33:46 by "java_re" with MS VC++ 10.0 (VS2010)

time: Sat Mar 10 19:42:06 2018
elapsed time: 33 seconds (0d 0h 0m 33s)

