#
# There is insufficient memory for the Java Runtime Environment to continue.
# Native memory allocation (malloc) failed to allocate 1534192 bytes for Chunk::new
# Possible reasons:
#   The system is out of physical RAM or swap space
#   In 32 bit mode, the process size limit was hit
# Possible solutions:
#   Reduce memory load on the system
#   Increase physical memory or swap space
#   Check if swap backing store is full
#   Use 64 bit Java on a 64 bit OS
#   Decrease Java heap size (-Xmx/-Xms)
#   Decrease number of Java threads
#   Decrease Java thread stack sizes (-Xss)
#   Set larger code cache with -XX:ReservedCodeCacheSize=
# This output file may be truncated or incomplete.
#
#  Out of Memory Error (allocation.cpp:390), pid=6312, tid=0x0000000000001bb8
#
# JRE version: OpenJDK Runtime Environment (8.0_152-b01) (build 1.8.0_152-release-915-b01)
# Java VM: OpenJDK 64-Bit Server VM (25.152-b01 mixed mode windows-amd64 compressed oops)
# Failed to write core dump. Minidumps are not enabled by default on client versions of Windows
#

---------------  T H R E A D  ---------------

Current thread (0x000000001d48f000):  JavaThread "C2 CompilerThread0" daemon [_thread_in_native, id=7096, stack(0x000000001ddb0000,0x000000001deb0000)]

Stack: [0x000000001ddb0000,0x000000001deb0000]
[error occurred during error reporting (printing stack bounds), id 0xc0000005]

Native frames: (J=compiled Java code, j=interpreted, Vv=VM code, C=native code)


Current CompileTask:
C2:  15662 2869       4       com.android.dx.dex.cf.CfTranslator::translate0 (259 bytes)


---------------  P R O C E S S  ---------------

Java Threads: ( => current thread )
  0x000000001e430000 JavaThread "pool-2-thread-4" [_thread_blocked, id=7064, stack(0x000000001ed10000,0x000000001ee10000)]
  0x000000001e433000 JavaThread "pool-2-thread-3" [_thread_blocked, id=7396, stack(0x000000001f080000,0x000000001f180000)]
  0x000000001e432800 JavaThread "pool-2-thread-2" [_thread_blocked, id=7800, stack(0x000000001ef80000,0x000000001f080000)]
  0x000000001e451800 JavaThread "pool-3-thread-1" [_thread_blocked, id=7016, stack(0x000000001ee40000,0x000000001ef40000)]
  0x000000001e44f000 JavaThread "pool-2-thread-1" [_thread_blocked, id=6524, stack(0x000000001ebb0000,0x000000001ecb0000)]
  0x000000001d517000 JavaThread "Service Thread" daemon [_thread_blocked, id=8108, stack(0x000000001e060000,0x000000001e160000)]
  0x000000001d499000 JavaThread "C1 CompilerThread2" daemon [_thread_blocked, id=6156, stack(0x000000001d930000,0x000000001da30000)]
  0x000000001d497800 JavaThread "C2 CompilerThread1" daemon [_thread_in_native, id=6540, stack(0x000000001df60000,0x000000001e060000)]
=>0x000000001d48f000 JavaThread "C2 CompilerThread0" daemon [_thread_in_native, id=7096, stack(0x000000001ddb0000,0x000000001deb0000)]
  0x000000001d47b000 JavaThread "Attach Listener" daemon [_thread_blocked, id=8112, stack(0x000000001dbd0000,0x000000001dcd0000)]
  0x000000001d478800 JavaThread "Signal Dispatcher" daemon [_thread_blocked, id=7440, stack(0x000000001da30000,0x000000001db30000)]
  0x000000001bffb800 JavaThread "Finalizer" daemon [_thread_blocked, id=7680, stack(0x000000001d370000,0x000000001d470000)]
  0x000000001bfb5000 JavaThread "Reference Handler" daemon [_thread_blocked, id=7996, stack(0x000000001d170000,0x000000001d270000)]
  0x000000000244e800 JavaThread "main" [_thread_in_native, id=6668, stack(0x0000000002680000,0x0000000002780000)]

Other Threads:
  0x000000001bfa9800 VMThread [stack: 0x000000001cff0000,0x000000001d0f0000] [id=5696]
  0x000000001d517800 WatcherThread [stack: 0x000000001e180000,0x000000001e280000] [id=7488]

VM state:not at safepoint (normal execution)

VM Mutex/Monitor currently owned by a thread: None

Heap:
 PSYoungGen      total 943616K, used 457599K [0x000000076ab00000, 0x00000007b7300000, 0x00000007c0000000)
  eden space 693760K, 53% used [0x000000076ab00000,0x000000078168b7c8,0x0000000795080000)
  from space 249856K, 34% used [0x00000007a5300000,0x00000007aa654448,0x00000007b4700000)
  to   space 264704K, 0% used [0x0000000795080000,0x0000000795080000,0x00000007a5300000)
 ParOldGen       total 566784K, used 566601K [0x00000006c0000000, 0x00000006e2980000, 0x000000076ab00000)
  object space 566784K, 99% used [0x00000006c0000000,0x00000006e2952750,0x00000006e2980000)
 Metaspace       used 6614K, capacity 7286K, committed 7552K, reserved 1056768K
  class space    used 607K, capacity 622K, committed 640K, reserved 1048576K

Card table byte_map: [0x0000000011b40000,0x0000000012350000] byte_map_base: 0x000000000e540000

Marking Bits: (ParMarkBitMap*) 0x0000000070453950
 Begin Bits: [0x0000000012e20000, 0x0000000016e20000)
 End Bits:   [0x0000000016e20000, 0x000000001ae20000)

Polling page: 0x0000000000240000

CodeCache: size=245760Kb used=14336Kb max_used=14367Kb free=231423Kb
 bounds [0x0000000002780000, 0x00000000035b0000, 0x0000000011780000]
 total_blobs=3070 nmethods=2805 adapters=178
 compilation: enabled

Compilation events (10 events):
Event: 15.327 Thread 0x000000001d497800 nmethod 2846 0x00000000028b8150 code [0x00000000028b82a0, 0x00000000028b84f8]
Event: 15.327 Thread 0x000000001d497800 2856       4       com.android.dx.ssa.back.FirstFitLocalCombiningAllocator::processPhiInsn (255 bytes)
Event: 15.341 Thread 0x000000001d499000 2885       2       com.android.dx.cf.code.Simulator::access$200 (6 bytes)
Event: 15.341 Thread 0x000000001d499000 nmethod 2885 0x00000000028c40d0 code [0x00000000028c4220, 0x00000000028c4368]
Event: 15.361 Thread 0x000000001d499000 2887       3       com.android.dx.ssa.SsaBasicBlock::scheduleUseBeforeAssigned (389 bytes)
Event: 15.363 Thread 0x000000001d499000 nmethod 2887 0x0000000003581090 code [0x00000000035816e0, 0x0000000003585de8]
Event: 15.385 Thread 0x000000001d497800 nmethod 2856 0x000000000358c6d0 code [0x000000000358c980, 0x000000000358ee30]
Event: 15.385 Thread 0x000000001d497800 2864       4       com.android.dx.cf.code.Ropper::addSetupBlocks (535 bytes)
Event: 15.552 Thread 0x000000001d497800 nmethod 2864 0x0000000003598490 code [0x00000000035989c0, 0x000000000359d870]
Event: 15.552 Thread 0x000000001d497800 2893   !   4       com.android.dx.cf.code.BytecodeArray::parseInstruction (2764 bytes)

GC Heap History (10 events):
Event: 9.308 GC heap before
{Heap before GC invocations=16 (full 2):
 PSYoungGen      total 654848K, used 654839K [0x000000076ab00000, 0x00000007a7b00000, 0x00000007c0000000)
  eden space 495104K, 100% used [0x000000076ab00000,0x0000000788e80000,0x0000000788e80000)
  from space 159744K, 99% used [0x0000000788e80000,0x0000000792a7df60,0x0000000792a80000)
  to   space 198144K, 0% used [0x000000079b980000,0x000000079b980000,0x00000007a7b00000)
 ParOldGen       total 331264K, used 254736K [0x00000006c0000000, 0x00000006d4380000, 0x000000076ab00000)
  object space 331264K, 76% used [0x00000006c0000000,0x00000006cf8c41a8,0x00000006d4380000)
 Metaspace       used 6601K, capacity 7286K, committed 7552K, reserved 1056768K
  class space    used 606K, capacity 622K, committed 640K, reserved 1048576K
Event: 9.534 GC heap after
Heap after GC invocations=16 (full 2):
 PSYoungGen      total 788480K, used 138897K [0x000000076ab00000, 0x00000007a9a00000, 0x00000007c0000000)
  eden space 590336K, 0% used [0x000000076ab00000,0x000000076ab00000,0x000000078eb80000)
  from space 198144K, 70% used [0x000000079b980000,0x00000007a41245a0,0x00000007a7b00000)
  to   space 210944K, 0% used [0x000000078eb80000,0x000000078eb80000,0x000000079b980000)
 ParOldGen       total 353792K, used 353747K [0x00000006c0000000, 0x00000006d5980000, 0x000000076ab00000)
  object space 353792K, 99% used [0x00000006c0000000,0x00000006d5974e20,0x00000006d5980000)
 Metaspace       used 6601K, capacity 7286K, committed 7552K, reserved 1056768K
  class space    used 606K, capacity 622K, committed 640K, reserved 1048576K
}
Event: 9.535 GC heap before
{Heap before GC invocations=17 (full 3):
 PSYoungGen      total 788480K, used 138897K [0x000000076ab00000, 0x00000007a9a00000, 0x00000007c0000000)
  eden space 590336K, 0% used [0x000000076ab00000,0x000000076ab00000,0x000000078eb80000)
  from space 198144K, 70% used [0x000000079b980000,0x00000007a41245a0,0x00000007a7b00000)
  to   space 210944K, 0% used [0x000000078eb80000,0x000000078eb80000,0x000000079b980000)
 ParOldGen       total 353792K, used 353747K [0x00000006c0000000, 0x00000006d5980000, 0x000000076ab00000)
  object space 353792K, 99% used [0x00000006c0000000,0x00000006d5974e20,0x00000006d5980000)
 Metaspace       used 6601K, capacity 7286K, committed 7552K, reserved 1056768K
  class space    used 606K, capacity 622K, committed 640K, reserved 1048576K
Event: 11.287 GC heap after
Heap after GC invocations=17 (full 3):
 PSYoungGen      total 788480K, used 129475K [0x000000076ab00000, 0x00000007a9a00000, 0x00000007c0000000)
  eden space 590336K, 0% used [0x000000076ab00000,0x000000076ab00000,0x000000078eb80000)
  from space 198144K, 65% used [0x000000079b980000,0x00000007a37f0f38,0x00000007a7b00000)
  to   space 210944K, 0% used [0x000000078eb80000,0x000000078eb80000,0x000000079b980000)
 ParOldGen       total 566784K, used 353652K [0x00000006c0000000, 0x00000006e2980000, 0x000000076ab00000)
  object space 566784K, 62% used [0x00000006c0000000,0x00000006d595d368,0x00000006e2980000)
 Metaspace       used 6601K, capacity 7286K, committed 7552K, reserved 1056768K
  class space    used 606K, capacity 622K, committed 640K, reserved 1048576K
}
Event: 12.311 GC heap before
{Heap before GC invocations=18 (full 3):
 PSYoungGen      total 788480K, used 719811K [0x000000076ab00000, 0x00000007a9a00000, 0x00000007c0000000)
  eden space 590336K, 100% used [0x000000076ab00000,0x000000078eb80000,0x000000078eb80000)
  from space 198144K, 65% used [0x000000079b980000,0x00000007a37f0f38,0x00000007a7b00000)
  to   space 210944K, 0% used [0x000000078eb80000,0x000000078eb80000,0x000000079b980000)
 ParOldGen       total 566784K, used 353652K [0x00000006c0000000, 0x00000006e2980000, 0x000000076ab00000)
  object space 566784K, 62% used [0x00000006c0000000,0x00000006d595d368,0x00000006e2980000)
 Metaspace       used 6608K, capacity 7286K, committed 7552K, reserved 1056768K
  class space    used 606K, capacity 622K, committed 640K, reserved 1048576K
Event: 12.558 GC heap after
Heap after GC invocations=18 (full 3):
 PSYoungGen      total 801280K, used 210937K [0x000000076ab00000, 0x00000007b4700000, 0x00000007c0000000)
  eden space 590336K, 0% used [0x000000076ab00000,0x000000076ab00000,0x000000078eb80000)
  from space 210944K, 99% used [0x000000078eb80000,0x000000079b97e7e0,0x000000079b980000)
  to   space 249856K, 0% used [0x00000007a5300000,0x00000007a5300000,0x00000007b4700000)
 ParOldGen       total 566784K, used 359622K [0x00000006c0000000, 0x00000006e2980000, 0x000000076ab00000)
  object space 566784K, 63% used [0x00000006c0000000,0x00000006d5f31a28,0x00000006e2980000)
 Metaspace       used 6608K, capacity 7286K, committed 7552K, reserved 1056768K
  class space    used 606K, capacity 622K, committed 640K, reserved 1048576K
}
Event: 13.441 GC heap before
{Heap before GC invocations=19 (full 3):
 PSYoungGen      total 801280K, used 801273K [0x000000076ab00000, 0x00000007b4700000, 0x00000007c0000000)
  eden space 590336K, 100% used [0x000000076ab00000,0x000000078eb80000,0x000000078eb80000)
  from space 210944K, 99% used [0x000000078eb80000,0x000000079b97e7e0,0x000000079b980000)
  to   space 249856K, 0% used [0x00000007a5300000,0x00000007a5300000,0x00000007b4700000)
 ParOldGen       total 566784K, used 359622K [0x00000006c0000000, 0x00000006e2980000, 0x000000076ab00000)
  object space 566784K, 63% used [0x00000006c0000000,0x00000006d5f31a28,0x00000006e2980000)
 Metaspace       used 6614K, capacity 7286K, committed 7552K, reserved 1056768K
  class space    used 607K, capacity 622K, committed 640K, reserved 1048576K
Event: 13.695 GC heap after
Heap after GC invocations=19 (full 3):
 PSYoungGen      total 943616K, used 173964K [0x000000076ab00000, 0x00000007b7300000, 0x00000007c0000000)
  eden space 693760K, 0% used [0x000000076ab00000,0x000000076ab00000,0x0000000795080000)
  from space 249856K, 69% used [0x00000007a5300000,0x00000007afce3358,0x00000007b4700000)
  to   space 264704K, 0% used [0x0000000795080000,0x0000000795080000,0x00000007a5300000)
 ParOldGen       total 566784K, used 485896K [0x00000006c0000000, 0x00000006e2980000, 0x000000076ab00000)
  object space 566784K, 85% used [0x00000006c0000000,0x00000006dda82068,0x00000006e2980000)
 Metaspace       used 6614K, capacity 7286K, committed 7552K, reserved 1056768K
  class space    used 607K, capacity 622K, committed 640K, reserved 1048576K
}
Event: 13.695 GC heap before
{Heap before GC invocations=20 (full 4):
 PSYoungGen      total 943616K, used 173964K [0x000000076ab00000, 0x00000007b7300000, 0x00000007c0000000)
  eden space 693760K, 0% used [0x000000076ab00000,0x000000076ab00000,0x0000000795080000)
  from space 249856K, 69% used [0x00000007a5300000,0x00000007afce3358,0x00000007b4700000)
  to   space 264704K, 0% used [0x0000000795080000,0x0000000795080000,0x00000007a5300000)
 ParOldGen       total 566784K, used 485896K [0x00000006c0000000, 0x00000006e2980000, 0x000000076ab00000)
  object space 566784K, 85% used [0x00000006c0000000,0x00000006dda82068,0x00000006e2980000)
 Metaspace       used 6614K, capacity 7286K, committed 7552K, reserved 1056768K
  class space    used 607K, capacity 622K, committed 640K, reserved 1048576K
Event: 15.179 GC heap after
Heap after GC invocations=20 (full 4):
 PSYoungGen      total 943616K, used 85329K [0x000000076ab00000, 0x00000007b7300000, 0x00000007c0000000)
  eden space 693760K, 0% used [0x000000076ab00000,0x000000076ab00000,0x0000000795080000)
  from space 249856K, 34% used [0x00000007a5300000,0x00000007aa654448,0x00000007b4700000)
  to   space 264704K, 0% used [0x0000000795080000,0x0000000795080000,0x00000007a5300000)
 ParOldGen       total 566784K, used 566601K [0x00000006c0000000, 0x00000006e2980000, 0x000000076ab00000)
  object space 566784K, 99% used [0x00000006c0000000,0x00000006e2952750,0x00000006e2980000)
 Metaspace       used 6614K, capacity 7286K, committed 7552K, reserved 1056768K
  class space    used 607K, capacity 622K, committed 640K, reserved 1048576K
}

Deoptimization events (10 events):
Event: 15.225 Thread 0x000000001e433000 Uncommon trap: reason=class_check action=maybe_recompile pc=0x00000000030decb8 method=com.android.dx.ssa.SCCP.simulateBranch(Lcom/android/dx/ssa/SsaInsn;)V @ 339
Event: 15.233 Thread 0x000000001e432800 Uncommon trap: reason=unloaded action=reinterpret pc=0x00000000033185a8 method=com.android.dx.ssa.SCCP.replaceBranches()V @ 110
Event: 15.233 Thread 0x000000001e432800 Uncommon trap: reason=unstable_if action=reinterpret pc=0x0000000003114400 method=com.android.dx.ssa.DeadCodeRemover.pruneDeadInstructions()V @ 49
Event: 15.233 Thread 0x000000001e432800 Uncommon trap: reason=unstable_if action=reinterpret pc=0x0000000002f1dbb4 method=com.android.dx.ssa.DeadCodeRemover.pruneDeadInstructions()V @ 49
Event: 15.273 Thread 0x000000000244e800 Uncommon trap: reason=speculate_class_check action=maybe_recompile pc=0x00000000028bc63c method=com.android.dx.rop.cst.TypedConstant.getBasicType()I @ 1
Event: 15.275 Thread 0x000000000244e800 Uncommon trap: reason=speculate_class_check action=maybe_recompile pc=0x00000000028bc63c method=com.android.dx.rop.cst.TypedConstant.getBasicType()I @ 1
Event: 15.277 Thread 0x000000001e432800 Uncommon trap: reason=speculate_class_check action=maybe_recompile pc=0x00000000028bc63c method=com.android.dx.rop.cst.TypedConstant.getBasicType()I @ 1
Event: 15.277 Thread 0x000000001e432800 Uncommon trap: reason=speculate_class_check action=maybe_recompile pc=0x00000000028bc63c method=com.android.dx.rop.cst.TypedConstant.getBasicType()I @ 1
Event: 15.495 Thread 0x000000001e44f000 Uncommon trap: reason=bimorphic action=maybe_recompile pc=0x00000000034932c0 method=com.android.dx.cf.code.BytecodeArray.parseInstruction(ILcom/android/dx/cf/code/BytecodeArray$Visitor;)I @ 1387
Event: 15.495 Thread 0x000000001e44f000 Uncommon trap: reason=bimorphic action=maybe_recompile pc=0x00000000034932c0 method=com.android.dx.cf.code.BytecodeArray.parseInstruction(ILcom/android/dx/cf/code/BytecodeArray$Visitor;)I @ 1387

Classes redefined (0 events):
No events

Internal exceptions (10 events):
Event: 0.019 Thread 0x000000000244e800 Exception <a 'java/lang/NoSuchMethodError': Method sun.misc.Unsafe.prefetchRead(Ljava/lang/Object;J)V name or signature does not match> (0x000000076ab07f90) thrown at [D:\src\AOSP-openjdk-cygwin\jdk8u\hotspot\src\share\vm\prims\jni.cpp, line 4011]
Event: 0.204 Thread 0x000000000244e800 Implicit null exception at 0x00000000028e6e78 to 0x00000000028e7491
Event: 0.700 Thread 0x000000001e433000 Implicit null exception at 0x0000000002a87f1a to 0x0000000002a8af99
Event: 0.705 Thread 0x000000000244e800 Implicit null exception at 0x0000000002bb3a75 to 0x0000000002bb3c3d
Event: 0.726 Thread 0x000000001e44f000 Implicit null exception at 0x0000000002ac74bc to 0x0000000002ac9ded
Event: 0.892 Thread 0x000000001e430000 Exception <a 'java/lang/ArrayIndexOutOfBoundsException': 18> (0x000000076dcd2b38) thrown at [D:\src\AOSP-openjdk-cygwin\jdk8u\hotspot\src\share\vm\interpreter\interpreterRuntime.cpp, line 366]
Event: 0.892 Thread 0x000000001e430000 Exception <a 'java/lang/ArrayIndexOutOfBoundsException': 145> (0x000000076dcd46b8) thrown at [D:\src\AOSP-openjdk-cygwin\jdk8u\hotspot\src\share\vm\interpreter\interpreterRuntime.cpp, line 366]
Event: 0.893 Thread 0x000000001e430000 Exception <a 'java/lang/ArrayIndexOutOfBoundsException'> (0x000000076dcd59a0) thrown at [D:\src\AOSP-openjdk-cygwin\jdk8u\hotspot\src\share\vm\runtime\sharedRuntime.cpp, line 605]
Event: 3.322 Thread 0x000000000244e800 Implicit null exception at 0x00000000028ed9b0 to 0x00000000028ee339
Event: 8.609 Thread 0x000000001e430000 Implicit null exception at 0x0000000003363050 to 0x0000000003367fb5

Events (10 events):
Event: 15.574 Thread 0x000000001e433000 DEOPT PACKING pc=0x000000000289c731 sp=0x000000001f17ed00
Event: 15.574 Thread 0x000000001e433000 DEOPT UNPACKING pc=0x00000000027c75bf sp=0x000000001f17ea90 mode 0
Event: 15.588 Thread 0x000000000244e800 DEOPT PACKING pc=0x000000000289c6a1 sp=0x000000000277e090
Event: 15.588 Thread 0x000000000244e800 DEOPT UNPACKING pc=0x00000000027c75bf sp=0x000000000277de20 mode 0
Event: 15.598 Thread 0x000000001e433000 DEOPT PACKING pc=0x000000000289c731 sp=0x000000001f17ed00
Event: 15.598 Thread 0x000000001e433000 DEOPT UNPACKING pc=0x00000000027c75bf sp=0x000000001f17ea90 mode 0
Event: 15.609 Thread 0x000000000244e800 DEOPT PACKING pc=0x000000000289c731 sp=0x000000000277e090
Event: 15.609 Thread 0x000000000244e800 DEOPT UNPACKING pc=0x00000000027c75bf sp=0x000000000277de20 mode 0
Event: 15.621 Thread 0x000000000244e800 DEOPT PACKING pc=0x0000000002e8bde4 sp=0x000000000277e500
Event: 15.621 Thread 0x000000000244e800 DEOPT UNPACKING pc=0x00000000027c75bf sp=0x000000000277e2e0 mode 0


Dynamic libraries:
0x000000013f960000 - 0x000000013f991000 	C:\Program Files\Android\Android Studio\jre\bin\java.exe
0x00000000776a0000 - 0x000000007784a000 	C:\Windows\SYSTEM32\ntdll.dll
0x0000000077480000 - 0x000000007759f000 	C:\Windows\system32\kernel32.dll
0x000007fefd500000 - 0x000007fefd56b000 	C:\Windows\system32\KERNELBASE.dll
0x000007feff5d0000 - 0x000007feff6ab000 	C:\Windows\system32\ADVAPI32.dll
0x000007fefedd0000 - 0x000007fefee6f000 	C:\Windows\system32\msvcrt.dll
0x000007feff6b0000 - 0x000007feff6cf000 	C:\Windows\SYSTEM32\sechost.dll
0x000007feff060000 - 0x000007feff18d000 	C:\Windows\system32\RPCRT4.dll
0x00000000775a0000 - 0x000000007769a000 	C:\Windows\system32\USER32.dll
0x000007fefea30000 - 0x000007fefea97000 	C:\Windows\system32\GDI32.dll
0x000007feff9a0000 - 0x000007feff9ae000 	C:\Windows\system32\LPK.dll
0x000007feff500000 - 0x000007feff5ca000 	C:\Windows\system32\USP10.dll
0x000007fefb8b0000 - 0x000007fefbaa4000 	C:\Windows\WinSxS\amd64_microsoft.windows.common-controls_6595b64144ccf1df_6.0.7601.18837_none_fa3b1e3d17594757\COMCTL32.dll
0x000007fefeaa0000 - 0x000007fefeb11000 	C:\Windows\system32\SHLWAPI.dll
0x000007fefe8b0000 - 0x000007fefe8de000 	C:\Windows\system32\IMM32.DLL
0x000007fefee70000 - 0x000007fefef79000 	C:\Windows\system32\MSCTF.dll
0x0000000070f70000 - 0x0000000071042000 	C:\Program Files\Android\Android Studio\jre\jre\bin\msvcr100.dll
0x000000006fc90000 - 0x00000000704ce000 	C:\Program Files\Android\Android Studio\jre\jre\bin\server\jvm.dll
0x000007feef860000 - 0x000007feef869000 	C:\Windows\system32\WSOCK32.dll
0x000007fefe9e0000 - 0x000007fefea2d000 	C:\Windows\system32\WS2_32.dll
0x000007fefda90000 - 0x000007fefda98000 	C:\Windows\system32\NSI.dll
0x000007fefaba0000 - 0x000007fefabdb000 	C:\Windows\system32\WINMM.dll
0x000007fefc400000 - 0x000007fefc40c000 	C:\Windows\system32\VERSION.dll
0x0000000077860000 - 0x0000000077867000 	C:\Windows\system32\PSAPI.DLL
0x000007feedb20000 - 0x000007feedb2f000 	C:\Program Files\Android\Android Studio\jre\jre\bin\verify.dll
0x000007feedaf0000 - 0x000007feedb19000 	C:\Program Files\Android\Android Studio\jre\jre\bin\java.dll
0x000007feedad0000 - 0x000007feedae6000 	C:\Program Files\Android\Android Studio\jre\jre\bin\zip.dll
0x000007fefdb20000 - 0x000007fefe8a9000 	C:\Windows\system32\SHELL32.dll
0x000007fefebc0000 - 0x000007fefedc3000 	C:\Windows\system32\ole32.dll
0x000007fefd3f0000 - 0x000007fefd3ff000 	C:\Windows\system32\profapi.dll

VM Arguments:
jvm_args: -Djava.awt.headless=true -Xmx4g -Dfile.encoding=GBK -Duser.country=CN -Duser.language=zh -Duser.variant 
java_command: com.android.dx.command.Main --dex --num-threads=4 --multi-dex --main-dex-list C:\Users\Administrator\Desktop\MLxiao\app\build\intermediates\multi-dex\debug\maindexlist.txt --output C:\Users\Administrator\Desktop\MLxiao\app\build\intermediates\transforms\dex\debug\folders\1000\1f\main C:\Users\Administrator\Desktop\MLxiao\app\build\intermediates\transforms\jarMerging\debug\jars\1\1f\combined.jar
java_class_path (initial): D:\Sdk\sdk\build-tools\25.0.3\lib\dx.jar
Launcher Type: SUN_STANDARD

Environment Variables:
JAVA_HOME=C:\Program Files (x86)\Java\jdk1.8.0_144
CLASSPATH=.;C:\Program Files (x86)\Java\jdk1.8.0_144\lib;C:\Program Files (x86)\Java\jdk1.8.0_144\lib\tools.jar
PATH=C:\ProgramData\Oracle\Java\javapath;C:\Windows\system32;C:\Windows;C:\Windows\System32\Wbem;C:\Windows\System32\WindowsPowerShell\v1.0\;C:\Program Files (x86)\NVIDIA Corporation\PhysX\Common;C:\Program Files (x86)\Java\jdk1.8.0_144\bin;C:\Program Files (x86)\Java\jdk1.8.0_144\jre\bin;C:\Program Files\Git\cmd;D:\Sdk\platform-tools;D:\Sdk\tools;
USERNAME=Administrator
OS=Windows_NT
PROCESSOR_IDENTIFIER=Intel64 Family 6 Model 158 Stepping 9, GenuineIntel



---------------  S Y S T E M  ---------------

OS: Windows 7 , 64 bit Build 7601 (6.1.7601.19160)

CPU:total 4 (initial active 4) (4 cores per cpu, 1 threads per core) family 6 model 158 stepping 9, cmov, cx8, fxsr, mmx, sse, sse2, sse3, ssse3, sse4.1, sse4.2, popcnt, avx, avx2, aes, clmul, erms, 3dnowpref, lzcnt, tsc, tscinvbit, bmi1, bmi2, adx

Memory: 4k page, physical 8335948k(265344k free), swap 10431264k(5372k free)

vm_info: OpenJDK 64-Bit Server VM (25.152-b01) for windows-amd64 JRE (1.8.0_152-release-915-b01), built by "builder" with MS VC++ 10.0 (VS2010)

time: Thu Dec 07 14:56:10 2017
elapsed time: 15 seconds (0d 0h 0m 15s)

