#
# There is insufficient memory for the Java Runtime Environment to continue.
# Native memory allocation (malloc) failed to allocate 1143856 bytes for Chunk::new
# Possible reasons:
#   The system is out of physical RAM or swap space
#   In 32 bit mode, the process size limit was hit
# Possible solutions:
#   Reduce memory load on the system
#   Increase physical memory or swap space
#   Check if swap backing store is full
#   Use 64 bit Java on a 64 bit OS
#   Decrease Java heap size (-Xmx/-Xms)
#   Decrease number of Java threads
#   Decrease Java thread stack sizes (-Xss)
#   Set larger code cache with -XX:ReservedCodeCacheSize=
# This output file may be truncated or incomplete.
#
#  Out of Memory Error (allocation.cpp:390), pid=8488, tid=0x00000000000022ec
#
# JRE version: Java(TM) SE Runtime Environment (8.0_151-b12) (build 1.8.0_151-b12)
# Java VM: Java HotSpot(TM) 64-Bit Server VM (25.151-b12 mixed mode windows-amd64 compressed oops)
# Failed to write core dump. Minidumps are not enabled by default on client versions of Windows
#

---------------  T H R E A D  ---------------

Current thread (0x000000001c0de800):  JavaThread "C2 CompilerThread0" daemon [_thread_in_native, id=8940, stack(0x000000001db80000,0x000000001dc80000)]

Stack: [0x000000001db80000,0x000000001dc80000]
[error occurred during error reporting (printing stack bounds), id 0xc0000005]

Native frames: (J=compiled Java code, j=interpreted, Vv=VM code, C=native code)


Current CompileTask:
C2:  20186 3309   !   4       com.android.dx.cf.code.BytecodeArray::parseInstruction (2796 bytes)


---------------  P R O C E S S  ---------------

Java Threads: ( => current thread )
  0x000000001e52a000 JavaThread "pool-1-thread-1" [_thread_in_Java, id=8328, stack(0x0000000022090000,0x0000000022190000)]
  0x000000001e3a7800 JavaThread "pool-2-thread-4" [_thread_in_Java, id=4044, stack(0x000000001ef70000,0x000000001f070000)]
  0x000000001e3a2800 JavaThread "pool-2-thread-3" [_thread_in_Java, id=8840, stack(0x000000001ede0000,0x000000001eee0000)]
  0x000000001e3a7000 JavaThread "pool-2-thread-2" [_thread_blocked, id=8828, stack(0x000000001ec20000,0x000000001ed20000)]
  0x000000001e4d3800 JavaThread "pool-3-thread-1" [_thread_blocked, id=7624, stack(0x000000001eac0000,0x000000001ebc0000)]
  0x000000001d787000 JavaThread "pool-2-thread-1" [_thread_in_Java, id=7648, stack(0x000000001dd20000,0x000000001de20000)]
  0x000000001d443800 JavaThread "Service Thread" daemon [_thread_blocked, id=3412, stack(0x000000001d7a0000,0x000000001d8a0000)]
  0x000000001d3d1800 JavaThread "C1 CompilerThread2" daemon [_thread_blocked, id=8952, stack(0x000000001e050000,0x000000001e150000)]
  0x000000001d3c0800 JavaThread "C2 CompilerThread1" daemon [_thread_in_native, id=8388, stack(0x000000001de20000,0x000000001df20000)]
=>0x000000001c0de800 JavaThread "C2 CompilerThread0" daemon [_thread_in_native, id=8940, stack(0x000000001db80000,0x000000001dc80000)]
  0x000000001d3ab000 JavaThread "Attach Listener" daemon [_thread_blocked, id=8324, stack(0x000000001da80000,0x000000001db80000)]
  0x000000001c0cd800 JavaThread "Signal Dispatcher" daemon [_thread_blocked, id=924, stack(0x000000001d8a0000,0x000000001d9a0000)]
  0x000000001c0b9800 JavaThread "Finalizer" daemon [_thread_blocked, id=7712, stack(0x000000001d2a0000,0x000000001d3a0000)]
  0x000000001c072800 JavaThread "Reference Handler" daemon [_thread_blocked, id=7444, stack(0x000000001d140000,0x000000001d240000)]
  0x000000000241e000 JavaThread "main" [_thread_blocked, id=8696, stack(0x0000000002730000,0x0000000002830000)]

Other Threads:
  0x000000001c06b000 VMThread [stack: 0x000000001cf70000,0x000000001d070000] [id=9164]
  0x000000001d49d800 WatcherThread [stack: 0x000000001e160000,0x000000001e260000] [id=6412]

VM state:not at safepoint (normal execution)

VM Mutex/Monitor currently owned by a thread: None

Heap:
 PSYoungGen      total 1052160K, used 151686K [0x000000076ab00000, 0x00000007bed80000, 0x00000007c0000000)
  eden space 817664K, 18% used [0x000000076ab00000,0x0000000773f218e8,0x000000079c980000)
  from space 234496K, 0% used [0x000000079c980000,0x000000079c980000,0x00000007aae80000)
  to   space 228352K, 0% used [0x00000007b0e80000,0x00000007b0e80000,0x00000007bed80000)
 ParOldGen       total 1283072K, used 866202K [0x00000006c0000000, 0x000000070e500000, 0x000000076ab00000)
  object space 1283072K, 67% used [0x00000006c0000000,0x00000006f4de6908,0x000000070e500000)
 Metaspace       used 6942K, capacity 7448K, committed 7680K, reserved 1056768K
  class space    used 651K, capacity 656K, committed 768K, reserved 1048576K

Card table byte_map: [0x0000000011bf0000,0x0000000012400000] byte_map_base: 0x000000000e5f0000

Marking Bits: (ParMarkBitMap*) 0x000000006217d850
 Begin Bits: [0x0000000012ee0000, 0x0000000016ee0000)
 End Bits:   [0x0000000016ee0000, 0x000000001aee0000)

Polling page: 0x0000000001b60000

CodeCache: size=245760Kb used=14396Kb max_used=15990Kb free=231363Kb
 bounds [0x0000000002830000, 0x00000000037e0000, 0x0000000011830000]
 total_blobs=2983 nmethods=2712 adapters=183
 compilation: enabled

Compilation events (10 events):
Event: 15.964 Thread 0x000000001c0de800 nmethod 3168 0x0000000002bd8810 code [0x0000000002bd8960, 0x0000000002bd8ad8]
Event: 15.964 Thread 0x000000001c0de800 3149       4       com.android.dx.ssa.MoveParamCombiner$1::visitNonMoveInsn (213 bytes)
Event: 15.971 Thread 0x000000001c0de800 nmethod 3149 0x0000000002bfa9d0 code [0x0000000002bfabc0, 0x0000000002bfb280]
Event: 15.971 Thread 0x000000001c0de800 3295       4       com.android.dx.dex.code.StdCatchBuilder::hasAnyCatches (57 bytes)
Event: 15.973 Thread 0x000000001c0de800 nmethod 3295 0x0000000002daa650 code [0x0000000002daa7c0, 0x0000000002daaa98]
Event: 15.973 Thread 0x000000001c0de800 3303       4       java.util.HashMap$HashIterator::<init> (79 bytes)
Event: 15.976 Thread 0x000000001c0de800 nmethod 3303 0x0000000002a48f90 code [0x0000000002a490e0, 0x0000000002a49398]
Event: 15.976 Thread 0x000000001c0de800 3152   !   4       com.android.dx.cf.direct.MemberListParser::parse (641 bytes)
Event: 19.915 Thread 0x000000001c0de800 nmethod 3152 0x0000000002f422d0 code [0x0000000002f425c0, 0x0000000002f449f0]
Event: 19.915 Thread 0x000000001c0de800 3309   !   4       com.android.dx.cf.code.BytecodeArray::parseInstruction (2796 bytes)

GC Heap History (10 events):
Event: 11.465 GC heap before
{Heap before GC invocations=18 (full 3):
 PSYoungGen      total 877568K, used 877546K [0x000000076ab00000, 0x00000007b0500000, 0x00000007c0000000)
  eden space 716288K, 100% used [0x000000076ab00000,0x0000000796680000,0x0000000796680000)
  from space 161280K, 99% used [0x00000007a2200000,0x00000007abf7a928,0x00000007abf80000)
  to   space 192000K, 0% used [0x0000000796680000,0x0000000796680000,0x00000007a2200000)
 ParOldGen       total 489472K, used 399162K [0x00000006c0000000, 0x00000006dde00000, 0x000000076ab00000)
  object space 489472K, 81% used [0x00000006c0000000,0x00000006d85ce8d8,0x00000006dde00000)
 Metaspace       used 6831K, capacity 7384K, committed 7680K, reserved 1056768K
  class space    used 644K, capacity 656K, committed 768K, reserved 1048576K
Event: 11.688 GC heap after
Heap after GC invocations=18 (full 3):
 PSYoungGen      total 908288K, used 117860K [0x000000076ab00000, 0x00000007b6f00000, 0x00000007c0000000)
  eden space 716288K, 0% used [0x000000076ab00000,0x000000076ab00000,0x0000000796680000)
  from space 192000K, 61% used [0x0000000796680000,0x000000079d9990b8,0x00000007a2200000)
  to   space 197120K, 0% used [0x00000007aae80000,0x00000007aae80000,0x00000007b6f00000)
 ParOldGen       total 561152K, used 560812K [0x00000006c0000000, 0x00000006e2400000, 0x000000076ab00000)
  object space 561152K, 99% used [0x00000006c0000000,0x00000006e23ab368,0x00000006e2400000)
 Metaspace       used 6831K, capacity 7384K, committed 7680K, reserved 1056768K
  class space    used 644K, capacity 656K, committed 768K, reserved 1048576K
}
Event: 11.688 GC heap before
{Heap before GC invocations=19 (full 4):
 PSYoungGen      total 908288K, used 117860K [0x000000076ab00000, 0x00000007b6f00000, 0x00000007c0000000)
  eden space 716288K, 0% used [0x000000076ab00000,0x000000076ab00000,0x0000000796680000)
  from space 192000K, 61% used [0x0000000796680000,0x000000079d9990b8,0x00000007a2200000)
  to   space 197120K, 0% used [0x00000007aae80000,0x00000007aae80000,0x00000007b6f00000)
 ParOldGen       total 561152K, used 560812K [0x00000006c0000000, 0x00000006e2400000, 0x000000076ab00000)
  object space 561152K, 99% used [0x00000006c0000000,0x00000006e23ab368,0x00000006e2400000)
 Metaspace       used 6831K, capacity 7384K, committed 7680K, reserved 1056768K
  class space    used 644K, capacity 656K, committed 768K, reserved 1048576K
Event: 13.499 GC heap after
Heap after GC invocations=19 (full 4):
 PSYoungGen      total 908288K, used 106830K [0x000000076ab00000, 0x00000007b6f00000, 0x00000007c0000000)
  eden space 716288K, 0% used [0x000000076ab00000,0x000000076ab00000,0x0000000796680000)
  from space 192000K, 55% used [0x0000000796680000,0x000000079ced39d8,0x00000007a2200000)
  to   space 197120K, 0% used [0x00000007aae80000,0x00000007aae80000,0x00000007b6f00000)
 ParOldGen       total 876032K, used 560985K [0x00000006c0000000, 0x00000006f5780000, 0x000000076ab00000)
  object space 876032K, 64% used [0x00000006c0000000,0x00000006e23d6700,0x00000006f5780000)
 Metaspace       used 6831K, capacity 7384K, committed 7680K, reserved 1056768K
  class space    used 644K, capacity 656K, committed 768K, reserved 1048576K
}
Event: 14.481 GC heap before
{Heap before GC invocations=20 (full 4):
 PSYoungGen      total 908288K, used 823118K [0x000000076ab00000, 0x00000007b6f00000, 0x00000007c0000000)
  eden space 716288K, 100% used [0x000000076ab00000,0x0000000796680000,0x0000000796680000)
  from space 192000K, 55% used [0x0000000796680000,0x000000079ced39d8,0x00000007a2200000)
  to   space 197120K, 0% used [0x00000007aae80000,0x00000007aae80000,0x00000007b6f00000)
 ParOldGen       total 876032K, used 560985K [0x00000006c0000000, 0x00000006f5780000, 0x000000076ab00000)
  object space 876032K, 64% used [0x00000006c0000000,0x00000006e23d6700,0x00000006f5780000)
 Metaspace       used 6832K, capacity 7384K, committed 7680K, reserved 1056768K
  class space    used 644K, capacity 656K, committed 768K, reserved 1048576K
Event: 14.784 GC heap after
Heap after GC invocations=20 (full 4):
 PSYoungGen      total 1014784K, used 197114K [0x000000076ab00000, 0x00000007bac00000, 0x00000007c0000000)
  eden space 817664K, 0% used [0x000000076ab00000,0x000000076ab00000,0x000000079c980000)
  from space 197120K, 99% used [0x00000007aae80000,0x00000007b6efe848,0x00000007b6f00000)
  to   space 234496K, 0% used [0x000000079c980000,0x000000079c980000,0x00000007aae80000)
 ParOldGen       total 876032K, used 572627K [0x00000006c0000000, 0x00000006f5780000, 0x000000076ab00000)
  object space 876032K, 65% used [0x00000006c0000000,0x00000006e2f34e70,0x00000006f5780000)
 Metaspace       used 6832K, capacity 7384K, committed 7680K, reserved 1056768K
  class space    used 644K, capacity 656K, committed 768K, reserved 1048576K
}
Event: 16.010 GC heap before
{Heap before GC invocations=21 (full 4):
 PSYoungGen      total 1014784K, used 1014778K [0x000000076ab00000, 0x00000007bac00000, 0x00000007c0000000)
  eden space 817664K, 100% used [0x000000076ab00000,0x000000079c980000,0x000000079c980000)
  from space 197120K, 99% used [0x00000007aae80000,0x00000007b6efe848,0x00000007b6f00000)
  to   space 234496K, 0% used [0x000000079c980000,0x000000079c980000,0x00000007aae80000)
 ParOldGen       total 876032K, used 572627K [0x00000006c0000000, 0x00000006f5780000, 0x000000076ab00000)
  object space 876032K, 65% used [0x00000006c0000000,0x00000006e2f34e70,0x00000006f5780000)
 Metaspace       used 6942K, capacity 7448K, committed 7680K, reserved 1056768K
  class space    used 651K, capacity 656K, committed 768K, reserved 1048576K
Event: 16.296 GC heap after
Heap after GC invocations=21 (full 4):
 PSYoungGen      total 1052160K, used 111951K [0x000000076ab00000, 0x00000007bed80000, 0x00000007c0000000)
  eden space 817664K, 0% used [0x000000076ab00000,0x000000076ab00000,0x000000079c980000)
  from space 234496K, 47% used [0x000000079c980000,0x00000007a36d3e90,0x00000007aae80000)
  to   space 228352K, 0% used [0x00000007b0e80000,0x00000007b0e80000,0x00000007bed80000)
 ParOldGen       total 876032K, used 767710K [0x00000006c0000000, 0x00000006f5780000, 0x000000076ab00000)
  object space 876032K, 87% used [0x00000006c0000000,0x00000006eedb79f8,0x00000006f5780000)
 Metaspace       used 6942K, capacity 7448K, committed 7680K, reserved 1056768K
  class space    used 651K, capacity 656K, committed 768K, reserved 1048576K
}
Event: 16.296 GC heap before
{Heap before GC invocations=22 (full 5):
 PSYoungGen      total 1052160K, used 111951K [0x000000076ab00000, 0x00000007bed80000, 0x00000007c0000000)
  eden space 817664K, 0% used [0x000000076ab00000,0x000000076ab00000,0x000000079c980000)
  from space 234496K, 47% used [0x000000079c980000,0x00000007a36d3e90,0x00000007aae80000)
  to   space 228352K, 0% used [0x00000007b0e80000,0x00000007b0e80000,0x00000007bed80000)
 ParOldGen       total 876032K, used 767710K [0x00000006c0000000, 0x00000006f5780000, 0x000000076ab00000)
  object space 876032K, 87% used [0x00000006c0000000,0x00000006eedb79f8,0x00000006f5780000)
 Metaspace       used 6942K, capacity 7448K, committed 7680K, reserved 1056768K
  class space    used 651K, capacity 656K, committed 768K, reserved 1048576K
Event: 19.913 GC heap after
Heap after GC invocations=22 (full 5):
 PSYoungGen      total 1052160K, used 0K [0x000000076ab00000, 0x00000007bed80000, 0x00000007c0000000)
  eden space 817664K, 0% used [0x000000076ab00000,0x000000076ab00000,0x000000079c980000)
  from space 234496K, 0% used [0x000000079c980000,0x000000079c980000,0x00000007aae80000)
  to   space 228352K, 0% used [0x00000007b0e80000,0x00000007b0e80000,0x00000007bed80000)
 ParOldGen       total 1283072K, used 866202K [0x00000006c0000000, 0x000000070e500000, 0x000000076ab00000)
  object space 1283072K, 67% used [0x00000006c0000000,0x00000006f4de6908,0x000000070e500000)
 Metaspace       used 6942K, capacity 7448K, committed 7680K, reserved 1056768K
  class space    used 651K, capacity 656K, committed 768K, reserved 1048576K
}

Deoptimization events (10 events):
Event: 15.510 Thread 0x000000001e52a000 Uncommon trap: reason=class_check action=maybe_recompile pc=0x0000000002ec3940 method=java.util.Arrays.hashCode([Ljava/lang/Object;)I @ 43
Event: 15.510 Thread 0x000000001e52a000 Uncommon trap: reason=class_check action=maybe_recompile pc=0x0000000002ec3940 method=java.util.Arrays.hashCode([Ljava/lang/Object;)I @ 43
Event: 15.510 Thread 0x000000001e52a000 Uncommon trap: reason=class_check action=maybe_recompile pc=0x0000000002ec3940 method=java.util.Arrays.hashCode([Ljava/lang/Object;)I @ 43
Event: 15.510 Thread 0x000000001e52a000 Uncommon trap: reason=class_check action=maybe_recompile pc=0x0000000002ec3940 method=java.util.Arrays.hashCode([Ljava/lang/Object;)I @ 43
Event: 15.510 Thread 0x000000001e52a000 Uncommon trap: reason=class_check action=maybe_recompile pc=0x0000000002ea88f4 method=java.util.Arrays.hashCode([Ljava/lang/Object;)I @ 43
Event: 15.655 Thread 0x000000001e3a2800 Uncommon trap: reason=bimorphic action=maybe_recompile pc=0x0000000002f601a4 method=com.android.dx.cf.code.BytecodeArray.parseInstruction(ILcom/android/dx/cf/code/BytecodeArray$Visitor;)I @ 1891
Event: 15.655 Thread 0x000000001e3a2800 Uncommon trap: reason=bimorphic action=maybe_recompile pc=0x0000000002f601a4 method=com.android.dx.cf.code.BytecodeArray.parseInstruction(ILcom/android/dx/cf/code/BytecodeArray$Visitor;)I @ 1891
Event: 15.943 Thread 0x000000001e3a7800 Uncommon trap: reason=unstable_if action=reinterpret pc=0x00000000029aa1c8 method=java.util.concurrent.ConcurrentHashMap.putVal(Ljava/lang/Object;Ljava/lang/Object;Z)Ljava/lang/Object; @ 195
Event: 15.979 Thread 0x000000001e3a7800 Uncommon trap: reason=bimorphic action=maybe_recompile pc=0x0000000002ccec2c method=com.android.dx.cf.code.BytecodeArray.parseInstruction(ILcom/android/dx/cf/code/BytecodeArray$Visitor;)I @ 1067
Event: 15.979 Thread 0x000000001e3a7800 Uncommon trap: reason=bimorphic action=maybe_recompile pc=0x0000000002ccec2c method=com.android.dx.cf.code.BytecodeArray.parseInstruction(ILcom/android/dx/cf/code/BytecodeArray$Visitor;)I @ 1067

Internal exceptions (10 events):
Event: 0.148 Thread 0x000000000241e000 Implicit null exception at 0x000000000299a6b8 to 0x000000000299acd1
Event: 0.693 Thread 0x000000001e3a7000 Implicit null exception at 0x0000000002c4fcfd to 0x0000000002c52add
Event: 0.871 Thread 0x000000001d787000 Exception <a 'java/lang/ArrayIndexOutOfBoundsException': 18> (0x0000000771f38678) thrown at [C:\re\workspace\8-2-build-windows-amd64-cygwin\jdk8u151\9699\hotspot\src\share\vm\interpreter\interpreterRuntime.cpp, line 366]
Event: 0.872 Thread 0x000000001d787000 Exception <a 'java/lang/ArrayIndexOutOfBoundsException': 145> (0x0000000771f3a1f8) thrown at [C:\re\workspace\8-2-build-windows-amd64-cygwin\jdk8u151\9699\hotspot\src\share\vm\interpreter\interpreterRuntime.cpp, line 366]
Event: 0.872 Thread 0x000000001d787000 Exception <a 'java/lang/ArrayIndexOutOfBoundsException': 40> (0x0000000771f3b4e0) thrown at [C:\re\workspace\8-2-build-windows-amd64-cygwin\jdk8u151\9699\hotspot\src\share\vm\interpreter\interpreterRuntime.cpp, line 366]
Event: 1.377 Thread 0x000000001d787000 Implicit null exception at 0x0000000002eab0bd to 0x0000000002eab7e9
Event: 4.204 Thread 0x000000000241e000 Implicit null exception at 0x00000000029a2490 to 0x00000000029a2e1d
Event: 13.581 Thread 0x000000001e3a7000 Implicit null exception at 0x0000000002c1cfab to 0x0000000002c1fb5d
Event: 13.928 Thread 0x000000001e3a2800 Implicit null exception at 0x000000000372aa21 to 0x000000000372acc4
Event: 14.037 Thread 0x000000001e3a7000 Implicit null exception at 0x0000000003773818 to 0x0000000003776b9d

Events (10 events):
Event: 15.981 Thread 0x000000001e3a7800 DEOPT PACKING pc=0x0000000002c2fddc sp=0x000000001f06eb10
Event: 15.981 Thread 0x000000001e3a7800 DEOPT UNPACKING pc=0x000000000287787f sp=0x000000001f06e8f8 mode 0
Event: 16.010 Executing VM operation: ParallelGCFailedAllocation
Event: 19.913 Executing VM operation: ParallelGCFailedAllocation done
Event: 19.915 Thread 0x000000001c0de800 flushing nmethod 0x0000000002954a50
Event: 19.915 Thread 0x000000001c0de800 flushing nmethod 0x000000000296e790
Event: 19.949 Thread 0x000000001e3a7800 DEOPT PACKING pc=0x0000000002c2fddc sp=0x000000001f06eb10
Event: 19.949 Thread 0x000000001e3a7800 DEOPT UNPACKING pc=0x000000000287787f sp=0x000000001f06e8f8 mode 0
Event: 20.055 Thread 0x000000001e3a7800 DEOPT PACKING pc=0x0000000002c2fddc sp=0x000000001f06eb10
Event: 20.055 Thread 0x000000001e3a7800 DEOPT UNPACKING pc=0x000000000287787f sp=0x000000001f06e8f8 mode 0


Dynamic libraries:
0x000000013fe20000 - 0x000000013fe57000 	C:\Program Files\Java\jdk1.8.0_151\bin\java.exe
0x0000000077300000 - 0x00000000774aa000 	C:\Windows\SYSTEM32\ntdll.dll
0x00000000770e0000 - 0x00000000771ff000 	C:\Windows\system32\kernel32.dll
0x000007fefd060000 - 0x000007fefd0cb000 	C:\Windows\system32\KERNELBASE.dll
0x000007feff200000 - 0x000007feff2db000 	C:\Windows\system32\ADVAPI32.dll
0x000007feff400000 - 0x000007feff49f000 	C:\Windows\system32\msvcrt.dll
0x000007fefdf80000 - 0x000007fefdf9f000 	C:\Windows\SYSTEM32\sechost.dll
0x000007fefdb60000 - 0x000007fefdc8d000 	C:\Windows\system32\RPCRT4.dll
0x0000000077200000 - 0x00000000772fa000 	C:\Windows\system32\USER32.dll
0x000007feff000000 - 0x000007feff067000 	C:\Windows\system32\GDI32.dll
0x000007fefd700000 - 0x000007fefd70e000 	C:\Windows\system32\LPK.dll
0x000007feff4a0000 - 0x000007feff56a000 	C:\Windows\system32\USP10.dll
0x000007fefb5b0000 - 0x000007fefb7a4000 	C:\Windows\WinSxS\amd64_microsoft.windows.common-controls_6595b64144ccf1df_6.0.7601.18837_none_fa3b1e3d17594757\COMCTL32.dll
0x000007feff2e0000 - 0x000007feff351000 	C:\Windows\system32\SHLWAPI.dll
0x000007fefd400000 - 0x000007fefd42e000 	C:\Windows\system32\IMM32.DLL
0x000007fefd710000 - 0x000007fefd819000 	C:\Windows\system32\MSCTF.dll
0x00000000631a0000 - 0x0000000063272000 	C:\Program Files\Java\jdk1.8.0_151\jre\bin\msvcr100.dll
0x0000000061960000 - 0x00000000621fd000 	C:\Program Files\Java\jdk1.8.0_151\jre\bin\server\jvm.dll
0x000007fefb5a0000 - 0x000007fefb5a9000 	C:\Windows\system32\WSOCK32.dll
0x000007fefdec0000 - 0x000007fefdf0d000 	C:\Windows\system32\WS2_32.dll
0x000007fefdf70000 - 0x000007fefdf78000 	C:\Windows\system32\NSI.dll
0x000007fefae80000 - 0x000007fefaebb000 	C:\Windows\system32\WINMM.dll
0x000007fefc060000 - 0x000007fefc06c000 	C:\Windows\system32\VERSION.dll
0x00000000774d0000 - 0x00000000774d7000 	C:\Windows\system32\PSAPI.DLL
0x000000006b1a0000 - 0x000000006b1af000 	C:\Program Files\Java\jdk1.8.0_151\jre\bin\verify.dll
0x0000000065720000 - 0x0000000065749000 	C:\Program Files\Java\jdk1.8.0_151\jre\bin\java.dll
0x000000006b180000 - 0x000000006b196000 	C:\Program Files\Java\jdk1.8.0_151\jre\bin\zip.dll
0x000007fefe270000 - 0x000007fefeff9000 	C:\Windows\system32\SHELL32.dll
0x000007fefdc90000 - 0x000007fefde93000 	C:\Windows\system32\ole32.dll
0x000007fefd040000 - 0x000007fefd04f000 	C:\Windows\system32\profapi.dll

VM Arguments:
jvm_args: -Djava.awt.headless=true -Xmx4g -Dfile.encoding=GBK -Duser.country=CN -Duser.language=zh -Duser.variant 
java_command: com.android.dx.command.Main --dex --num-threads=4 --multi-dex --main-dex-list C:\Users\Administrator\Desktop\MLxiao\app\build\intermediates\multi-dex\debug\maindexlist.txt --output C:\Users\Administrator\Desktop\MLxiao\app\build\intermediates\transforms\dex\debug\folders\1000\1f\main C:\Users\Administrator\Desktop\MLxiao\app\build\intermediates\transforms\jarMerging\debug\jars\1\1f\combined.jar
java_class_path (initial): D:\Sdk\build-tools\26.0.2\lib\dx.jar
Launcher Type: SUN_STANDARD

Environment Variables:
JAVA_HOME=C:\Program Files\Java\jdk1.8.0_151
CLASSPATH=.;C:\Program Files\Java\jdk1.8.0_151\lib;C:\Program Files\Java\jdk1.8.0_151\lib\tools.jar;C:\Program Files\Java\jdk1.8.0_151\lib\dt.jar;
PATH=C:\Program Files (x86)\Common Files\Intel\Shared Libraries\redist\intel64\compiler;C:\Windows\system32;C:\Windows;C:\Windows\System32\Wbem;C:\Windows\System32\WindowsPowerShell\v1.0\;C:\Program Files (x86)\NVIDIA Corporation\PhysX\Common;C:\Program Files\Java\jdk1.8.0_151\bin;C:\Program Files\Java\jdk1.8.0_151\jre1.8.0_151\bin;C:\Program Files\Git\cmd;D:\Sdk\platform-tools;D:\Sdk\tools;C:\Program Files\Common Files\Autodesk Shared\;C:\Program Files (x86)\Python\Scripts\;C:\Program Files (x86)\Python\;
USERNAME=Administrator
OS=Windows_NT
PROCESSOR_IDENTIFIER=Intel64 Family 6 Model 158 Stepping 9, GenuineIntel



---------------  S Y S T E M  ---------------

OS: Windows 7 , 64 bit Build 7601 (6.1.7601.19160)

CPU:total 4 (initial active 4) (4 cores per cpu, 1 threads per core) family 6 model 158 stepping 9, cmov, cx8, fxsr, mmx, sse, sse2, sse3, ssse3, sse4.1, sse4.2, popcnt, avx, avx2, aes, clmul, erms, 3dnowpref, lzcnt, tsc, tscinvbit, bmi1, bmi2, adx

Memory: 4k page, physical 8335948k(321792k free), swap 10309268k(22160k free)

vm_info: Java HotSpot(TM) 64-Bit Server VM (25.151-b12) for windows-amd64 JRE (1.8.0_151-b12), built on Sep  5 2017 19:33:46 by "java_re" with MS VC++ 10.0 (VS2010)

time: Tue Mar 06 14:28:27 2018
elapsed time: 20 seconds (0d 0h 0m 20s)

