#
# There is insufficient memory for the Java Runtime Environment to continue.
# Native memory allocation (malloc) failed to allocate 32744 bytes for ChunkPool::allocate
# Possible reasons:
#   The system is out of physical RAM or swap space
#   In 32 bit mode, the process size limit was hit
# Possible solutions:
#   Reduce memory load on the system
#   Increase physical memory or swap space
#   Check if swap backing store is full
#   Use 64 bit Java on a 64 bit OS
#   Decrease Java heap size (-Xmx/-Xms)
#   Decrease number of Java threads
#   Decrease Java thread stack sizes (-Xss)
#   Set larger code cache with -XX:ReservedCodeCacheSize=
# This output file may be truncated or incomplete.
#
#  Out of Memory Error (allocation.cpp:273), pid=6768, tid=0x0000000000001d20
#
# JRE version: Java(TM) SE Runtime Environment (8.0_151-b12) (build 1.8.0_151-b12)
# Java VM: Java HotSpot(TM) 64-Bit Server VM (25.151-b12 mixed mode windows-amd64 compressed oops)
# Failed to write core dump. Minidumps are not enabled by default on client versions of Windows
#

---------------  T H R E A D  ---------------

Current thread (0x000000001d47b800):  JavaThread "C2 CompilerThread0" daemon [_thread_in_native, id=7456, stack(0x000000001dad0000,0x000000001dbd0000)]

Stack: [0x000000001dad0000,0x000000001dbd0000]
[error occurred during error reporting (printing stack bounds), id 0xc0000005]

Native frames: (J=compiled Java code, j=interpreted, Vv=VM code, C=native code)


Current CompileTask:
C2:  22849 3644       4       com.android.dx.ssa.back.IdenticalBlockCombiner::replaceSucc (83 bytes)


---------------  P R O C E S S  ---------------

Java Threads: ( => current thread )
  0x000000001fe69000 JavaThread "pool-1-thread-1" [_thread_blocked, id=7372, stack(0x0000000022460000,0x0000000022560000)]
  0x000000001d842000 JavaThread "pool-2-thread-4" [_thread_blocked, id=4764, stack(0x000000001f090000,0x000000001f190000)]
  0x000000001d83d000 JavaThread "pool-2-thread-3" [_thread_blocked, id=5912, stack(0x000000001ef20000,0x000000001f020000)]
  0x000000001e4d4800 JavaThread "pool-2-thread-2" [_thread_in_Java, id=4004, stack(0x000000001ec70000,0x000000001ed70000)]
  0x000000001e4d2800 JavaThread "pool-3-thread-1" [_thread_blocked, id=6480, stack(0x000000001de80000,0x000000001df80000)]
  0x000000001e4d0000 JavaThread "pool-2-thread-1" [_thread_in_Java, id=3980, stack(0x000000001eb70000,0x000000001ec70000)]
  0x000000001d51a000 JavaThread "Service Thread" daemon [_thread_blocked, id=4944, stack(0x000000001e010000,0x000000001e110000)]
  0x000000001d494000 JavaThread "C1 CompilerThread2" daemon [_thread_in_native, id=5044, stack(0x000000001dc10000,0x000000001dd10000)]
  0x000000001d492800 JavaThread "C2 CompilerThread1" daemon [_thread_in_native, id=7324, stack(0x000000001dd70000,0x000000001de70000)]
=>0x000000001d47b800 JavaThread "C2 CompilerThread0" daemon [_thread_in_native, id=7456, stack(0x000000001dad0000,0x000000001dbd0000)]
  0x000000001d478800 JavaThread "Attach Listener" daemon [_thread_blocked, id=6824, stack(0x000000001d8b0000,0x000000001d9b0000)]
  0x000000001bfd1000 JavaThread "Signal Dispatcher" daemon [_thread_blocked, id=6700, stack(0x000000001d0c0000,0x000000001d1c0000)]
  0x000000001bfbd000 JavaThread "Finalizer" daemon [_thread_blocked, id=5376, stack(0x000000001d370000,0x000000001d470000)]
  0x000000001bf76000 JavaThread "Reference Handler" daemon [_thread_blocked, id=6616, stack(0x000000001d1d0000,0x000000001d2d0000)]
  0x000000000008e000 JavaThread "main" [_thread_in_vm, id=5364, stack(0x00000000026e0000,0x00000000027e0000)]

Other Threads:
  0x000000001bf6b000 VMThread [stack: 0x000000001cf00000,0x000000001d000000] [id=7256]
  0x000000001d4c1000 WatcherThread [stack: 0x000000001e1a0000,0x000000001e2a0000] [id=7612]

VM state:not at safepoint (normal execution)

VM Mutex/Monitor currently owned by a thread:  ([mutex/lock_event])
[0x000000000008cd90] CompiledIC_lock - owner thread: 0x000000001d494000

Heap:
 PSYoungGen      total 877056K, used 548405K [0x000000076ab00000, 0x00000007c0000000, 0x00000007c0000000)
  eden space 652288K, 84% used [0x000000076ab00000,0x000000078c28d690,0x0000000792800000)
  from space 224768K, 0% used [0x00000007a5780000,0x00000007a5780000,0x00000007b3300000)
  to   space 310784K, 0% used [0x0000000792800000,0x0000000792800000,0x00000007a5780000)
 ParOldGen       total 763904K, used 763803K [0x00000006c0000000, 0x00000006eea00000, 0x000000076ab00000)
  object space 763904K, 99% used [0x00000006c0000000,0x00000006ee9e6e88,0x00000006eea00000)
 Metaspace       used 7151K, capacity 7672K, committed 7936K, reserved 1056768K
  class space    used 659K, capacity 688K, committed 768K, reserved 1048576K

Card table byte_map: [0x0000000011ba0000,0x00000000123b0000] byte_map_base: 0x000000000e5a0000

Marking Bits: (ParMarkBitMap*) 0x0000000058f1d850
 Begin Bits: [0x0000000012de0000, 0x0000000016de0000)
 End Bits:   [0x0000000016de0000, 0x000000001ade0000)

Polling page: 0x0000000000440000

CodeCache: size=245760Kb used=15241Kb max_used=15241Kb free=230518Kb
 bounds [0x00000000027e0000, 0x00000000036d0000, 0x00000000117e0000]
 total_blobs=3439 nmethods=3168 adapters=182
 compilation: disabled (not enough contiguous free space left)

Compilation events (10 events):
Event: 22.776 Thread 0x000000001d494000 3652       3       com.android.dx.ssa.back.FirstFitLocalCombiningAllocator::<init> (141 bytes)
Event: 22.777 Thread 0x000000001d494000 nmethod 3652 0x00000000036b2610 code [0x00000000036b28a0, 0x00000000036b3bc8]
Event: 22.777 Thread 0x000000001d494000 3653       3       com.android.dx.ssa.back.FirstFitLocalCombiningAllocator::allocateRegisters (37 bytes)
Event: 22.777 Thread 0x000000001d494000 nmethod 3653 0x00000000036b4690 code [0x00000000036b4880, 0x00000000036b4db8]
Event: 22.777 Thread 0x000000001d494000 3654       3       com.android.dx.ssa.back.FirstFitLocalCombiningAllocator::handleInvokeRangeInsns (36 bytes)
Event: 22.778 Thread 0x000000001d494000 nmethod 3654 0x00000000036b5010 code [0x00000000036b51e0, 0x00000000036b5858]
Event: 22.783 Thread 0x000000001d494000 3655       3       com.android.dx.ssa.SsaMethod::updateOneDefinition (70 bytes)
Event: 22.783 Thread 0x000000001d494000 nmethod 3655 0x00000000036b5b90 code [0x00000000036b5d40, 0x00000000036b6588]
Event: 22.783 Thread 0x000000001d494000 3656       3       com.android.dx.dex.code.form.Form31i::isCompatible (66 bytes)
Event: 22.784 Thread 0x000000001d494000 nmethod 3656 0x00000000036b6890 code [0x00000000036b6a60, 0x00000000036b7738]

GC Heap History (10 events):
Event: 11.769 GC heap before
{Heap before GC invocations=20 (full 4):
 PSYoungGen      total 938496K, used 186537K [0x000000076ab00000, 0x00000007b7180000, 0x00000007c0000000)
  eden space 713728K, 0% used [0x000000076ab00000,0x000000076ab00000,0x0000000796400000)
  from space 224768K, 82% used [0x00000007a5780000,0x00000007b0daa400,0x00000007b3300000)
  to   space 249344K, 0% used [0x0000000796400000,0x0000000796400000,0x00000007a5780000)
 ParOldGen       total 499712K, used 478871K [0x00000006c0000000, 0x00000006de800000, 0x000000076ab00000)
  object space 499712K, 95% used [0x00000006c0000000,0x00000006dd3a5e10,0x00000006de800000)
 Metaspace       used 6767K, capacity 7384K, committed 7680K, reserved 1056768K
  class space    used 638K, capacity 656K, committed 768K, reserved 1048576K
Event: 13.476 GC heap after
Heap after GC invocations=20 (full 4):
 PSYoungGen      total 938496K, used 149899K [0x000000076ab00000, 0x00000007b7180000, 0x00000007c0000000)
  eden space 713728K, 0% used [0x000000076ab00000,0x000000076ab00000,0x0000000796400000)
  from space 224768K, 66% used [0x00000007a5780000,0x00000007ae9e2f88,0x00000007b3300000)
  to   space 249344K, 0% used [0x0000000796400000,0x0000000796400000,0x00000007a5780000)
 ParOldGen       total 763904K, used 499428K [0x00000006c0000000, 0x00000006eea00000, 0x000000076ab00000)
  object space 763904K, 65% used [0x00000006c0000000,0x00000006de7b93e8,0x00000006eea00000)
 Metaspace       used 6767K, capacity 7384K, committed 7680K, reserved 1056768K
  class space    used 638K, capacity 656K, committed 768K, reserved 1048576K
}
Event: 14.372 GC heap before
{Heap before GC invocations=21 (full 4):
 PSYoungGen      total 938496K, used 863627K [0x000000076ab00000, 0x00000007b7180000, 0x00000007c0000000)
  eden space 713728K, 100% used [0x000000076ab00000,0x0000000796400000,0x0000000796400000)
  from space 224768K, 66% used [0x00000007a5780000,0x00000007ae9e2f88,0x00000007b3300000)
  to   space 249344K, 0% used [0x0000000796400000,0x0000000796400000,0x00000007a5780000)
 ParOldGen       total 763904K, used 499428K [0x00000006c0000000, 0x00000006eea00000, 0x000000076ab00000)
  object space 763904K, 65% used [0x00000006c0000000,0x00000006de7b93e8,0x00000006eea00000)
 Metaspace       used 6771K, capacity 7384K, committed 7680K, reserved 1056768K
  class space    used 639K, capacity 656K, committed 768K, reserved 1048576K
Event: 14.583 GC heap after
Heap after GC invocations=21 (full 4):
 PSYoungGen      total 963072K, used 249324K [0x000000076ab00000, 0x00000007b7180000, 0x00000007c0000000)
  eden space 713728K, 0% used [0x000000076ab00000,0x000000076ab00000,0x0000000796400000)
  from space 249344K, 99% used [0x0000000796400000,0x00000007a577b090,0x00000007a5780000)
  to   space 224768K, 0% used [0x00000007a5780000,0x00000007a5780000,0x00000007b3300000)
 ParOldGen       total 763904K, used 500718K [0x00000006c0000000, 0x00000006eea00000, 0x000000076ab00000)
  object space 763904K, 65% used [0x00000006c0000000,0x00000006de8fba68,0x00000006eea00000)
 Metaspace       used 6771K, capacity 7384K, committed 7680K, reserved 1056768K
  class space    used 639K, capacity 656K, committed 768K, reserved 1048576K
}
Event: 15.698 GC heap before
{Heap before GC invocations=22 (full 4):
 PSYoungGen      total 963072K, used 963052K [0x000000076ab00000, 0x00000007b7180000, 0x00000007c0000000)
  eden space 713728K, 100% used [0x000000076ab00000,0x0000000796400000,0x0000000796400000)
  from space 249344K, 99% used [0x0000000796400000,0x00000007a577b090,0x00000007a5780000)
  to   space 224768K, 0% used [0x00000007a5780000,0x00000007a5780000,0x00000007b3300000)
 ParOldGen       total 763904K, used 500718K [0x00000006c0000000, 0x00000006eea00000, 0x000000076ab00000)
  object space 763904K, 65% used [0x00000006c0000000,0x00000006de8fba68,0x00000006eea00000)
 Metaspace       used 6877K, capacity 7448K, committed 7680K, reserved 1056768K
  class space    used 645K, capacity 656K, committed 768K, reserved 1048576K
Event: 15.943 GC heap after
Heap after GC invocations=22 (full 4):
 PSYoungGen      total 877056K, used 209788K [0x000000076ab00000, 0x00000007c0000000, 0x00000007c0000000)
  eden space 652288K, 0% used [0x000000076ab00000,0x000000076ab00000,0x0000000792800000)
  from space 224768K, 93% used [0x00000007a5780000,0x00000007b245f360,0x00000007b3300000)
  to   space 310784K, 0% used [0x0000000792800000,0x0000000792800000,0x00000007a5780000)
 ParOldGen       total 763904K, used 646224K [0x00000006c0000000, 0x00000006eea00000, 0x000000076ab00000)
  object space 763904K, 84% used [0x00000006c0000000,0x00000006e7714218,0x00000006eea00000)
 Metaspace       used 6877K, capacity 7448K, committed 7680K, reserved 1056768K
  class space    used 645K, capacity 656K, committed 768K, reserved 1048576K
}
Event: 15.943 GC heap before
{Heap before GC invocations=23 (full 5):
 PSYoungGen      total 877056K, used 209788K [0x000000076ab00000, 0x00000007c0000000, 0x00000007c0000000)
  eden space 652288K, 0% used [0x000000076ab00000,0x000000076ab00000,0x0000000792800000)
  from space 224768K, 93% used [0x00000007a5780000,0x00000007b245f360,0x00000007b3300000)
  to   space 310784K, 0% used [0x0000000792800000,0x0000000792800000,0x00000007a5780000)
 ParOldGen       total 763904K, used 646224K [0x00000006c0000000, 0x00000006eea00000, 0x000000076ab00000)
  object space 763904K, 84% used [0x00000006c0000000,0x00000006e7714218,0x00000006eea00000)
 Metaspace       used 6877K, capacity 7448K, committed 7680K, reserved 1056768K
  class space    used 645K, capacity 656K, committed 768K, reserved 1048576K
Event: 18.690 GC heap after
Heap after GC invocations=23 (full 5):
 PSYoungGen      total 877056K, used 83158K [0x000000076ab00000, 0x00000007c0000000, 0x00000007c0000000)
  eden space 652288K, 0% used [0x000000076ab00000,0x000000076ab00000,0x0000000792800000)
  from space 224768K, 36% used [0x00000007a5780000,0x00000007aa8b5b20,0x00000007b3300000)
  to   space 310784K, 0% used [0x0000000792800000,0x0000000792800000,0x00000007a5780000)
 ParOldGen       total 763904K, used 763876K [0x00000006c0000000, 0x00000006eea00000, 0x000000076ab00000)
  object space 763904K, 99% used [0x00000006c0000000,0x00000006ee9f93a8,0x00000006eea00000)
 Metaspace       used 6877K, capacity 7448K, committed 7680K, reserved 1056768K
  class space    used 645K, capacity 656K, committed 768K, reserved 1048576K
}
Event: 19.829 GC heap before
{Heap before GC invocations=24 (full 6):
 PSYoungGen      total 877056K, used 735446K [0x000000076ab00000, 0x00000007c0000000, 0x00000007c0000000)
  eden space 652288K, 100% used [0x000000076ab00000,0x0000000792800000,0x0000000792800000)
  from space 224768K, 36% used [0x00000007a5780000,0x00000007aa8b5b20,0x00000007b3300000)
  to   space 310784K, 0% used [0x0000000792800000,0x0000000792800000,0x00000007a5780000)
 ParOldGen       total 763904K, used 763876K [0x00000006c0000000, 0x00000006eea00000, 0x000000076ab00000)
  object space 763904K, 99% used [0x00000006c0000000,0x00000006ee9f93a8,0x00000006eea00000)
 Metaspace       used 7145K, capacity 7672K, committed 7936K, reserved 1056768K
  class space    used 659K, capacity 688K, committed 768K, reserved 1048576K
Event: 22.156 GC heap after
Heap after GC invocations=24 (full 6):
 PSYoungGen      total 877056K, used 122552K [0x000000076ab00000, 0x00000007c0000000, 0x00000007c0000000)
  eden space 652288K, 18% used [0x000000076ab00000,0x00000007722ae1e8,0x0000000792800000)
  from space 224768K, 0% used [0x00000007a5780000,0x00000007a5780000,0x00000007b3300000)
  to   space 310784K, 0% used [0x0000000792800000,0x0000000792800000,0x00000007a5780000)
 ParOldGen       total 763904K, used 763803K [0x00000006c0000000, 0x00000006eea00000, 0x000000076ab00000)
  object space 763904K, 99% used [0x00000006c0000000,0x00000006ee9e6e88,0x00000006eea00000)
 Metaspace       used 7145K, capacity 7672K, committed 7936K, reserved 1056768K
  class space    used 659K, capacity 688K, committed 768K, reserved 1048576K
}

Deoptimization events (10 events):
Event: 19.690 Thread 0x000000001fe69000 Uncommon trap: reason=array_check action=maybe_recompile pc=0x00000000035e6660 method=java.util.ComparableTimSort.binarySort([Ljava/lang/Object;III)V @ 193
Event: 19.705 Thread 0x000000001fe69000 Uncommon trap: reason=array_check action=maybe_recompile pc=0x00000000035f6554 method=java.util.ComparableTimSort.binarySort([Ljava/lang/Object;III)V @ 183
Event: 19.710 Thread 0x000000001fe69000 Uncommon trap: reason=array_check action=maybe_recompile pc=0x00000000035f6430 method=java.util.ComparableTimSort.binarySort([Ljava/lang/Object;III)V @ 215
Event: 19.732 Thread 0x000000001fe69000 Uncommon trap: reason=array_check action=maybe_recompile pc=0x00000000035f6430 method=java.util.ComparableTimSort.binarySort([Ljava/lang/Object;III)V @ 215
Event: 19.776 Thread 0x000000001fe69000 Uncommon trap: reason=unstable_if action=reinterpret pc=0x00000000035d189c method=com.android.dx.dex.code.LocalList$MakeState.snapshot(ILcom/android/dx/rop/code/RegisterSpecSet;)V @ 86
Event: 19.776 Thread 0x000000001fe69000 Uncommon trap: reason=unstable_if action=reinterpret pc=0x0000000003549a70 method=com.android.dx.dex.code.LocalList$MakeState.filterSpec(Lcom/android/dx/rop/code/RegisterSpec;)Lcom/android/dx/rop/code/RegisterSpec; @ 11
Event: 22.541 Thread 0x000000001e4d0000 Uncommon trap: reason=unstable_if action=reinterpret pc=0x0000000003315bb0 method=java.lang.Integer.valueOf(I)Ljava/lang/Integer; @ 10
Event: 22.705 Thread 0x000000001e4d4800 Uncommon trap: reason=null_check action=make_not_entrant pc=0x00000000034de560 method=com.android.dx.rop.cst.CstString.equals(Ljava/lang/Object;)Z @ 1
Event: 22.754 Thread 0x000000001fe69000 Uncommon trap: reason=class_check action=maybe_recompile pc=0x00000000035dc9ec method=com.android.dx.dex.code.form.Form35c.isCompatible(Lcom/android/dx/dex/code/DalvInsn;)Z @ 36
Event: 22.755 Thread 0x000000001fe69000 Uncommon trap: reason=class_check action=maybe_recompile pc=0x00000000035dc9ec method=com.android.dx.dex.code.form.Form35c.isCompatible(Lcom/android/dx/dex/code/DalvInsn;)Z @ 36

Internal exceptions (10 events):
Event: 0.725 Thread 0x000000001e4d4800 Implicit null exception at 0x0000000002dde6b5 to 0x0000000002dde87d
Event: 0.725 Thread 0x000000001e4d4800 Implicit null exception at 0x0000000002d95799 to 0x0000000002d95901
Event: 0.790 Thread 0x000000001e4d4800 Exception <a 'java/lang/ArrayIndexOutOfBoundsException': 18> (0x000000076d648580) thrown at [C:\re\workspace\8-2-build-windows-amd64-cygwin\jdk8u151\9699\hotspot\src\share\vm\interpreter\interpreterRuntime.cpp, line 366]
Event: 0.790 Thread 0x000000001e4d4800 Exception <a 'java/lang/ArrayIndexOutOfBoundsException': 145> (0x000000076d64a100) thrown at [C:\re\workspace\8-2-build-windows-amd64-cygwin\jdk8u151\9699\hotspot\src\share\vm\interpreter\interpreterRuntime.cpp, line 366]
Event: 0.791 Thread 0x000000001e4d4800 Exception <a 'java/lang/ArrayIndexOutOfBoundsException'> (0x000000076d64b3e8) thrown at [C:\re\workspace\8-2-build-windows-amd64-cygwin\jdk8u151\9699\hotspot\src\share\vm\runtime\sharedRuntime.cpp, line 605]
Event: 3.272 Thread 0x000000000008e000 Implicit null exception at 0x0000000002960390 to 0x0000000002960d1d
Event: 8.838 Thread 0x000000001d83d000 Implicit null exception at 0x000000000305c958 to 0x0000000003061765
Event: 11.094 Thread 0x000000001e4d4800 Implicit null exception at 0x0000000002ec125c to 0x0000000002ec4cfd
Event: 11.429 Thread 0x000000001d83d000 Implicit null exception at 0x00000000032fff87 to 0x000000000330021e
Event: 22.705 Thread 0x000000001e4d4800 Implicit null exception at 0x00000000034de44c to 0x00000000034de552

Events (10 events):
Event: 22.584 Thread 0x000000001fe69000 DEOPT UNPACKING pc=0x000000000282787f sp=0x000000002255e958 mode 0
Event: 22.705 Thread 0x000000001e4d4800 Uncommon trap: trap_request=0xfffffff4 fr.pc=0x00000000034de560
Event: 22.705 Thread 0x000000001e4d4800 DEOPT PACKING pc=0x00000000034de560 sp=0x000000001ed6e7b0
Event: 22.705 Thread 0x000000001e4d4800 DEOPT UNPACKING pc=0x000000000282582a sp=0x000000001ed6e738 mode 2
Event: 22.754 Thread 0x000000001fe69000 Uncommon trap: trap_request=0xffffffde fr.pc=0x00000000035dc9ec
Event: 22.754 Thread 0x000000001fe69000 DEOPT PACKING pc=0x00000000035dc9ec sp=0x000000002255ec60
Event: 22.754 Thread 0x000000001fe69000 DEOPT UNPACKING pc=0x000000000282582a sp=0x000000002255ebe8 mode 2
Event: 22.755 Thread 0x000000001fe69000 Uncommon trap: trap_request=0xffffffde fr.pc=0x00000000035dc9ec
Event: 22.755 Thread 0x000000001fe69000 DEOPT PACKING pc=0x00000000035dc9ec sp=0x000000002255ec60
Event: 22.755 Thread 0x000000001fe69000 DEOPT UNPACKING pc=0x000000000282582a sp=0x000000002255ebe8 mode 2


Dynamic libraries:
0x000000013f880000 - 0x000000013f8b7000 	C:\Program Files\Java\jdk1.8.0_151\bin\java.exe
0x0000000076f00000 - 0x00000000770aa000 	C:\Windows\SYSTEM32\ntdll.dll
0x0000000076de0000 - 0x0000000076eff000 	C:\Windows\system32\kernel32.dll
0x000007fefcc90000 - 0x000007fefccfb000 	C:\Windows\system32\KERNELBASE.dll
0x000007fefd0d0000 - 0x000007fefd1ab000 	C:\Windows\system32\ADVAPI32.dll
0x000007fefdb40000 - 0x000007fefdbdf000 	C:\Windows\system32\msvcrt.dll
0x000007fefd000000 - 0x000007fefd01f000 	C:\Windows\SYSTEM32\sechost.dll
0x000007fefddc0000 - 0x000007fefdeed000 	C:\Windows\system32\RPCRT4.dll
0x0000000076ce0000 - 0x0000000076dda000 	C:\Windows\system32\USER32.dll
0x000007feff1a0000 - 0x000007feff207000 	C:\Windows\system32\GDI32.dll
0x000007feff190000 - 0x000007feff19e000 	C:\Windows\system32\LPK.dll
0x000007fefe2e0000 - 0x000007fefe3aa000 	C:\Windows\system32\USP10.dll
0x000007fefb2c0000 - 0x000007fefb4b4000 	C:\Windows\WinSxS\amd64_microsoft.windows.common-controls_6595b64144ccf1df_6.0.7601.18837_none_fa3b1e3d17594757\COMCTL32.dll
0x000007fefdef0000 - 0x000007fefdf61000 	C:\Windows\system32\SHLWAPI.dll
0x000007fefd960000 - 0x000007fefd98e000 	C:\Windows\system32\IMM32.DLL
0x000007fefda30000 - 0x000007fefdb39000 	C:\Windows\system32\MSCTF.dll
0x000000005d830000 - 0x000000005d902000 	C:\Program Files\Java\jdk1.8.0_151\jre\bin\msvcr100.dll
0x0000000058700000 - 0x0000000058f9d000 	C:\Program Files\Java\jdk1.8.0_151\jre\bin\server\jvm.dll
0x000007fefb710000 - 0x000007fefb719000 	C:\Windows\system32\WSOCK32.dll
0x000007fefe3b0000 - 0x000007fefe3fd000 	C:\Windows\system32\WS2_32.dll
0x000007fefd020000 - 0x000007fefd028000 	C:\Windows\system32\NSI.dll
0x000007fefaa60000 - 0x000007fefaa9b000 	C:\Windows\system32\WINMM.dll
0x000007fefbc60000 - 0x000007fefbc6c000 	C:\Windows\system32\VERSION.dll
0x00000000770c0000 - 0x00000000770c7000 	C:\Windows\system32\PSAPI.DLL
0x0000000062a00000 - 0x0000000062a0f000 	C:\Program Files\Java\jdk1.8.0_151\jre\bin\verify.dll
0x00000000629d0000 - 0x00000000629f9000 	C:\Program Files\Java\jdk1.8.0_151\jre\bin\java.dll
0x000000005dd00000 - 0x000000005dd16000 	C:\Program Files\Java\jdk1.8.0_151\jre\bin\zip.dll
0x000007fefe400000 - 0x000007feff189000 	C:\Windows\system32\SHELL32.dll
0x000007fefd670000 - 0x000007fefd873000 	C:\Windows\system32\ole32.dll
0x000007fefcc50000 - 0x000007fefcc5f000 	C:\Windows\system32\profapi.dll

VM Arguments:
jvm_args: -Djava.awt.headless=true -Xmx4g -Dfile.encoding=GBK -Duser.country=CN -Duser.language=zh -Duser.variant 
java_command: com.android.dx.command.Main --dex --num-threads=4 --multi-dex --main-dex-list C:\Users\Administrator\Desktop\MLxiao\app\build\intermediates\multi-dex\debug\maindexlist.txt --output C:\Users\Administrator\Desktop\MLxiao\app\build\intermediates\transforms\dex\debug\folders\1000\1f\main C:\Users\Administrator\Desktop\MLxiao\app\build\intermediates\transforms\jarMerging\debug\jars\1\1f\combined.jar
java_class_path (initial): D:\Sdk\build-tools\26.0.1\lib\dx.jar
Launcher Type: SUN_STANDARD

Environment Variables:
JAVA_HOME=C:\Program Files\Java\jdk1.8.0_151
CLASSPATH=.;C:\Program Files\Java\jdk1.8.0_151\lib;C:\Program Files\Java\jdk1.8.0_151\lib\tools.jar;C:\Program Files\Java\jdk1.8.0_151\lib\dt.jar;
PATH=C:\Program Files (x86)\Common Files\Intel\Shared Libraries\redist\intel64\compiler;C:\Windows\system32;C:\Windows;C:\Windows\System32\Wbem;C:\Windows\System32\WindowsPowerShell\v1.0\;C:\Program Files (x86)\NVIDIA Corporation\PhysX\Common;C:\Program Files\Java\jdk1.8.0_151\bin;C:\Program Files\Java\jdk1.8.0_151\jre1.8.0_151\bin;C:\Program Files\Git\cmd;D:\Sdk\platform-tools;D:\Sdk\tools;C:\Program Files\Common Files\Autodesk Shared\;C:\Program Files (x86)\Python\Scripts\;C:\Program Files (x86)\Python\;
USERNAME=Administrator
OS=Windows_NT
PROCESSOR_IDENTIFIER=Intel64 Family 6 Model 158 Stepping 9, GenuineIntel



---------------  S Y S T E M  ---------------

OS: Windows 7 , 64 bit Build 7601 (6.1.7601.19160)

CPU:total 4 (initial active 4) (4 cores per cpu, 1 threads per core) family 6 model 158 stepping 9, cmov, cx8, fxsr, mmx, sse, sse2, sse3, ssse3, sse4.1, sse4.2, popcnt, avx, avx2, aes, clmul, erms, 3dnowpref, lzcnt, tsc, tscinvbit, bmi1, bmi2, adx

Memory: 4k page, physical 8335948k(146460k free), swap 10431264k(5156k free)

vm_info: Java HotSpot(TM) 64-Bit Server VM (25.151-b12) for windows-amd64 JRE (1.8.0_151-b12), built on Sep  5 2017 19:33:46 by "java_re" with MS VC++ 10.0 (VS2010)

time: Thu Jan 11 10:56:25 2018
elapsed time: 22 seconds (0d 0h 0m 22s)

