#
# There is insufficient memory for the Java Runtime Environment to continue.
# Native memory allocation (malloc) failed to allocate 3363376 bytes for Chunk::new
# Possible reasons:
#   The system is out of physical RAM or swap space
#   In 32 bit mode, the process size limit was hit
# Possible solutions:
#   Reduce memory load on the system
#   Increase physical memory or swap space
#   Check if swap backing store is full
#   Use 64 bit Java on a 64 bit OS
#   Decrease Java heap size (-Xmx/-Xms)
#   Decrease number of Java threads
#   Decrease Java thread stack sizes (-Xss)
#   Set larger code cache with -XX:ReservedCodeCacheSize=
# This output file may be truncated or incomplete.
#
#  Out of Memory Error (allocation.cpp:390), pid=5920, tid=0x000000000000285c
#
# JRE version: Java(TM) SE Runtime Environment (8.0_151-b12) (build 1.8.0_151-b12)
# Java VM: Java HotSpot(TM) 64-Bit Server VM (25.151-b12 mixed mode windows-amd64 compressed oops)
# Failed to write core dump. Minidumps are not enabled by default on client versions of Windows
#

---------------  T H R E A D  ---------------

Current thread (0x000000001d524800):  JavaThread "C2 CompilerThread1" daemon [_thread_in_native, id=10332, stack(0x000000001ddf0000,0x000000001def0000)]

Stack: [0x000000001ddf0000,0x000000001def0000]
[error occurred during error reporting (printing stack bounds), id 0xc0000005]

Native frames: (J=compiled Java code, j=interpreted, Vv=VM code, C=native code)


Current CompileTask:
C2:  38198 4378   !   4       com.android.dx.dex.cf.CfTranslator::processMethods (597 bytes)


---------------  P R O C E S S  ---------------

Java Threads: ( => current thread )
  0x000000001e4b0000 JavaThread "pool-1-thread-1" [_thread_blocked, id=10572, stack(0x00000000220c0000,0x00000000221c0000)]
  0x000000001e2bd000 JavaThread "pool-2-thread-4" [_thread_blocked, id=10836, stack(0x000000001ee40000,0x000000001ef40000)]
  0x000000001e2c8000 JavaThread "pool-2-thread-3" [_thread_in_Java, id=8304, stack(0x000000001eff0000,0x000000001f0f0000)]
  0x000000001e2b9800 JavaThread "pool-2-thread-2" [_thread_in_Java, id=10668, stack(0x000000001ed10000,0x000000001ee10000)]
  0x000000001e2be000 JavaThread "pool-3-thread-1" [_thread_blocked, id=7336, stack(0x000000001ea10000,0x000000001eb10000)]
  0x000000001e1fe800 JavaThread "pool-2-thread-1" [_thread_in_Java, id=9624, stack(0x000000001eb40000,0x000000001ec40000)]
  0x000000001d5aa800 JavaThread "Service Thread" daemon [_thread_blocked, id=10996, stack(0x000000001e0b0000,0x000000001e1b0000)]
  0x000000001d527000 JavaThread "C1 CompilerThread2" daemon [_thread_blocked, id=10360, stack(0x000000001df40000,0x000000001e040000)]
=>0x000000001d524800 JavaThread "C2 CompilerThread1" daemon [_thread_in_native, id=10332, stack(0x000000001ddf0000,0x000000001def0000)]
  0x000000001c15e800 JavaThread "C2 CompilerThread0" daemon [_thread_in_native, id=10912, stack(0x000000001dc40000,0x000000001dd40000)]
  0x000000001d50b000 JavaThread "Attach Listener" daemon [_thread_blocked, id=8520, stack(0x000000001db40000,0x000000001dc40000)]
  0x000000001c14d800 JavaThread "Signal Dispatcher" daemon [_thread_blocked, id=9392, stack(0x000000001d9b0000,0x000000001dab0000)]
  0x000000001c139800 JavaThread "Finalizer" daemon [_thread_blocked, id=9980, stack(0x000000001d400000,0x000000001d500000)]
  0x000000001c0f2800 JavaThread "Reference Handler" daemon [_thread_blocked, id=9472, stack(0x000000001d210000,0x000000001d310000)]
  0x00000000023be000 JavaThread "main" [_thread_blocked, id=10296, stack(0x0000000002510000,0x0000000002610000)]

Other Threads:
  0x000000001c0eb000 VMThread [stack: 0x000000001d100000,0x000000001d200000] [id=10440]
  0x000000001d5fc800 WatcherThread [stack: 0x000000001cf80000,0x000000001d080000] [id=10388]

VM state:not at safepoint (normal execution)

VM Mutex/Monitor currently owned by a thread: None

Heap:
 PSYoungGen      total 923136K, used 443557K [0x000000076ab00000, 0x00000007bf980000, 0x00000007c0000000)
  eden space 715264K, 62% used [0x000000076ab00000,0x0000000785c296b0,0x0000000796580000)
  from space 207872K, 0% used [0x0000000796580000,0x0000000796580000,0x00000007a3080000)
  to   space 272384K, 0% used [0x00000007aef80000,0x00000007aef80000,0x00000007bf980000)
 ParOldGen       total 494080K, used 368167K [0x00000006c0000000, 0x00000006de280000, 0x000000076ab00000)
  object space 494080K, 74% used [0x00000006c0000000,0x00000006d6789f90,0x00000006de280000)
 Metaspace       used 7622K, capacity 7960K, committed 8192K, reserved 1056768K
  class space    used 696K, capacity 720K, committed 768K, reserved 1048576K

Card table byte_map: [0x00000000119d0000,0x00000000121e0000] byte_map_base: 0x000000000e3d0000

Marking Bits: (ParMarkBitMap*) 0x000000006255d850
 Begin Bits: [0x0000000012f60000, 0x0000000016f60000)
 End Bits:   [0x0000000016f60000, 0x000000001af60000)

Polling page: 0x0000000000130000

CodeCache: size=245760Kb used=14701Kb max_used=15277Kb free=231058Kb
 bounds [0x0000000002610000, 0x0000000003540000, 0x0000000011610000]
 total_blobs=3572 nmethods=3293 adapters=191
 compilation: enabled

Compilation events (10 events):
Event: 38.134 Thread 0x000000001c15e800 nmethod 4430 0x00000000033a0450 code [0x00000000033a0660, 0x00000000033a1e18]
Event: 38.134 Thread 0x000000001c15e800 4434       4       java.util.concurrent.ConcurrentHashMap::get (162 bytes)
Event: 38.138 Thread 0x000000001c15e800 nmethod 4434 0x00000000031d1e90 code [0x00000000031d2000, 0x00000000031d2588]
Event: 38.138 Thread 0x000000001d527000 4436       3       com.android.dx.rop.type.Type::getComponentType (70 bytes)
Event: 38.138 Thread 0x000000001c15e800 4420 %     4       com.android.dx.ssa.back.FirstFitLocalCombiningAllocator::findRangeAndAdjust @ 21 (311 bytes)
Event: 38.139 Thread 0x000000001d527000 nmethod 4436 0x00000000033a65d0 code [0x00000000033a67e0, 0x00000000033a7348]
Event: 38.151 Thread 0x000000001d527000 4438       3       java.util.concurrent.locks.ReentrantLock$FairSync::tryAcquire (74 bytes)
Event: 38.152 Thread 0x000000001d527000 nmethod 4438 0x0000000002cf6810 code [0x0000000002cf69c0, 0x0000000002cf7218]
Event: 38.152 Thread 0x000000001d527000 4439       3       java.util.concurrent.locks.AbstractQueuedSynchronizer::hasQueuedPredecessors (40 bytes)
Event: 38.152 Thread 0x000000001d527000 nmethod 4439 0x00000000033c5010 code [0x00000000033c5180, 0x00000000033c53f0]

GC Heap History (10 events):
Event: 22.174 GC heap before
{Heap before GC invocations=23 (full 8):
 PSYoungGen      total 923136K, used 715264K [0x000000076ab00000, 0x00000007bf980000, 0x00000007c0000000)
  eden space 715264K, 100% used [0x000000076ab00000,0x0000000796580000,0x0000000796580000)
  from space 207872K, 0% used [0x0000000796580000,0x0000000796580000,0x00000007a3080000)
  to   space 272384K, 0% used [0x00000007aef80000,0x00000007aef80000,0x00000007bf980000)
 ParOldGen       total 494080K, used 493718K [0x00000006c0000000, 0x00000006de280000, 0x000000076ab00000)
  object space 494080K, 99% used [0x00000006c0000000,0x00000006de225b20,0x00000006de280000)
 Metaspace       used 6973K, capacity 7544K, committed 7680K, reserved 1056768K
  class space    used 651K, capacity 688K, committed 768K, reserved 1048576K
Event: 28.226 GC heap after
Heap after GC invocations=23 (full 8):
 PSYoungGen      total 923136K, used 428795K [0x000000076ab00000, 0x00000007bf980000, 0x00000007c0000000)
  eden space 715264K, 59% used [0x000000076ab00000,0x0000000784dbec98,0x0000000796580000)
  from space 207872K, 0% used [0x0000000796580000,0x0000000796580000,0x00000007a3080000)
  to   space 272384K, 0% used [0x00000007aef80000,0x00000007aef80000,0x00000007bf980000)
 ParOldGen       total 494080K, used 493665K [0x00000006c0000000, 0x00000006de280000, 0x000000076ab00000)
  object space 494080K, 99% used [0x00000006c0000000,0x00000006de2186f8,0x00000006de280000)
 Metaspace       used 6973K, capacity 7544K, committed 7680K, reserved 1056768K
  class space    used 651K, capacity 688K, committed 768K, reserved 1048576K
}
Event: 28.746 GC heap before
{Heap before GC invocations=24 (full 9):
 PSYoungGen      total 923136K, used 715264K [0x000000076ab00000, 0x00000007bf980000, 0x00000007c0000000)
  eden space 715264K, 100% used [0x000000076ab00000,0x0000000796580000,0x0000000796580000)
  from space 207872K, 0% used [0x0000000796580000,0x0000000796580000,0x00000007a3080000)
  to   space 272384K, 0% used [0x00000007aef80000,0x00000007aef80000,0x00000007bf980000)
 ParOldGen       total 494080K, used 493665K [0x00000006c0000000, 0x00000006de280000, 0x000000076ab00000)
  object space 494080K, 99% used [0x00000006c0000000,0x00000006de2186f8,0x00000006de280000)
 Metaspace       used 7205K, capacity 7736K, committed 7936K, reserved 1056768K
  class space    used 663K, capacity 688K, committed 768K, reserved 1048576K
Event: 30.669 GC heap after
Heap after GC invocations=24 (full 9):
 PSYoungGen      total 923136K, used 415732K [0x000000076ab00000, 0x00000007bf980000, 0x00000007c0000000)
  eden space 715264K, 58% used [0x000000076ab00000,0x00000007840fd340,0x0000000796580000)
  from space 207872K, 0% used [0x0000000796580000,0x0000000796580000,0x00000007a3080000)
  to   space 272384K, 0% used [0x00000007aef80000,0x00000007aef80000,0x00000007bf980000)
 ParOldGen       total 494080K, used 493606K [0x00000006c0000000, 0x00000006de280000, 0x000000076ab00000)
  object space 494080K, 99% used [0x00000006c0000000,0x00000006de209960,0x00000006de280000)
 Metaspace       used 7205K, capacity 7736K, committed 7936K, reserved 1056768K
  class space    used 663K, capacity 688K, committed 768K, reserved 1048576K
}
Event: 31.216 GC heap before
{Heap before GC invocations=25 (full 10):
 PSYoungGen      total 923136K, used 715264K [0x000000076ab00000, 0x00000007bf980000, 0x00000007c0000000)
  eden space 715264K, 100% used [0x000000076ab00000,0x0000000796580000,0x0000000796580000)
  from space 207872K, 0% used [0x0000000796580000,0x0000000796580000,0x00000007a3080000)
  to   space 272384K, 0% used [0x00000007aef80000,0x00000007aef80000,0x00000007bf980000)
 ParOldGen       total 494080K, used 493606K [0x00000006c0000000, 0x00000006de280000, 0x000000076ab00000)
  object space 494080K, 99% used [0x00000006c0000000,0x00000006de209960,0x00000006de280000)
 Metaspace       used 7208K, capacity 7736K, committed 7936K, reserved 1056768K
  class space    used 663K, capacity 688K, committed 768K, reserved 1048576K
Event: 33.027 GC heap after
Heap after GC invocations=25 (full 10):
 PSYoungGen      total 923136K, used 361974K [0x000000076ab00000, 0x00000007bf980000, 0x00000007c0000000)
  eden space 715264K, 50% used [0x000000076ab00000,0x0000000780c7da90,0x0000000796580000)
  from space 207872K, 0% used [0x0000000796580000,0x0000000796580000,0x00000007a3080000)
  to   space 272384K, 0% used [0x00000007aef80000,0x00000007aef80000,0x00000007bf980000)
 ParOldGen       total 494080K, used 493622K [0x00000006c0000000, 0x00000006de280000, 0x000000076ab00000)
  object space 494080K, 99% used [0x00000006c0000000,0x00000006de20dbd8,0x00000006de280000)
 Metaspace       used 7208K, capacity 7736K, committed 7936K, reserved 1056768K
  class space    used 663K, capacity 688K, committed 768K, reserved 1048576K
}
Event: 34.444 GC heap before
{Heap before GC invocations=26 (full 11):
 PSYoungGen      total 923136K, used 712084K [0x000000076ab00000, 0x00000007bf980000, 0x00000007c0000000)
  eden space 715264K, 99% used [0x000000076ab00000,0x0000000796265288,0x0000000796580000)
  from space 207872K, 0% used [0x0000000796580000,0x0000000796580000,0x00000007a3080000)
  to   space 272384K, 0% used [0x00000007aef80000,0x00000007aef80000,0x00000007bf980000)
 ParOldGen       total 494080K, used 493622K [0x00000006c0000000, 0x00000006de280000, 0x000000076ab00000)
  object space 494080K, 99% used [0x00000006c0000000,0x00000006de20dbd8,0x00000006de280000)
 Metaspace       used 7311K, capacity 7864K, committed 8192K, reserved 1056768K
  class space    used 666K, capacity 688K, committed 768K, reserved 1048576K
Event: 35.985 GC heap after
Heap after GC invocations=26 (full 11):
 PSYoungGen      total 923136K, used 161295K [0x000000076ab00000, 0x00000007bf980000, 0x00000007c0000000)
  eden space 715264K, 22% used [0x000000076ab00000,0x0000000774883fb8,0x0000000796580000)
  from space 207872K, 0% used [0x0000000796580000,0x0000000796580000,0x00000007a3080000)
  to   space 272384K, 0% used [0x00000007aef80000,0x00000007aef80000,0x00000007bf980000)
 ParOldGen       total 494080K, used 493670K [0x00000006c0000000, 0x00000006de280000, 0x000000076ab00000)
  object space 494080K, 99% used [0x00000006c0000000,0x00000006de219970,0x00000006de280000)
 Metaspace       used 7311K, capacity 7864K, committed 8192K, reserved 1056768K
  class space    used 666K, capacity 688K, committed 768K, reserved 1048576K
}
Event: 36.775 GC heap before
{Heap before GC invocations=27 (full 12):
 PSYoungGen      total 923136K, used 715264K [0x000000076ab00000, 0x00000007bf980000, 0x00000007c0000000)
  eden space 715264K, 100% used [0x000000076ab00000,0x0000000796580000,0x0000000796580000)
  from space 207872K, 0% used [0x0000000796580000,0x0000000796580000,0x00000007a3080000)
  to   space 272384K, 0% used [0x00000007aef80000,0x00000007aef80000,0x00000007bf980000)
 ParOldGen       total 494080K, used 493670K [0x00000006c0000000, 0x00000006de280000, 0x000000076ab00000)
  object space 494080K, 99% used [0x00000006c0000000,0x00000006de219970,0x00000006de280000)
 Metaspace       used 7622K, capacity 7960K, committed 8192K, reserved 1056768K
  class space    used 696K, capacity 720K, committed 768K, reserved 1048576K
Event: 37.724 GC heap after
Heap after GC invocations=27 (full 12):
 PSYoungGen      total 923136K, used 0K [0x000000076ab00000, 0x00000007bf980000, 0x00000007c0000000)
  eden space 715264K, 0% used [0x000000076ab00000,0x000000076ab00000,0x0000000796580000)
  from space 207872K, 0% used [0x0000000796580000,0x0000000796580000,0x00000007a3080000)
  to   space 272384K, 0% used [0x00000007aef80000,0x00000007aef80000,0x00000007bf980000)
 ParOldGen       total 494080K, used 368167K [0x00000006c0000000, 0x00000006de280000, 0x000000076ab00000)
  object space 494080K, 74% used [0x00000006c0000000,0x00000006d6789f90,0x00000006de280000)
 Metaspace       used 7622K, capacity 7960K, committed 8192K, reserved 1056768K
  class space    used 696K, capacity 720K, committed 768K, reserved 1048576K
}

Deoptimization events (10 events):
Event: 36.618 Thread 0x000000001e4b0000 Uncommon trap: reason=unstable_if action=reinterpret pc=0x00000000027f11a8 method=java.util.concurrent.ConcurrentHashMap.get(Ljava/lang/Object;)Ljava/lang/Object; @ 15
Event: 36.621 Thread 0x000000001e4b0000 Uncommon trap: reason=unstable_if action=reinterpret pc=0x0000000002967178 method=java.util.Arrays.copyOf([Ljava/lang/Object;ILjava/lang/Class;)[Ljava/lang/Object; @ 3
Event: 36.622 Thread 0x000000001e4b0000 Uncommon trap: reason=class_check action=maybe_recompile pc=0x0000000002735cd4 method=java.util.HashMap.putVal(ILjava/lang/Object;Ljava/lang/Object;ZZ)Ljava/lang/Object; @ 56
Event: 36.622 Thread 0x000000001e4b0000 Uncommon trap: reason=class_check action=maybe_recompile pc=0x0000000002735d84 method=java.util.HashMap.putVal(ILjava/lang/Object;Ljava/lang/Object;ZZ)Ljava/lang/Object; @ 152
Event: 36.622 Thread 0x000000001e4b0000 Uncommon trap: reason=class_check action=maybe_recompile pc=0x0000000002735cd4 method=java.util.HashMap.putVal(ILjava/lang/Object;Ljava/lang/Object;ZZ)Ljava/lang/Object; @ 56
Event: 36.622 Thread 0x000000001e4b0000 Uncommon trap: reason=class_check action=maybe_recompile pc=0x0000000002735cd4 method=java.util.HashMap.putVal(ILjava/lang/Object;Ljava/lang/Object;ZZ)Ljava/lang/Object; @ 56
Event: 36.708 Thread 0x000000001e4b0000 Uncommon trap: reason=unstable_if action=reinterpret pc=0x000000000332b160 method=sun.security.provider.DigestBase.implCompressMultiBlock([BII)I @ 2
Event: 36.768 Thread 0x00000000023be000 Uncommon trap: reason=unstable_if action=reinterpret pc=0x00000000033e3b2c method=java.util.concurrent.ConcurrentHashMap.get(Ljava/lang/Object;)Ljava/lang/Object; @ 76
Event: 36.768 Thread 0x00000000023be000 Uncommon trap: reason=unstable_if action=reinterpret pc=0x00000000033b60bc method=java.util.concurrent.ConcurrentHashMap.get(Ljava/lang/Object;)Ljava/lang/Object; @ 76
Event: 37.909 Thread 0x00000000023be000 Uncommon trap: reason=unstable_if action=reinterpret pc=0x00000000031039d8 method=com.android.dx.cf.code.Simulator$SimVisitor.visitNoArgs(IIILcom/android/dx/rop/type/Type;)V @ 1330

Internal exceptions (10 events):
Event: 0.810 Thread 0x000000001e2b9800 Exception <a 'java/lang/ArrayIndexOutOfBoundsException': 18> (0x0000000772724610) thrown at [C:\re\workspace\8-2-build-windows-amd64-cygwin\jdk8u151\9699\hotspot\src\share\vm\interpreter\interpreterRuntime.cpp, line 366]
Event: 0.810 Thread 0x000000001e2b9800 Exception <a 'java/lang/ArrayIndexOutOfBoundsException'> (0x0000000772726190) thrown at [C:\re\workspace\8-2-build-windows-amd64-cygwin\jdk8u151\9699\hotspot\src\share\vm\runtime\sharedRuntime.cpp, line 605]
Event: 0.811 Thread 0x000000001e2b9800 Exception <a 'java/lang/ArrayIndexOutOfBoundsException'> (0x0000000772727478) thrown at [C:\re\workspace\8-2-build-windows-amd64-cygwin\jdk8u151\9699\hotspot\src\share\vm\runtime\sharedRuntime.cpp, line 605]
Event: 3.833 Thread 0x00000000023be000 Implicit null exception at 0x0000000002788610 to 0x0000000002788f9d
Event: 8.361 Thread 0x000000001e1fe800 Implicit null exception at 0x0000000002eceb24 to 0x0000000002ed32f5
Event: 13.417 Thread 0x000000001e2bd000 Implicit null exception at 0x0000000002f48ad9 to 0x0000000002f48d82
Event: 13.747 Thread 0x000000001e1fe800 Implicit null exception at 0x0000000002d5a531 to 0x0000000002d5b9b9
Event: 36.387 Thread 0x000000001e4b0000 Implicit null exception at 0x00000000031a7b69 to 0x00000000031a8dcd
Event: 36.509 Thread 0x00000000023be000 Implicit null exception at 0x00000000029b534c to 0x00000000029b5452
Event: 36.618 Thread 0x000000001e4b0000 Implicit null exception at 0x00000000027f0dc5 to 0x00000000027f1191

Events (10 events):
Event: 37.965 Thread 0x000000001c15e800 flushing nmethod 0x0000000003458d90
Event: 37.965 Thread 0x000000001c15e800 flushing nmethod 0x0000000003459590
Event: 37.965 Thread 0x000000001c15e800 flushing nmethod 0x00000000034600d0
Event: 37.965 Thread 0x000000001c15e800 flushing nmethod 0x0000000003469710
Event: 37.965 Thread 0x000000001c15e800 flushing nmethod 0x0000000003477b90
Event: 37.965 Thread 0x000000001c15e800 flushing nmethod 0x0000000003478a90
Event: 37.965 Thread 0x000000001c15e800 flushing nmethod 0x0000000003479110
Event: 37.965 Thread 0x000000001c15e800 flushing nmethod 0x0000000003480190
Event: 38.078 Thread 0x000000001e2bd000 DEOPT PACKING pc=0x0000000002fc51ca sp=0x000000001ef3e4c0
Event: 38.078 Thread 0x000000001e2bd000 DEOPT UNPACKING pc=0x000000000265787f sp=0x000000001ef3e268 mode 0


Dynamic libraries:
0x000000013fcd0000 - 0x000000013fd07000 	C:\Program Files\Java\jdk1.8.0_151\bin\java.exe
0x0000000076fb0000 - 0x000000007715a000 	C:\Windows\SYSTEM32\ntdll.dll
0x0000000076d90000 - 0x0000000076eaf000 	C:\Windows\system32\kernel32.dll
0x000007fefcf80000 - 0x000007fefcfeb000 	C:\Windows\system32\KERNELBASE.dll
0x000007fefd5f0000 - 0x000007fefd6cb000 	C:\Windows\system32\ADVAPI32.dll
0x000007feff060000 - 0x000007feff0ff000 	C:\Windows\system32\msvcrt.dll
0x000007fefd380000 - 0x000007fefd39f000 	C:\Windows\SYSTEM32\sechost.dll
0x000007feff190000 - 0x000007feff2bd000 	C:\Windows\system32\RPCRT4.dll
0x0000000076eb0000 - 0x0000000076faa000 	C:\Windows\system32\USER32.dll
0x000007fefd770000 - 0x000007fefd7d7000 	C:\Windows\system32\GDI32.dll
0x000007fefd4d0000 - 0x000007fefd4de000 	C:\Windows\system32\LPK.dll
0x000007fefeca0000 - 0x000007fefed6a000 	C:\Windows\system32\USP10.dll
0x000007fefb200000 - 0x000007fefb3f4000 	C:\Windows\WinSxS\amd64_microsoft.windows.common-controls_6595b64144ccf1df_6.0.7601.18837_none_fa3b1e3d17594757\COMCTL32.dll
0x000007feff110000 - 0x000007feff181000 	C:\Windows\system32\SHLWAPI.dll
0x000007fefdb70000 - 0x000007fefdb9e000 	C:\Windows\system32\IMM32.DLL
0x000007fefd4e0000 - 0x000007fefd5e9000 	C:\Windows\system32\MSCTF.dll
0x00000000625e0000 - 0x00000000626b2000 	C:\Program Files\Java\jdk1.8.0_151\jre\bin\msvcr100.dll
0x0000000061d40000 - 0x00000000625dd000 	C:\Program Files\Java\jdk1.8.0_151\jre\bin\server\jvm.dll
0x000007fef2770000 - 0x000007fef2779000 	C:\Windows\system32\WSOCK32.dll
0x000007fefd3a0000 - 0x000007fefd3ed000 	C:\Windows\system32\WS2_32.dll
0x000007feff100000 - 0x000007feff108000 	C:\Windows\system32\NSI.dll
0x000007fefac10000 - 0x000007fefac4b000 	C:\Windows\system32\WINMM.dll
0x000007fefbd10000 - 0x000007fefbd1c000 	C:\Windows\system32\VERSION.dll
0x0000000077180000 - 0x0000000077187000 	C:\Windows\system32\PSAPI.DLL
0x00000000631f0000 - 0x00000000631ff000 	C:\Program Files\Java\jdk1.8.0_151\jre\bin\verify.dll
0x0000000061d10000 - 0x0000000061d39000 	C:\Program Files\Java\jdk1.8.0_151\jre\bin\java.dll
0x0000000063130000 - 0x0000000063146000 	C:\Program Files\Java\jdk1.8.0_151\jre\bin\zip.dll
0x000007fefdba0000 - 0x000007fefe929000 	C:\Windows\system32\SHELL32.dll
0x000007fefd880000 - 0x000007fefda83000 	C:\Windows\system32\ole32.dll
0x000007fefcd00000 - 0x000007fefcd0f000 	C:\Windows\system32\profapi.dll

VM Arguments:
jvm_args: -Djava.awt.headless=true -Xmx4g -Dfile.encoding=GBK -Duser.country=CN -Duser.language=zh -Duser.variant 
java_command: com.android.dx.command.Main --dex --num-threads=4 --multi-dex --main-dex-list C:\Users\Administrator\Desktop\MLxiao\app\build\intermediates\multi-dex\debug\maindexlist.txt --output C:\Users\Administrator\Desktop\MLxiao\app\build\intermediates\transforms\dex\debug\folders\1000\1f\main C:\Users\Administrator\Desktop\MLxiao\app\build\intermediates\transforms\jarMerging\debug\jars\1\1f\combined.jar
java_class_path (initial): D:\Sdk\build-tools\26.0.2\lib\dx.jar
Launcher Type: SUN_STANDARD

Environment Variables:
JAVA_HOME=C:\Program Files\Java\jdk1.8.0_151
CLASSPATH=.;C:\Program Files\Java\jdk1.8.0_151\lib;C:\Program Files\Java\jdk1.8.0_151\lib\tools.jar;C:\Program Files\Java\jdk1.8.0_151\lib\dt.jar;
PATH=C:\Program Files (x86)\Common Files\Intel\Shared Libraries\redist\intel64\compiler;C:\Windows\system32;C:\Windows;C:\Windows\System32\Wbem;C:\Windows\System32\WindowsPowerShell\v1.0\;C:\Program Files (x86)\NVIDIA Corporation\PhysX\Common;C:\Program Files\Java\jdk1.8.0_151\bin;C:\Program Files\Java\jdk1.8.0_151\jre1.8.0_151\bin;C:\Program Files\Git\cmd;D:\Sdk\platform-tools;D:\Sdk\tools;C:\Program Files\Common Files\Autodesk Shared\;C:\Program Files (x86)\Python\Scripts\;C:\Program Files (x86)\Python\;
USERNAME=Administrator
OS=Windows_NT
PROCESSOR_IDENTIFIER=Intel64 Family 6 Model 158 Stepping 9, GenuineIntel



---------------  S Y S T E M  ---------------

OS: Windows 7 , 64 bit Build 7601 (6.1.7601.19160)

CPU:total 4 (initial active 4) (4 cores per cpu, 1 threads per core) family 6 model 158 stepping 9, cmov, cx8, fxsr, mmx, sse, sse2, sse3, ssse3, sse4.1, sse4.2, popcnt, avx, avx2, aes, clmul, erms, 3dnowpref, lzcnt, tsc, tscinvbit, bmi1, bmi2, adx

Memory: 4k page, physical 8335948k(610504k free), swap 10345724k(25424k free)

vm_info: Java HotSpot(TM) 64-Bit Server VM (25.151-b12) for windows-amd64 JRE (1.8.0_151-b12), built on Sep  5 2017 19:33:46 by "java_re" with MS VC++ 10.0 (VS2010)

time: Mon Mar 05 17:41:09 2018
elapsed time: 38 seconds (0d 0h 0m 38s)

