#
# There is insufficient memory for the Java Runtime Environment to continue.
# Native memory allocation (malloc) failed to allocate 32744 bytes for ChunkPool::allocate
# Possible reasons:
#   The system is out of physical RAM or swap space
#   In 32 bit mode, the process size limit was hit
# Possible solutions:
#   Reduce memory load on the system
#   Increase physical memory or swap space
#   Check if swap backing store is full
#   Use 64 bit Java on a 64 bit OS
#   Decrease Java heap size (-Xmx/-Xms)
#   Decrease number of Java threads
#   Decrease Java thread stack sizes (-Xss)
#   Set larger code cache with -XX:ReservedCodeCacheSize=
# This output file may be truncated or incomplete.
#
#  Out of Memory Error (allocation.cpp:273), pid=264, tid=0x0000000000001aa0
#
# JRE version: OpenJDK Runtime Environment (8.0_152-b01) (build 1.8.0_152-release-915-b01)
# Java VM: OpenJDK 64-Bit Server VM (25.152-b01 mixed mode windows-amd64 compressed oops)
# Failed to write core dump. Minidumps are not enabled by default on client versions of Windows
#

---------------  T H R E A D  ---------------

Current thread (0x000000001d733000):  JavaThread "C2 CompilerThread0" daemon [_thread_in_native, id=6816, stack(0x000000001df00000,0x000000001e000000)]

Stack: [0x000000001df00000,0x000000001e000000]
[error occurred during error reporting (printing stack bounds), id 0xc0000005]

Native frames: (J=compiled Java code, j=interpreted, Vv=VM code, C=native code)


Current CompileTask:
C2:  18974 3111   !   4       com.android.dx.dex.cf.CfTranslator::processMethods (583 bytes)


---------------  P R O C E S S  ---------------

Java Threads: ( => current thread )
  0x000000001e5bb000 JavaThread "pool-2-thread-4" [_thread_blocked, id=164, stack(0x000000001f350000,0x000000001f450000)]
  0x000000001e5ba800 JavaThread "pool-2-thread-3" [_thread_blocked, id=5336, stack(0x000000001f170000,0x000000001f270000)]
  0x000000001e957000 JavaThread "pool-2-thread-2" [_thread_blocked, id=5596, stack(0x000000001f030000,0x000000001f130000)]
  0x000000001e956800 JavaThread "pool-3-thread-1" [_thread_blocked, id=4152, stack(0x000000001ed80000,0x000000001ee80000)]
  0x000000001e5fa800 JavaThread "pool-2-thread-1" [_thread_blocked, id=6720, stack(0x000000001db20000,0x000000001dc20000)]
  0x000000001d7c7800 JavaThread "Service Thread" daemon [_thread_blocked, id=5276, stack(0x000000001e470000,0x000000001e570000)]
  0x000000001d75c000 JavaThread "C1 CompilerThread2" daemon [_thread_in_native, id=4380, stack(0x000000001e190000,0x000000001e290000)]
  0x000000001d755000 JavaThread "C2 CompilerThread1" daemon [_thread_in_native, id=7068, stack(0x000000001e060000,0x000000001e160000)]
=>0x000000001d733000 JavaThread "C2 CompilerThread0" daemon [_thread_in_native, id=6816, stack(0x000000001df00000,0x000000001e000000)]
  0x000000001d730800 JavaThread "Attach Listener" daemon [_thread_blocked, id=6704, stack(0x000000001de00000,0x000000001df00000)]
  0x000000001c374000 JavaThread "Signal Dispatcher" daemon [_thread_blocked, id=5980, stack(0x000000001dc20000,0x000000001dd20000)]
  0x000000001c35c000 JavaThread "Finalizer" daemon [_thread_blocked, id=2960, stack(0x000000001d620000,0x000000001d720000)]
  0x000000001c315000 JavaThread "Reference Handler" daemon [_thread_blocked, id=1404, stack(0x000000001d330000,0x000000001d430000)]
  0x000000000250e800 JavaThread "main" [_thread_in_native, id=6528, stack(0x00000000027f0000,0x00000000028f0000)]

Other Threads:
  0x000000001c309800 VMThread [stack: 0x000000001d450000,0x000000001d550000] [id=3532]
  0x000000001d78e800 WatcherThread [stack: 0x000000001e2c0000,0x000000001e3c0000] [id=5564]

VM state:not at safepoint (normal execution)

VM Mutex/Monitor currently owned by a thread: None

Heap:
 PSYoungGen      total 903168K, used 460253K [0x000000076ab00000, 0x00000007b4a00000, 0x00000007c0000000)
  eden space 676864K, 58% used [0x000000076ab00000,0x0000000782b008e8,0x0000000794000000)
  from space 226304K, 29% used [0x00000007a2d80000,0x00000007a6ef6ed8,0x00000007b0a80000)
  to   space 243200K, 0% used [0x0000000794000000,0x0000000794000000,0x00000007a2d80000)
 ParOldGen       total 873472K, used 577231K [0x00000006c0000000, 0x00000006f5500000, 0x000000076ab00000)
  object space 873472K, 66% used [0x00000006c0000000,0x00000006e33b3c10,0x00000006f5500000)
 Metaspace       used 6619K, capacity 7286K, committed 7552K, reserved 1056768K
  class space    used 607K, capacity 622K, committed 640K, reserved 1048576K

Card table byte_map: [0x0000000011cb0000,0x00000000124c0000] byte_map_base: 0x000000000e6b0000

Marking Bits: (ParMarkBitMap*) 0x000000006a033950
 Begin Bits: [0x0000000013180000, 0x0000000017180000)
 End Bits:   [0x0000000017180000, 0x000000001b180000)

Polling page: 0x0000000000130000

CodeCache: size=245760Kb used=12153Kb max_used=15478Kb free=233606Kb
 bounds [0x00000000028f0000, 0x0000000003860000, 0x00000000118f0000]
 total_blobs=2749 nmethods=2484 adapters=178
 compilation: enabled

Compilation events (10 events):
Event: 18.885 Thread 0x000000001d755000 nmethod 3206 0x0000000002f2cdd0 code [0x0000000002f2d0a0, 0x0000000002f2e0e8]
Event: 18.885 Thread 0x000000001d755000 3208       4       com.android.dx.ssa.back.FirstFitLocalCombiningAllocator::handleInvokeRangeInsns (36 bytes)
Event: 18.905 Thread 0x000000001d755000 nmethod 3208 0x0000000003111910 code [0x0000000003111b20, 0x0000000003112bd0]
Event: 18.905 Thread 0x000000001d755000 3209       4       com.android.dx.ssa.LocalVariableInfo::<init> (78 bytes)
Event: 18.907 Thread 0x000000001d755000 nmethod 3209 0x0000000002c45590 code [0x0000000002c45700, 0x0000000002c45a98]
Event: 18.907 Thread 0x000000001d755000 3210       4       java.util.TimSort::binarySort (223 bytes)
Event: 18.907 Thread 0x000000001d75c000 3211       3       com.android.dx.ssa.back.FirstFitLocalCombiningAllocator$Alignment$2::nextClearBit (26 bytes)
Event: 18.908 Thread 0x000000001d75c000 nmethod 3211 0x0000000002ef9190 code [0x0000000002ef9320, 0x0000000002ef96d8]
Event: 18.923 Thread 0x000000001d755000 nmethod 3210 0x0000000002f23050 code [0x0000000002f23260, 0x0000000002f24500]
Event: 18.923 Thread 0x000000001d755000 3213   !   4       com.android.dx.cf.code.BytecodeArray::parseInstruction (2764 bytes)

GC Heap History (10 events):
Event: 12.334 GC heap before
{Heap before GC invocations=16 (full 2):
 PSYoungGen      total 647680K, used 647649K [0x000000076ab00000, 0x00000007a4d00000, 0x00000007c0000000)
  eden space 510464K, 100% used [0x000000076ab00000,0x0000000789d80000,0x0000000789d80000)
  from space 137216K, 99% used [0x0000000789d80000,0x0000000792378508,0x0000000792380000)
  to   space 173568K, 0% used [0x000000079a380000,0x000000079a380000,0x00000007a4d00000)
 ParOldGen       total 352256K, used 262781K [0x00000006c0000000, 0x00000006d5800000, 0x000000076ab00000)
  object space 352256K, 74% used [0x00000006c0000000,0x00000006d009f470,0x00000006d5800000)
 Metaspace       used 6609K, capacity 7286K, committed 7552K, reserved 1056768K
  class space    used 606K, capacity 622K, committed 640K, reserved 1048576K
Event: 12.515 GC heap after
Heap after GC invocations=16 (full 2):
 PSYoungGen      total 766464K, used 124638K [0x000000076ab00000, 0x00000007a6180000, 0x00000007c0000000)
  eden space 592896K, 0% used [0x000000076ab00000,0x000000076ab00000,0x000000078ee00000)
  from space 173568K, 71% used [0x000000079a380000,0x00000007a1d37a48,0x00000007a4d00000)
  to   space 185856K, 0% used [0x000000078ee00000,0x000000078ee00000,0x000000079a380000)
 ParOldGen       total 357376K, used 356695K [0x00000006c0000000, 0x00000006d5d00000, 0x000000076ab00000)
  object space 357376K, 99% used [0x00000006c0000000,0x00000006d5c55c40,0x00000006d5d00000)
 Metaspace       used 6609K, capacity 7286K, committed 7552K, reserved 1056768K
  class space    used 606K, capacity 622K, committed 640K, reserved 1048576K
}
Event: 12.515 GC heap before
{Heap before GC invocations=17 (full 3):
 PSYoungGen      total 766464K, used 124638K [0x000000076ab00000, 0x00000007a6180000, 0x00000007c0000000)
  eden space 592896K, 0% used [0x000000076ab00000,0x000000076ab00000,0x000000078ee00000)
  from space 173568K, 71% used [0x000000079a380000,0x00000007a1d37a48,0x00000007a4d00000)
  to   space 185856K, 0% used [0x000000078ee00000,0x000000078ee00000,0x000000079a380000)
 ParOldGen       total 357376K, used 356695K [0x00000006c0000000, 0x00000006d5d00000, 0x000000076ab00000)
  object space 357376K, 99% used [0x00000006c0000000,0x00000006d5c55c40,0x00000006d5d00000)
 Metaspace       used 6609K, capacity 7286K, committed 7552K, reserved 1056768K
  class space    used 606K, capacity 622K, committed 640K, reserved 1048576K
Event: 14.093 GC heap after
Heap after GC invocations=17 (full 3):
 PSYoungGen      total 766464K, used 117804K [0x000000076ab00000, 0x00000007a6180000, 0x00000007c0000000)
  eden space 592896K, 0% used [0x000000076ab00000,0x000000076ab00000,0x000000078ee00000)
  from space 173568K, 67% used [0x000000079a380000,0x00000007a168b0f8,0x00000007a4d00000)
  to   space 185856K, 0% used [0x000000078ee00000,0x000000078ee00000,0x000000079a380000)
 ParOldGen       total 577536K, used 356907K [0x00000006c0000000, 0x00000006e3400000, 0x000000076ab00000)
  object space 577536K, 61% used [0x00000006c0000000,0x00000006d5c8afc0,0x00000006e3400000)
 Metaspace       used 6609K, capacity 7286K, committed 7552K, reserved 1056768K
  class space    used 606K, capacity 622K, committed 640K, reserved 1048576K
}
Event: 15.422 GC heap before
{Heap before GC invocations=18 (full 3):
 PSYoungGen      total 766464K, used 710700K [0x000000076ab00000, 0x00000007a6180000, 0x00000007c0000000)
  eden space 592896K, 100% used [0x000000076ab00000,0x000000078ee00000,0x000000078ee00000)
  from space 173568K, 67% used [0x000000079a380000,0x00000007a168b0f8,0x00000007a4d00000)
  to   space 185856K, 0% used [0x000000078ee00000,0x000000078ee00000,0x000000079a380000)
 ParOldGen       total 577536K, used 356907K [0x00000006c0000000, 0x00000006e3400000, 0x000000076ab00000)
  object space 577536K, 61% used [0x00000006c0000000,0x00000006d5c8afc0,0x00000006e3400000)
 Metaspace       used 6610K, capacity 7286K, committed 7552K, reserved 1056768K
  class space    used 606K, capacity 622K, committed 640K, reserved 1048576K
Event: 15.577 GC heap after
Heap after GC invocations=18 (full 3):
 PSYoungGen      total 778752K, used 185852K [0x000000076ab00000, 0x00000007b0a80000, 0x00000007c0000000)
  eden space 592896K, 0% used [0x000000076ab00000,0x000000076ab00000,0x000000078ee00000)
  from space 185856K, 99% used [0x000000078ee00000,0x000000079a37f070,0x000000079a380000)
  to   space 226304K, 0% used [0x00000007a2d80000,0x00000007a2d80000,0x00000007b0a80000)
 ParOldGen       total 577536K, used 379673K [0x00000006c0000000, 0x00000006e3400000, 0x000000076ab00000)
  object space 577536K, 65% used [0x00000006c0000000,0x00000006d72c6740,0x00000006e3400000)
 Metaspace       used 6610K, capacity 7286K, committed 7552K, reserved 1056768K
  class space    used 606K, capacity 622K, committed 640K, reserved 1048576K
}
Event: 16.386 GC heap before
{Heap before GC invocations=19 (full 3):
 PSYoungGen      total 778752K, used 778748K [0x000000076ab00000, 0x00000007b0a80000, 0x00000007c0000000)
  eden space 592896K, 100% used [0x000000076ab00000,0x000000078ee00000,0x000000078ee00000)
  from space 185856K, 99% used [0x000000078ee00000,0x000000079a37f070,0x000000079a380000)
  to   space 226304K, 0% used [0x00000007a2d80000,0x00000007a2d80000,0x00000007b0a80000)
 ParOldGen       total 577536K, used 379673K [0x00000006c0000000, 0x00000006e3400000, 0x000000076ab00000)
  object space 577536K, 65% used [0x00000006c0000000,0x00000006d72c6740,0x00000006e3400000)
 Metaspace       used 6619K, capacity 7286K, committed 7552K, reserved 1056768K
  class space    used 607K, capacity 622K, committed 640K, reserved 1048576K
Event: 16.655 GC heap after
Heap after GC invocations=19 (full 3):
 PSYoungGen      total 903168K, used 167332K [0x000000076ab00000, 0x00000007b4a00000, 0x00000007c0000000)
  eden space 676864K, 0% used [0x000000076ab00000,0x000000076ab00000,0x0000000794000000)
  from space 226304K, 73% used [0x00000007a2d80000,0x00000007ad0e9280,0x00000007b0a80000)
  to   space 243200K, 0% used [0x0000000794000000,0x0000000794000000,0x00000007a2d80000)
 ParOldGen       total 577536K, used 488227K [0x00000006c0000000, 0x00000006e3400000, 0x000000076ab00000)
  object space 577536K, 84% used [0x00000006c0000000,0x00000006ddcc8de0,0x00000006e3400000)
 Metaspace       used 6619K, capacity 7286K, committed 7552K, reserved 1056768K
  class space    used 607K, capacity 622K, committed 640K, reserved 1048576K
}
Event: 16.655 GC heap before
{Heap before GC invocations=20 (full 4):
 PSYoungGen      total 903168K, used 167332K [0x000000076ab00000, 0x00000007b4a00000, 0x00000007c0000000)
  eden space 676864K, 0% used [0x000000076ab00000,0x000000076ab00000,0x0000000794000000)
  from space 226304K, 73% used [0x00000007a2d80000,0x00000007ad0e9280,0x00000007b0a80000)
  to   space 243200K, 0% used [0x0000000794000000,0x0000000794000000,0x00000007a2d80000)
 ParOldGen       total 577536K, used 488227K [0x00000006c0000000, 0x00000006e3400000, 0x000000076ab00000)
  object space 577536K, 84% used [0x00000006c0000000,0x00000006ddcc8de0,0x00000006e3400000)
 Metaspace       used 6619K, capacity 7286K, committed 7552K, reserved 1056768K
  class space    used 607K, capacity 622K, committed 640K, reserved 1048576K
Event: 18.390 GC heap after
Heap after GC invocations=20 (full 4):
 PSYoungGen      total 903168K, used 67035K [0x000000076ab00000, 0x00000007b4a00000, 0x00000007c0000000)
  eden space 676864K, 0% used [0x000000076ab00000,0x000000076ab00000,0x0000000794000000)
  from space 226304K, 29% used [0x00000007a2d80000,0x00000007a6ef6ed8,0x00000007b0a80000)
  to   space 243200K, 0% used [0x0000000794000000,0x0000000794000000,0x00000007a2d80000)
 ParOldGen       total 873472K, used 577231K [0x00000006c0000000, 0x00000006f5500000, 0x000000076ab00000)
  object space 873472K, 66% used [0x00000006c0000000,0x00000006e33b3c10,0x00000006f5500000)
 Metaspace       used 6619K, capacity 7286K, committed 7552K, reserved 1056768K
  class space    used 607K, capacity 622K, committed 640K, reserved 1048576K
}

Deoptimization events (10 events):
Event: 18.560 Thread 0x000000001e5bb000 Uncommon trap: reason=class_check action=maybe_recompile pc=0x00000000032c47a8 method=com.android.dx.ssa.SCCP.simulateBranch(Lcom/android/dx/ssa/SsaInsn;)V @ 339
Event: 18.612 Thread 0x000000001e5bb000 Uncommon trap: reason=unloaded action=reinterpret pc=0x0000000003680a50 method=com.android.dx.ssa.SCCP.replaceBranches()V @ 110
Event: 18.612 Thread 0x000000001e5bb000 Uncommon trap: reason=unstable_if action=reinterpret pc=0x000000000325e0b8 method=com.android.dx.ssa.DeadCodeRemover.pruneDeadInstructions()V @ 49
Event: 18.612 Thread 0x000000001e5bb000 Uncommon trap: reason=unstable_if action=reinterpret pc=0x0000000002ff4ab4 method=com.android.dx.ssa.DeadCodeRemover.pruneDeadInstructions()V @ 49
Event: 18.613 Thread 0x000000001e5bb000 Uncommon trap: reason=speculate_class_check action=maybe_recompile pc=0x0000000002c313e8 method=com.android.dx.rop.cst.TypedConstant.getBasicType()I @ 1
Event: 18.629 Thread 0x000000001e5bb000 Uncommon trap: reason=speculate_class_check action=maybe_recompile pc=0x0000000002c313e8 method=com.android.dx.rop.cst.TypedConstant.getBasicType()I @ 1
Event: 18.629 Thread 0x000000001e5bb000 Uncommon trap: reason=speculate_class_check action=maybe_recompile pc=0x0000000002c313e8 method=com.android.dx.rop.cst.TypedConstant.getBasicType()I @ 1
Event: 18.629 Thread 0x000000001e5bb000 Uncommon trap: reason=speculate_class_check action=maybe_recompile pc=0x0000000002c313e8 method=com.android.dx.rop.cst.TypedConstant.getBasicType()I @ 1
Event: 18.914 Thread 0x000000000250e800 Uncommon trap: reason=bimorphic action=maybe_recompile pc=0x0000000002fb3c9c method=com.android.dx.cf.code.BytecodeArray.parseInstruction(ILcom/android/dx/cf/code/BytecodeArray$Visitor;)I @ 1387
Event: 18.916 Thread 0x000000000250e800 Uncommon trap: reason=bimorphic action=maybe_recompile pc=0x0000000002fb3c9c method=com.android.dx.cf.code.BytecodeArray.parseInstruction(ILcom/android/dx/cf/code/BytecodeArray$Visitor;)I @ 1387

Classes redefined (0 events):
No events

Internal exceptions (10 events):
Event: 0.018 Thread 0x000000000250e800 Exception <a 'java/lang/NoSuchMethodError': Method sun.misc.Unsafe.defineClass(Ljava/lang/String;[BII)Ljava/lang/Class; name or signature does not match> (0x000000076ab07ca8) thrown at [D:\src\AOSP-openjdk-cygwin\jdk8u\hotspot\src\share\vm\prims\jni.cpp, 
Event: 0.018 Thread 0x000000000250e800 Exception <a 'java/lang/NoSuchMethodError': Method sun.misc.Unsafe.prefetchRead(Ljava/lang/Object;J)V name or signature does not match> (0x000000076ab07f90) thrown at [D:\src\AOSP-openjdk-cygwin\jdk8u\hotspot\src\share\vm\prims\jni.cpp, line 4011]
Event: 0.132 Thread 0x000000000250e800 Implicit null exception at 0x0000000002a4b479 to 0x0000000002a4ba71
Event: 0.567 Thread 0x000000001e5bb000 Implicit null exception at 0x0000000002c5e20e to 0x0000000002c61041
Event: 0.860 Thread 0x000000001e5fa800 Implicit null exception at 0x0000000002ec2ef5 to 0x0000000002ec30bd
Event: 1.011 Thread 0x000000001e957000 Exception <a 'java/lang/ArrayIndexOutOfBoundsException': 18> (0x000000076f35faa8) thrown at [D:\src\AOSP-openjdk-cygwin\jdk8u\hotspot\src\share\vm\interpreter\interpreterRuntime.cpp, line 366]
Event: 1.012 Thread 0x000000001e957000 Exception <a 'java/lang/ArrayIndexOutOfBoundsException': 145> (0x000000076f361628) thrown at [D:\src\AOSP-openjdk-cygwin\jdk8u\hotspot\src\share\vm\interpreter\interpreterRuntime.cpp, line 366]
Event: 1.012 Thread 0x000000001e957000 Exception <a 'java/lang/ArrayIndexOutOfBoundsException'> (0x000000076f362910) thrown at [D:\src\AOSP-openjdk-cygwin\jdk8u\hotspot\src\share\vm\runtime\sharedRuntime.cpp, line 605]
Event: 3.712 Thread 0x000000000250e800 Implicit null exception at 0x0000000002a6e1b0 to 0x0000000002a6eb39
Event: 6.202 Thread 0x000000001e957000 Implicit null exception at 0x00000000033ac100 to 0x00000000033b1579

Events (10 events):
Event: 18.873 Thread 0x000000000250e800 DEOPT PACKING pc=0x0000000002f6b731 sp=0x00000000028ee0e0
Event: 18.873 Thread 0x000000000250e800 DEOPT UNPACKING pc=0x00000000029375bf sp=0x00000000028ede70 mode 0
Event: 18.880 Thread 0x000000001e5bb000 DEOPT PACKING pc=0x0000000002f6b731 sp=0x000000001f44ebd0
Event: 18.880 Thread 0x000000001e5bb000 DEOPT UNPACKING pc=0x00000000029375bf sp=0x000000001f44e960 mode 0
Event: 18.914 Thread 0x000000000250e800 Uncommon trap: trap_request=0xffffffc6 fr.pc=0x0000000002fb3c9c
Event: 18.914 Thread 0x000000000250e800 DEOPT PACKING pc=0x0000000002fb3c9c sp=0x00000000028edf10
Event: 18.914 Thread 0x000000000250e800 DEOPT UNPACKING pc=0x000000000293556a sp=0x00000000028edea8 mode 2
Event: 18.916 Thread 0x000000000250e800 Uncommon trap: trap_request=0xffffffc6 fr.pc=0x0000000002fb3c9c
Event: 18.916 Thread 0x000000000250e800 DEOPT PACKING pc=0x0000000002fb3c9c sp=0x00000000028ede40
Event: 18.916 Thread 0x000000000250e800 DEOPT UNPACKING pc=0x000000000293556a sp=0x00000000028eddd8 mode 2


Dynamic libraries:
0x000000013f990000 - 0x000000013f9c1000 	C:\Program Files\Android\Android Studio\jre\bin\java.exe
0x0000000077020000 - 0x00000000771ca000 	C:\Windows\SYSTEM32\ntdll.dll
0x0000000076f00000 - 0x000000007701f000 	C:\Windows\system32\kernel32.dll
0x000007fefd090000 - 0x000007fefd0fb000 	C:\Windows\system32\KERNELBASE.dll
0x000007fefdda0000 - 0x000007fefde7b000 	C:\Windows\system32\ADVAPI32.dll
0x000007fefdc60000 - 0x000007fefdcff000 	C:\Windows\system32\msvcrt.dll
0x000007fefdf20000 - 0x000007fefdf3f000 	C:\Windows\SYSTEM32\sechost.dll
0x000007fefedf0000 - 0x000007fefef1d000 	C:\Windows\system32\RPCRT4.dll
0x0000000076e00000 - 0x0000000076efa000 	C:\Windows\system32\USER32.dll
0x000007fefde80000 - 0x000007fefdee7000 	C:\Windows\system32\GDI32.dll
0x000007fefdef0000 - 0x000007fefdefe000 	C:\Windows\system32\LPK.dll
0x000007fefd540000 - 0x000007fefd60a000 	C:\Windows\system32\USP10.dll
0x000007fefb430000 - 0x000007fefb624000 	C:\Windows\WinSxS\amd64_microsoft.windows.common-controls_6595b64144ccf1df_6.0.7601.18837_none_fa3b1e3d17594757\COMCTL32.dll
0x000007fefd330000 - 0x000007fefd3a1000 	C:\Windows\system32\SHLWAPI.dll
0x000007fefd8c0000 - 0x000007fefd8ee000 	C:\Windows\system32\IMM32.DLL
0x000007fefdf40000 - 0x000007fefe049000 	C:\Windows\system32\MSCTF.dll
0x0000000069510000 - 0x00000000695e2000 	C:\Program Files\Android\Android Studio\jre\jre\bin\msvcr100.dll
0x0000000069870000 - 0x000000006a0ae000 	C:\Program Files\Android\Android Studio\jre\jre\bin\server\jvm.dll
0x000007fefa980000 - 0x000007fefa989000 	C:\Windows\system32\WSOCK32.dll
0x000007fefd870000 - 0x000007fefd8bd000 	C:\Windows\system32\WS2_32.dll
0x000007fefede0000 - 0x000007fefede8000 	C:\Windows\system32\NSI.dll
0x000007fefa400000 - 0x000007fefa43b000 	C:\Windows\system32\WINMM.dll
0x000007fefbd80000 - 0x000007fefbd8c000 	C:\Windows\system32\VERSION.dll
0x00000000771f0000 - 0x00000000771f7000 	C:\Windows\system32\PSAPI.DLL
0x000007feec340000 - 0x000007feec34f000 	C:\Program Files\Android\Android Studio\jre\jre\bin\verify.dll
0x000007feec310000 - 0x000007feec339000 	C:\Program Files\Android\Android Studio\jre\jre\bin\java.dll
0x000007feec2f0000 - 0x000007feec306000 	C:\Program Files\Android\Android Studio\jre\jre\bin\zip.dll
0x000007fefe050000 - 0x000007fefedd9000 	C:\Windows\system32\SHELL32.dll
0x000007fefd120000 - 0x000007fefd323000 	C:\Windows\system32\ole32.dll
0x000007fefcd70000 - 0x000007fefcd7f000 	C:\Windows\system32\profapi.dll

VM Arguments:
jvm_args: -Djava.awt.headless=true -Xmx4g -Dfile.encoding=GBK -Duser.country=CN -Duser.language=zh -Duser.variant 
java_command: com.android.dx.command.Main --dex --num-threads=4 --multi-dex --main-dex-list C:\Users\Administrator\Desktop\MLxiao\app\build\intermediates\multi-dex\debug\maindexlist.txt --output C:\Users\Administrator\Desktop\MLxiao\app\build\intermediates\transforms\dex\debug\folders\1000\1f\main C:\Users\Administrator\Desktop\MLxiao\app\build\intermediates\transforms\jarMerging\debug\jars\1\1f\combined.jar
java_class_path (initial): D:\Sdk\build-tools\25.0.3\lib\dx.jar
Launcher Type: SUN_STANDARD

Environment Variables:
JAVA_HOME=C:\Program Files (x86)\Java\jdk1.8.0_144
CLASSPATH=.;C:\Program Files (x86)\Java\jdk1.8.0_144\lib;C:\Program Files (x86)\Java\jdk1.8.0_144\lib\tools.jar
PATH=C:\ProgramData\Oracle\Java\javapath;C:\Windows\system32;C:\Windows;C:\Windows\System32\Wbem;C:\Windows\System32\WindowsPowerShell\v1.0\;C:\Program Files (x86)\NVIDIA Corporation\PhysX\Common;C:\Program Files (x86)\Java\jdk1.8.0_144\bin;C:\Program Files (x86)\Java\jdk1.8.0_144\jre\bin;C:\Program Files\Git\cmd;D:\Sdk\platform-tools;D:\Sdk\tools;C:\Program Files\Common Files\Autodesk Shared\
USERNAME=Administrator
OS=Windows_NT
PROCESSOR_IDENTIFIER=Intel64 Family 6 Model 158 Stepping 9, GenuineIntel



---------------  S Y S T E M  ---------------

OS: Windows 7 , 64 bit Build 7601 (6.1.7601.19160)

CPU:total 4 (initial active 4) (4 cores per cpu, 1 threads per core) family 6 model 158 stepping 9, cmov, cx8, fxsr, mmx, sse, sse2, sse3, ssse3, sse4.1, sse4.2, popcnt, avx, avx2, aes, clmul, erms, 3dnowpref, lzcnt, tsc, tscinvbit, bmi1, bmi2, adx

Memory: 4k page, physical 8335948k(444152k free), swap 10431264k(6164k free)

vm_info: OpenJDK 64-Bit Server VM (25.152-b01) for windows-amd64 JRE (1.8.0_152-release-915-b01), built by "builder" with MS VC++ 10.0 (VS2010)

time: Mon Dec 18 11:39:14 2017
elapsed time: 18 seconds (0d 0h 0m 18s)

