#
# There is insufficient memory for the Java Runtime Environment to continue.
# Native memory allocation (malloc) failed to allocate 789616 bytes for Chunk::new
# Possible reasons:
#   The system is out of physical RAM or swap space
#   In 32 bit mode, the process size limit was hit
# Possible solutions:
#   Reduce memory load on the system
#   Increase physical memory or swap space
#   Check if swap backing store is full
#   Use 64 bit Java on a 64 bit OS
#   Decrease Java heap size (-Xmx/-Xms)
#   Decrease number of Java threads
#   Decrease Java thread stack sizes (-Xss)
#   Set larger code cache with -XX:ReservedCodeCacheSize=
# This output file may be truncated or incomplete.
#
#  Out of Memory Error (allocation.cpp:390), pid=6252, tid=0x0000000000001eb0
#
# JRE version: OpenJDK Runtime Environment (8.0_152-b01) (build 1.8.0_152-release-915-b01)
# Java VM: OpenJDK 64-Bit Server VM (25.152-b01 mixed mode windows-amd64 compressed oops)
# Failed to write core dump. Minidumps are not enabled by default on client versions of Windows
#

---------------  T H R E A D  ---------------

Current thread (0x000000001d601800):  JavaThread "C2 CompilerThread1" daemon [_thread_in_native, id=7856, stack(0x000000001dd10000,0x000000001de10000)]

Stack: [0x000000001dd10000,0x000000001de10000]
[error occurred during error reporting (printing stack bounds), id 0xc0000005]

Native frames: (J=compiled Java code, j=interpreted, Vv=VM code, C=native code)


Current CompileTask:
C2:  22140 4113       4       com.android.dx.dex.file.DebugInfoEncoder::convert0 (246 bytes)


---------------  P R O C E S S  ---------------

Java Threads: ( => current thread )
  0x0000000021cc7800 JavaThread "pool-1-thread-1" [_thread_in_Java, id=7324, stack(0x00000000227e0000,0x00000000228e0000)]
  0x000000001e242800 JavaThread "pool-2-thread-4" [_thread_blocked, id=3184, stack(0x000000001da80000,0x000000001db80000)]
  0x000000001e2de800 JavaThread "pool-2-thread-3" [_thread_in_Java, id=7456, stack(0x000000001f010000,0x000000001f110000)]
  0x000000001e2dd800 JavaThread "pool-2-thread-2" [_thread_blocked, id=7384, stack(0x000000001ee30000,0x000000001ef30000)]
  0x000000001e2e1800 JavaThread "pool-3-thread-1" [_thread_blocked, id=7908, stack(0x000000001ec40000,0x000000001ed40000)]
  0x000000001e2b0800 JavaThread "pool-2-thread-1" [_thread_in_Java, id=4500, stack(0x000000001ea40000,0x000000001eb40000)]
  0x000000001d67c800 JavaThread "Service Thread" daemon [_thread_blocked, id=5480, stack(0x000000001df60000,0x000000001e060000)]
  0x000000001d606800 JavaThread "C1 CompilerThread2" daemon [_thread_blocked, id=6824, stack(0x000000001de10000,0x000000001df10000)]
=>0x000000001d601800 JavaThread "C2 CompilerThread1" daemon [_thread_in_native, id=7856, stack(0x000000001dd10000,0x000000001de10000)]
  0x000000001c07d000 JavaThread "C2 CompilerThread0" daemon [_thread_in_native, id=6892, stack(0x000000001dbb0000,0x000000001dcb0000)]
  0x000000001d5ea800 JavaThread "Attach Listener" daemon [_thread_blocked, id=7308, stack(0x000000001d3b0000,0x000000001d4b0000)]
  0x000000001c06c800 JavaThread "Signal Dispatcher" daemon [_thread_blocked, id=7444, stack(0x000000001d160000,0x000000001d260000)]
  0x000000001c058000 JavaThread "Finalizer" daemon [_thread_blocked, id=6676, stack(0x000000001d4e0000,0x000000001d5e0000)]
  0x000000001c011000 JavaThread "Reference Handler" daemon [_thread_blocked, id=8100, stack(0x000000001d270000,0x000000001d370000)]
  0x000000000249e800 JavaThread "main" [_thread_blocked, id=8048, stack(0x0000000002690000,0x0000000002790000)]

Other Threads:
  0x000000001c009800 VMThread [stack: 0x000000001d050000,0x000000001d150000] [id=5456]
  0x000000001d681800 WatcherThread [stack: 0x000000001e0f0000,0x000000001e1f0000] [id=8180]

VM state:not at safepoint (normal execution)

VM Mutex/Monitor currently owned by a thread: None

Heap:
 PSYoungGen      total 941056K, used 253695K [0x000000076ab00000, 0x00000007c0000000, 0x00000007c0000000)
  eden space 484352K, 37% used [0x000000076ab00000,0x0000000775c8e290,0x0000000788400000)
  from space 456704K, 15% used [0x0000000788400000,0x000000078ca31a50,0x00000007a4200000)
  to   space 444416K, 0% used [0x00000007a4e00000,0x00000007a4e00000,0x00000007c0000000)
 ParOldGen       total 1122304K, used 775700K [0x00000006c0000000, 0x0000000704800000, 0x000000076ab00000)
  object space 1122304K, 69% used [0x00000006c0000000,0x00000006ef585348,0x0000000704800000)
 Metaspace       used 7088K, capacity 7736K, committed 7936K, reserved 1056768K
  class space    used 628K, capacity 688K, committed 768K, reserved 1048576K

Card table byte_map: [0x0000000011b50000,0x0000000012360000] byte_map_base: 0x000000000e550000

Marking Bits: (ParMarkBitMap*) 0x000000005f943950
 Begin Bits: [0x0000000012e80000, 0x0000000016e80000)
 End Bits:   [0x0000000016e80000, 0x000000001ae80000)

Polling page: 0x0000000000140000

CodeCache: size=245760Kb used=14128Kb max_used=15613Kb free=231631Kb
 bounds [0x0000000002790000, 0x00000000036e0000, 0x0000000011790000]
 total_blobs=3428 nmethods=3162 adapters=179
 compilation: enabled

Compilation events (10 events):
Event: 22.088 Thread 0x000000001d606800 4169       2       com.android.dx.dex.file.ClassDataItem::encodeSize (62 bytes)
Event: 22.089 Thread 0x000000001d606800 nmethod 4169 0x000000000337a190 code [0x000000000337a3c0, 0x000000000337ad68]
Event: 22.089 Thread 0x000000001d606800 4170       2       com.android.dx.dex.file.ClassDataItem::place0 (35 bytes)
Event: 22.089 Thread 0x000000001d606800 nmethod 4170 0x00000000033799d0 code [0x0000000003379b60, 0x0000000003379f98]
Event: 22.089 Thread 0x000000001d606800 4171       2       com.android.dx.dex.file.ClassDataItem::encodeOutput (161 bytes)
Event: 22.090 Thread 0x000000001d606800 nmethod 4171 0x0000000003378310 code [0x00000000033785c0, 0x0000000003379018]
Event: 22.096 Thread 0x000000001d606800 4172 %     3       com.android.dx.dex.file.ClassDataItem::encodeList @ 58 (92 bytes)
Event: 22.097 Thread 0x000000001d606800 nmethod 4172% 0x0000000003376650 code [0x00000000033768c0, 0x0000000003377978]
Event: 22.098 Thread 0x000000001d606800 4173       3       com.android.dx.dex.file.ClassDataItem::encodeList (92 bytes)
Event: 22.099 Thread 0x000000001d606800 nmethod 4173 0x0000000003374a90 code [0x0000000003374d00, 0x0000000003375cb8]

GC Heap History (10 events):
Event: 15.789 GC heap before
{Heap before GC invocations=22 (full 4):
 PSYoungGen      total 951296K, used 882337K [0x000000076ab00000, 0x00000007bb700000, 0x00000007c0000000)
  eden space 699392K, 100% used [0x000000076ab00000,0x0000000795600000,0x0000000795600000)
  from space 251904K, 72% used [0x0000000795600000,0x00000007a08a86c8,0x00000007a4c00000)
  to   space 269312K, 0% used [0x00000007ab000000,0x00000007ab000000,0x00000007bb700000)
 ParOldGen       total 849408K, used 564703K [0x00000006c0000000, 0x00000006f3d80000, 0x000000076ab00000)
  object space 849408K, 66% used [0x00000006c0000000,0x00000006e2777e68,0x00000006f3d80000)
 Metaspace       used 6726K, capacity 7384K, committed 7680K, reserved 1056768K
  class space    used 613K, capacity 656K, committed 768K, reserved 1048576K
Event: 15.977 GC heap after
Heap after GC invocations=22 (full 4):
 PSYoungGen      total 1004544K, used 269302K [0x000000076ab00000, 0x00000007c0000000, 0x00000007c0000000)
  eden space 735232K, 0% used [0x000000076ab00000,0x000000076ab00000,0x0000000797900000)
  from space 269312K, 99% used [0x00000007ab000000,0x00000007bb6fdaf8,0x00000007bb700000)
  to   space 318464K, 0% used [0x0000000797900000,0x0000000797900000,0x00000007ab000000)
 ParOldGen       total 849408K, used 576687K [0x00000006c0000000, 0x00000006f3d80000, 0x000000076ab00000)
  object space 849408K, 67% used [0x00000006c0000000,0x00000006e332bed0,0x00000006f3d80000)
 Metaspace       used 6726K, capacity 7384K, committed 7680K, reserved 1056768K
  class space    used 613K, capacity 656K, committed 768K, reserved 1048576K
}
Event: 17.147 GC heap before
{Heap before GC invocations=23 (full 4):
 PSYoungGen      total 1004544K, used 1004534K [0x000000076ab00000, 0x00000007c0000000, 0x00000007c0000000)
  eden space 735232K, 100% used [0x000000076ab00000,0x0000000797900000,0x0000000797900000)
  from space 269312K, 99% used [0x00000007ab000000,0x00000007bb6fdaf8,0x00000007bb700000)
  to   space 318464K, 0% used [0x0000000797900000,0x0000000797900000,0x00000007ab000000)
 ParOldGen       total 849408K, used 576687K [0x00000006c0000000, 0x00000006f3d80000, 0x000000076ab00000)
  object space 849408K, 67% used [0x00000006c0000000,0x00000006e332bed0,0x00000006f3d80000)
 Metaspace       used 6982K, capacity 7640K, committed 7936K, reserved 1056768K
  class space    used 625K, capacity 656K, committed 768K, reserved 1048576K
Event: 17.397 GC heap after
Heap after GC invocations=23 (full 4):
 PSYoungGen      total 1047552K, used 312156K [0x000000076ab00000, 0x00000007c0000000, 0x00000007c0000000)
  eden space 735232K, 0% used [0x000000076ab00000,0x000000076ab00000,0x0000000797900000)
  from space 312320K, 99% used [0x0000000797900000,0x00000007aa9d71b8,0x00000007aaa00000)
  to   space 350208K, 0% used [0x00000007aaa00000,0x00000007aaa00000,0x00000007c0000000)
 ParOldGen       total 849408K, used 651356K [0x00000006c0000000, 0x00000006f3d80000, 0x000000076ab00000)
  object space 849408K, 76% used [0x00000006c0000000,0x00000006e7c17240,0x00000006f3d80000)
 Metaspace       used 6982K, capacity 7640K, committed 7936K, reserved 1056768K
  class space    used 625K, capacity 656K, committed 768K, reserved 1048576K
}
Event: 18.399 GC heap before
{Heap before GC invocations=24 (full 4):
 PSYoungGen      total 1047552K, used 1047388K [0x000000076ab00000, 0x00000007c0000000, 0x00000007c0000000)
  eden space 735232K, 100% used [0x000000076ab00000,0x0000000797900000,0x0000000797900000)
  from space 312320K, 99% used [0x0000000797900000,0x00000007aa9d71b8,0x00000007aaa00000)
  to   space 350208K, 0% used [0x00000007aaa00000,0x00000007aaa00000,0x00000007c0000000)
 ParOldGen       total 849408K, used 651356K [0x00000006c0000000, 0x00000006f3d80000, 0x000000076ab00000)
  object space 849408K, 76% used [0x00000006c0000000,0x00000006e7c17240,0x00000006f3d80000)
 Metaspace       used 6994K, capacity 7640K, committed 7936K, reserved 1056768K
  class space    used 626K, capacity 656K, committed 768K, reserved 1048576K
Event: 18.667 GC heap after
Heap after GC invocations=24 (full 4):
 PSYoungGen      total 834560K, used 350180K [0x000000076ab00000, 0x00000007c0000000, 0x00000007c0000000)
  eden space 484352K, 0% used [0x000000076ab00000,0x000000076ab00000,0x0000000788400000)
  from space 350208K, 99% used [0x00000007aaa00000,0x00000007bfff9138,0x00000007c0000000)
  to   space 456704K, 0% used [0x0000000788400000,0x0000000788400000,0x00000007a4200000)
 ParOldGen       total 849408K, used 737358K [0x00000006c0000000, 0x00000006f3d80000, 0x000000076ab00000)
  object space 849408K, 86% used [0x00000006c0000000,0x00000006ed013b08,0x00000006f3d80000)
 Metaspace       used 6994K, capacity 7640K, committed 7936K, reserved 1056768K
  class space    used 626K, capacity 656K, committed 768K, reserved 1048576K
}
Event: 18.667 GC heap before
{Heap before GC invocations=25 (full 5):
 PSYoungGen      total 834560K, used 350180K [0x000000076ab00000, 0x00000007c0000000, 0x00000007c0000000)
  eden space 484352K, 0% used [0x000000076ab00000,0x000000076ab00000,0x0000000788400000)
  from space 350208K, 99% used [0x00000007aaa00000,0x00000007bfff9138,0x00000007c0000000)
  to   space 456704K, 0% used [0x0000000788400000,0x0000000788400000,0x00000007a4200000)
 ParOldGen       total 849408K, used 737358K [0x00000006c0000000, 0x00000006f3d80000, 0x000000076ab00000)
  object space 849408K, 86% used [0x00000006c0000000,0x00000006ed013b08,0x00000006f3d80000)
 Metaspace       used 6994K, capacity 7640K, committed 7936K, reserved 1056768K
  class space    used 626K, capacity 656K, committed 768K, reserved 1048576K
Event: 21.474 GC heap after
Heap after GC invocations=25 (full 5):
 PSYoungGen      total 834560K, used 0K [0x000000076ab00000, 0x00000007c0000000, 0x00000007c0000000)
  eden space 484352K, 0% used [0x000000076ab00000,0x000000076ab00000,0x0000000788400000)
  from space 350208K, 0% used [0x00000007aaa00000,0x00000007aaa00000,0x00000007c0000000)
  to   space 456704K, 0% used [0x0000000788400000,0x0000000788400000,0x00000007a4200000)
 ParOldGen       total 1122304K, used 775700K [0x00000006c0000000, 0x0000000704800000, 0x000000076ab00000)
  object space 1122304K, 69% used [0x00000006c0000000,0x00000006ef585348,0x0000000704800000)
 Metaspace       used 6994K, capacity 7640K, committed 7936K, reserved 1056768K
  class space    used 626K, capacity 656K, committed 768K, reserved 1048576K
}
Event: 21.853 GC heap before
{Heap before GC invocations=26 (full 5):
 PSYoungGen      total 834560K, used 484352K [0x000000076ab00000, 0x00000007c0000000, 0x00000007c0000000)
  eden space 484352K, 100% used [0x000000076ab00000,0x0000000788400000,0x0000000788400000)
  from space 350208K, 0% used [0x00000007aaa00000,0x00000007aaa00000,0x00000007c0000000)
  to   space 456704K, 0% used [0x0000000788400000,0x0000000788400000,0x00000007a4200000)
 ParOldGen       total 1122304K, used 775700K [0x00000006c0000000, 0x0000000704800000, 0x000000076ab00000)
  object space 1122304K, 69% used [0x00000006c0000000,0x00000006ef585348,0x0000000704800000)
 Metaspace       used 7052K, capacity 7672K, committed 7936K, reserved 1056768K
  class space    used 628K, capacity 688K, committed 768K, reserved 1048576K
Event: 21.905 GC heap after
Heap after GC invocations=26 (full 5):
 PSYoungGen      total 941056K, used 71878K [0x000000076ab00000, 0x00000007c0000000, 0x00000007c0000000)
  eden space 484352K, 0% used [0x000000076ab00000,0x000000076ab00000,0x0000000788400000)
  from space 456704K, 15% used [0x0000000788400000,0x000000078ca31a50,0x00000007a4200000)
  to   space 444416K, 0% used [0x00000007a4e00000,0x00000007a4e00000,0x00000007c0000000)
 ParOldGen       total 1122304K, used 775700K [0x00000006c0000000, 0x0000000704800000, 0x000000076ab00000)
  object space 1122304K, 69% used [0x00000006c0000000,0x00000006ef585348,0x0000000704800000)
 Metaspace       used 7052K, capacity 7672K, committed 7936K, reserved 1056768K
  class space    used 628K, capacity 688K, committed 768K, reserved 1048576K
}

Deoptimization events (10 events):
Event: 18.338 Thread 0x0000000021cc7800 Uncommon trap: reason=class_check action=maybe_recompile pc=0x00000000029a3efc method=com.android.dx.dex.code.form.Form35c.isCompatible(Lcom/android/dx/dex/code/DalvInsn;)Z @ 36
Event: 18.338 Thread 0x0000000021cc7800 Uncommon trap: reason=class_check action=maybe_recompile pc=0x00000000029a3efc method=com.android.dx.dex.code.form.Form35c.isCompatible(Lcom/android/dx/dex/code/DalvInsn;)Z @ 36
Event: 18.353 Thread 0x0000000021cc7800 Uncommon trap: reason=class_check action=maybe_recompile pc=0x0000000002bcb478 method=com.android.dx.dex.code.form.Form3rc.isCompatible(Lcom/android/dx/dex/code/DalvInsn;)Z @ 36
Event: 21.774 Thread 0x000000001e2dd800 Uncommon trap: reason=unstable_if action=reinterpret pc=0x0000000002a62f34 method=com.android.dx.rop.code.RegisterSpec.equals(ILcom/android/dx/rop/type/TypeBearer;Lcom/android/dx/rop/code/LocalItem;)Z @ 31
Event: 21.774 Thread 0x000000001e2dd800 Uncommon trap: reason=unstable_if action=reinterpret pc=0x0000000002d64918 method=com.android.dx.rop.code.RegisterSpec.equals(ILcom/android/dx/rop/type/TypeBearer;Lcom/android/dx/rop/code/LocalItem;)Z @ 31
Event: 21.782 Thread 0x000000001e2dd800 Uncommon trap: reason=unstable_if action=reinterpret pc=0x00000000028f9fa4 method=com.android.dx.rop.code.RegisterSpec.equals(ILcom/android/dx/rop/type/TypeBearer;Lcom/android/dx/rop/code/LocalItem;)Z @ 31
Event: 21.979 Thread 0x0000000021cc7800 Uncommon trap: reason=unstable_if action=reinterpret pc=0x00000000031c4258 method=com.android.dx.dex.file.DebugInfoEncoder.emitLocalsAtAddress(I)I @ 137
Event: 22.059 Thread 0x0000000021cc7800 Uncommon trap: reason=unstable_if action=reinterpret pc=0x0000000003454334 method=java.lang.Long.numberOfTrailingZeros(J)I @ 3
Event: 22.080 Thread 0x0000000021cc7800 Uncommon trap: reason=unstable_if action=reinterpret pc=0x000000000358d078 method=com.android.dx.util.ByteArrayAnnotatedOutput.ensureCapacity(I)V @ 6
Event: 22.081 Thread 0x0000000021cc7800 Uncommon trap: reason=unstable_if action=reinterpret pc=0x0000000002eef2e0 method=com.android.dx.util.ByteArrayAnnotatedOutput.ensureCapacity(I)V @ 6

Classes redefined (0 events):
No events

Internal exceptions (10 events):
Event: 0.697 Thread 0x000000001e2b0800 Implicit null exception at 0x0000000002b1c2dc to 0x0000000002b1e7b9
Event: 0.755 Thread 0x000000001e242800 Implicit null exception at 0x0000000002c888b5 to 0x0000000002c88a7d
Event: 0.839 Thread 0x000000001e2de800 Exception <a 'java/lang/ArrayIndexOutOfBoundsException': 18> (0x000000076dbf2830) thrown at [D:\src\AOSP-openjdk-cygwin\jdk8u\hotspot\src\share\vm\interpreter\interpreterRuntime.cpp, line 366]
Event: 0.839 Thread 0x000000001e2de800 Exception <a 'java/lang/ArrayIndexOutOfBoundsException': 145> (0x000000076dbf43b0) thrown at [D:\src\AOSP-openjdk-cygwin\jdk8u\hotspot\src\share\vm\interpreter\interpreterRuntime.cpp, line 366]
Event: 0.847 Thread 0x000000001e2de800 Exception <a 'java/lang/ArrayIndexOutOfBoundsException': 40> (0x000000076dbf5698) thrown at [D:\src\AOSP-openjdk-cygwin\jdk8u\hotspot\src\share\vm\interpreter\interpreterRuntime.cpp, line 366]
Event: 3.063 Thread 0x000000000249e800 Implicit null exception at 0x00000000029120f0 to 0x0000000002912a79
Event: 5.874 Thread 0x000000001e2de800 Implicit null exception at 0x0000000003215264 to 0x000000000321a8a9
Event: 21.774 Thread 0x000000001e2dd800 Implicit null exception at 0x0000000002a62908 to 0x0000000002a62f09
Event: 21.774 Thread 0x000000001e2dd800 Implicit null exception at 0x0000000002d643b7 to 0x0000000002d648e9
Event: 21.782 Thread 0x000000001e2dd800 Implicit null exception at 0x00000000028f9c0e to 0x00000000028f9f8d

Events (10 events):
Event: 22.057 loading class com/android/dex/EncodedValueCodec done
Event: 22.059 Thread 0x0000000021cc7800 Uncommon trap: trap_request=0xffffff65 fr.pc=0x0000000003454334
Event: 22.059 Thread 0x0000000021cc7800 DEOPT PACKING pc=0x0000000003454334 sp=0x00000000228de720
Event: 22.059 Thread 0x0000000021cc7800 DEOPT UNPACKING pc=0x00000000027d556a sp=0x00000000228de6b0 mode 2
Event: 22.080 Thread 0x0000000021cc7800 Uncommon trap: trap_request=0xffffff65 fr.pc=0x000000000358d078
Event: 22.080 Thread 0x0000000021cc7800 DEOPT PACKING pc=0x000000000358d078 sp=0x00000000228de6a0
Event: 22.080 Thread 0x0000000021cc7800 DEOPT UNPACKING pc=0x00000000027d556a sp=0x00000000228de5d8 mode 2
Event: 22.081 Thread 0x0000000021cc7800 Uncommon trap: trap_request=0xffffff65 fr.pc=0x0000000002eef2e0
Event: 22.081 Thread 0x0000000021cc7800 DEOPT PACKING pc=0x0000000002eef2e0 sp=0x00000000228de630
Event: 22.081 Thread 0x0000000021cc7800 DEOPT UNPACKING pc=0x00000000027d556a sp=0x00000000228de5c8 mode 2


Dynamic libraries:
0x000000013fbc0000 - 0x000000013fbf1000 	C:\Program Files\Android\Android Studio\jre\bin\java.exe
0x00000000774a0000 - 0x000000007764a000 	C:\Windows\SYSTEM32\ntdll.dll
0x0000000077380000 - 0x000000007749f000 	C:\Windows\system32\kernel32.dll
0x000007fefd2d0000 - 0x000007fefd33b000 	C:\Windows\system32\KERNELBASE.dll
0x000007fefd950000 - 0x000007fefda2b000 	C:\Windows\system32\ADVAPI32.dll
0x000007fefd8b0000 - 0x000007fefd94f000 	C:\Windows\system32\msvcrt.dll
0x000007fefdde0000 - 0x000007fefddff000 	C:\Windows\SYSTEM32\sechost.dll
0x000007fefd780000 - 0x000007fefd8ad000 	C:\Windows\system32\RPCRT4.dll
0x0000000077280000 - 0x000000007737a000 	C:\Windows\system32\USER32.dll
0x000007fefdcf0000 - 0x000007fefdd57000 	C:\Windows\system32\GDI32.dll
0x000007fefda30000 - 0x000007fefda3e000 	C:\Windows\system32\LPK.dll
0x000007feff6b0000 - 0x000007feff77a000 	C:\Windows\system32\USP10.dll
0x000007fefb730000 - 0x000007fefb924000 	C:\Windows\WinSxS\amd64_microsoft.windows.common-controls_6595b64144ccf1df_6.0.7601.18837_none_fa3b1e3d17594757\COMCTL32.dll
0x000007fefdf30000 - 0x000007fefdfa1000 	C:\Windows\system32\SHLWAPI.dll
0x000007feff780000 - 0x000007feff7ae000 	C:\Windows\system32\IMM32.DLL
0x000007fefde00000 - 0x000007fefdf09000 	C:\Windows\system32\MSCTF.dll
0x0000000060880000 - 0x0000000060952000 	C:\Program Files\Android\Android Studio\jre\jre\bin\msvcr100.dll
0x000000005f180000 - 0x000000005f9be000 	C:\Program Files\Android\Android Studio\jre\jre\bin\server\jvm.dll
0x000007feed960000 - 0x000007feed969000 	C:\Windows\system32\WSOCK32.dll
0x000007fefe330000 - 0x000007fefe37d000 	C:\Windows\system32\WS2_32.dll
0x000007fefe050000 - 0x000007fefe058000 	C:\Windows\system32\NSI.dll
0x000007fefa6e0000 - 0x000007fefa71b000 	C:\Windows\system32\WINMM.dll
0x000007fefc200000 - 0x000007fefc20c000 	C:\Windows\system32\VERSION.dll
0x0000000077670000 - 0x0000000077677000 	C:\Windows\system32\PSAPI.DLL
0x000007feecf30000 - 0x000007feecf3f000 	C:\Program Files\Android\Android Studio\jre\jre\bin\verify.dll
0x000007feecf00000 - 0x000007feecf29000 	C:\Program Files\Android\Android Studio\jre\jre\bin\java.dll
0x000007feecb60000 - 0x000007feecb76000 	C:\Program Files\Android\Android Studio\jre\jre\bin\zip.dll
0x000007fefe920000 - 0x000007feff6a9000 	C:\Windows\system32\SHELL32.dll
0x000007fefdae0000 - 0x000007fefdce3000 	C:\Windows\system32\ole32.dll
0x000007fefd1f0000 - 0x000007fefd1ff000 	C:\Windows\system32\profapi.dll

VM Arguments:
jvm_args: -Djava.awt.headless=true -Xmx4g -Dfile.encoding=GBK -Duser.country=CN -Duser.language=zh -Duser.variant 
java_command: com.android.dx.command.Main --dex --num-threads=4 --multi-dex --main-dex-list C:\Users\Administrator\Desktop\MLxiao\app\build\intermediates\multi-dex\debug\maindexlist.txt --output C:\Users\Administrator\Desktop\MLxiao\app\build\intermediates\transforms\dex\debug\folders\1000\1f\main C:\Users\Administrator\Desktop\MLxiao\app\build\intermediates\transforms\jarMerging\debug\jars\1\1f\combined.jar
java_class_path (initial): D:\Sdk\sdk\build-tools\25.0.3\lib\dx.jar
Launcher Type: SUN_STANDARD

Environment Variables:
JAVA_HOME=C:\Program Files (x86)\Java\jdk1.8.0_144
CLASSPATH=.;C:\Program Files (x86)\Java\jdk1.8.0_144\lib;C:\Program Files (x86)\Java\jdk1.8.0_144\lib\tools.jar
PATH=C:\ProgramData\Oracle\Java\javapath;C:\Windows\system32;C:\Windows;C:\Windows\System32\Wbem;C:\Windows\System32\WindowsPowerShell\v1.0\;C:\Program Files (x86)\NVIDIA Corporation\PhysX\Common;C:\Program Files (x86)\Java\jdk1.8.0_144\bin;C:\Program Files (x86)\Java\jdk1.8.0_144\jre\bin;C:\Program Files\Git\cmd;D:\Sdk\platform-tools;D:\Sdk\tools;
USERNAME=Administrator
OS=Windows_NT
PROCESSOR_IDENTIFIER=Intel64 Family 6 Model 158 Stepping 9, GenuineIntel



---------------  S Y S T E M  ---------------

OS: Windows 7 , 64 bit Build 7601 (6.1.7601.19160)

CPU:total 4 (initial active 4) (4 cores per cpu, 1 threads per core) family 6 model 158 stepping 9, cmov, cx8, fxsr, mmx, sse, sse2, sse3, ssse3, sse4.1, sse4.2, popcnt, avx, avx2, aes, clmul, erms, 3dnowpref, lzcnt, tsc, tscinvbit, bmi1, bmi2, adx

Memory: 4k page, physical 8335948k(344736k free), swap 10431264k(5468k free)

vm_info: OpenJDK 64-Bit Server VM (25.152-b01) for windows-amd64 JRE (1.8.0_152-release-915-b01), built by "builder" with MS VC++ 10.0 (VS2010)

time: Mon Dec 11 22:39:39 2017
elapsed time: 22 seconds (0d 0h 0m 22s)

