#
# There is insufficient memory for the Java Runtime Environment to continue.
# Native memory allocation (malloc) failed to allocate 1357696 bytes for Chunk::new
# Possible reasons:
#   The system is out of physical RAM or swap space
#   In 32 bit mode, the process size limit was hit
# Possible solutions:
#   Reduce memory load on the system
#   Increase physical memory or swap space
#   Check if swap backing store is full
#   Use 64 bit Java on a 64 bit OS
#   Decrease Java heap size (-Xmx/-Xms)
#   Decrease number of Java threads
#   Decrease Java thread stack sizes (-Xss)
#   Set larger code cache with -XX:ReservedCodeCacheSize=
# This output file may be truncated or incomplete.
#
#  Out of Memory Error (allocation.cpp:390), pid=3708, tid=0x0000000000001a38
#
# JRE version: Java(TM) SE Runtime Environment (8.0_151-b12) (build 1.8.0_151-b12)
# Java VM: Java HotSpot(TM) 64-Bit Server VM (25.151-b12 mixed mode windows-amd64 compressed oops)
# Failed to write core dump. Minidumps are not enabled by default on client versions of Windows
#

---------------  T H R E A D  ---------------

Current thread (0x000000001d410800):  JavaThread "C2 CompilerThread1" daemon [_thread_in_native, id=6712, stack(0x000000001dde0000,0x000000001dee0000)]

Stack: [0x000000001dde0000,0x000000001dee0000]
[error occurred during error reporting (printing stack bounds), id 0xc0000005]

Native frames: (J=compiled Java code, j=interpreted, Vv=VM code, C=native code)


Current CompileTask:
C2:  22297 3900       4       com.android.dx.ssa.back.FirstFitLocalCombiningAllocator::allocateRegisters (37 bytes)


---------------  P R O C E S S  ---------------

Java Threads: ( => current thread )
  0x0000000021541800 JavaThread "pool-1-thread-1" [_thread_in_Java, id=9888, stack(0x00000000220e0000,0x00000000221e0000)]
  0x000000001d7ca000 JavaThread "pool-2-thread-4" [_thread_in_Java, id=9668, stack(0x000000001e960000,0x000000001ea60000)]
  0x000000001d7c9000 JavaThread "pool-2-thread-3" [_thread_blocked, id=10148, stack(0x000000001ec10000,0x000000001ed10000)]
  0x000000001d7cb800 JavaThread "pool-2-thread-2" [_thread_blocked, id=796, stack(0x000000001dac0000,0x000000001dbc0000)]
  0x000000001e1db800 JavaThread "pool-3-thread-1" [_thread_blocked, id=9108, stack(0x000000001ea90000,0x000000001eb90000)]
  0x000000001e1da800 JavaThread "pool-2-thread-1" [_thread_blocked, id=2196, stack(0x000000001e850000,0x000000001e950000)]
  0x000000001d48e800 JavaThread "Service Thread" daemon [_thread_blocked, id=5812, stack(0x0000000012da0000,0x0000000012ea0000)]
  0x000000001d411000 JavaThread "C1 CompilerThread2" daemon [_thread_blocked, id=5056, stack(0x000000001df30000,0x000000001e030000)]
=>0x000000001d410800 JavaThread "C2 CompilerThread1" daemon [_thread_in_native, id=6712, stack(0x000000001dde0000,0x000000001dee0000)]
  0x000000001d3fa800 JavaThread "C2 CompilerThread0" daemon [_thread_blocked, id=6056, stack(0x000000001dc20000,0x000000001dd20000)]
  0x000000001d3f9800 JavaThread "Attach Listener" daemon [_thread_blocked, id=6920, stack(0x000000001d860000,0x000000001d960000)]
  0x000000001d3f8800 JavaThread "Signal Dispatcher" daemon [_thread_blocked, id=5940, stack(0x000000001d9b0000,0x000000001dab0000)]
  0x000000001c179800 JavaThread "Finalizer" daemon [_thread_blocked, id=8888, stack(0x000000001d2f0000,0x000000001d3f0000)]
  0x000000001c132800 JavaThread "Reference Handler" daemon [_thread_blocked, id=9856, stack(0x000000001d0f0000,0x000000001d1f0000)]
  0x00000000003ae000 JavaThread "main" [_thread_blocked, id=9756, stack(0x0000000002720000,0x0000000002820000)]

Other Threads:
  0x000000001c12b000 VMThread [stack: 0x000000001d1f0000,0x000000001d2f0000] [id=8776]
  0x000000001d4f1800 WatcherThread [stack: 0x0000000012950000,0x0000000012a50000] [id=7244]

VM state:not at safepoint (normal execution)

VM Mutex/Monitor currently owned by a thread: None

Heap:
 PSYoungGen      total 1023488K, used 616589K [0x000000076ab00000, 0x00000007c0000000, 0x00000007c0000000)
  eden space 717824K, 85% used [0x000000076ab00000,0x0000000790523568,0x0000000796800000)
  from space 305664K, 0% used [0x00000007ad580000,0x00000007ad580000,0x00000007c0000000)
  to   space 339968K, 0% used [0x0000000796800000,0x0000000796800000,0x00000007ab400000)
 ParOldGen       total 1293312K, used 889658K [0x00000006c0000000, 0x000000070ef00000, 0x000000076ab00000)
  object space 1293312K, 68% used [0x00000006c0000000,0x00000006f64ce890,0x000000070ef00000)
 Metaspace       used 7168K, capacity 7672K, committed 7936K, reserved 1056768K
  class space    used 659K, capacity 688K, committed 768K, reserved 1048576K

Card table byte_map: [0x0000000011be0000,0x00000000123f0000] byte_map_base: 0x000000000e5e0000

Marking Bits: (ParMarkBitMap*) 0x00000000547dd850
 Begin Bits: [0x0000000012fa0000, 0x0000000016fa0000)
 End Bits:   [0x0000000016fa0000, 0x000000001afa0000)

Polling page: 0x0000000000230000

CodeCache: size=245760Kb used=14987Kb max_used=15773Kb free=230772Kb
 bounds [0x0000000002820000, 0x00000000037a0000, 0x0000000011820000]
 total_blobs=3415 nmethods=3145 adapters=182
 compilation: enabled

Compilation events (10 events):
Event: 22.196 Thread 0x000000001d411000 3920       3       java.util.ArrayDeque::add (7 bytes)
Event: 22.196 Thread 0x000000001d411000 nmethod 3920 0x0000000002b3cad0 code [0x0000000002b3cc40, 0x0000000002b3cde8]
Event: 22.196 Thread 0x000000001d411000 3919   !   3       java.util.zip.Inflater::reset (69 bytes)
Event: 22.196 Thread 0x000000001d411000 nmethod 3919 0x0000000002b38b50 code [0x0000000002b38ce0, 0x0000000002b39158]
Event: 22.245 Thread 0x000000001d411000 3921       3       java.lang.System$2::getEnumConstantsShared (8 bytes)
Event: 22.245 Thread 0x000000001d411000 nmethod 3921 0x0000000002c91950 code [0x0000000002c91ac0, 0x0000000002c91dc8]
Event: 22.257 Thread 0x000000001d411000 3922       3       java.util.concurrent.ConcurrentHashMap::get (162 bytes)
Event: 22.258 Thread 0x000000001d411000 nmethod 3922 0x0000000002ee2750 code [0x0000000002ee2960, 0x0000000002ee34f8]
Event: 22.258 Thread 0x000000001d411000 3923       3       com.android.dx.rop.type.Prototype::intern (43 bytes)
Event: 22.258 Thread 0x000000001d411000 nmethod 3923 0x0000000002ee1c10 code [0x0000000002ee1de0, 0x0000000002ee2518]

GC Heap History (10 events):
Event: 11.839 GC heap before
{Heap before GC invocations=19 (full 4):
 PSYoungGen      total 909824K, used 111141K [0x000000076ab00000, 0x00000007b7880000, 0x00000007c0000000)
  eden space 707584K, 0% used [0x000000076ab00000,0x000000076ab00000,0x0000000795e00000)
  from space 202240K, 54% used [0x0000000795e00000,0x000000079ca894c0,0x00000007a2380000)
  to   space 203264K, 0% used [0x00000007ab200000,0x00000007ab200000,0x00000007b7880000)
 ParOldGen       total 576000K, used 575580K [0x00000006c0000000, 0x00000006e3280000, 0x000000076ab00000)
  object space 576000K, 99% used [0x00000006c0000000,0x00000006e3217340,0x00000006e3280000)
 Metaspace       used 6768K, capacity 7384K, committed 7680K, reserved 1056768K
  class space    used 639K, capacity 656K, committed 768K, reserved 1048576K
Event: 14.257 GC heap after
Heap after GC invocations=19 (full 4):
 PSYoungGen      total 909824K, used 100637K [0x000000076ab00000, 0x00000007b7880000, 0x00000007c0000000)
  eden space 707584K, 0% used [0x000000076ab00000,0x000000076ab00000,0x0000000795e00000)
  from space 202240K, 49% used [0x0000000795e00000,0x000000079c047668,0x00000007a2380000)
  to   space 203264K, 0% used [0x00000007ab200000,0x00000007ab200000,0x00000007b7880000)
 ParOldGen       total 898048K, used 575852K [0x00000006c0000000, 0x00000006f6d00000, 0x000000076ab00000)
  object space 898048K, 64% used [0x00000006c0000000,0x00000006e325b368,0x00000006f6d00000)
 Metaspace       used 6768K, capacity 7384K, committed 7680K, reserved 1056768K
  class space    used 639K, capacity 656K, committed 768K, reserved 1048576K
}
Event: 15.130 GC heap before
{Heap before GC invocations=20 (full 4):
 PSYoungGen      total 909824K, used 808221K [0x000000076ab00000, 0x00000007b7880000, 0x00000007c0000000)
  eden space 707584K, 100% used [0x000000076ab00000,0x0000000795e00000,0x0000000795e00000)
  from space 202240K, 49% used [0x0000000795e00000,0x000000079c047668,0x00000007a2380000)
  to   space 203264K, 0% used [0x00000007ab200000,0x00000007ab200000,0x00000007b7880000)
 ParOldGen       total 898048K, used 575852K [0x00000006c0000000, 0x00000006f6d00000, 0x000000076ab00000)
  object space 898048K, 64% used [0x00000006c0000000,0x00000006e325b368,0x00000006f6d00000)
 Metaspace       used 6771K, capacity 7384K, committed 7680K, reserved 1056768K
  class space    used 639K, capacity 656K, committed 768K, reserved 1048576K
Event: 15.362 GC heap after
Heap after GC invocations=20 (full 4):
 PSYoungGen      total 1022976K, used 200594K [0x000000076ab00000, 0x00000007ba000000, 0x00000007c0000000)
  eden space 819712K, 0% used [0x000000076ab00000,0x000000076ab00000,0x000000079cb80000)
  from space 203264K, 98% used [0x00000007ab200000,0x00000007b75e4a80,0x00000007b7880000)
  to   space 236032K, 0% used [0x000000079cb80000,0x000000079cb80000,0x00000007ab200000)
 ParOldGen       total 898048K, used 575852K [0x00000006c0000000, 0x00000006f6d00000, 0x000000076ab00000)
  object space 898048K, 64% used [0x00000006c0000000,0x00000006e325b368,0x00000006f6d00000)
 Metaspace       used 6771K, capacity 7384K, committed 7680K, reserved 1056768K
  class space    used 639K, capacity 656K, committed 768K, reserved 1048576K
}
Event: 16.467 GC heap before
{Heap before GC invocations=21 (full 4):
 PSYoungGen      total 1022976K, used 1020306K [0x000000076ab00000, 0x00000007ba000000, 0x00000007c0000000)
  eden space 819712K, 100% used [0x000000076ab00000,0x000000079cb80000,0x000000079cb80000)
  from space 203264K, 98% used [0x00000007ab200000,0x00000007b75e4a80,0x00000007b7880000)
  to   space 236032K, 0% used [0x000000079cb80000,0x000000079cb80000,0x00000007ab200000)
 ParOldGen       total 898048K, used 575852K [0x00000006c0000000, 0x00000006f6d00000, 0x000000076ab00000)
  object space 898048K, 64% used [0x00000006c0000000,0x00000006e325b368,0x00000006f6d00000)
 Metaspace       used 6879K, capacity 7448K, committed 7680K, reserved 1056768K
  class space    used 645K, capacity 656K, committed 768K, reserved 1048576K
Event: 16.690 GC heap after
Heap after GC invocations=21 (full 4):
 PSYoungGen      total 1055744K, used 236029K [0x000000076ab00000, 0x00000007c0000000, 0x00000007c0000000)
  eden space 819712K, 0% used [0x000000076ab00000,0x000000076ab00000,0x000000079cb80000)
  from space 236032K, 99% used [0x000000079cb80000,0x00000007ab1ff530,0x00000007ab200000)
  to   space 305664K, 0% used [0x00000007ad580000,0x00000007ad580000,0x00000007c0000000)
 ParOldGen       total 898048K, used 656872K [0x00000006c0000000, 0x00000006f6d00000, 0x000000076ab00000)
  object space 898048K, 73% used [0x00000006c0000000,0x00000006e817a0e8,0x00000006f6d00000)
 Metaspace       used 6879K, capacity 7448K, committed 7680K, reserved 1056768K
  class space    used 645K, capacity 656K, committed 768K, reserved 1048576K
}
Event: 18.061 GC heap before
{Heap before GC invocations=22 (full 4):
 PSYoungGen      total 1055744K, used 1055741K [0x000000076ab00000, 0x00000007c0000000, 0x00000007c0000000)
  eden space 819712K, 100% used [0x000000076ab00000,0x000000079cb80000,0x000000079cb80000)
  from space 236032K, 99% used [0x000000079cb80000,0x00000007ab1ff530,0x00000007ab200000)
  to   space 305664K, 0% used [0x00000007ad580000,0x00000007ad580000,0x00000007c0000000)
 ParOldGen       total 898048K, used 656872K [0x00000006c0000000, 0x00000006f6d00000, 0x000000076ab00000)
  object space 898048K, 73% used [0x00000006c0000000,0x00000006e817a0e8,0x00000006f6d00000)
 Metaspace       used 7163K, capacity 7672K, committed 7936K, reserved 1056768K
  class space    used 659K, capacity 688K, committed 768K, reserved 1048576K
Event: 18.356 GC heap after
Heap after GC invocations=22 (full 4):
 PSYoungGen      total 1023488K, used 258240K [0x000000076ab00000, 0x00000007c0000000, 0x00000007c0000000)
  eden space 717824K, 0% used [0x000000076ab00000,0x000000076ab00000,0x0000000796800000)
  from space 305664K, 84% used [0x00000007ad580000,0x00000007bd1b0280,0x00000007c0000000)
  to   space 339968K, 0% used [0x0000000796800000,0x0000000796800000,0x00000007ab400000)
 ParOldGen       total 898048K, used 780633K [0x00000006c0000000, 0x00000006f6d00000, 0x000000076ab00000)
  object space 898048K, 86% used [0x00000006c0000000,0x00000006efa56720,0x00000006f6d00000)
 Metaspace       used 7163K, capacity 7672K, committed 7936K, reserved 1056768K
  class space    used 659K, capacity 688K, committed 768K, reserved 1048576K
}
Event: 18.356 GC heap before
{Heap before GC invocations=23 (full 5):
 PSYoungGen      total 1023488K, used 258240K [0x000000076ab00000, 0x00000007c0000000, 0x00000007c0000000)
  eden space 717824K, 0% used [0x000000076ab00000,0x000000076ab00000,0x0000000796800000)
  from space 305664K, 84% used [0x00000007ad580000,0x00000007bd1b0280,0x00000007c0000000)
  to   space 339968K, 0% used [0x0000000796800000,0x0000000796800000,0x00000007ab400000)
 ParOldGen       total 898048K, used 780633K [0x00000006c0000000, 0x00000006f6d00000, 0x000000076ab00000)
  object space 898048K, 86% used [0x00000006c0000000,0x00000006efa56720,0x00000006f6d00000)
 Metaspace       used 7163K, capacity 7672K, committed 7936K, reserved 1056768K
  class space    used 659K, capacity 688K, committed 768K, reserved 1048576K
Event: 21.608 GC heap after
Heap after GC invocations=23 (full 5):
 PSYoungGen      total 1023488K, used 0K [0x000000076ab00000, 0x00000007c0000000, 0x00000007c0000000)
  eden space 717824K, 0% used [0x000000076ab00000,0x000000076ab00000,0x0000000796800000)
  from space 305664K, 0% used [0x00000007ad580000,0x00000007ad580000,0x00000007c0000000)
  to   space 339968K, 0% used [0x0000000796800000,0x0000000796800000,0x00000007ab400000)
 ParOldGen       total 1293312K, used 889658K [0x00000006c0000000, 0x000000070ef00000, 0x000000076ab00000)
  object space 1293312K, 68% used [0x00000006c0000000,0x00000006f64ce890,0x000000070ef00000)
 Metaspace       used 7163K, capacity 7672K, committed 7936K, reserved 1056768K
  class space    used 659K, capacity 688K, committed 768K, reserved 1048576K
}

Deoptimization events (10 events):
Event: 17.471 Thread 0x0000000021541800 Uncommon trap: reason=array_check action=maybe_recompile pc=0x000000000292f7a8 method=java.util.ComparableTimSort.binarySort([Ljava/lang/Object;III)V @ 183
Event: 17.487 Thread 0x0000000021541800 Uncommon trap: reason=array_check action=maybe_recompile pc=0x00000000029941e4 method=java.util.ComparableTimSort.binarySort([Ljava/lang/Object;III)V @ 215
Event: 17.500 Thread 0x0000000021541800 Uncommon trap: reason=unstable_if action=reinterpret pc=0x0000000002f7152c method=com.android.dx.dex.code.OutputFinisher.align64bits([Lcom/android/dx/dex/code/Dop;)V @ 205
Event: 17.529 Thread 0x0000000021541800 Uncommon trap: reason=array_check action=maybe_recompile pc=0x00000000029941e4 method=java.util.ComparableTimSort.binarySort([Ljava/lang/Object;III)V @ 215
Event: 17.641 Thread 0x0000000021541800 Uncommon trap: reason=unstable_if action=reinterpret pc=0x0000000002ce086c method=com.android.dx.dex.code.LocalList$MakeState.snapshot(ILcom/android/dx/rop/code/RegisterSpecSet;)V @ 86
Event: 17.833 Thread 0x0000000021541800 Uncommon trap: reason=null_check action=make_not_entrant pc=0x00000000030d1028 method=com.android.dx.dex.code.LocalList$MakeState.checkForEmptyRange(ILcom/android/dx/rop/code/RegisterSpec;)Z @ 119
Event: 22.143 Thread 0x0000000021541800 Uncommon trap: reason=class_check action=maybe_recompile pc=0x00000000032221ac method=com.android.dx.dex.code.form.Form35c.isCompatible(Lcom/android/dx/dex/code/DalvInsn;)Z @ 36
Event: 22.143 Thread 0x0000000021541800 Uncommon trap: reason=class_check action=maybe_recompile pc=0x00000000032221ac method=com.android.dx.dex.code.form.Form35c.isCompatible(Lcom/android/dx/dex/code/DalvInsn;)Z @ 36
Event: 22.257 Thread 0x00000000003ae000 Uncommon trap: reason=unstable_if action=reinterpret pc=0x0000000003480d2c method=java.util.concurrent.ConcurrentHashMap.get(Ljava/lang/Object;)Ljava/lang/Object; @ 76
Event: 22.257 Thread 0x00000000003ae000 Uncommon trap: reason=unstable_if action=reinterpret pc=0x0000000002d2649c method=java.util.concurrent.ConcurrentHashMap.get(Ljava/lang/Object;)Ljava/lang/Object; @ 76

Internal exceptions (10 events):
Event: 0.540 Thread 0x000000001e1da800 Implicit null exception at 0x0000000002c1c59f to 0x0000000002c1d7a5
Event: 0.673 Thread 0x000000001d7ca000 Implicit null exception at 0x0000000002c4f5fc to 0x0000000002c5197d
Event: 0.765 Thread 0x000000001d7cb800 Exception <a 'java/lang/ArrayIndexOutOfBoundsException': 18> (0x000000076ecf2460) thrown at [C:\re\workspace\8-2-build-windows-amd64-cygwin\jdk8u151\9699\hotspot\src\share\vm\interpreter\interpreterRuntime.cpp, line 366]
Event: 0.765 Thread 0x000000001d7cb800 Exception <a 'java/lang/ArrayIndexOutOfBoundsException': 145> (0x000000076ecf3fe0) thrown at [C:\re\workspace\8-2-build-windows-amd64-cygwin\jdk8u151\9699\hotspot\src\share\vm\interpreter\interpreterRuntime.cpp, line 366]
Event: 0.765 Thread 0x000000001d7cb800 Exception <a 'java/lang/ArrayIndexOutOfBoundsException'> (0x000000076ecf52c8) thrown at [C:\re\workspace\8-2-build-windows-amd64-cygwin\jdk8u151\9699\hotspot\src\share\vm\runtime\sharedRuntime.cpp, line 605]
Event: 3.789 Thread 0x00000000003ae000 Implicit null exception at 0x00000000029980d0 to 0x0000000002998a5d
Event: 5.419 Thread 0x000000001d7ca000 Implicit null exception at 0x000000000330eb3e to 0x0000000003311b90
Event: 8.982 Thread 0x000000001d7c9000 Implicit null exception at 0x00000000030f36cc to 0x00000000030f9845
Event: 11.549 Thread 0x000000001d7c9000 Implicit null exception at 0x00000000033a2d0d to 0x00000000033a2fa4
Event: 17.833 Thread 0x0000000021541800 Implicit null exception at 0x00000000030ccee4 to 0x00000000030d1005

Events (10 events):
Event: 22.143 Thread 0x0000000021541800 DEOPT UNPACKING pc=0x000000000286582a sp=0x00000000221de828 mode 2
Event: 22.143 Thread 0x0000000021541800 Uncommon trap: trap_request=0xffffffde fr.pc=0x00000000032221ac
Event: 22.143 Thread 0x0000000021541800 DEOPT PACKING pc=0x00000000032221ac sp=0x00000000221de8a0
Event: 22.143 Thread 0x0000000021541800 DEOPT UNPACKING pc=0x000000000286582a sp=0x00000000221de828 mode 2
Event: 22.257 Thread 0x00000000003ae000 Uncommon trap: trap_request=0xffffff65 fr.pc=0x0000000003480d2c
Event: 22.257 Thread 0x00000000003ae000 DEOPT PACKING pc=0x0000000003480d2c sp=0x000000000281ea30
Event: 22.257 Thread 0x00000000003ae000 DEOPT UNPACKING pc=0x000000000286582a sp=0x000000000281e9b0 mode 2
Event: 22.257 Thread 0x00000000003ae000 Uncommon trap: trap_request=0xffffff65 fr.pc=0x0000000002d2649c
Event: 22.257 Thread 0x00000000003ae000 DEOPT PACKING pc=0x0000000002d2649c sp=0x000000000281e900
Event: 22.257 Thread 0x00000000003ae000 DEOPT UNPACKING pc=0x000000000286582a sp=0x000000000281e870 mode 2


Dynamic libraries:
0x000000013f550000 - 0x000000013f587000 	C:\Program Files\Java\jdk1.8.0_151\bin\java.exe
0x0000000077710000 - 0x00000000778ba000 	C:\Windows\SYSTEM32\ntdll.dll
0x00000000774f0000 - 0x000000007760f000 	C:\Windows\system32\kernel32.dll
0x000007fefd6c0000 - 0x000007fefd72b000 	C:\Windows\system32\KERNELBASE.dll
0x000007feff5d0000 - 0x000007feff6ab000 	C:\Windows\system32\ADVAPI32.dll
0x000007fefdf40000 - 0x000007fefdfdf000 	C:\Windows\system32\msvcrt.dll
0x000007feff410000 - 0x000007feff42f000 	C:\Windows\SYSTEM32\sechost.dll
0x000007feff6b0000 - 0x000007feff7dd000 	C:\Windows\system32\RPCRT4.dll
0x0000000077610000 - 0x000000007770a000 	C:\Windows\system32\USER32.dll
0x000007feff4e0000 - 0x000007feff547000 	C:\Windows\system32\GDI32.dll
0x000007feff460000 - 0x000007feff46e000 	C:\Windows\system32\LPK.dll
0x000007feff950000 - 0x000007feffa1a000 	C:\Windows\system32\USP10.dll
0x000007fefb960000 - 0x000007fefbb54000 	C:\Windows\WinSxS\amd64_microsoft.windows.common-controls_6595b64144ccf1df_6.0.7601.18837_none_fa3b1e3d17594757\COMCTL32.dll
0x000007feff550000 - 0x000007feff5c1000 	C:\Windows\system32\SHLWAPI.dll
0x000007feff430000 - 0x000007feff45e000 	C:\Windows\system32\IMM32.DLL
0x000007fefd8b0000 - 0x000007fefd9b9000 	C:\Windows\system32\MSCTF.dll
0x000000005b920000 - 0x000000005b9f2000 	C:\Program Files\Java\jdk1.8.0_151\jre\bin\msvcr100.dll
0x0000000053fc0000 - 0x000000005485d000 	C:\Program Files\Java\jdk1.8.0_151\jre\bin\server\jvm.dll
0x000007fefc030000 - 0x000007fefc039000 	C:\Windows\system32\WSOCK32.dll
0x000007feff7e0000 - 0x000007feff82d000 	C:\Windows\system32\WS2_32.dll
0x000007feff4d0000 - 0x000007feff4d8000 	C:\Windows\system32\NSI.dll
0x000007fefb320000 - 0x000007fefb35b000 	C:\Windows\system32\WINMM.dll
0x000007fefc470000 - 0x000007fefc47c000 	C:\Windows\system32\VERSION.dll
0x00000000778e0000 - 0x00000000778e7000 	C:\Windows\system32\PSAPI.DLL
0x000000006ffa0000 - 0x000000006ffaf000 	C:\Program Files\Java\jdk1.8.0_151\jre\bin\verify.dll
0x000000005d290000 - 0x000000005d2b9000 	C:\Program Files\Java\jdk1.8.0_151\jre\bin\java.dll
0x000000005d270000 - 0x000000005d286000 	C:\Program Files\Java\jdk1.8.0_151\jre\bin\zip.dll
0x000007fefdfe0000 - 0x000007fefed69000 	C:\Windows\system32\SHELL32.dll
0x000007fefdb50000 - 0x000007fefdd53000 	C:\Windows\system32\ole32.dll
0x000007fefd460000 - 0x000007fefd46f000 	C:\Windows\system32\profapi.dll

VM Arguments:
jvm_args: -Djava.awt.headless=true -Xmx4g -Dfile.encoding=GBK -Duser.country=CN -Duser.language=zh -Duser.variant 
java_command: com.android.dx.command.Main --dex --num-threads=4 --multi-dex --main-dex-list C:\Users\Administrator\Desktop\MLxiao\app\build\intermediates\multi-dex\debug\maindexlist.txt --output C:\Users\Administrator\Desktop\MLxiao\app\build\intermediates\transforms\dex\debug\folders\1000\1f\main C:\Users\Administrator\Desktop\MLxiao\app\build\intermediates\transforms\jarMerging\debug\jars\1\1f\combined.jar
java_class_path (initial): D:\Sdk\build-tools\26.0.1\lib\dx.jar
Launcher Type: SUN_STANDARD

Environment Variables:
JAVA_HOME=C:\Program Files\Java\jdk1.8.0_151
CLASSPATH=.;C:\Program Files\Java\jdk1.8.0_151\lib;C:\Program Files\Java\jdk1.8.0_151\lib\tools.jar;C:\Program Files\Java\jdk1.8.0_151\lib\dt.jar;
PATH=C:\Program Files (x86)\Common Files\Intel\Shared Libraries\redist\intel64\compiler;C:\Windows\system32;C:\Windows;C:\Windows\System32\Wbem;C:\Windows\System32\WindowsPowerShell\v1.0\;C:\Program Files (x86)\NVIDIA Corporation\PhysX\Common;C:\Program Files\Java\jdk1.8.0_151\bin;C:\Program Files\Java\jdk1.8.0_151\jre1.8.0_151\bin;C:\Program Files\Git\cmd;D:\Sdk\platform-tools;D:\Sdk\tools;C:\Program Files\Common Files\Autodesk Shared\;C:\Program Files (x86)\Python\Scripts\;C:\Program Files (x86)\Python\;
USERNAME=Administrator
OS=Windows_NT
PROCESSOR_IDENTIFIER=Intel64 Family 6 Model 158 Stepping 9, GenuineIntel



---------------  S Y S T E M  ---------------

OS: Windows 7 , 64 bit Build 7601 (6.1.7601.19160)

CPU:total 4 (initial active 4) (4 cores per cpu, 1 threads per core) family 6 model 158 stepping 9, cmov, cx8, fxsr, mmx, sse, sse2, sse3, ssse3, sse4.1, sse4.2, popcnt, avx, avx2, aes, clmul, erms, 3dnowpref, lzcnt, tsc, tscinvbit, bmi1, bmi2, adx

Memory: 4k page, physical 8335948k(725428k free), swap 10294304k(22248k free)

vm_info: Java HotSpot(TM) 64-Bit Server VM (25.151-b12) for windows-amd64 JRE (1.8.0_151-b12), built on Sep  5 2017 19:33:46 by "java_re" with MS VC++ 10.0 (VS2010)

time: Thu Feb 01 16:19:46 2018
elapsed time: 22 seconds (0d 0h 0m 22s)

