#
# There is insufficient memory for the Java Runtime Environment to continue.
# Native memory allocation (malloc) failed to allocate 32744 bytes for ChunkPool::allocate
# Possible reasons:
#   The system is out of physical RAM or swap space
#   In 32 bit mode, the process size limit was hit
# Possible solutions:
#   Reduce memory load on the system
#   Increase physical memory or swap space
#   Check if swap backing store is full
#   Use 64 bit Java on a 64 bit OS
#   Decrease Java heap size (-Xmx/-Xms)
#   Decrease number of Java threads
#   Decrease Java thread stack sizes (-Xss)
#   Set larger code cache with -XX:ReservedCodeCacheSize=
# This output file may be truncated or incomplete.
#
#  Out of Memory Error (allocation.cpp:273), pid=6348, tid=0x0000000000001c84
#
# JRE version: Java(TM) SE Runtime Environment (8.0_151-b12) (build 1.8.0_151-b12)
# Java VM: Java HotSpot(TM) 64-Bit Server VM (25.151-b12 mixed mode windows-amd64 compressed oops)
# Failed to write core dump. Minidumps are not enabled by default on client versions of Windows
#

---------------  T H R E A D  ---------------

Current thread (0x000000001d510800):  JavaThread "C2 CompilerThread1" daemon [_thread_in_native, id=7300, stack(0x000000001de60000,0x000000001df60000)]

Stack: [0x000000001de60000,0x000000001df60000]
[error occurred during error reporting (printing stack bounds), id 0xc0000005]

Native frames: (J=compiled Java code, j=interpreted, Vv=VM code, C=native code)


Current CompileTask:
C2:   6309 2066       4       com.android.dx.cf.code.Ropper::addExceptionSetupBlocks (203 bytes)


---------------  P R O C E S S  ---------------

Java Threads: ( => current thread )
  0x000000001d7d2000 JavaThread "pool-2-thread-4" [_thread_blocked, id=8076, stack(0x000000001e1a0000,0x000000001e2a0000)]
  0x000000001d7d0000 JavaThread "pool-2-thread-3" [_thread_blocked, id=4932, stack(0x000000001e570000,0x000000001e670000)]
  0x000000001d7c8800 JavaThread "pool-2-thread-2" [_thread_in_vm, id=6588, stack(0x000000001e3e0000,0x000000001e4e0000)]
  0x000000001d6af800 JavaThread "pool-3-thread-1" [_thread_blocked, id=6720, stack(0x000000001e2c0000,0x000000001e3c0000)]
  0x000000001d6ae000 JavaThread "pool-2-thread-1" [_thread_blocked, id=5932, stack(0x000000001d900000,0x000000001da00000)]
  0x000000001d574800 JavaThread "Service Thread" daemon [_thread_blocked, id=7188, stack(0x000000001ce90000,0x000000001cf90000)]
  0x000000001d511000 JavaThread "C1 CompilerThread2" daemon [_thread_in_native, id=5856, stack(0x000000001dd10000,0x000000001de10000)]
=>0x000000001d510800 JavaThread "C2 CompilerThread1" daemon [_thread_in_native, id=7300, stack(0x000000001de60000,0x000000001df60000)]
  0x000000001d4fb000 JavaThread "C2 CompilerThread0" daemon [_thread_in_native, id=5728, stack(0x000000001dbe0000,0x000000001dce0000)]
  0x000000001d4f9800 JavaThread "Attach Listener" daemon [_thread_blocked, id=7056, stack(0x000000001da30000,0x000000001db30000)]
  0x000000001d4f8800 JavaThread "Signal Dispatcher" daemon [_thread_blocked, id=7344, stack(0x000000001d0f0000,0x000000001d1f0000)]
  0x000000001be74000 JavaThread "Finalizer" daemon [_thread_blocked, id=4856, stack(0x000000001d3f0000,0x000000001d4f0000)]
  0x000000001be32800 JavaThread "Reference Handler" daemon [_thread_blocked, id=6496, stack(0x000000001d240000,0x000000001d340000)]
  0x00000000022ae000 JavaThread "main" [_thread_in_vm, id=7768, stack(0x00000000024d0000,0x00000000025d0000)]

Other Threads:
  0x000000001be2b000 VMThread [stack: 0x000000001cfa0000,0x000000001d0a0000] [id=8000]
  0x000000001d5b0000 WatcherThread [stack: 0x000000001e020000,0x000000001e120000] [id=7472]

VM state:not at safepoint (normal execution)

VM Mutex/Monitor currently owned by a thread: None

Heap:
 PSYoungGen      total 138240K, used 93307K [0x000000076ab00000, 0x0000000773700000, 0x00000007c0000000)
  eden space 133120K, 66% used [0x000000076ab00000,0x0000000770121508,0x0000000772d00000)
  from space 5120K, 99% used [0x0000000773200000,0x00000007736fd8a0,0x0000000773700000)
  to   space 5120K, 0% used [0x0000000772d00000,0x0000000772d00000,0x0000000773200000)
 ParOldGen       total 87552K, used 48539K [0x00000006c0000000, 0x00000006c5580000, 0x000000076ab00000)
  object space 87552K, 55% used [0x00000006c0000000,0x00000006c2f66e88,0x00000006c5580000)
 Metaspace       used 6189K, capacity 7094K, committed 7296K, reserved 1056768K
  class space    used 605K, capacity 622K, committed 640K, reserved 1048576K

Card table byte_map: [0x0000000011990000,0x00000000121a0000] byte_map_base: 0x000000000e390000

Marking Bits: (ParMarkBitMap*) 0x000000006372d850
 Begin Bits: [0x0000000012ca0000, 0x0000000016ca0000)
 End Bits:   [0x0000000016ca0000, 0x000000001aca0000)

Polling page: 0x0000000000150000

CodeCache: size=245760Kb used=9274Kb max_used=9274Kb free=236485Kb
 bounds [0x00000000025d0000, 0x0000000002ef0000, 0x00000000115d0000]
 total_blobs=2235 nmethods=1971 adapters=177
 compilation: enabled

Compilation events (10 events):
Event: 6.174 Thread 0x000000001d511000 nmethod 2063 0x0000000002ee08d0 code [0x0000000002ee0a80, 0x0000000002ee11f8]
Event: 6.174 Thread 0x000000001d511000 2065       3       java.util.RegularEnumSet::addAll (23 bytes)
Event: 6.174 Thread 0x000000001d511000 nmethod 2065 0x0000000002ee0510 code [0x0000000002ee0660, 0x0000000002ee0810]
Event: 6.174 Thread 0x000000001d511000 2064       3       com.android.dx.cf.code.Simulator$SimVisitor::<init> (23 bytes)
Event: 6.174 Thread 0x000000001d511000 nmethod 2064 0x0000000002ee0090 code [0x0000000002ee0200, 0x0000000002ee0410]
Event: 6.175 Thread 0x000000001d4fb000 2067 %     4       com.android.dx.ssa.SCCP::run @ 133 (298 bytes)
Event: 6.175 Thread 0x000000001d511000 2069       3       java.util.concurrent.locks.ReentrantLock::lock (8 bytes)
Event: 6.175 Thread 0x000000001d511000 nmethod 2069 0x0000000002ee5850 code [0x0000000002ee59c0, 0x0000000002ee5be8]
Event: 6.176 Thread 0x000000001d511000 2070       3       com.android.dx.rop.code.BasicBlockList$RegCountVisitor::visitPlainCstInsn (6 bytes)
Event: 6.176 Thread 0x000000001d511000 nmethod 2070 0x0000000002ee5c90 code [0x0000000002ee5e00, 0x0000000002ee5f88]

GC Heap History (8 events):
Event: 1.328 GC heap before
{Heap before GC invocations=1 (full 0):
 PSYoungGen      total 38400K, used 33280K [0x000000076ab00000, 0x000000076d580000, 0x00000007c0000000)
  eden space 33280K, 100% used [0x000000076ab00000,0x000000076cb80000,0x000000076cb80000)
  from space 5120K, 0% used [0x000000076d080000,0x000000076d080000,0x000000076d580000)
  to   space 5120K, 0% used [0x000000076cb80000,0x000000076cb80000,0x000000076d080000)
 ParOldGen       total 87552K, used 0K [0x00000006c0000000, 0x00000006c5580000, 0x000000076ab00000)
  object space 87552K, 0% used [0x00000006c0000000,0x00000006c0000000,0x00000006c5580000)
 Metaspace       used 5810K, capacity 6772K, committed 7040K, reserved 1056768K
  class space    used 600K, capacity 620K, committed 640K, reserved 1048576K
Event: 1.343 GC heap after
Heap after GC invocations=1 (full 0):
 PSYoungGen      total 38400K, used 5115K [0x000000076ab00000, 0x000000076f600000, 0x00000007c0000000)
  eden space 33280K, 0% used [0x000000076ab00000,0x000000076ab00000,0x000000076cb80000)
  from space 5120K, 99% used [0x000000076cb80000,0x000000076d07eca0,0x000000076d080000)
  to   space 5120K, 0% used [0x000000076f100000,0x000000076f100000,0x000000076f600000)
 ParOldGen       total 87552K, used 5524K [0x00000006c0000000, 0x00000006c5580000, 0x000000076ab00000)
  object space 87552K, 6% used [0x00000006c0000000,0x00000006c0565168,0x00000006c5580000)
 Metaspace       used 5810K, capacity 6772K, committed 7040K, reserved 1056768K
  class space    used 600K, capacity 620K, committed 640K, reserved 1048576K
}
Event: 1.757 GC heap before
{Heap before GC invocations=2 (full 0):
 PSYoungGen      total 38400K, used 38395K [0x000000076ab00000, 0x000000076f600000, 0x00000007c0000000)
  eden space 33280K, 100% used [0x000000076ab00000,0x000000076cb80000,0x000000076cb80000)
  from space 5120K, 99% used [0x000000076cb80000,0x000000076d07eca0,0x000000076d080000)
  to   space 5120K, 0% used [0x000000076f100000,0x000000076f100000,0x000000076f600000)
 ParOldGen       total 87552K, used 5524K [0x00000006c0000000, 0x00000006c5580000, 0x000000076ab00000)
  object space 87552K, 6% used [0x00000006c0000000,0x00000006c0565168,0x00000006c5580000)
 Metaspace       used 5916K, capacity 6900K, committed 7040K, reserved 1056768K
  class space    used 601K, capacity 620K, committed 640K, reserved 1048576K
Event: 1.827 GC heap after
Heap after GC invocations=2 (full 0):
 PSYoungGen      total 71680K, used 5089K [0x000000076ab00000, 0x000000076f600000, 0x00000007c0000000)
  eden space 66560K, 0% used [0x000000076ab00000,0x000000076ab00000,0x000000076ec00000)
  from space 5120K, 99% used [0x000000076f100000,0x000000076f5f8600,0x000000076f600000)
  to   space 5120K, 0% used [0x000000076ec00000,0x000000076ec00000,0x000000076f100000)
 ParOldGen       total 87552K, used 16001K [0x00000006c0000000, 0x00000006c5580000, 0x000000076ab00000)
  object space 87552K, 18% used [0x00000006c0000000,0x00000006c0fa07a8,0x00000006c5580000)
 Metaspace       used 5916K, capacity 6900K, committed 7040K, reserved 1056768K
  class space    used 601K, capacity 620K, committed 640K, reserved 1048576K
}
Event: 2.050 GC heap before
{Heap before GC invocations=3 (full 0):
 PSYoungGen      total 71680K, used 71649K [0x000000076ab00000, 0x000000076f600000, 0x00000007c0000000)
  eden space 66560K, 100% used [0x000000076ab00000,0x000000076ec00000,0x000000076ec00000)
  from space 5120K, 99% used [0x000000076f100000,0x000000076f5f8600,0x000000076f600000)
  to   space 5120K, 0% used [0x000000076ec00000,0x000000076ec00000,0x000000076f100000)
 ParOldGen       total 87552K, used 16001K [0x00000006c0000000, 0x00000006c5580000, 0x000000076ab00000)
  object space 87552K, 18% used [0x00000006c0000000,0x00000006c0fa07a8,0x00000006c5580000)
 Metaspace       used 6010K, capacity 6964K, committed 7040K, reserved 1056768K
  class space    used 601K, capacity 620K, committed 640K, reserved 1048576K
Event: 2.067 GC heap after
Heap after GC invocations=3 (full 0):
 PSYoungGen      total 71680K, used 5098K [0x000000076ab00000, 0x0000000773700000, 0x00000007c0000000)
  eden space 66560K, 0% used [0x000000076ab00000,0x000000076ab00000,0x000000076ec00000)
  from space 5120K, 99% used [0x000000076ec00000,0x000000076f0fab80,0x000000076f100000)
  to   space 5120K, 0% used [0x0000000773200000,0x0000000773200000,0x0000000773700000)
 ParOldGen       total 87552K, used 33076K [0x00000006c0000000, 0x00000006c5580000, 0x000000076ab00000)
  object space 87552K, 37% used [0x00000006c0000000,0x00000006c204d078,0x00000006c5580000)
 Metaspace       used 6010K, capacity 6964K, committed 7040K, reserved 1056768K
  class space    used 601K, capacity 620K, committed 640K, reserved 1048576K
}
Event: 2.830 GC heap before
{Heap before GC invocations=4 (full 0):
 PSYoungGen      total 71680K, used 71658K [0x000000076ab00000, 0x0000000773700000, 0x00000007c0000000)
  eden space 66560K, 100% used [0x000000076ab00000,0x000000076ec00000,0x000000076ec00000)
  from space 5120K, 99% used [0x000000076ec00000,0x000000076f0fab80,0x000000076f100000)
  to   space 5120K, 0% used [0x0000000773200000,0x0000000773200000,0x0000000773700000)
 ParOldGen       total 87552K, used 33076K [0x00000006c0000000, 0x00000006c5580000, 0x000000076ab00000)
  object space 87552K, 37% used [0x00000006c0000000,0x00000006c204d078,0x00000006c5580000)
 Metaspace       used 6047K, capacity 6966K, committed 7040K, reserved 1056768K
  class space    used 604K, capacity 622K, committed 640K, reserved 1048576K
Event: 2.880 GC heap after
Heap after GC invocations=4 (full 0):
 PSYoungGen      total 138240K, used 5110K [0x000000076ab00000, 0x0000000773700000, 0x00000007c0000000)
  eden space 133120K, 0% used [0x000000076ab00000,0x000000076ab00000,0x0000000772d00000)
  from space 5120K, 99% used [0x0000000773200000,0x00000007736fd8a0,0x0000000773700000)
  to   space 5120K, 0% used [0x0000000772d00000,0x0000000772d00000,0x0000000773200000)
 ParOldGen       total 87552K, used 48539K [0x00000006c0000000, 0x00000006c5580000, 0x000000076ab00000)
  object space 87552K, 55% used [0x00000006c0000000,0x00000006c2f66e88,0x00000006c5580000)
 Metaspace       used 6047K, capacity 6966K, committed 7040K, reserved 1056768K
  class space    used 604K, capacity 622K, committed 640K, reserved 1048576K
}

Deoptimization events (10 events):
Event: 2.800 Thread 0x000000001d6ae000 Uncommon trap: reason=unstable_if action=reinterpret pc=0x0000000002a86588 method=com.android.dx.rop.code.InsnList.contentEquals(Lcom/android/dx/rop/code/InsnList;)Z @ 25
Event: 2.800 Thread 0x000000001d6ae000 Uncommon trap: reason=unstable_if action=reinterpret pc=0x0000000002a69110 method=com.android.dx.util.LabeledList.set(ILcom/android/dx/util/LabeledItem;)V @ 16
Event: 2.800 Thread 0x000000001d6ae000 Uncommon trap: reason=unstable_if action=reinterpret pc=0x00000000028cd274 method=com.android.dx.util.LabeledList.set(ILcom/android/dx/util/LabeledItem;)V @ 16
Event: 2.800 Thread 0x000000001d6ae000 Uncommon trap: reason=unstable_if action=reinterpret pc=0x0000000002b857bc method=com.android.dx.rop.code.BasicBlock.hasExceptionHandlers()Z @ 17
Event: 3.085 Thread 0x000000001d7d0000 Uncommon trap: reason=unstable_if action=reinterpret pc=0x0000000002ccc678 method=com.android.dx.rop.code.LocalVariableInfo.mergeStarts(ILcom/android/dx/rop/code/RegisterSpecSet;)Z @ 56
Event: 3.500 Thread 0x000000001d7c8800 Uncommon trap: reason=unstable_if action=reinterpret pc=0x0000000002a745b8 method=com.android.dx.cf.code.BaseMachine.popArgs(Lcom/android/dx/cf/code/Frame;I)V @ 15
Event: 3.626 Thread 0x000000001d7c8800 Uncommon trap: reason=bimorphic action=maybe_recompile pc=0x0000000002a5b7d0 method=com.android.dx.rop.code.InsnList.contentEquals(Lcom/android/dx/rop/code/InsnList;)Z @ 38
Event: 3.696 Thread 0x000000001d7d2000 Uncommon trap: reason=bimorphic action=maybe_recompile pc=0x0000000002a5b7d0 method=com.android.dx.rop.code.InsnList.contentEquals(Lcom/android/dx/rop/code/InsnList;)Z @ 38
Event: 3.696 Thread 0x000000001d7d2000 Uncommon trap: reason=bimorphic action=maybe_recompile pc=0x0000000002a5b7d0 method=com.android.dx.rop.code.InsnList.contentEquals(Lcom/android/dx/rop/code/InsnList;)Z @ 38
Event: 4.251 Thread 0x000000001d7d0000 Uncommon trap: reason=bimorphic action=maybe_recompile pc=0x0000000002a5b7d0 method=com.android.dx.rop.code.InsnList.contentEquals(Lcom/android/dx/rop/code/InsnList;)Z @ 38

Internal exceptions (2 events):
Event: 0.027 Thread 0x00000000022ae000 Exception <a 'java/lang/NoSuchMethodError': Method sun.misc.Unsafe.defineClass(Ljava/lang/String;[BII)Ljava/lang/Class; name or signature does not match> (0x000000076ab07ca8) thrown at [C:\re\workspace\8-2-build-windows-amd64-cygwin\jdk8u151\9699\hotspot\
Event: 0.027 Thread 0x00000000022ae000 Exception <a 'java/lang/NoSuchMethodError': Method sun.misc.Unsafe.prefetchRead(Ljava/lang/Object;J)V name or signature does not match> (0x000000076ab07f90) thrown at [C:\re\workspace\8-2-build-windows-amd64-cygwin\jdk8u151\9699\hotspot\src\share\vm\prims

Events (10 events):
Event: 4.819 Thread 0x000000001d7c8800 DEOPT PACKING pc=0x0000000002c20dd6 sp=0x000000001e4de980
Event: 4.819 Thread 0x000000001d7c8800 DEOPT UNPACKING pc=0x000000000261787f sp=0x000000001e4de6a0 mode 0
Event: 4.820 Thread 0x000000001d7c8800 DEOPT PACKING pc=0x0000000002aced5c sp=0x000000001e4de750
Event: 4.820 Thread 0x000000001d7c8800 DEOPT UNPACKING pc=0x000000000261787f sp=0x000000001e4de498 mode 0
Event: 4.826 Thread 0x000000001d7c8800 DEOPT PACKING pc=0x0000000002b04c10 sp=0x000000001e4de950
Event: 4.826 Thread 0x000000001d7c8800 DEOPT UNPACKING pc=0x000000000261787f sp=0x000000001e4de6a8 mode 0
Event: 5.936 Thread 0x000000001d7d0000 DEOPT PACKING pc=0x00000000029ab089 sp=0x000000001e66eb20
Event: 5.936 Thread 0x000000001d7d0000 DEOPT UNPACKING pc=0x000000000261787f sp=0x000000001e66e900 mode 0
Event: 6.173 Thread 0x000000001d7d0000 DEOPT PACKING pc=0x0000000002adf3bc sp=0x000000001e66ed90
Event: 6.173 Thread 0x000000001d7d0000 DEOPT UNPACKING pc=0x000000000261787f sp=0x000000001e66eb78 mode 0


Dynamic libraries:
0x000000013f490000 - 0x000000013f4c7000 	C:\Program Files\Java\jdk1.8.0_151\bin\java.exe
0x0000000077a30000 - 0x0000000077bda000 	C:\Windows\SYSTEM32\ntdll.dll
0x0000000077910000 - 0x0000000077a2f000 	C:\Windows\system32\kernel32.dll
0x000007fefd800000 - 0x000007fefd86b000 	C:\Windows\system32\KERNELBASE.dll
0x000007feffac0000 - 0x000007feffb9b000 	C:\Windows\system32\ADVAPI32.dll
0x000007fefe7b0000 - 0x000007fefe84f000 	C:\Windows\system32\msvcrt.dll
0x000007fefeaf0000 - 0x000007fefeb0f000 	C:\Windows\SYSTEM32\sechost.dll
0x000007fefe060000 - 0x000007fefe18d000 	C:\Windows\system32\RPCRT4.dll
0x0000000077810000 - 0x000000007790a000 	C:\Windows\system32\USER32.dll
0x000007feffcd0000 - 0x000007feffd37000 	C:\Windows\system32\GDI32.dll
0x000007fefeb10000 - 0x000007fefeb1e000 	C:\Windows\system32\LPK.dll
0x000007fefdf90000 - 0x000007fefe05a000 	C:\Windows\system32\USP10.dll
0x000007fefbc80000 - 0x000007fefbe74000 	C:\Windows\WinSxS\amd64_microsoft.windows.common-controls_6595b64144ccf1df_6.0.7601.18837_none_fa3b1e3d17594757\COMCTL32.dll
0x000007feffc40000 - 0x000007feffcb1000 	C:\Windows\system32\SHLWAPI.dll
0x000007feffa90000 - 0x000007feffabe000 	C:\Windows\system32\IMM32.DLL
0x000007fefe9e0000 - 0x000007fefeae9000 	C:\Windows\system32\MSCTF.dll
0x0000000062d50000 - 0x0000000062e22000 	C:\Program Files\Java\jdk1.8.0_151\jre\bin\msvcr100.dll
0x0000000062f10000 - 0x00000000637ad000 	C:\Program Files\Java\jdk1.8.0_151\jre\bin\server\jvm.dll
0x000007fefbfd0000 - 0x000007fefbfd9000 	C:\Windows\system32\WSOCK32.dll
0x000007fefe990000 - 0x000007fefe9dd000 	C:\Windows\system32\WS2_32.dll
0x000007feffcc0000 - 0x000007feffcc8000 	C:\Windows\system32\NSI.dll
0x000007fefb180000 - 0x000007fefb1bb000 	C:\Windows\system32\WINMM.dll
0x000007fefc790000 - 0x000007fefc79c000 	C:\Windows\system32\VERSION.dll
0x0000000077c00000 - 0x0000000077c07000 	C:\Windows\system32\PSAPI.DLL
0x0000000073360000 - 0x000000007336f000 	C:\Program Files\Java\jdk1.8.0_151\jre\bin\verify.dll
0x000000006e740000 - 0x000000006e769000 	C:\Program Files\Java\jdk1.8.0_151\jre\bin\java.dll
0x000000006e780000 - 0x000000006e796000 	C:\Program Files\Java\jdk1.8.0_151\jre\bin\zip.dll
0x000007fefed00000 - 0x000007feffa89000 	C:\Windows\system32\SHELL32.dll
0x000007fefe190000 - 0x000007fefe393000 	C:\Windows\system32\ole32.dll
0x000007fefd770000 - 0x000007fefd77f000 	C:\Windows\system32\profapi.dll

VM Arguments:
jvm_args: -Djava.awt.headless=true -Xmx4g -Dfile.encoding=GBK -Duser.country=CN -Duser.language=zh -Duser.variant 
java_command: com.android.dx.command.Main --dex --force-jumbo --num-threads=4 --multi-dex --output C:\Users\Administrator\Desktop\MLxiao\app\build\intermediates\transforms\dex\debug\folders\1000\5\slice_4 C:\Users\Administrator\Desktop\MLxiao\app\build\intermediates\transforms\instantRunSlicer\debug\folders\1\5\slice_4
java_class_path (initial): D:\Sdk\build-tools\25.0.3\lib\dx.jar
Launcher Type: SUN_STANDARD

Environment Variables:
JAVA_HOME=C:\Program Files\Java\jdk1.8.0_151
CLASSPATH=.;C:\Program Files\Java\jdk1.8.0_151\lib;C:\Program Files\Java\jdk1.8.0_151\lib\tools.jar;C:\Program Files\Java\jdk1.8.0_151\lib\dt.jar;
PATH=C:\Program Files (x86)\Common Files\Intel\Shared Libraries\redist\intel64\compiler;C:\Windows\system32;C:\Windows;C:\Windows\System32\Wbem;C:\Windows\System32\WindowsPowerShell\v1.0\;C:\Program Files (x86)\NVIDIA Corporation\PhysX\Common;C:\Program Files\Java\jdk1.8.0_151\bin;C:\Program Files\Java\jdk1.8.0_151\jre1.8.0_151\bin;C:\Program Files\Git\cmd;D:\Sdk\platform-tools;D:\Sdk\tools;C:\Program Files\Common Files\Autodesk Shared\;C:\Program Files (x86)\Python\Scripts\;C:\Program Files (x86)\Python\;
USERNAME=Administrator
OS=Windows_NT
PROCESSOR_IDENTIFIER=Intel64 Family 6 Model 158 Stepping 9, GenuineIntel



---------------  S Y S T E M  ---------------

OS: Windows 7 , 64 bit Build 7601 (6.1.7601.19160)

CPU:total 4 (initial active 4) (4 cores per cpu, 1 threads per core) family 6 model 158 stepping 9, cmov, cx8, fxsr, mmx, sse, sse2, sse3, ssse3, sse4.1, sse4.2, popcnt, avx, avx2, aes, clmul, erms, 3dnowpref, lzcnt, tsc, tscinvbit, bmi1, bmi2, adx

Memory: 4k page, physical 8335948k(559796k free), swap 10431264k(5064k free)

vm_info: Java HotSpot(TM) 64-Bit Server VM (25.151-b12) for windows-amd64 JRE (1.8.0_151-b12), built on Sep  5 2017 19:33:46 by "java_re" with MS VC++ 10.0 (VS2010)

time: Wed Jan 03 15:15:51 2018
elapsed time: 6 seconds (0d 0h 0m 6s)

