#
# There is insufficient memory for the Java Runtime Environment to continue.
# Native memory allocation (malloc) failed to allocate 75856 bytes for Chunk::new
# Possible reasons:
#   The system is out of physical RAM or swap space
#   In 32 bit mode, the process size limit was hit
# Possible solutions:
#   Reduce memory load on the system
#   Increase physical memory or swap space
#   Check if swap backing store is full
#   Use 64 bit Java on a 64 bit OS
#   Decrease Java heap size (-Xmx/-Xms)
#   Decrease number of Java threads
#   Decrease Java thread stack sizes (-Xss)
#   Set larger code cache with -XX:ReservedCodeCacheSize=
# This output file may be truncated or incomplete.
#
#  Out of Memory Error (allocation.cpp:390), pid=1704, tid=0x0000000000002a94
#
# JRE version: Java(TM) SE Runtime Environment (8.0_151-b12) (build 1.8.0_151-b12)
# Java VM: Java HotSpot(TM) 64-Bit Server VM (25.151-b12 mixed mode windows-amd64 compressed oops)
# Failed to write core dump. Minidumps are not enabled by default on client versions of Windows
#

---------------  T H R E A D  ---------------

Current thread (0x000000001d44d000):  JavaThread "C2 CompilerThread1" daemon [_thread_in_native, id=10900, stack(0x000000001da30000,0x000000001db30000)]

Stack: [0x000000001da30000,0x000000001db30000]
[error occurred during error reporting (printing stack bounds), id 0xc0000005]

Native frames: (J=compiled Java code, j=interpreted, Vv=VM code, C=native code)


Current CompileTask:
C2:    979 1572       4       com.android.dx.ssa.back.LivenessAnalyzer::run (231 bytes)


---------------  P R O C E S S  ---------------

Java Threads: ( => current thread )
  0x000000001e24a000 JavaThread "pool-2-thread-4" [_thread_blocked, id=10100, stack(0x000000001ee60000,0x000000001ef60000)]
  0x000000001e24b800 JavaThread "pool-2-thread-3" [_thread_blocked, id=8412, stack(0x000000001d230000,0x000000001d330000)]
  0x000000001e36e800 JavaThread "pool-2-thread-2" [_thread_blocked, id=8424, stack(0x000000001ece0000,0x000000001ede0000)]
  0x000000001e36b000 JavaThread "pool-3-thread-1" [_thread_blocked, id=10416, stack(0x000000001eb90000,0x000000001ec90000)]
  0x000000001e2a2000 JavaThread "pool-2-thread-1" [_thread_blocked, id=4716, stack(0x000000001ea80000,0x000000001eb80000)]
  0x000000001d4a8000 JavaThread "Service Thread" daemon [_thread_blocked, id=11216, stack(0x000000001dff0000,0x000000001e0f0000)]
  0x000000001d455800 JavaThread "C1 CompilerThread2" daemon [_thread_blocked, id=10332, stack(0x000000001de10000,0x000000001df10000)]
=>0x000000001d44d000 JavaThread "C2 CompilerThread1" daemon [_thread_in_native, id=10900, stack(0x000000001da30000,0x000000001db30000)]
  0x000000001bf8e800 JavaThread "C2 CompilerThread0" daemon [_thread_in_native, id=10528, stack(0x000000001dbc0000,0x000000001dcc0000)]
  0x000000001d43b000 JavaThread "Attach Listener" daemon [_thread_blocked, id=8500, stack(0x000000001ce80000,0x000000001cf80000)]
  0x000000001bf7d800 JavaThread "Signal Dispatcher" daemon [_thread_blocked, id=10876, stack(0x000000001d930000,0x000000001da30000)]
  0x000000001bf69800 JavaThread "Finalizer" daemon [_thread_blocked, id=8868, stack(0x000000001d330000,0x000000001d430000)]
  0x000000001bf22800 JavaThread "Reference Handler" daemon [_thread_blocked, id=10800, stack(0x000000001d130000,0x000000001d230000)]
  0x00000000024ce000 JavaThread "main" [_thread_blocked, id=7492, stack(0x0000000002610000,0x0000000002710000)]

Other Threads:
  0x000000001bf1b000 VMThread [stack: 0x000000001cff0000,0x000000001d0f0000] [id=8088]
  0x000000001d4ab800 WatcherThread [stack: 0x000000001e130000,0x000000001e230000] [id=10864]

VM state:at safepoint (normal execution)

VM Mutex/Monitor currently owned by a thread:  ([mutex/lock_event])
[0x00000000024cc710] Threads_lock - owner thread: 0x000000001bf1b000
[0x00000000024ccc10] Heap_lock - owner thread: 0x00000000024ce000

Heap:
 PSYoungGen      total 38400K, used 38368K [0x000000076ab00000, 0x000000076d580000, 0x00000007c0000000)
  eden space 33280K, 100% used [0x000000076ab00000,0x000000076cb80000,0x000000076cb80000)
  from space 5120K, 99% used [0x000000076d080000,0x000000076d5782d8,0x000000076d580000)
  to   space 5120K, 99% used [0x000000076cb80000,0x000000076d07f9b8,0x000000076d080000)
 ParOldGen       total 87552K, used 9691K [0x00000006c0000000, 0x00000006c5580000, 0x000000076ab00000)
  object space 87552K, 11% used [0x00000006c0000000,0x00000006c0976dd0,0x00000006c5580000)
 Metaspace       used 6369K, capacity 7192K, committed 7424K, reserved 1056768K
  class space    used 616K, capacity 656K, committed 768K, reserved 1048576K

Card table byte_map: [0x0000000011ad0000,0x00000000122e0000] byte_map_base: 0x000000000e4d0000

Marking Bits: (ParMarkBitMap*) 0x00000000624cd850
 Begin Bits: [0x0000000012d90000, 0x0000000016d90000)
 End Bits:   [0x0000000016d90000, 0x000000001ad90000)

Polling page: 0x0000000000140000

CodeCache: size=245760Kb used=6443Kb max_used=6443Kb free=239316Kb
 bounds [0x0000000002710000, 0x0000000002d60000, 0x0000000011710000]
 total_blobs=1914 nmethods=1646 adapters=179
 compilation: disabled (not enough contiguous free space left)

Compilation events (10 events):
Event: 0.913 Thread 0x000000001d455800 1657       2       com.android.dx.cf.code.RopperMachine::<init> (134 bytes)
Event: 0.913 Thread 0x000000001d455800 nmethod 1657 0x0000000002d5a9d0 code [0x0000000002d5aba0, 0x0000000002d5b118]
Event: 0.913 Thread 0x000000001d455800 1660       2       com.android.dx.rop.type.Type::isArray (19 bytes)
Event: 0.913 Thread 0x000000001d455800 nmethod 1660 0x0000000002d5b410 code [0x0000000002d5b580, 0x0000000002d5b7a8]
Event: 0.913 Thread 0x000000001d455800 1658       2       com.android.dx.cf.code.Simulator::<init> (71 bytes)
Event: 0.914 Thread 0x000000001d455800 nmethod 1658 0x0000000002d5b910 code [0x0000000002d5baa0, 0x0000000002d5be78]
Event: 0.914 Thread 0x000000001d455800 1661       2       java.util.HashMap$HashIterator::nextNode (100 bytes)
Event: 0.914 Thread 0x000000001d455800 nmethod 1661 0x0000000002d5c050 code [0x0000000002d5c1e0, 0x0000000002d5c578]
Event: 0.914 Thread 0x000000001d455800 1662       2       com.android.dx.rop.code.ThrowingInsn::withNewRegisters (21 bytes)
Event: 0.914 Thread 0x000000001d455800 nmethod 1662 0x0000000002d5c790 code [0x0000000002d5c900, 0x0000000002d5cae8]

GC Heap History (10 events):
Event: 0.336 GC heap before
{Heap before GC invocations=2 (full 0):
 PSYoungGen      total 38400K, used 38095K [0x000000076ab00000, 0x000000076d580000, 0x00000007c0000000)
  eden space 33280K, 100% used [0x000000076ab00000,0x000000076cb80000,0x000000076cb80000)
  from space 5120K, 94% used [0x000000076cb80000,0x000000076d033ca0,0x000000076d080000)
  to   space 5120K, 0% used [0x000000076d080000,0x000000076d080000,0x000000076d580000)
 ParOldGen       total 87552K, used 8K [0x00000006c0000000, 0x00000006c5580000, 0x000000076ab00000)
  object space 87552K, 0% used [0x00000006c0000000,0x00000006c0002000,0x00000006c5580000)
 Metaspace       used 3657K, capacity 4784K, committed 5120K, reserved 1056768K
  class space    used 396K, capacity 424K, committed 512K, reserved 1048576K
Event: 0.339 GC heap after
Heap after GC invocations=2 (full 0):
 PSYoungGen      total 38400K, used 4638K [0x000000076ab00000, 0x000000076d580000, 0x00000007c0000000)
  eden space 33280K, 0% used [0x000000076ab00000,0x000000076ab00000,0x000000076cb80000)
  from space 5120K, 90% used [0x000000076d080000,0x000000076d507bc8,0x000000076d580000)
  to   space 5120K, 0% used [0x000000076cb80000,0x000000076cb80000,0x000000076d080000)
 ParOldGen       total 87552K, used 16K [0x00000006c0000000, 0x00000006c5580000, 0x000000076ab00000)
  object space 87552K, 0% used [0x00000006c0000000,0x00000006c0004000,0x00000006c5580000)
 Metaspace       used 3657K, capacity 4784K, committed 5120K, reserved 1056768K
  class space    used 396K, capacity 424K, committed 512K, reserved 1048576K
}
Event: 0.350 GC heap before
{Heap before GC invocations=3 (full 0):
 PSYoungGen      total 38400K, used 37918K [0x000000076ab00000, 0x000000076d580000, 0x00000007c0000000)
  eden space 33280K, 100% used [0x000000076ab00000,0x000000076cb80000,0x000000076cb80000)
  from space 5120K, 90% used [0x000000076d080000,0x000000076d507bc8,0x000000076d580000)
  to   space 5120K, 0% used [0x000000076cb80000,0x000000076cb80000,0x000000076d080000)
 ParOldGen       total 87552K, used 16K [0x00000006c0000000, 0x00000006c5580000, 0x000000076ab00000)
  object space 87552K, 0% used [0x00000006c0000000,0x00000006c0004000,0x00000006c5580000)
 Metaspace       used 3665K, capacity 4784K, committed 5120K, reserved 1056768K
  class space    used 396K, capacity 424K, committed 512K, reserved 1048576K
Event: 0.354 GC heap after
Heap after GC invocations=3 (full 0):
 PSYoungGen      total 38400K, used 4590K [0x000000076ab00000, 0x000000076d580000, 0x00000007c0000000)
  eden space 33280K, 0% used [0x000000076ab00000,0x000000076ab00000,0x000000076cb80000)
  from space 5120K, 89% used [0x000000076cb80000,0x000000076cffbbd8,0x000000076d080000)
  to   space 5120K, 0% used [0x000000076d080000,0x000000076d080000,0x000000076d580000)
 ParOldGen       total 87552K, used 16K [0x00000006c0000000, 0x00000006c5580000, 0x000000076ab00000)
  object space 87552K, 0% used [0x00000006c0000000,0x00000006c0004000,0x00000006c5580000)
 Metaspace       used 3665K, capacity 4784K, committed 5120K, reserved 1056768K
  class space    used 396K, capacity 424K, committed 512K, reserved 1048576K
}
Event: 0.365 GC heap before
{Heap before GC invocations=4 (full 0):
 PSYoungGen      total 38400K, used 37870K [0x000000076ab00000, 0x000000076d580000, 0x00000007c0000000)
  eden space 33280K, 100% used [0x000000076ab00000,0x000000076cb80000,0x000000076cb80000)
  from space 5120K, 89% used [0x000000076cb80000,0x000000076cffbbd8,0x000000076d080000)
  to   space 5120K, 0% used [0x000000076d080000,0x000000076d080000,0x000000076d580000)
 ParOldGen       total 87552K, used 16K [0x00000006c0000000, 0x00000006c5580000, 0x000000076ab00000)
  object space 87552K, 0% used [0x00000006c0000000,0x00000006c0004000,0x00000006c5580000)
 Metaspace       used 3666K, capacity 4784K, committed 5120K, reserved 1056768K
  class space    used 396K, capacity 424K, committed 512K, reserved 1048576K
Event: 0.367 GC heap after
Heap after GC invocations=4 (full 0):
 PSYoungGen      total 38400K, used 4638K [0x000000076ab00000, 0x000000076d580000, 0x00000007c0000000)
  eden space 33280K, 0% used [0x000000076ab00000,0x000000076ab00000,0x000000076cb80000)
  from space 5120K, 90% used [0x000000076d080000,0x000000076d507bc8,0x000000076d580000)
  to   space 5120K, 0% used [0x000000076cb80000,0x000000076cb80000,0x000000076d080000)
 ParOldGen       total 87552K, used 24K [0x00000006c0000000, 0x00000006c5580000, 0x000000076ab00000)
  object space 87552K, 0% used [0x00000006c0000000,0x00000006c0006000,0x00000006c5580000)
 Metaspace       used 3666K, capacity 4784K, committed 5120K, reserved 1056768K
  class space    used 396K, capacity 424K, committed 512K, reserved 1048576K
}
Event: 0.528 GC heap before
{Heap before GC invocations=5 (full 0):
 PSYoungGen      total 38400K, used 37918K [0x000000076ab00000, 0x000000076d580000, 0x00000007c0000000)
  eden space 33280K, 100% used [0x000000076ab00000,0x000000076cb80000,0x000000076cb80000)
  from space 5120K, 90% used [0x000000076d080000,0x000000076d507bc8,0x000000076d580000)
  to   space 5120K, 0% used [0x000000076cb80000,0x000000076cb80000,0x000000076d080000)
 ParOldGen       total 87552K, used 24K [0x00000006c0000000, 0x00000006c5580000, 0x000000076ab00000)
  object space 87552K, 0% used [0x00000006c0000000,0x00000006c0006000,0x00000006c5580000)
 Metaspace       used 5486K, capacity 6390K, committed 6528K, reserved 1056768K
  class space    used 600K, capacity 622K, committed 640K, reserved 1048576K
Event: 0.531 GC heap after
Heap after GC invocations=5 (full 0):
 PSYoungGen      total 38400K, used 5110K [0x000000076ab00000, 0x000000076d580000, 0x00000007c0000000)
  eden space 33280K, 0% used [0x000000076ab00000,0x000000076ab00000,0x000000076cb80000)
  from space 5120K, 99% used [0x000000076cb80000,0x000000076d07d860,0x000000076d080000)
  to   space 5120K, 0% used [0x000000076d080000,0x000000076d080000,0x000000076d580000)
 ParOldGen       total 87552K, used 2006K [0x00000006c0000000, 0x00000006c5580000, 0x000000076ab00000)
  object space 87552K, 2% used [0x00000006c0000000,0x00000006c01f5a08,0x00000006c5580000)
 Metaspace       used 5486K, capacity 6390K, committed 6528K, reserved 1056768K
  class space    used 600K, capacity 622K, committed 640K, reserved 1048576K
}
Event: 0.815 GC heap before
{Heap before GC invocations=6 (full 0):
 PSYoungGen      total 38400K, used 38390K [0x000000076ab00000, 0x000000076d580000, 0x00000007c0000000)
  eden space 33280K, 100% used [0x000000076ab00000,0x000000076cb80000,0x000000076cb80000)
  from space 5120K, 99% used [0x000000076cb80000,0x000000076d07d860,0x000000076d080000)
  to   space 5120K, 0% used [0x000000076d080000,0x000000076d080000,0x000000076d580000)
 ParOldGen       total 87552K, used 2006K [0x00000006c0000000, 0x00000006c5580000, 0x000000076ab00000)
  object space 87552K, 2% used [0x00000006c0000000,0x00000006c01f5a08,0x00000006c5580000)
 Metaspace       used 6233K, capacity 7064K, committed 7424K, reserved 1056768K
  class space    used 614K, capacity 656K, committed 768K, reserved 1048576K
Event: 0.824 GC heap after
Heap after GC invocations=6 (full 0):
 PSYoungGen      total 38400K, used 5088K [0x000000076ab00000, 0x000000076d580000, 0x00000007c0000000)
  eden space 33280K, 0% used [0x000000076ab00000,0x000000076ab00000,0x000000076cb80000)
  from space 5120K, 99% used [0x000000076d080000,0x000000076d5782d8,0x000000076d580000)
  to   space 5120K, 0% used [0x000000076cb80000,0x000000076cb80000,0x000000076d080000)
 ParOldGen       total 87552K, used 7878K [0x00000006c0000000, 0x00000006c5580000, 0x000000076ab00000)
  object space 87552K, 8% used [0x00000006c0000000,0x00000006c07b1ba8,0x00000006c5580000)
 Metaspace       used 6233K, capacity 7064K, committed 7424K, reserved 1056768K
  class space    used 614K, capacity 656K, committed 768K, reserved 1048576K
}

Deoptimization events (10 events):
Event: 0.701 Thread 0x00000000024ce000 Uncommon trap: reason=unloaded action=reinterpret pc=0x0000000002a7ccec method=com.android.dx.cf.cst.ConstantPoolParser.parse0(ILjava/util/BitSet;)Lcom/android/dx/rop/cst/Constant; @ 176
Event: 0.741 Thread 0x000000001e24a000 Uncommon trap: reason=class_check action=maybe_recompile pc=0x0000000002aa2d40 method=com.android.dx.rop.type.Type.equals(Ljava/lang/Object;)Z @ 8
Event: 0.741 Thread 0x000000001e24a000 Uncommon trap: reason=class_check action=maybe_recompile pc=0x0000000002aa2d40 method=com.android.dx.rop.type.Type.equals(Ljava/lang/Object;)Z @ 8
Event: 0.766 Thread 0x000000001e2a2000 Uncommon trap: reason=null_check action=make_not_entrant pc=0x0000000002b3c748 method=com.android.dx.ssa.SsaRenamer.getLocalForNewReg(I)Lcom/android/dx/rop/code/LocalItem; @ 19
Event: 0.813 Thread 0x000000001e2a2000 Uncommon trap: reason=unstable_if action=reinterpret pc=0x0000000002a7649c method=com.android.dx.rop.code.RegisterSpecSet.put(Lcom/android/dx/rop/code/RegisterSpec;)V @ 77
Event: 0.813 Thread 0x000000001e2a2000 Uncommon trap: reason=unstable_if action=reinterpret pc=0x0000000002b8a738 method=com.android.dx.rop.code.RegisterSpecSet.put(Lcom/android/dx/rop/code/RegisterSpec;)V @ 77
Event: 0.843 Thread 0x000000001e2a2000 Uncommon trap: reason=unstable_if action=reinterpret pc=0x0000000002bd3b14 method=com.android.dx.cf.code.Ropper.labelToResultIndex(I)I @ 34
Event: 0.882 Thread 0x000000001e36e800 Uncommon trap: reason=bimorphic action=maybe_recompile pc=0x0000000002a4c4f0 method=java.util.HashMap.getNode(ILjava/lang/Object;)Ljava/util/HashMap$Node; @ 126
Event: 0.882 Thread 0x000000001e36e800 Uncommon trap: reason=class_check action=maybe_recompile pc=0x0000000002ad7fac method=java.util.HashMap.putVal(ILjava/lang/Object;Ljava/lang/Object;ZZ)Ljava/lang/Object; @ 203
Event: 0.882 Thread 0x000000001e36e800 Uncommon trap: reason=class_check action=maybe_recompile pc=0x0000000002ad7fac method=java.util.HashMap.putVal(ILjava/lang/Object;Ljava/lang/Object;ZZ)Ljava/lang/Object; @ 203

Internal exceptions (5 events):
Event: 0.068 Thread 0x00000000024ce000 Exception <a 'java/lang/NoSuchMethodError': Method sun.misc.Unsafe.defineClass(Ljava/lang/String;[BII)Ljava/lang/Class; name or signature does not match> (0x000000076ab07ca8) thrown at [C:\re\workspace\8-2-build-windows-amd64-cygwin\jdk8u151\9699\hotspot\
Event: 0.068 Thread 0x00000000024ce000 Exception <a 'java/lang/NoSuchMethodError': Method sun.misc.Unsafe.prefetchRead(Ljava/lang/Object;J)V name or signature does not match> (0x000000076ab07f90) thrown at [C:\re\workspace\8-2-build-windows-amd64-cygwin\jdk8u151\9699\hotspot\src\share\vm\prims
Event: 0.282 Thread 0x00000000024ce000 Implicit null exception at 0x00000000028750f8 to 0x0000000002875711
Event: 0.639 Thread 0x000000001e2a2000 Implicit null exception at 0x0000000002a769e2 to 0x0000000002a76af1
Event: 0.766 Thread 0x000000001e2a2000 Implicit null exception at 0x0000000002b3b729 to 0x0000000002b3c715

Events (10 events):
Event: 0.843 Thread 0x000000001e2a2000 DEOPT UNPACKING pc=0x000000000275582a sp=0x000000001eb7e6f8 mode 2
Event: 0.882 Thread 0x000000001e36e800 Uncommon trap: trap_request=0xffffffc6 fr.pc=0x0000000002a4c4f0
Event: 0.882 Thread 0x000000001e36e800 DEOPT PACKING pc=0x0000000002a4c4f0 sp=0x000000001edde700
Event: 0.882 Thread 0x000000001e36e800 DEOPT UNPACKING pc=0x000000000275582a sp=0x000000001edde670 mode 2
Event: 0.882 Thread 0x000000001e36e800 Uncommon trap: trap_request=0xffffffde fr.pc=0x0000000002ad7fac
Event: 0.882 Thread 0x000000001e36e800 DEOPT PACKING pc=0x0000000002ad7fac sp=0x000000001edde6d0
Event: 0.882 Thread 0x000000001e36e800 DEOPT UNPACKING pc=0x000000000275582a sp=0x000000001edde648 mode 2
Event: 0.882 Thread 0x000000001e36e800 Uncommon trap: trap_request=0xffffffde fr.pc=0x0000000002ad7fac
Event: 0.882 Thread 0x000000001e36e800 DEOPT PACKING pc=0x0000000002ad7fac sp=0x000000001edde6d0
Event: 0.882 Thread 0x000000001e36e800 DEOPT UNPACKING pc=0x000000000275582a sp=0x000000001edde648 mode 2


Dynamic libraries:
0x000000013f960000 - 0x000000013f997000 	C:\Program Files\Java\jdk1.8.0_151\bin\java.exe
0x0000000076e60000 - 0x000000007700a000 	C:\Windows\SYSTEM32\ntdll.dll
0x0000000076d40000 - 0x0000000076e5f000 	C:\Windows\system32\kernel32.dll
0x000007fefcd80000 - 0x000007fefcdeb000 	C:\Windows\system32\KERNELBASE.dll
0x000007fefd700000 - 0x000007fefd7db000 	C:\Windows\system32\ADVAPI32.dll
0x000007fefdde0000 - 0x000007fefde7f000 	C:\Windows\system32\msvcrt.dll
0x000007fefd5c0000 - 0x000007fefd5df000 	C:\Windows\SYSTEM32\sechost.dll
0x000007fefd490000 - 0x000007fefd5bd000 	C:\Windows\system32\RPCRT4.dll
0x0000000076c40000 - 0x0000000076d3a000 	C:\Windows\system32\USER32.dll
0x000007fefe370000 - 0x000007fefe3d7000 	C:\Windows\system32\GDI32.dll
0x000007fefe090000 - 0x000007fefe09e000 	C:\Windows\system32\LPK.dll
0x000007fefd860000 - 0x000007fefd92a000 	C:\Windows\system32\USP10.dll
0x000007fefb1f0000 - 0x000007fefb3e4000 	C:\Windows\WinSxS\amd64_microsoft.windows.common-controls_6595b64144ccf1df_6.0.7601.18837_none_fa3b1e3d17594757\COMCTL32.dll
0x000007fefcf60000 - 0x000007fefcfd1000 	C:\Windows\system32\SHLWAPI.dll
0x000007fefe060000 - 0x000007fefe08e000 	C:\Windows\system32\IMM32.DLL
0x000007fefd930000 - 0x000007fefda39000 	C:\Windows\system32\MSCTF.dll
0x0000000062550000 - 0x0000000062622000 	C:\Program Files\Java\jdk1.8.0_151\jre\bin\msvcr100.dll
0x0000000061cb0000 - 0x000000006254d000 	C:\Program Files\Java\jdk1.8.0_151\jre\bin\server\jvm.dll
0x000007fef7680000 - 0x000007fef7689000 	C:\Windows\system32\WSOCK32.dll
0x000007fefe010000 - 0x000007fefe05d000 	C:\Windows\system32\WS2_32.dll
0x000007fefdcf0000 - 0x000007fefdcf8000 	C:\Windows\system32\NSI.dll
0x000007fefa940000 - 0x000007fefa97b000 	C:\Windows\system32\WINMM.dll
0x000007fefbbc0000 - 0x000007fefbbcc000 	C:\Windows\system32\VERSION.dll
0x0000000077030000 - 0x0000000077037000 	C:\Windows\system32\PSAPI.DLL
0x00000000724f0000 - 0x00000000724ff000 	C:\Program Files\Java\jdk1.8.0_151\jre\bin\verify.dll
0x00000000690a0000 - 0x00000000690c9000 	C:\Program Files\Java\jdk1.8.0_151\jre\bin\java.dll
0x00000000724d0000 - 0x00000000724e6000 	C:\Program Files\Java\jdk1.8.0_151\jre\bin\zip.dll
0x000007fefe3e0000 - 0x000007feff169000 	C:\Windows\system32\SHELL32.dll
0x000007fefda40000 - 0x000007fefdc43000 	C:\Windows\system32\ole32.dll
0x000007fefcbb0000 - 0x000007fefcbbf000 	C:\Windows\system32\profapi.dll

VM Arguments:
jvm_args: -Djava.awt.headless=true -Xmx4g -Dfile.encoding=GBK -Duser.country=CN -Duser.language=zh -Duser.variant 
java_command: com.android.dx.command.Main --dex --num-threads=4 --multi-dex --main-dex-list C:\Users\Administrator\Desktop\MLxiao\app\build\intermediates\multi-dex\debug\maindexlist.txt --output C:\Users\Administrator\Desktop\MLxiao\app\build\intermediates\transforms\dex\debug\folders\1000\1f\main C:\Users\Administrator\Desktop\MLxiao\app\build\intermediates\transforms\jarMerging\debug\jars\1\1f\combined.jar
java_class_path (initial): D:\Sdk\build-tools\26.0.1\lib\dx.jar
Launcher Type: SUN_STANDARD

Environment Variables:
JAVA_HOME=C:\Program Files\Java\jdk1.8.0_151
CLASSPATH=.;C:\Program Files\Java\jdk1.8.0_151\lib;C:\Program Files\Java\jdk1.8.0_151\lib\tools.jar;C:\Program Files\Java\jdk1.8.0_151\lib\dt.jar;
PATH=C:\Program Files (x86)\Common Files\Intel\Shared Libraries\redist\intel64\compiler;C:\Windows\system32;C:\Windows;C:\Windows\System32\Wbem;C:\Windows\System32\WindowsPowerShell\v1.0\;C:\Program Files (x86)\NVIDIA Corporation\PhysX\Common;C:\Program Files\Java\jdk1.8.0_151\bin;C:\Program Files\Java\jdk1.8.0_151\jre1.8.0_151\bin;C:\Program Files\Git\cmd;D:\Sdk\platform-tools;D:\Sdk\tools;C:\Program Files\Common Files\Autodesk Shared\;C:\Program Files (x86)\Python\Scripts\;C:\Program Files (x86)\Python\;
USERNAME=Administrator
OS=Windows_NT
PROCESSOR_IDENTIFIER=Intel64 Family 6 Model 158 Stepping 9, GenuineIntel



---------------  S Y S T E M  ---------------

OS: Windows 7 , 64 bit Build 7601 (6.1.7601.19160)

CPU:total 4 (initial active 4) (4 cores per cpu, 1 threads per core) family 6 model 158 stepping 9, cmov, cx8, fxsr, mmx, sse, sse2, sse3, ssse3, sse4.1, sse4.2, popcnt, avx, avx2, aes, clmul, erms, 3dnowpref, lzcnt, tsc, tscinvbit, bmi1, bmi2, adx

Memory: 4k page, physical 8335948k(368192k free), swap 10431264k(5048k free)

vm_info: Java HotSpot(TM) 64-Bit Server VM (25.151-b12) for windows-amd64 JRE (1.8.0_151-b12), built on Sep  5 2017 19:33:46 by "java_re" with MS VC++ 10.0 (VS2010)

time: Mon Jan 08 18:20:08 2018
elapsed time: 0 seconds (0d 0h 0m 0s)

