#
# There is insufficient memory for the Java Runtime Environment to continue.
# Native memory allocation (malloc) failed to allocate 32744 bytes for ChunkPool::allocate
# Possible reasons:
#   The system is out of physical RAM or swap space
#   In 32 bit mode, the process size limit was hit
# Possible solutions:
#   Reduce memory load on the system
#   Increase physical memory or swap space
#   Check if swap backing store is full
#   Use 64 bit Java on a 64 bit OS
#   Decrease Java heap size (-Xmx/-Xms)
#   Decrease number of Java threads
#   Decrease Java thread stack sizes (-Xss)
#   Set larger code cache with -XX:ReservedCodeCacheSize=
# This output file may be truncated or incomplete.
#
#  Out of Memory Error (allocation.cpp:273), pid=5480, tid=0x00000000000018bc
#
# JRE version: Java(TM) SE Runtime Environment (8.0_151-b12) (build 1.8.0_151-b12)
# Java VM: Java HotSpot(TM) 64-Bit Server VM (25.151-b12 mixed mode windows-amd64 compressed oops)
# Failed to write core dump. Minidumps are not enabled by default on client versions of Windows
#

---------------  T H R E A D  ---------------

Current thread (0x000000001be3e800):  JavaThread "C2 CompilerThread0" daemon [_thread_in_native, id=6332, stack(0x000000001d750000,0x000000001d850000)]

Stack: [0x000000001d750000,0x000000001d850000]
[error occurred during error reporting (printing stack bounds), id 0xc0000005]

Native frames: (J=compiled Java code, j=interpreted, Vv=VM code, C=native code)


Current CompileTask:
C2:  38704 4696   !   4       com.android.dx.cf.code.Ropper::processBlock (1101 bytes)


---------------  P R O C E S S  ---------------

Java Threads: ( => current thread )
  0x000000001d6bf800 JavaThread "pool-1-thread-1" [_thread_blocked, id=1708, stack(0x0000000021f70000,0x0000000022070000)]
  0x000000001e0b9000 JavaThread "pool-2-thread-4" [_thread_blocked, id=6432, stack(0x000000001ed50000,0x000000001ee50000)]
  0x000000001e0b3800 JavaThread "pool-2-thread-3" [_thread_blocked, id=4104, stack(0x000000001ec10000,0x000000001ed10000)]
  0x000000001e0b2800 JavaThread "pool-2-thread-2" [_thread_blocked, id=5396, stack(0x000000001dde0000,0x000000001dee0000)]
  0x000000001e0ae000 JavaThread "pool-3-thread-1" [_thread_blocked, id=3012, stack(0x000000001eab0000,0x000000001ebb0000)]
  0x000000001d6bb000 JavaThread "pool-2-thread-1" [_thread_blocked, id=2740, stack(0x000000001e900000,0x000000001ea00000)]
  0x000000001d385800 JavaThread "Service Thread" daemon [_thread_blocked, id=3652, stack(0x000000001df00000,0x000000001e000000)]
  0x000000001d301800 JavaThread "C1 CompilerThread2" daemon [_thread_blocked, id=6588, stack(0x000000001db30000,0x000000001dc30000)]
  0x000000001d300800 JavaThread "C2 CompilerThread1" daemon [_thread_blocked, id=6344, stack(0x000000001dc90000,0x000000001dd90000)]
=>0x000000001be3e800 JavaThread "C2 CompilerThread0" daemon [_thread_in_native, id=6332, stack(0x000000001d750000,0x000000001d850000)]
  0x000000001d2eb000 JavaThread "Attach Listener" daemon [_thread_blocked, id=3440, stack(0x000000001d9e0000,0x000000001dae0000)]
  0x000000001be2d800 JavaThread "Signal Dispatcher" daemon [_thread_blocked, id=6240, stack(0x000000001d880000,0x000000001d980000)]
  0x000000001be19800 JavaThread "Finalizer" daemon [_thread_blocked, id=3700, stack(0x000000001d070000,0x000000001d170000)]
  0x000000001bdd2800 JavaThread "Reference Handler" daemon [_thread_blocked, id=6768, stack(0x000000001d1e0000,0x000000001d2e0000)]
  0x00000000021fe000 JavaThread "main" [_thread_blocked, id=580, stack(0x00000000023a0000,0x00000000024a0000)]

Other Threads:
  0x000000001bdcb000 VMThread [stack: 0x000000001cf10000,0x000000001d010000] [id=6808]
  0x000000001d3dd800 WatcherThread [stack: 0x00000000125d0000,0x00000000126d0000] [id=5312]

VM state:at safepoint (normal execution)

VM Mutex/Monitor currently owned by a thread:  ([mutex/lock_event])
[0x00000000021fc710] Threads_lock - owner thread: 0x000000001bdcb000
[0x00000000021fcc10] Heap_lock - owner thread: 0x000000001e0ae000

Heap:
 PSYoungGen      total 939008K, used 938998K [0x000000076ab00000, 0x00000007b6f00000, 0x00000007c0000000)
  eden space 734720K, 100% used [0x000000076ab00000,0x0000000797880000,0x0000000797880000)
  from space 204288K, 99% used [0x0000000797880000,0x00000007a3ffd960,0x00000007a4000000)
  to   space 230400K, 32% used [0x00000007a8e00000,0x00000007ad71c3a0,0x00000007b6f00000)
 ParOldGen       total 848896K, used 570376K [0x00000006c0000000, 0x00000006f3d00000, 0x000000076ab00000)
  object space 848896K, 67% used [0x00000006c0000000,0x00000006e2d042f8,0x00000006f3d00000)
 Metaspace       used 7657K, capacity 7960K, committed 8192K, reserved 1056768K
  class space    used 698K, capacity 720K, committed 768K, reserved 1048576K

Card table byte_map: [0x0000000011860000,0x0000000012070000] byte_map_base: 0x000000000e260000

Marking Bits: (ParMarkBitMap*) 0x000000006b7fd850
 Begin Bits: [0x0000000012c40000, 0x0000000016c40000)
 End Bits:   [0x0000000016c40000, 0x000000001ac40000)

Polling page: 0x0000000000210000

CodeCache: size=245760Kb used=16407Kb max_used=17282Kb free=229352Kb
 bounds [0x00000000024a0000, 0x00000000035f0000, 0x00000000114a0000]
 total_blobs=3650 nmethods=3371 adapters=191
 compilation: enabled

Compilation events (10 events):
Event: 38.496 Thread 0x000000001d301800 4710       2       com.android.dx.ssa.NormalSsaInsn::upgradeToLiteral (32 bytes)
Event: 38.497 Thread 0x000000001d301800 nmethod 4710 0x0000000002685350 code [0x00000000026854c0, 0x00000000026856b8]
Event: 38.530 Thread 0x000000001d301800 4712       3       com.android.dx.cf.code.BaseMachine::popArgs (127 bytes)
Event: 38.530 Thread 0x000000001d301800 nmethod 4712 0x000000000284fa50 code [0x000000000284fd60, 0x00000000028516c8]
Event: 38.553 Thread 0x000000001d301800 4713       2       com.android.dx.rop.code.DexTranslationAdvice::requiresSourcesInOrder (30 bytes)
Event: 38.553 Thread 0x000000001d301800 nmethod 4713 0x00000000027c4cd0 code [0x00000000027c4e40, 0x00000000027c5008]
Event: 38.553 Thread 0x000000001d301800 4714       2       com.android.dx.ssa.back.FirstFitLocalCombiningAllocator$1::processInsn (169 bytes)
Event: 38.554 Thread 0x000000001d301800 nmethod 4714 0x0000000002a9fd10 code [0x0000000002a9ff80, 0x0000000002aa0ac8]
Event: 38.560 Thread 0x000000001d301800 4715       2       com.android.dx.rop.code.LocalItem::compareTo (9 bytes)
Event: 38.560 Thread 0x000000001d301800 nmethod 4715 0x0000000002787890 code [0x0000000002787a00, 0x0000000002787cb8]

GC Heap History (10 events):
Event: 27.426 GC heap after
Heap after GC invocations=24 (full 7):
 PSYoungGen      total 865792K, used 0K [0x000000076ab00000, 0x00000007b2e00000, 0x00000007c0000000)
  eden space 677888K, 0% used [0x000000076ab00000,0x000000076ab00000,0x0000000794100000)
  from space 187904K, 0% used [0x0000000794100000,0x0000000794100000,0x000000079f880000)
  to   space 215040K, 0% used [0x00000007a5c00000,0x00000007a5c00000,0x00000007b2e00000)
 ParOldGen       total 848896K, used 254008K [0x00000006c0000000, 0x00000006f3d00000, 0x000000076ab00000)
  object space 848896K, 29% used [0x00000006c0000000,0x00000006cf80e0e0,0x00000006f3d00000)
 Metaspace       used 7626K, capacity 7960K, committed 8192K, reserved 1056768K
  class space    used 696K, capacity 720K, committed 768K, reserved 1048576K
}
Event: 30.336 GC heap before
{Heap before GC invocations=25 (full 7):
 PSYoungGen      total 865792K, used 677888K [0x000000076ab00000, 0x00000007b2e00000, 0x00000007c0000000)
  eden space 677888K, 100% used [0x000000076ab00000,0x0000000794100000,0x0000000794100000)
  from space 187904K, 0% used [0x0000000794100000,0x0000000794100000,0x000000079f880000)
  to   space 215040K, 0% used [0x00000007a5c00000,0x00000007a5c00000,0x00000007b2e00000)
 ParOldGen       total 848896K, used 254014K [0x00000006c0000000, 0x00000006f3d00000, 0x000000076ab00000)
  object space 848896K, 29% used [0x00000006c0000000,0x00000006cf80f8f8,0x00000006f3d00000)
 Metaspace       used 7629K, capacity 7960K, committed 8192K, reserved 1056768K
  class space    used 696K, capacity 720K, committed 768K, reserved 1048576K
Event: 30.415 GC heap after
Heap after GC invocations=25 (full 7):
 PSYoungGen      total 910336K, used 92379K [0x000000076ab00000, 0x00000007b0780000, 0x00000007c0000000)
  eden space 734720K, 0% used [0x000000076ab00000,0x000000076ab00000,0x0000000797880000)
  from space 175616K, 52% used [0x00000007a5c00000,0x00000007ab636d60,0x00000007b0780000)
  to   space 204288K, 0% used [0x0000000797880000,0x0000000797880000,0x00000007a4000000)
 ParOldGen       total 848896K, used 254014K [0x00000006c0000000, 0x00000006f3d00000, 0x000000076ab00000)
  object space 848896K, 29% used [0x00000006c0000000,0x00000006cf80f8f8,0x00000006f3d00000)
 Metaspace       used 7629K, capacity 7960K, committed 8192K, reserved 1056768K
  class space    used 696K, capacity 720K, committed 768K, reserved 1048576K
}
Event: 33.038 GC heap before
{Heap before GC invocations=26 (full 7):
 PSYoungGen      total 910336K, used 827099K [0x000000076ab00000, 0x00000007b0780000, 0x00000007c0000000)
  eden space 734720K, 100% used [0x000000076ab00000,0x0000000797880000,0x0000000797880000)
  from space 175616K, 52% used [0x00000007a5c00000,0x00000007ab636d60,0x00000007b0780000)
  to   space 204288K, 0% used [0x0000000797880000,0x0000000797880000,0x00000007a4000000)
 ParOldGen       total 848896K, used 254015K [0x00000006c0000000, 0x00000006f3d00000, 0x000000076ab00000)
  object space 848896K, 29% used [0x00000006c0000000,0x00000006cf80ff60,0x00000006f3d00000)
 Metaspace       used 7632K, capacity 7960K, committed 8192K, reserved 1056768K
  class space    used 697K, capacity 720K, committed 768K, reserved 1048576K
Event: 33.151 GC heap after
Heap after GC invocations=26 (full 7):
 PSYoungGen      total 939008K, used 189286K [0x000000076ab00000, 0x00000007b6f00000, 0x00000007c0000000)
  eden space 734720K, 0% used [0x000000076ab00000,0x000000076ab00000,0x0000000797880000)
  from space 204288K, 92% used [0x0000000797880000,0x00000007a3159bd8,0x00000007a4000000)
  to   space 230400K, 0% used [0x00000007a8e00000,0x00000007a8e00000,0x00000007b6f00000)
 ParOldGen       total 848896K, used 254015K [0x00000006c0000000, 0x00000006f3d00000, 0x000000076ab00000)
  object space 848896K, 29% used [0x00000006c0000000,0x00000006cf80ff60,0x00000006f3d00000)
 Metaspace       used 7632K, capacity 7960K, committed 8192K, reserved 1056768K
  class space    used 697K, capacity 720K, committed 768K, reserved 1048576K
}
Event: 34.662 GC heap before
{Heap before GC invocations=27 (full 7):
 PSYoungGen      total 939008K, used 924006K [0x000000076ab00000, 0x00000007b6f00000, 0x00000007c0000000)
  eden space 734720K, 100% used [0x000000076ab00000,0x0000000797880000,0x0000000797880000)
  from space 204288K, 92% used [0x0000000797880000,0x00000007a3159bd8,0x00000007a4000000)
  to   space 230400K, 0% used [0x00000007a8e00000,0x00000007a8e00000,0x00000007b6f00000)
 ParOldGen       total 848896K, used 254015K [0x00000006c0000000, 0x00000006f3d00000, 0x000000076ab00000)
  object space 848896K, 29% used [0x00000006c0000000,0x00000006cf80ff60,0x00000006f3d00000)
 Metaspace       used 7633K, capacity 7960K, committed 8192K, reserved 1056768K
  class space    used 697K, capacity 720K, committed 768K, reserved 1048576K
Event: 34.839 GC heap after
Heap after GC invocations=27 (full 7):
 PSYoungGen      total 965120K, used 230377K [0x000000076ab00000, 0x00000007b6f00000, 0x00000007c0000000)
  eden space 734720K, 0% used [0x000000076ab00000,0x000000076ab00000,0x0000000797880000)
  from space 230400K, 99% used [0x00000007a8e00000,0x00000007b6efa440,0x00000007b6f00000)
  to   space 204288K, 0% used [0x0000000797880000,0x0000000797880000,0x00000007a4000000)
 ParOldGen       total 848896K, used 305884K [0x00000006c0000000, 0x00000006f3d00000, 0x000000076ab00000)
  object space 848896K, 36% used [0x00000006c0000000,0x00000006d2ab7258,0x00000006f3d00000)
 Metaspace       used 7633K, capacity 7960K, committed 8192K, reserved 1056768K
  class space    used 697K, capacity 720K, committed 768K, reserved 1048576K
}
Event: 37.404 GC heap before
{Heap before GC invocations=28 (full 7):
 PSYoungGen      total 965120K, used 965097K [0x000000076ab00000, 0x00000007b6f00000, 0x00000007c0000000)
  eden space 734720K, 100% used [0x000000076ab00000,0x0000000797880000,0x0000000797880000)
  from space 230400K, 99% used [0x00000007a8e00000,0x00000007b6efa440,0x00000007b6f00000)
  to   space 204288K, 0% used [0x0000000797880000,0x0000000797880000,0x00000007a4000000)
 ParOldGen       total 848896K, used 305884K [0x00000006c0000000, 0x00000006f3d00000, 0x000000076ab00000)
  object space 848896K, 36% used [0x00000006c0000000,0x00000006d2ab7258,0x00000006f3d00000)
 Metaspace       used 7633K, capacity 7960K, committed 8192K, reserved 1056768K
  class space    used 697K, capacity 720K, committed 768K, reserved 1048576K
Event: 37.612 GC heap after
Heap after GC invocations=28 (full 7):
 PSYoungGen      total 939008K, used 204278K [0x000000076ab00000, 0x00000007b6f00000, 0x00000007c0000000)
  eden space 734720K, 0% used [0x000000076ab00000,0x000000076ab00000,0x0000000797880000)
  from space 204288K, 99% used [0x0000000797880000,0x00000007a3ffd960,0x00000007a4000000)
  to   space 230400K, 0% used [0x00000007a8e00000,0x00000007a8e00000,0x00000007b6f00000)
 ParOldGen       total 848896K, used 463016K [0x00000006c0000000, 0x00000006f3d00000, 0x000000076ab00000)
  object space 848896K, 54% used [0x00000006c0000000,0x00000006dc42a398,0x00000006f3d00000)
 Metaspace       used 7633K, capacity 7960K, committed 8192K, reserved 1056768K
  class space    used 697K, capacity 720K, committed 768K, reserved 1048576K
}
Event: 38.568 GC heap before
{Heap before GC invocations=29 (full 7):
 PSYoungGen      total 939008K, used 938998K [0x000000076ab00000, 0x00000007b6f00000, 0x00000007c0000000)
  eden space 734720K, 100% used [0x000000076ab00000,0x0000000797880000,0x0000000797880000)
  from space 204288K, 99% used [0x0000000797880000,0x00000007a3ffd960,0x00000007a4000000)
  to   space 230400K, 0% used [0x00000007a8e00000,0x00000007a8e00000,0x00000007b6f00000)
 ParOldGen       total 848896K, used 463016K [0x00000006c0000000, 0x00000006f3d00000, 0x000000076ab00000)
  object space 848896K, 54% used [0x00000006c0000000,0x00000006dc42a398,0x00000006f3d00000)
 Metaspace       used 7657K, capacity 7960K, committed 8192K, reserved 1056768K
  class space    used 698K, capacity 720K, committed 768K, reserved 1048576K

Deoptimization events (10 events):
Event: 38.195 Thread 0x000000001e0b9000 Uncommon trap: reason=class_check action=maybe_recompile pc=0x00000000033cfca4 method=com.android.dx.cf.code.OneLocalsArray.set(ILcom/android/dx/rop/type/TypeBearer;)V @ 5
Event: 38.200 Thread 0x000000001d6bb000 Uncommon trap: reason=class_check action=maybe_recompile pc=0x0000000002c2523c method=com.android.dx.cf.code.BaseMachine.storeResults(Lcom/android/dx/cf/code/Frame;)V @ 41
Event: 38.200 Thread 0x000000001d6bb000 Uncommon trap: reason=class_check action=maybe_recompile pc=0x00000000026007d4 method=com.android.dx.cf.code.BaseMachine.localArg(Lcom/android/dx/cf/code/Frame;I)V @ 14
Event: 38.200 Thread 0x000000001d6bb000 Uncommon trap: reason=class_check action=maybe_recompile pc=0x0000000003315d3c method=com.android.dx.cf.code.Frame.mergeWith(Lcom/android/dx/cf/code/Frame;)Lcom/android/dx/cf/code/Frame; @ 8
Event: 38.200 Thread 0x000000001d6bb000 Uncommon trap: reason=class_check action=maybe_recompile pc=0x0000000002c2523c method=com.android.dx.cf.code.BaseMachine.storeResults(Lcom/android/dx/cf/code/Frame;)V @ 41
Event: 38.200 Thread 0x000000001d6bb000 Uncommon trap: reason=class_check action=maybe_recompile pc=0x0000000003315d3c method=com.android.dx.cf.code.Frame.mergeWith(Lcom/android/dx/cf/code/Frame;)Lcom/android/dx/cf/code/Frame; @ 8
Event: 38.247 Thread 0x000000001d6bb000 Uncommon trap: reason=unstable_if action=reinterpret pc=0x0000000002ca6f50 method=com.android.dx.cf.code.BaseMachine.getLocalTarget(Z)Lcom/android/dx/rop/code/RegisterSpec; @ 131
Event: 38.527 Thread 0x000000001d6bb000 Uncommon trap: reason=unstable_if action=reinterpret pc=0x00000000025c09c8 method=com.android.dx.cf.code.Merger.isPossiblyAssignableFrom(Lcom/android/dx/rop/type/TypeBearer;Lcom/android/dx/rop/type/TypeBearer;)Z @ 177
Event: 38.552 Thread 0x000000001e0b3800 Uncommon trap: reason=unstable_if action=reinterpret pc=0x00000000029d4c64 method=com.android.dx.rop.code.LocalItem.compareHandlesNulls(Lcom/android/dx/rop/cst/CstString;Lcom/android/dx/rop/cst/CstString;)I @ 8
Event: 38.552 Thread 0x000000001e0b3800 Uncommon trap: reason=unstable_if action=reinterpret pc=0x00000000034f4aa4 method=com.android.dx.rop.code.LocalItem.compareHandlesNulls(Lcom/android/dx/rop/cst/CstString;Lcom/android/dx/rop/cst/CstString;)I @ 8

Internal exceptions (10 events):
Event: 3.985 Thread 0x00000000021fe000 Implicit null exception at 0x0000000002613290 to 0x0000000002613c1d
Event: 5.607 Thread 0x000000001e0b3800 Implicit null exception at 0x0000000002fd2ba6 to 0x0000000002fd5b18
Event: 14.824 Thread 0x000000001e0b3800 Implicit null exception at 0x00000000031d7ca2 to 0x00000000031d7f39
Event: 25.896 Thread 0x000000001d6bf800 Implicit null exception at 0x000000000326c645 to 0x000000000326ca05
Event: 30.178 Thread 0x000000001e0b3800 Implicit null exception at 0x00000000026a254c to 0x00000000026a2652
Event: 33.204 Thread 0x000000001e0b9000 Implicit null exception at 0x00000000028733a2 to 0x0000000002873a49
Event: 33.205 Thread 0x000000001e0b9000 Implicit null exception at 0x00000000027b178e to 0x00000000027b1c19
Event: 33.209 Thread 0x000000001e0b9000 Implicit null exception at 0x0000000002c4fcb7 to 0x0000000002c4ff91
Event: 38.552 Thread 0x000000001e0b3800 Implicit null exception at 0x00000000029d3e21 to 0x00000000029d4c39
Event: 38.552 Thread 0x000000001e0b3800 Implicit null exception at 0x00000000034f4788 to 0x00000000034f4a91

Events (10 events):
Event: 38.527 Thread 0x000000001d6bb000 Uncommon trap: trap_request=0xffffff65 fr.pc=0x00000000025c09c8
Event: 38.527 Thread 0x000000001d6bb000 DEOPT PACKING pc=0x00000000025c09c8 sp=0x000000001e9fe880
Event: 38.527 Thread 0x000000001d6bb000 DEOPT UNPACKING pc=0x00000000024e582a sp=0x000000001e9fe7a8 mode 2
Event: 38.552 Thread 0x000000001e0b3800 Uncommon trap: trap_request=0xffffff65 fr.pc=0x00000000029d4c64
Event: 38.552 Thread 0x000000001e0b3800 DEOPT PACKING pc=0x00000000029d4c64 sp=0x000000001ed0eb90
Event: 38.552 Thread 0x000000001e0b3800 DEOPT UNPACKING pc=0x00000000024e582a sp=0x000000001ed0e968 mode 2
Event: 38.552 Thread 0x000000001e0b3800 Uncommon trap: trap_request=0xffffff65 fr.pc=0x00000000034f4aa4
Event: 38.552 Thread 0x000000001e0b3800 DEOPT PACKING pc=0x00000000034f4aa4 sp=0x000000001ed0eab0
Event: 38.552 Thread 0x000000001e0b3800 DEOPT UNPACKING pc=0x00000000024e582a sp=0x000000001ed0e990 mode 2
Event: 38.567 Executing VM operation: ParallelGCFailedAllocation


Dynamic libraries:
0x000000013f090000 - 0x000000013f0c7000 	C:\Program Files\Java\jdk1.8.0_151\bin\java.exe
0x0000000077170000 - 0x000000007731a000 	C:\Windows\SYSTEM32\ntdll.dll
0x0000000076f50000 - 0x000000007706f000 	C:\Windows\system32\kernel32.dll
0x000007fefd010000 - 0x000007fefd07b000 	C:\Windows\system32\KERNELBASE.dll
0x000007fefd3a0000 - 0x000007fefd47b000 	C:\Windows\system32\ADVAPI32.dll
0x000007fefeff0000 - 0x000007feff08f000 	C:\Windows\system32\msvcrt.dll
0x000007feff130000 - 0x000007feff14f000 	C:\Windows\SYSTEM32\sechost.dll
0x000007fefd890000 - 0x000007fefd9bd000 	C:\Windows\system32\RPCRT4.dll
0x0000000077070000 - 0x000000007716a000 	C:\Windows\system32\USER32.dll
0x000007fefda60000 - 0x000007fefdac7000 	C:\Windows\system32\GDI32.dll
0x000007feff090000 - 0x000007feff09e000 	C:\Windows\system32\LPK.dll
0x000007fefd480000 - 0x000007fefd54a000 	C:\Windows\system32\USP10.dll
0x000007fefb4f0000 - 0x000007fefb6e4000 	C:\Windows\WinSxS\amd64_microsoft.windows.common-controls_6595b64144ccf1df_6.0.7601.18837_none_fa3b1e3d17594757\COMCTL32.dll
0x000007feff0b0000 - 0x000007feff121000 	C:\Windows\system32\SHLWAPI.dll
0x000007fefd650000 - 0x000007fefd67e000 	C:\Windows\system32\IMM32.DLL
0x000007fefe150000 - 0x000007fefe259000 	C:\Windows\system32\MSCTF.dll
0x000000006b880000 - 0x000000006b952000 	C:\Program Files\Java\jdk1.8.0_151\jre\bin\msvcr100.dll
0x000000006afe0000 - 0x000000006b87d000 	C:\Program Files\Java\jdk1.8.0_151\jre\bin\server\jvm.dll
0x000007fefb840000 - 0x000007fefb849000 	C:\Windows\system32\WSOCK32.dll
0x000007fefde20000 - 0x000007fefde6d000 	C:\Windows\system32\WS2_32.dll
0x000007feff0a0000 - 0x000007feff0a8000 	C:\Windows\system32\NSI.dll
0x000007fefa3a0000 - 0x000007fefa3db000 	C:\Windows\system32\WINMM.dll
0x000007fefbe40000 - 0x000007fefbe4c000 	C:\Windows\system32\VERSION.dll
0x0000000077330000 - 0x0000000077337000 	C:\Windows\system32\PSAPI.DLL
0x000000006d1c0000 - 0x000000006d1cf000 	C:\Program Files\Java\jdk1.8.0_151\jre\bin\verify.dll
0x000000006c070000 - 0x000000006c099000 	C:\Program Files\Java\jdk1.8.0_151\jre\bin\java.dll
0x000000006c050000 - 0x000000006c066000 	C:\Program Files\Java\jdk1.8.0_151\jre\bin\zip.dll
0x000007fefe260000 - 0x000007fefefe9000 	C:\Windows\system32\SHELL32.dll
0x000007fefd680000 - 0x000007fefd883000 	C:\Windows\system32\ole32.dll
0x000007fefce60000 - 0x000007fefce6f000 	C:\Windows\system32\profapi.dll

VM Arguments:
jvm_args: -Djava.awt.headless=true -Xmx4g -Dfile.encoding=GBK -Duser.country=CN -Duser.language=zh -Duser.variant 
java_command: com.android.dx.command.Main --dex --num-threads=4 --multi-dex --main-dex-list C:\Users\Administrator\Desktop\MLxiao\app\build\intermediates\multi-dex\debug\maindexlist.txt --output C:\Users\Administrator\Desktop\MLxiao\app\build\intermediates\transforms\dex\debug\folders\1000\1f\main C:\Users\Administrator\Desktop\MLxiao\app\build\intermediates\transforms\jarMerging\debug\jars\1\1f\combined.jar
java_class_path (initial): D:\Sdk\build-tools\26.0.2\lib\dx.jar
Launcher Type: SUN_STANDARD

Environment Variables:
JAVA_HOME=C:\Program Files\Java\jdk1.8.0_151
CLASSPATH=.;C:\Program Files\Java\jdk1.8.0_151\lib;C:\Program Files\Java\jdk1.8.0_151\lib\tools.jar;C:\Program Files\Java\jdk1.8.0_151\lib\dt.jar;
PATH=C:\Program Files (x86)\Common Files\Intel\Shared Libraries\redist\intel64\compiler;C:\Windows\system32;C:\Windows;C:\Windows\System32\Wbem;C:\Windows\System32\WindowsPowerShell\v1.0\;C:\Program Files (x86)\NVIDIA Corporation\PhysX\Common;C:\Program Files\Java\jdk1.8.0_151\bin;C:\Program Files\Java\jdk1.8.0_151\jre1.8.0_151\bin;C:\Program Files\Git\cmd;D:\Sdk\platform-tools;D:\Sdk\tools;C:\Program Files\Common Files\Autodesk Shared\;C:\Program Files (x86)\Python\Scripts\;C:\Program Files (x86)\Python\;
USERNAME=Administrator
OS=Windows_NT
PROCESSOR_IDENTIFIER=Intel64 Family 6 Model 158 Stepping 9, GenuineIntel



---------------  S Y S T E M  ---------------

OS: Windows 7 , 64 bit Build 7601 (6.1.7601.19160)

CPU:total 4 (initial active 4) (4 cores per cpu, 1 threads per core) family 6 model 158 stepping 9, cmov, cx8, fxsr, mmx, sse, sse2, sse3, ssse3, sse4.1, sse4.2, popcnt, avx, avx2, aes, clmul, erms, 3dnowpref, lzcnt, tsc, tscinvbit, bmi1, bmi2, adx

Memory: 4k page, physical 8335948k(277296k free), swap 10431264k(4208k free)

vm_info: Java HotSpot(TM) 64-Bit Server VM (25.151-b12) for windows-amd64 JRE (1.8.0_151-b12), built on Sep  5 2017 19:33:46 by "java_re" with MS VC++ 10.0 (VS2010)

time: Sat Mar 10 16:20:21 2018
elapsed time: 38 seconds (0d 0h 0m 38s)

