#
# There is insufficient memory for the Java Runtime Environment to continue.
# Native memory allocation (malloc) failed to allocate 32744 bytes for ChunkPool::allocate
# Possible reasons:
#   The system is out of physical RAM or swap space
#   In 32 bit mode, the process size limit was hit
# Possible solutions:
#   Reduce memory load on the system
#   Increase physical memory or swap space
#   Check if swap backing store is full
#   Use 64 bit Java on a 64 bit OS
#   Decrease Java heap size (-Xmx/-Xms)
#   Decrease number of Java threads
#   Decrease Java thread stack sizes (-Xss)
#   Set larger code cache with -XX:ReservedCodeCacheSize=
# This output file may be truncated or incomplete.
#
#  Out of Memory Error (allocation.cpp:273), pid=4540, tid=0x0000000000001cec
#
# JRE version: OpenJDK Runtime Environment (8.0_152-b01) (build 1.8.0_152-release-915-b01)
# Java VM: OpenJDK 64-Bit Server VM (25.152-b01 mixed mode windows-amd64 compressed oops)
# Failed to write core dump. Minidumps are not enabled by default on client versions of Windows
#

---------------  T H R E A D  ---------------

Current thread (0x000000001d471000):  JavaThread "C2 CompilerThread1" daemon [_thread_in_native, id=7404, stack(0x000000001da20000,0x000000001db20000)]

Stack: [0x000000001da20000,0x000000001db20000]
[error occurred during error reporting (printing stack bounds), id 0xc0000005]

Native frames: (J=compiled Java code, j=interpreted, Vv=VM code, C=native code)


Current CompileTask:
C2:  24064 3884       4       com.android.dx.dex.file.DebugInfoEncoder::emitLocalsAtAddress (150 bytes)


---------------  P R O C E S S  ---------------

Java Threads: ( => current thread )
  0x000000001e2d4000 JavaThread "pool-1-thread-1" [_thread_in_Java, id=6560, stack(0x0000000022560000,0x0000000022660000)]
  0x000000001e2b1800 JavaThread "pool-2-thread-4" [_thread_blocked, id=4436, stack(0x000000001f2e0000,0x000000001f3e0000)]
  0x000000001e2af000 JavaThread "pool-2-thread-3" [_thread_blocked, id=7936, stack(0x000000001f060000,0x000000001f160000)]
  0x000000001e2b5000 JavaThread "pool-2-thread-2" [_thread_in_Java, id=8092, stack(0x000000001ee00000,0x000000001ef00000)]
  0x000000001e2b2800 JavaThread "pool-3-thread-1" [_thread_blocked, id=6404, stack(0x000000001ecf0000,0x000000001edf0000)]
  0x000000001e2ae000 JavaThread "pool-2-thread-1" [_thread_blocked, id=8160, stack(0x000000001eb20000,0x000000001ec20000)]
  0x000000001d4f2800 JavaThread "Service Thread" daemon [_thread_blocked, id=3028, stack(0x000000001df60000,0x000000001e060000)]
  0x000000001d478800 JavaThread "C1 CompilerThread2" daemon [_thread_blocked, id=7236, stack(0x000000001ddf0000,0x000000001def0000)]
=>0x000000001d471000 JavaThread "C2 CompilerThread1" daemon [_thread_in_native, id=7404, stack(0x000000001da20000,0x000000001db20000)]
  0x000000001bf8c000 JavaThread "C2 CompilerThread0" daemon [_thread_in_native, id=7804, stack(0x000000001dcb0000,0x000000001ddb0000)]
  0x000000001d458800 JavaThread "Attach Listener" daemon [_thread_blocked, id=7760, stack(0x000000001db20000,0x000000001dc20000)]
  0x000000001bf7e000 JavaThread "Signal Dispatcher" daemon [_thread_blocked, id=7632, stack(0x000000001d890000,0x000000001d990000)]
  0x000000001bf6a000 JavaThread "Finalizer" daemon [_thread_blocked, id=7200, stack(0x000000001d350000,0x000000001d450000)]
  0x000000001bf21000 JavaThread "Reference Handler" daemon [_thread_blocked, id=7412, stack(0x000000001d1d0000,0x000000001d2d0000)]
  0x000000000258e800 JavaThread "main" [_thread_in_Java, id=6424, stack(0x0000000002710000,0x0000000002810000)]

Other Threads:
  0x000000001bf19800 VMThread [stack: 0x000000001d040000,0x000000001d140000] [id=6608]
  0x000000001d4f7800 WatcherThread [stack: 0x000000001e140000,0x000000001e240000] [id=6068]

VM state:not at safepoint (normal execution)

VM Mutex/Monitor currently owned by a thread: None

Heap:
 PSYoungGen      total 1090048K, used 56834K [0x000000076ab00000, 0x00000007c0000000, 0x00000007c0000000)
  eden space 782336K, 7% used [0x000000076ab00000,0x000000076e280b20,0x000000079a700000)
  from space 307712K, 0% used [0x000000079a700000,0x000000079a700000,0x00000007ad380000)
  to   space 307712K, 0% used [0x00000007ad380000,0x00000007ad380000,0x00000007c0000000)
 ParOldGen       total 1094656K, used 712065K [0x00000006c0000000, 0x0000000702d00000, 0x000000076ab00000)
  object space 1094656K, 65% used [0x00000006c0000000,0x00000006eb760568,0x0000000702d00000)
 Metaspace       used 7165K, capacity 7800K, committed 7936K, reserved 1056768K
  class space    used 629K, capacity 688K, committed 768K, reserved 1048576K

Card table byte_map: [0x0000000011bd0000,0x00000000123e0000] byte_map_base: 0x000000000e5d0000

Marking Bits: (ParMarkBitMap*) 0x000000005f943950
 Begin Bits: [0x0000000012d90000, 0x0000000016d90000)
 End Bits:   [0x0000000016d90000, 0x000000001ad90000)

Polling page: 0x0000000000140000

CodeCache: size=245760Kb used=13831Kb max_used=14610Kb free=231928Kb
 bounds [0x0000000002810000, 0x0000000003680000, 0x0000000011810000]
 total_blobs=3499 nmethods=3233 adapters=179
 compilation: enabled

Compilation events (10 events):
Event: 23.976 Thread 0x000000001d478800 4024       2       com.android.dx.dex.code.OddSpacer::writeTo (19 bytes)
Event: 23.976 Thread 0x000000001d478800 nmethod 4024 0x0000000002d34cd0 code [0x0000000002d34e60, 0x0000000002d350e8]
Event: 23.984 Thread 0x000000001d478800 4025       2       com.android.dx.dex.code.form.Form31i::writeTo (39 bytes)
Event: 23.984 Thread 0x000000001d478800 nmethod 4025 0x00000000030d74d0 code [0x00000000030d76a0, 0x00000000030d7a78]
Event: 23.995 Thread 0x000000001d478800 4026       2       com.android.dx.dex.code.SwitchData::writeTo (272 bytes)
Event: 23.996 Thread 0x000000001d478800 nmethod 4026 0x00000000030d5b50 code [0x00000000030d5de0, 0x00000000030d67f8]
Event: 24.003 Thread 0x000000001d478800 4027       2       com.android.dx.dex.code.form.Form31c::writeTo (33 bytes)
Event: 24.004 Thread 0x000000001d478800 nmethod 4027 0x00000000030d5210 code [0x00000000030d53c0, 0x00000000030d5758]
Event: 24.013 Thread 0x000000001d478800 4028       2       com.android.dx.dex.code.ArrayData::writeTo (284 bytes)
Event: 24.014 Thread 0x000000001d478800 nmethod 4028 0x00000000030d3450 code [0x00000000030d3700, 0x00000000030d4378]

GC Heap History (10 events):
Event: 15.639 GC heap before
{Heap before GC invocations=20 (full 4):
 PSYoungGen      total 915456K, used 764863K [0x000000076ab00000, 0x00000007b6e00000, 0x00000007c0000000)
  eden space 713728K, 100% used [0x000000076ab00000,0x0000000796400000,0x0000000796400000)
  from space 201728K, 25% used [0x0000000796400000,0x00000007995effc8,0x00000007a2900000)
  to   space 200704K, 0% used [0x00000007aaa00000,0x00000007aaa00000,0x00000007b6e00000)
 ParOldGen       total 949248K, used 618234K [0x00000006c0000000, 0x00000006f9f00000, 0x000000076ab00000)
  object space 949248K, 65% used [0x00000006c0000000,0x00000006e5bbe918,0x00000006f9f00000)
 Metaspace       used 6626K, capacity 7286K, committed 7552K, reserved 1056768K
  class space    used 607K, capacity 622K, committed 640K, reserved 1048576K
Event: 15.831 GC heap after
Heap after GC invocations=20 (full 4):
 PSYoungGen      total 1019392K, used 154209K [0x000000076ab00000, 0x00000007b7180000, 0x00000007c0000000)
  eden space 818688K, 0% used [0x000000076ab00000,0x000000076ab00000,0x000000079ca80000)
  from space 200704K, 76% used [0x00000007aaa00000,0x00000007b4098630,0x00000007b6e00000)
  to   space 216576K, 0% used [0x000000079ca80000,0x000000079ca80000,0x00000007a9e00000)
 ParOldGen       total 949248K, used 618234K [0x00000006c0000000, 0x00000006f9f00000, 0x000000076ab00000)
  object space 949248K, 65% used [0x00000006c0000000,0x00000006e5bbe918,0x00000006f9f00000)
 Metaspace       used 6626K, capacity 7286K, committed 7552K, reserved 1056768K
  class space    used 607K, capacity 622K, committed 640K, reserved 1048576K
}
Event: 17.172 GC heap before
{Heap before GC invocations=21 (full 4):
 PSYoungGen      total 1019392K, used 972897K [0x000000076ab00000, 0x00000007b7180000, 0x00000007c0000000)
  eden space 818688K, 100% used [0x000000076ab00000,0x000000079ca80000,0x000000079ca80000)
  from space 200704K, 76% used [0x00000007aaa00000,0x00000007b4098630,0x00000007b6e00000)
  to   space 216576K, 0% used [0x000000079ca80000,0x000000079ca80000,0x00000007a9e00000)
 ParOldGen       total 949248K, used 618234K [0x00000006c0000000, 0x00000006f9f00000, 0x000000076ab00000)
  object space 949248K, 65% used [0x00000006c0000000,0x00000006e5bbe918,0x00000006f9f00000)
 Metaspace       used 6751K, capacity 7384K, committed 7680K, reserved 1056768K
  class space    used 614K, capacity 656K, committed 768K, reserved 1048576K
Event: 17.386 GC heap after
Heap after GC invocations=21 (full 4):
 PSYoungGen      total 1035264K, used 216555K [0x000000076ab00000, 0x00000007c0000000, 0x00000007c0000000)
  eden space 818688K, 0% used [0x000000076ab00000,0x000000076ab00000,0x000000079ca80000)
  from space 216576K, 99% used [0x000000079ca80000,0x00000007a9dfac38,0x00000007a9e00000)
  to   space 272384K, 0% used [0x00000007af600000,0x00000007af600000,0x00000007c0000000)
 ParOldGen       total 949248K, used 672247K [0x00000006c0000000, 0x00000006f9f00000, 0x000000076ab00000)
  object space 949248K, 70% used [0x00000006c0000000,0x00000006e907df90,0x00000006f9f00000)
 Metaspace       used 6751K, capacity 7384K, committed 7680K, reserved 1056768K
  class space    used 614K, capacity 656K, committed 768K, reserved 1048576K
}
Event: 18.605 GC heap before
{Heap before GC invocations=22 (full 4):
 PSYoungGen      total 1035264K, used 1035243K [0x000000076ab00000, 0x00000007c0000000, 0x00000007c0000000)
  eden space 818688K, 100% used [0x000000076ab00000,0x000000079ca80000,0x000000079ca80000)
  from space 216576K, 99% used [0x000000079ca80000,0x00000007a9dfac38,0x00000007a9e00000)
  to   space 272384K, 0% used [0x00000007af600000,0x00000007af600000,0x00000007c0000000)
 ParOldGen       total 949248K, used 672247K [0x00000006c0000000, 0x00000006f9f00000, 0x000000076ab00000)
  object space 949248K, 70% used [0x00000006c0000000,0x00000006e907df90,0x00000006f9f00000)
 Metaspace       used 6987K, capacity 7640K, committed 7936K, reserved 1056768K
  class space    used 626K, capacity 656K, committed 768K, reserved 1048576K
Event: 19.012 GC heap after
Heap after GC invocations=22 (full 4):
 PSYoungGen      total 1054720K, used 244166K [0x000000076ab00000, 0x00000007c0000000, 0x00000007c0000000)
  eden space 782336K, 0% used [0x000000076ab00000,0x000000076ab00000,0x000000079a700000)
  from space 272384K, 89% used [0x00000007af600000,0x00000007be471a10,0x00000007c0000000)
  to   space 307712K, 0% used [0x000000079a700000,0x000000079a700000,0x00000007ad380000)
 ParOldGen       total 949248K, used 777635K [0x00000006c0000000, 0x00000006f9f00000, 0x000000076ab00000)
  object space 949248K, 81% used [0x00000006c0000000,0x00000006ef768ef0,0x00000006f9f00000)
 Metaspace       used 6987K, capacity 7640K, committed 7936K, reserved 1056768K
  class space    used 626K, capacity 656K, committed 768K, reserved 1048576K
}
Event: 20.280 GC heap before
{Heap before GC invocations=23 (full 4):
 PSYoungGen      total 1054720K, used 1026502K [0x000000076ab00000, 0x00000007c0000000, 0x00000007c0000000)
  eden space 782336K, 100% used [0x000000076ab00000,0x000000079a700000,0x000000079a700000)
  from space 272384K, 89% used [0x00000007af600000,0x00000007be471a10,0x00000007c0000000)
  to   space 307712K, 0% used [0x000000079a700000,0x000000079a700000,0x00000007ad380000)
 ParOldGen       total 949248K, used 777635K [0x00000006c0000000, 0x00000006f9f00000, 0x000000076ab00000)
  object space 949248K, 81% used [0x00000006c0000000,0x00000006ef768ef0,0x00000006f9f00000)
 Metaspace       used 7158K, capacity 7800K, committed 7936K, reserved 1056768K
  class space    used 629K, capacity 688K, committed 768K, reserved 1048576K
Event: 20.555 GC heap after
Heap after GC invocations=23 (full 4):
 PSYoungGen      total 1090048K, used 307705K [0x000000076ab00000, 0x00000007c0000000, 0x00000007c0000000)
  eden space 782336K, 0% used [0x000000076ab00000,0x000000076ab00000,0x000000079a700000)
  from space 307712K, 99% used [0x000000079a700000,0x00000007ad37e550,0x00000007ad380000)
  to   space 307712K, 0% used [0x00000007ad380000,0x00000007ad380000,0x00000007c0000000)
 ParOldGen       total 949248K, used 824830K [0x00000006c0000000, 0x00000006f9f00000, 0x000000076ab00000)
  object space 949248K, 86% used [0x00000006c0000000,0x00000006f257f960,0x00000006f9f00000)
 Metaspace       used 7158K, capacity 7800K, committed 7936K, reserved 1056768K
  class space    used 629K, capacity 688K, committed 768K, reserved 1048576K
}
Event: 20.555 GC heap before
{Heap before GC invocations=24 (full 5):
 PSYoungGen      total 1090048K, used 307705K [0x000000076ab00000, 0x00000007c0000000, 0x00000007c0000000)
  eden space 782336K, 0% used [0x000000076ab00000,0x000000076ab00000,0x000000079a700000)
  from space 307712K, 99% used [0x000000079a700000,0x00000007ad37e550,0x00000007ad380000)
  to   space 307712K, 0% used [0x00000007ad380000,0x00000007ad380000,0x00000007c0000000)
 ParOldGen       total 949248K, used 824830K [0x00000006c0000000, 0x00000006f9f00000, 0x000000076ab00000)
  object space 949248K, 86% used [0x00000006c0000000,0x00000006f257f960,0x00000006f9f00000)
 Metaspace       used 7158K, capacity 7800K, committed 7936K, reserved 1056768K
  class space    used 629K, capacity 688K, committed 768K, reserved 1048576K
Event: 23.967 GC heap after
Heap after GC invocations=24 (full 5):
 PSYoungGen      total 1090048K, used 0K [0x000000076ab00000, 0x00000007c0000000, 0x00000007c0000000)
  eden space 782336K, 0% used [0x000000076ab00000,0x000000076ab00000,0x000000079a700000)
  from space 307712K, 0% used [0x000000079a700000,0x000000079a700000,0x00000007ad380000)
  to   space 307712K, 0% used [0x00000007ad380000,0x00000007ad380000,0x00000007c0000000)
 ParOldGen       total 1094656K, used 712065K [0x00000006c0000000, 0x0000000702d00000, 0x000000076ab00000)
  object space 1094656K, 65% used [0x00000006c0000000,0x00000006eb760568,0x0000000702d00000)
 Metaspace       used 7158K, capacity 7800K, committed 7936K, reserved 1056768K
  class space    used 629K, capacity 688K, committed 768K, reserved 1048576K
}

Deoptimization events (10 events):
Event: 19.065 Thread 0x000000001e2b5000 Uncommon trap: reason=unstable_if action=reinterpret pc=0x000000000296e82c method=com.android.dx.ssa.back.FirstFitLocalCombiningAllocator.tryMapReg(Lcom/android/dx/rop/code/RegisterSpec;II)Z @ 19
Event: 19.347 Thread 0x000000001e2d4000 Uncommon trap: reason=bimorphic action=maybe_recompile pc=0x0000000002bf7814 method=com.android.dx.dex.code.FixedSizeInsn.codeSize()I @ 7
Event: 19.347 Thread 0x000000001e2d4000 Uncommon trap: reason=bimorphic action=maybe_recompile pc=0x0000000002bf7814 method=com.android.dx.dex.code.FixedSizeInsn.codeSize()I @ 7
Event: 19.347 Thread 0x000000001e2d4000 Uncommon trap: reason=bimorphic action=maybe_recompile pc=0x0000000002bf7814 method=com.android.dx.dex.code.FixedSizeInsn.codeSize()I @ 7
Event: 19.347 Thread 0x000000001e2d4000 Uncommon trap: reason=bimorphic action=maybe_recompile pc=0x0000000002bf7814 method=com.android.dx.dex.code.FixedSizeInsn.codeSize()I @ 7
Event: 19.821 Thread 0x000000001e2b5000 Uncommon trap: reason=unstable_if action=reinterpret pc=0x000000000328641c method=com.android.dx.ssa.PhiTypeResolver.resolveResultType(Lcom/android/dx/ssa/PhiInsn;)Z @ 293
Event: 19.873 Thread 0x000000001e2d4000 Uncommon trap: reason=unstable_if action=reinterpret pc=0x0000000002c477c0 method=com.android.dx.dex.file.DebugInfoEncoder.emitLocalsAtAddress(I)I @ 137
Event: 19.951 Thread 0x000000001e2d4000 Uncommon trap: reason=unstable_if action=reinterpret pc=0x0000000003574c74 method=java.lang.Long.numberOfTrailingZeros(J)I @ 3
Event: 19.973 Thread 0x000000001e2d4000 Uncommon trap: reason=unstable_if action=reinterpret pc=0x0000000002a30178 method=com.android.dx.util.ByteArrayAnnotatedOutput.ensureCapacity(I)V @ 6
Event: 19.973 Thread 0x000000001e2d4000 Uncommon trap: reason=unstable_if action=reinterpret pc=0x0000000002c22d20 method=com.android.dx.util.ByteArrayAnnotatedOutput.ensureCapacity(I)V @ 6

Classes redefined (0 events):
No events

Internal exceptions (10 events):
Event: 0.413 Thread 0x000000000258e800 Implicit null exception at 0x0000000002b600ca to 0x0000000002b616e9
Event: 0.506 Thread 0x000000001e2af000 Implicit null exception at 0x0000000002b2b922 to 0x0000000002b2ba22
Event: 0.693 Thread 0x000000001e2b5000 Implicit null exception at 0x0000000002b9cdab to 0x0000000002b9e68d
Event: 0.722 Thread 0x000000001e2b5000 Implicit null exception at 0x0000000002cd4135 to 0x0000000002cd42fd
Event: 0.790 Thread 0x000000001e2ae000 Exception <a 'java/lang/ArrayIndexOutOfBoundsException': 18> (0x000000076de35b40) thrown at [D:\src\AOSP-openjdk-cygwin\jdk8u\hotspot\src\share\vm\interpreter\interpreterRuntime.cpp, line 366]
Event: 0.790 Thread 0x000000001e2ae000 Exception <a 'java/lang/ArrayIndexOutOfBoundsException': 145> (0x000000076de376c0) thrown at [D:\src\AOSP-openjdk-cygwin\jdk8u\hotspot\src\share\vm\interpreter\interpreterRuntime.cpp, line 366]
Event: 0.790 Thread 0x000000001e2ae000 Exception <a 'java/lang/ArrayIndexOutOfBoundsException'> (0x000000076de389a8) thrown at [D:\src\AOSP-openjdk-cygwin\jdk8u\hotspot\src\share\vm\runtime\sharedRuntime.cpp, line 605]
Event: 3.325 Thread 0x000000000258e800 Implicit null exception at 0x000000000298d0b0 to 0x000000000298da39
Event: 15.578 Thread 0x000000001e2ae000 Implicit null exception at 0x0000000002baf4dc to 0x0000000002baf77a
Event: 19.821 Thread 0x000000001e2b5000 Implicit null exception at 0x000000000328616f to 0x000000000328640c

Events (10 events):
Event: 20.236 Thread 0x000000001e2d4000 DEOPT PACKING pc=0x0000000002c75176 sp=0x000000002265e690
Event: 20.236 Thread 0x000000001e2d4000 DEOPT UNPACKING pc=0x00000000028575bf sp=0x000000002265e3b8 mode 0
Event: 20.237 Thread 0x000000001e2d4000 DEOPT PACKING pc=0x0000000002c75176 sp=0x000000002265e690
Event: 20.237 Thread 0x000000001e2d4000 DEOPT UNPACKING pc=0x00000000028575bf sp=0x000000002265e3b8 mode 0
Event: 20.238 Thread 0x000000001e2d4000 DEOPT PACKING pc=0x0000000002c73950 sp=0x000000002265e5b0
Event: 20.238 Thread 0x000000001e2d4000 DEOPT UNPACKING pc=0x00000000028575bf sp=0x000000002265e398 mode 0
Event: 20.239 Thread 0x000000001e2d4000 DEOPT PACKING pc=0x0000000002c73950 sp=0x000000002265e5b0
Event: 20.239 Thread 0x000000001e2d4000 DEOPT UNPACKING pc=0x00000000028575bf sp=0x000000002265e398 mode 0
Event: 20.280 Executing VM operation: ParallelGCFailedAllocation
Event: 23.967 Executing VM operation: ParallelGCFailedAllocation done


Dynamic libraries:
0x000000013fbc0000 - 0x000000013fbf1000 	C:\Program Files\Android\Android Studio\jre\bin\java.exe
0x00000000774a0000 - 0x000000007764a000 	C:\Windows\SYSTEM32\ntdll.dll
0x0000000077380000 - 0x000000007749f000 	C:\Windows\system32\kernel32.dll
0x000007fefd2d0000 - 0x000007fefd33b000 	C:\Windows\system32\KERNELBASE.dll
0x000007fefd950000 - 0x000007fefda2b000 	C:\Windows\system32\ADVAPI32.dll
0x000007fefd8b0000 - 0x000007fefd94f000 	C:\Windows\system32\msvcrt.dll
0x000007fefdde0000 - 0x000007fefddff000 	C:\Windows\SYSTEM32\sechost.dll
0x000007fefd780000 - 0x000007fefd8ad000 	C:\Windows\system32\RPCRT4.dll
0x0000000077280000 - 0x000000007737a000 	C:\Windows\system32\USER32.dll
0x000007fefdcf0000 - 0x000007fefdd57000 	C:\Windows\system32\GDI32.dll
0x000007fefda30000 - 0x000007fefda3e000 	C:\Windows\system32\LPK.dll
0x000007feff6b0000 - 0x000007feff77a000 	C:\Windows\system32\USP10.dll
0x000007fefb730000 - 0x000007fefb924000 	C:\Windows\WinSxS\amd64_microsoft.windows.common-controls_6595b64144ccf1df_6.0.7601.18837_none_fa3b1e3d17594757\COMCTL32.dll
0x000007fefdf30000 - 0x000007fefdfa1000 	C:\Windows\system32\SHLWAPI.dll
0x000007feff780000 - 0x000007feff7ae000 	C:\Windows\system32\IMM32.DLL
0x000007fefde00000 - 0x000007fefdf09000 	C:\Windows\system32\MSCTF.dll
0x0000000060880000 - 0x0000000060952000 	C:\Program Files\Android\Android Studio\jre\jre\bin\msvcr100.dll
0x000000005f180000 - 0x000000005f9be000 	C:\Program Files\Android\Android Studio\jre\jre\bin\server\jvm.dll
0x000007feed960000 - 0x000007feed969000 	C:\Windows\system32\WSOCK32.dll
0x000007fefe330000 - 0x000007fefe37d000 	C:\Windows\system32\WS2_32.dll
0x000007fefe050000 - 0x000007fefe058000 	C:\Windows\system32\NSI.dll
0x000007fefa6e0000 - 0x000007fefa71b000 	C:\Windows\system32\WINMM.dll
0x000007fefc200000 - 0x000007fefc20c000 	C:\Windows\system32\VERSION.dll
0x0000000077670000 - 0x0000000077677000 	C:\Windows\system32\PSAPI.DLL
0x000007feecf30000 - 0x000007feecf3f000 	C:\Program Files\Android\Android Studio\jre\jre\bin\verify.dll
0x000007feecf00000 - 0x000007feecf29000 	C:\Program Files\Android\Android Studio\jre\jre\bin\java.dll
0x000007feecb60000 - 0x000007feecb76000 	C:\Program Files\Android\Android Studio\jre\jre\bin\zip.dll
0x000007fefe920000 - 0x000007feff6a9000 	C:\Windows\system32\SHELL32.dll
0x000007fefdae0000 - 0x000007fefdce3000 	C:\Windows\system32\ole32.dll
0x000007fefd1f0000 - 0x000007fefd1ff000 	C:\Windows\system32\profapi.dll

VM Arguments:
jvm_args: -Djava.awt.headless=true -Xmx4g -Dfile.encoding=GBK -Duser.country=CN -Duser.language=zh -Duser.variant 
java_command: com.android.dx.command.Main --dex --num-threads=4 --multi-dex --main-dex-list C:\Users\Administrator\Desktop\MLxiao\app\build\intermediates\multi-dex\debug\maindexlist.txt --output C:\Users\Administrator\Desktop\MLxiao\app\build\intermediates\transforms\dex\debug\folders\1000\1f\main C:\Users\Administrator\Desktop\MLxiao\app\build\intermediates\transforms\jarMerging\debug\jars\1\1f\combined.jar
java_class_path (initial): D:\Sdk\sdk\build-tools\25.0.3\lib\dx.jar
Launcher Type: SUN_STANDARD

Environment Variables:
JAVA_HOME=C:\Program Files (x86)\Java\jdk1.8.0_144
CLASSPATH=.;C:\Program Files (x86)\Java\jdk1.8.0_144\lib;C:\Program Files (x86)\Java\jdk1.8.0_144\lib\tools.jar
PATH=C:\ProgramData\Oracle\Java\javapath;C:\Windows\system32;C:\Windows;C:\Windows\System32\Wbem;C:\Windows\System32\WindowsPowerShell\v1.0\;C:\Program Files (x86)\NVIDIA Corporation\PhysX\Common;C:\Program Files (x86)\Java\jdk1.8.0_144\bin;C:\Program Files (x86)\Java\jdk1.8.0_144\jre\bin;C:\Program Files\Git\cmd;D:\Sdk\platform-tools;D:\Sdk\tools;
USERNAME=Administrator
OS=Windows_NT
PROCESSOR_IDENTIFIER=Intel64 Family 6 Model 158 Stepping 9, GenuineIntel



---------------  S Y S T E M  ---------------

OS: Windows 7 , 64 bit Build 7601 (6.1.7601.19160)

CPU:total 4 (initial active 4) (4 cores per cpu, 1 threads per core) family 6 model 158 stepping 9, cmov, cx8, fxsr, mmx, sse, sse2, sse3, ssse3, sse4.1, sse4.2, popcnt, avx, avx2, aes, clmul, erms, 3dnowpref, lzcnt, tsc, tscinvbit, bmi1, bmi2, adx

Memory: 4k page, physical 8335948k(129524k free), swap 10431264k(8284k free)

vm_info: OpenJDK 64-Bit Server VM (25.152-b01) for windows-amd64 JRE (1.8.0_152-release-915-b01), built by "builder" with MS VC++ 10.0 (VS2010)

time: Mon Dec 11 21:00:10 2017
elapsed time: 24 seconds (0d 0h 0m 24s)

