#
# There is insufficient memory for the Java Runtime Environment to continue.
# Native memory allocation (malloc) failed to allocate 852672 bytes for Chunk::new
# Possible reasons:
#   The system is out of physical RAM or swap space
#   In 32 bit mode, the process size limit was hit
# Possible solutions:
#   Reduce memory load on the system
#   Increase physical memory or swap space
#   Check if swap backing store is full
#   Use 64 bit Java on a 64 bit OS
#   Decrease Java heap size (-Xmx/-Xms)
#   Decrease number of Java threads
#   Decrease Java thread stack sizes (-Xss)
#   Set larger code cache with -XX:ReservedCodeCacheSize=
# This output file may be truncated or incomplete.
#
#  Out of Memory Error (allocation.cpp:390), pid=6732, tid=0x000000000000149c
#
# JRE version: OpenJDK Runtime Environment (8.0_152-b01) (build 1.8.0_152-release-915-b01)
# Java VM: OpenJDK 64-Bit Server VM (25.152-b01 mixed mode windows-amd64 compressed oops)
# Failed to write core dump. Minidumps are not enabled by default on client versions of Windows
#

---------------  T H R E A D  ---------------

Current thread (0x000000001d5e5800):  JavaThread "C2 CompilerThread1" daemon [_thread_in_native, id=5276, stack(0x000000001dd40000,0x000000001de40000)]

Stack: [0x000000001dd40000,0x000000001de40000]
[error occurred during error reporting (printing stack bounds), id 0xc0000005]

Native frames: (J=compiled Java code, j=interpreted, Vv=VM code, C=native code)


Current CompileTask:
C2:  16965 3060       4       com.android.dx.cf.code.Ropper::addSetupBlocks (535 bytes)


---------------  P R O C E S S  ---------------

Java Threads: ( => current thread )
  0x000000001f2a6800 JavaThread "pool-1-thread-1" [_thread_in_Java, id=7060, stack(0x0000000022500000,0x0000000022600000)]
  0x000000001d7ec000 JavaThread "pool-2-thread-4" [_thread_blocked, id=6440, stack(0x000000001ed80000,0x000000001ee80000)]
  0x000000001d7ef800 JavaThread "pool-2-thread-3" [_thread_in_Java, id=7048, stack(0x000000001eee0000,0x000000001efe0000)]
  0x000000001d7ef000 JavaThread "pool-2-thread-2" [_thread_blocked, id=3468, stack(0x000000001ec10000,0x000000001ed10000)]
  0x000000001d84c800 JavaThread "pool-3-thread-1" [_thread_blocked, id=5932, stack(0x000000001e950000,0x000000001ea50000)]
  0x000000001d848800 JavaThread "pool-2-thread-1" [_thread_in_Java, id=5912, stack(0x000000001ea50000,0x000000001eb50000)]
  0x000000001d661000 JavaThread "Service Thread" daemon [_thread_blocked, id=7032, stack(0x000000001e030000,0x000000001e130000)]
  0x000000001d5e6800 JavaThread "C1 CompilerThread2" daemon [_thread_blocked, id=500, stack(0x000000001d370000,0x000000001d470000)]
=>0x000000001d5e5800 JavaThread "C2 CompilerThread1" daemon [_thread_in_native, id=5276, stack(0x000000001dd40000,0x000000001de40000)]
  0x000000001c1cd000 JavaThread "C2 CompilerThread0" daemon [_thread_in_native, id=6852, stack(0x000000001dba0000,0x000000001dca0000)]
  0x000000001d5ca800 JavaThread "Attach Listener" daemon [_thread_blocked, id=6436, stack(0x000000001d140000,0x000000001d240000)]
  0x000000001c1bc800 JavaThread "Signal Dispatcher" daemon [_thread_blocked, id=2596, stack(0x000000001da70000,0x000000001db70000)]
  0x000000001c1a8000 JavaThread "Finalizer" daemon [_thread_blocked, id=5504, stack(0x000000001d4c0000,0x000000001d5c0000)]
  0x000000001c161000 JavaThread "Reference Handler" daemon [_thread_blocked, id=6532, stack(0x000000001d240000,0x000000001d340000)]
  0x000000000237e800 JavaThread "main" [_thread_blocked, id=6360, stack(0x0000000002690000,0x0000000002790000)]

Other Threads:
  0x000000001c159800 VMThread [stack: 0x000000001d000000,0x000000001d100000] [id=5692]
  0x000000001d662800 WatcherThread [stack: 0x000000001de50000,0x000000001df50000] [id=6632]

VM state:not at safepoint (normal execution)

VM Mutex/Monitor currently owned by a thread: None

Heap:
 PSYoungGen      total 1009664K, used 974858K [0x000000076ab00000, 0x00000007b8e00000, 0x00000007c0000000)
  eden space 807424K, 96% used [0x000000076ab00000,0x000000079a768708,0x000000079bf80000)
  from space 202240K, 94% used [0x00000007aa200000,0x00000007b5d9a240,0x00000007b6780000)
  to   space 231936K, 0% used [0x000000079bf80000,0x000000079bf80000,0x00000007aa200000)
 ParOldGen       total 890368K, used 576385K [0x00000006c0000000, 0x00000006f6580000, 0x000000076ab00000)
  object space 890368K, 64% used [0x00000006c0000000,0x00000006e32e0548,0x00000006f6580000)
 Metaspace       used 6753K, capacity 7384K, committed 7680K, reserved 1056768K
  class space    used 614K, capacity 656K, committed 768K, reserved 1048576K

Card table byte_map: [0x0000000011b50000,0x0000000012360000] byte_map_base: 0x000000000e550000

Marking Bits: (ParMarkBitMap*) 0x000000006a033950
 Begin Bits: [0x0000000012fd0000, 0x0000000016fd0000)
 End Bits:   [0x0000000016fd0000, 0x000000001afd0000)

Polling page: 0x0000000000240000

CodeCache: size=245760Kb used=16018Kb max_used=16018Kb free=229741Kb
 bounds [0x0000000002790000, 0x0000000003750000, 0x0000000011790000]
 total_blobs=3317 nmethods=3052 adapters=178
 compilation: enabled

Compilation events (10 events):
Event: 16.916 Thread 0x000000001d5e6800 3106       3       com.android.dx.dex.file.EncodedArrayItem::addContents (9 bytes)
Event: 16.916 Thread 0x000000001d5e6800 nmethod 3106 0x000000000372de50 code [0x000000000372dfc0, 0x000000000372e148]
Event: 16.918 Thread 0x000000001d5e6800 3107       3       com.android.dx.dex.file.DebugInfoItem::addContents (1 bytes)
Event: 16.918 Thread 0x000000001d5e6800 nmethod 3107 0x000000000372e1d0 code [0x000000000372e320, 0x000000000372e470]
Event: 16.918 Thread 0x000000001d5e6800 3108       1       com.android.dx.dex.file.DebugInfoItem::addContents (1 bytes)
Event: 16.918 Thread 0x000000001d5e6800 nmethod 3108 0x000000000372e510 code [0x000000000372e660, 0x000000000372e770]
Event: 16.920 Thread 0x000000001d5e6800 3109       3       com.android.dx.dex.file.ValueEncoder::addContents (75 bytes)
Event: 16.921 Thread 0x000000001d5e6800 nmethod 3109 0x000000000372e7d0 code [0x000000000372ea80, 0x0000000003730118]
Event: 16.921 Thread 0x000000001d5e6800 3110       3       com.android.dx.dex.file.AnnotationItem::addContents (27 bytes)
Event: 16.921 Thread 0x000000001d5e6800 nmethod 3110 0x0000000003730d90 code [0x0000000003730f00, 0x00000000037312b8]

GC Heap History (10 events):
Event: 9.600 GC heap before
{Heap before GC invocations=16 (full 3):
 PSYoungGen      total 765440K, used 700581K [0x000000076ab00000, 0x00000007a6a00000, 0x00000007c0000000)
  eden space 630272K, 100% used [0x000000076ab00000,0x0000000791280000,0x0000000791280000)
  from space 135168K, 52% used [0x000000079b100000,0x000000079f5a96f8,0x00000007a3500000)
  to   space 162304K, 0% used [0x0000000791280000,0x0000000791280000,0x000000079b100000)
 ParOldGen       total 512512K, used 313637K [0x00000006c0000000, 0x00000006df480000, 0x000000076ab00000)
  object space 512512K, 61% used [0x00000006c0000000,0x00000006d3249790,0x00000006df480000)
 Metaspace       used 6618K, capacity 7286K, committed 7552K, reserved 1056768K
  class space    used 605K, capacity 622K, committed 640K, reserved 1048576K
Event: 9.785 GC heap after
Heap after GC invocations=16 (full 3):
 PSYoungGen      total 792576K, used 99624K [0x000000076ab00000, 0x00000007aba80000, 0x00000007c0000000)
  eden space 630272K, 0% used [0x000000076ab00000,0x000000076ab00000,0x0000000791280000)
  from space 162304K, 61% used [0x0000000791280000,0x00000007973ca1f8,0x000000079b100000)
  to   space 167424K, 0% used [0x00000007a1700000,0x00000007a1700000,0x00000007aba80000)
 ParOldGen       total 512512K, used 384184K [0x00000006c0000000, 0x00000006df480000, 0x000000076ab00000)
  object space 512512K, 74% used [0x00000006c0000000,0x00000006d772e0d8,0x00000006df480000)
 Metaspace       used 6618K, capacity 7286K, committed 7552K, reserved 1056768K
  class space    used 605K, capacity 622K, committed 640K, reserved 1048576K
}
Event: 10.661 GC heap before
{Heap before GC invocations=17 (full 3):
 PSYoungGen      total 792576K, used 729896K [0x000000076ab00000, 0x00000007aba80000, 0x00000007c0000000)
  eden space 630272K, 100% used [0x000000076ab00000,0x0000000791280000,0x0000000791280000)
  from space 162304K, 61% used [0x0000000791280000,0x00000007973ca1f8,0x000000079b100000)
  to   space 167424K, 0% used [0x00000007a1700000,0x00000007a1700000,0x00000007aba80000)
 ParOldGen       total 512512K, used 384184K [0x00000006c0000000, 0x00000006df480000, 0x000000076ab00000)
  object space 512512K, 74% used [0x00000006c0000000,0x00000006d772e0d8,0x00000006df480000)
 Metaspace       used 6621K, capacity 7286K, committed 7552K, reserved 1056768K
  class space    used 606K, capacity 622K, committed 640K, reserved 1048576K
Event: 10.863 GC heap after
Heap after GC invocations=17 (full 3):
 PSYoungGen      total 859648K, used 167399K [0x000000076ab00000, 0x00000007b1400000, 0x00000007c0000000)
  eden space 692224K, 0% used [0x000000076ab00000,0x000000076ab00000,0x0000000794f00000)
  from space 167424K, 99% used [0x00000007a1700000,0x00000007aba79f98,0x00000007aba80000)
  to   space 204800K, 0% used [0x0000000794f00000,0x0000000794f00000,0x00000007a1700000)
 ParOldGen       total 512512K, used 407964K [0x00000006c0000000, 0x00000006df480000, 0x000000076ab00000)
  object space 512512K, 79% used [0x00000006c0000000,0x00000006d8e67188,0x00000006df480000)
 Metaspace       used 6621K, capacity 7286K, committed 7552K, reserved 1056768K
  class space    used 606K, capacity 622K, committed 640K, reserved 1048576K
}
Event: 11.779 GC heap before
{Heap before GC invocations=18 (full 3):
 PSYoungGen      total 859648K, used 859623K [0x000000076ab00000, 0x00000007b1400000, 0x00000007c0000000)
  eden space 692224K, 100% used [0x000000076ab00000,0x0000000794f00000,0x0000000794f00000)
  from space 167424K, 99% used [0x00000007a1700000,0x00000007aba79f98,0x00000007aba80000)
  to   space 204800K, 0% used [0x0000000794f00000,0x0000000794f00000,0x00000007a1700000)
 ParOldGen       total 512512K, used 407964K [0x00000006c0000000, 0x00000006df480000, 0x000000076ab00000)
  object space 512512K, 79% used [0x00000006c0000000,0x00000006d8e67188,0x00000006df480000)
 Metaspace       used 6628K, capacity 7286K, committed 7552K, reserved 1056768K
  class space    used 607K, capacity 622K, committed 640K, reserved 1048576K
Event: 12.024 GC heap after
Heap after GC invocations=18 (full 3):
 PSYoungGen      total 897024K, used 102840K [0x000000076ab00000, 0x00000007b6780000, 0x00000007c0000000)
  eden space 692224K, 0% used [0x000000076ab00000,0x000000076ab00000,0x0000000794f00000)
  from space 204800K, 50% used [0x0000000794f00000,0x000000079b36e1e0,0x00000007a1700000)
  to   space 202240K, 0% used [0x00000007aa200000,0x00000007aa200000,0x00000007b6780000)
 ParOldGen       total 576512K, used 575693K [0x00000006c0000000, 0x00000006e3300000, 0x000000076ab00000)
  object space 576512K, 99% used [0x00000006c0000000,0x00000006e3233768,0x00000006e3300000)
 Metaspace       used 6628K, capacity 7286K, committed 7552K, reserved 1056768K
  class space    used 607K, capacity 622K, committed 640K, reserved 1048576K
}
Event: 12.024 GC heap before
{Heap before GC invocations=19 (full 4):
 PSYoungGen      total 897024K, used 102840K [0x000000076ab00000, 0x00000007b6780000, 0x00000007c0000000)
  eden space 692224K, 0% used [0x000000076ab00000,0x000000076ab00000,0x0000000794f00000)
  from space 204800K, 50% used [0x0000000794f00000,0x000000079b36e1e0,0x00000007a1700000)
  to   space 202240K, 0% used [0x00000007aa200000,0x00000007aa200000,0x00000007b6780000)
 ParOldGen       total 576512K, used 575693K [0x00000006c0000000, 0x00000006e3300000, 0x000000076ab00000)
  object space 576512K, 99% used [0x00000006c0000000,0x00000006e3233768,0x00000006e3300000)
 Metaspace       used 6628K, capacity 7286K, committed 7552K, reserved 1056768K
  class space    used 607K, capacity 622K, committed 640K, reserved 1048576K
Event: 14.333 GC heap after
Heap after GC invocations=19 (full 4):
 PSYoungGen      total 897024K, used 91466K [0x000000076ab00000, 0x00000007b6780000, 0x00000007c0000000)
  eden space 692224K, 0% used [0x000000076ab00000,0x000000076ab00000,0x0000000794f00000)
  from space 204800K, 44% used [0x0000000794f00000,0x000000079a852b00,0x00000007a1700000)
  to   space 202240K, 0% used [0x00000007aa200000,0x00000007aa200000,0x00000007b6780000)
 ParOldGen       total 890368K, used 576385K [0x00000006c0000000, 0x00000006f6580000, 0x000000076ab00000)
  object space 890368K, 64% used [0x00000006c0000000,0x00000006e32e0548,0x00000006f6580000)
 Metaspace       used 6628K, capacity 7286K, committed 7552K, reserved 1056768K
  class space    used 607K, capacity 622K, committed 640K, reserved 1048576K
}
Event: 15.192 GC heap before
{Heap before GC invocations=20 (full 4):
 PSYoungGen      total 897024K, used 783690K [0x000000076ab00000, 0x00000007b6780000, 0x00000007c0000000)
  eden space 692224K, 100% used [0x000000076ab00000,0x0000000794f00000,0x0000000794f00000)
  from space 204800K, 44% used [0x0000000794f00000,0x000000079a852b00,0x00000007a1700000)
  to   space 202240K, 0% used [0x00000007aa200000,0x00000007aa200000,0x00000007b6780000)
 ParOldGen       total 890368K, used 576385K [0x00000006c0000000, 0x00000006f6580000, 0x000000076ab00000)
  object space 890368K, 64% used [0x00000006c0000000,0x00000006e32e0548,0x00000006f6580000)
 Metaspace       used 6629K, capacity 7286K, committed 7552K, reserved 1056768K
  class space    used 607K, capacity 622K, committed 640K, reserved 1048576K
Event: 15.501 GC heap after
Heap after GC invocations=20 (full 4):
 PSYoungGen      total 1009664K, used 192104K [0x000000076ab00000, 0x00000007b8e00000, 0x00000007c0000000)
  eden space 807424K, 0% used [0x000000076ab00000,0x000000076ab00000,0x000000079bf80000)
  from space 202240K, 94% used [0x00000007aa200000,0x00000007b5d9a240,0x00000007b6780000)
  to   space 231936K, 0% used [0x000000079bf80000,0x000000079bf80000,0x00000007aa200000)
 ParOldGen       total 890368K, used 576385K [0x00000006c0000000, 0x00000006f6580000, 0x000000076ab00000)
  object space 890368K, 64% used [0x00000006c0000000,0x00000006e32e0548,0x00000006f6580000)
 Metaspace       used 6629K, capacity 7286K, committed 7552K, reserved 1056768K
  class space    used 607K, capacity 622K, committed 640K, reserved 1048576K
}

Deoptimization events (10 events):
Event: 15.655 Thread 0x000000001d7ef000 Uncommon trap: reason=class_check action=maybe_recompile pc=0x000000000357ef38 method=com.android.dx.cf.code.BytecodeArray.parseInstruction(ILcom/android/dx/cf/code/BytecodeArray$Visitor;)I @ 2017
Event: 15.999 Thread 0x000000001f2a6800 Uncommon trap: reason=class_check action=maybe_recompile pc=0x00000000033bb400 method=java.util.Arrays.hashCode([Ljava/lang/Object;)I @ 43
Event: 15.999 Thread 0x000000001f2a6800 Uncommon trap: reason=class_check action=maybe_recompile pc=0x00000000033bb400 method=java.util.Arrays.hashCode([Ljava/lang/Object;)I @ 43
Event: 15.999 Thread 0x000000001f2a6800 Uncommon trap: reason=class_check action=maybe_recompile pc=0x00000000033bb400 method=java.util.Arrays.hashCode([Ljava/lang/Object;)I @ 43
Event: 15.999 Thread 0x000000001f2a6800 Uncommon trap: reason=class_check action=maybe_recompile pc=0x00000000033bb400 method=java.util.Arrays.hashCode([Ljava/lang/Object;)I @ 43
Event: 15.999 Thread 0x000000001f2a6800 Uncommon trap: reason=class_check action=maybe_recompile pc=0x0000000002d58a34 method=java.util.Arrays.hashCode([Ljava/lang/Object;)I @ 43
Event: 16.252 Thread 0x000000001f2a6800 Uncommon trap: reason=unstable_if action=reinterpret pc=0x00000000036553d8 method=com.android.dx.dex.code.OutputFinisher.addConstants(Ljava/util/HashSet;Lcom/android/dx/rop/code/RegisterSpec;)V @ 57
Event: 16.374 Thread 0x000000001f2a6800 Uncommon trap: reason=unstable_if action=reinterpret pc=0x0000000003663a04 method=com.android.dx.dex.code.OutputFinisher.addConstants(Ljava/util/HashSet;Lcom/android/dx/rop/code/RegisterSpec;)V @ 32
Event: 16.763 Thread 0x000000001d848800 Uncommon trap: reason=null_check action=make_not_entrant pc=0x0000000003698920 method=com.android.dx.dex.file.MethodIdsSection.intern(Lcom/android/dx/rop/cst/CstBaseMethodRef;)Lcom/android/dx/dex/file/MethodIdItem; @ 26
Event: 16.920 Thread 0x000000001f2a6800 Uncommon trap: reason=unstable_if action=reinterpret pc=0x00000000037085a4 method=com.android.dx.dex.file.ValueEncoder.addContents(Lcom/android/dx/dex/file/DexFile;Lcom/android/dx/rop/cst/Constant;)V @ 4

Classes redefined (0 events):
No events

Internal exceptions (10 events):
Event: 0.117 Thread 0x000000000237e800 Implicit null exception at 0x00000000028f03f8 to 0x00000000028f0a11
Event: 0.410 Thread 0x000000001d7ef800 Implicit null exception at 0x0000000002b33f62 to 0x0000000002b34062
Event: 0.516 Thread 0x000000001d7ef800 Implicit null exception at 0x0000000002b7ccd3 to 0x0000000002b7f40d
Event: 0.661 Thread 0x000000001d7ef000 Implicit null exception at 0x0000000002b211bc to 0x0000000002b23615
Event: 0.841 Thread 0x000000001d7ef000 Exception <a 'java/lang/ArrayIndexOutOfBoundsException': 18> (0x000000076f87d600) thrown at [D:\src\AOSP-openjdk-cygwin\jdk8u\hotspot\src\share\vm\interpreter\interpreterRuntime.cpp, line 366]
Event: 0.841 Thread 0x000000001d7ef000 Exception <a 'java/lang/ArrayIndexOutOfBoundsException': 145> (0x000000076f87f180) thrown at [D:\src\AOSP-openjdk-cygwin\jdk8u\hotspot\src\share\vm\interpreter\interpreterRuntime.cpp, line 366]
Event: 0.842 Thread 0x000000001d7ef000 Exception <a 'java/lang/ArrayIndexOutOfBoundsException'> (0x000000076f880468) thrown at [D:\src\AOSP-openjdk-cygwin\jdk8u\hotspot\src\share\vm\runtime\sharedRuntime.cpp, line 605]
Event: 3.260 Thread 0x000000000237e800 Implicit null exception at 0x000000000290f5b0 to 0x000000000290ff39
Event: 15.184 Thread 0x000000001d7ef800 Implicit null exception at 0x0000000002c48a9d to 0x0000000002c48d3e
Event: 16.763 Thread 0x000000001d848800 Implicit null exception at 0x00000000036968a0 to 0x0000000003698915

Events (10 events):
Event: 16.594 Thread 0x000000000237e800 DEOPT PACKING pc=0x0000000002dbcb93 sp=0x000000000278e6c0
Event: 16.594 Thread 0x000000000237e800 DEOPT UNPACKING pc=0x00000000027d75bf sp=0x000000000278e4d0 mode 0
Event: 16.763 Thread 0x000000001d848800 Uncommon trap: trap_request=0xfffffff4 fr.pc=0x0000000003698920
Event: 16.763 Thread 0x000000001d848800 DEOPT PACKING pc=0x0000000003698920 sp=0x000000001eb4eef0
Event: 16.763 Thread 0x000000001d848800 DEOPT UNPACKING pc=0x00000000027d556a sp=0x000000001eb4ee70 mode 2
Event: 16.854 Thread 0x000000000237e800 DEOPT PACKING pc=0x000000000292f3d3 sp=0x000000000278ec60
Event: 16.854 Thread 0x000000000237e800 DEOPT UNPACKING pc=0x00000000027d75bf sp=0x000000000278e990 mode 0
Event: 16.920 Thread 0x000000001f2a6800 Uncommon trap: trap_request=0xffffff65 fr.pc=0x00000000037085a4
Event: 16.920 Thread 0x000000001f2a6800 DEOPT PACKING pc=0x00000000037085a4 sp=0x00000000225fee70
Event: 16.920 Thread 0x000000001f2a6800 DEOPT UNPACKING pc=0x00000000027d556a sp=0x00000000225fee10 mode 2


Dynamic libraries:
0x000000013f990000 - 0x000000013f9c1000 	C:\Program Files\Android\Android Studio\jre\bin\java.exe
0x0000000077020000 - 0x00000000771ca000 	C:\Windows\SYSTEM32\ntdll.dll
0x0000000076f00000 - 0x000000007701f000 	C:\Windows\system32\kernel32.dll
0x000007fefd090000 - 0x000007fefd0fb000 	C:\Windows\system32\KERNELBASE.dll
0x000007fefdda0000 - 0x000007fefde7b000 	C:\Windows\system32\ADVAPI32.dll
0x000007fefdc60000 - 0x000007fefdcff000 	C:\Windows\system32\msvcrt.dll
0x000007fefdf20000 - 0x000007fefdf3f000 	C:\Windows\SYSTEM32\sechost.dll
0x000007fefedf0000 - 0x000007fefef1d000 	C:\Windows\system32\RPCRT4.dll
0x0000000076e00000 - 0x0000000076efa000 	C:\Windows\system32\USER32.dll
0x000007fefde80000 - 0x000007fefdee7000 	C:\Windows\system32\GDI32.dll
0x000007fefdef0000 - 0x000007fefdefe000 	C:\Windows\system32\LPK.dll
0x000007fefd540000 - 0x000007fefd60a000 	C:\Windows\system32\USP10.dll
0x000007fefb430000 - 0x000007fefb624000 	C:\Windows\WinSxS\amd64_microsoft.windows.common-controls_6595b64144ccf1df_6.0.7601.18837_none_fa3b1e3d17594757\COMCTL32.dll
0x000007fefd330000 - 0x000007fefd3a1000 	C:\Windows\system32\SHLWAPI.dll
0x000007fefd8c0000 - 0x000007fefd8ee000 	C:\Windows\system32\IMM32.DLL
0x000007fefdf40000 - 0x000007fefe049000 	C:\Windows\system32\MSCTF.dll
0x0000000069510000 - 0x00000000695e2000 	C:\Program Files\Android\Android Studio\jre\jre\bin\msvcr100.dll
0x0000000069870000 - 0x000000006a0ae000 	C:\Program Files\Android\Android Studio\jre\jre\bin\server\jvm.dll
0x000007fefa980000 - 0x000007fefa989000 	C:\Windows\system32\WSOCK32.dll
0x000007fefd870000 - 0x000007fefd8bd000 	C:\Windows\system32\WS2_32.dll
0x000007fefede0000 - 0x000007fefede8000 	C:\Windows\system32\NSI.dll
0x000007fefa400000 - 0x000007fefa43b000 	C:\Windows\system32\WINMM.dll
0x000007fefbd80000 - 0x000007fefbd8c000 	C:\Windows\system32\VERSION.dll
0x00000000771f0000 - 0x00000000771f7000 	C:\Windows\system32\PSAPI.DLL
0x000007feec340000 - 0x000007feec34f000 	C:\Program Files\Android\Android Studio\jre\jre\bin\verify.dll
0x000007feec310000 - 0x000007feec339000 	C:\Program Files\Android\Android Studio\jre\jre\bin\java.dll
0x000007feec2f0000 - 0x000007feec306000 	C:\Program Files\Android\Android Studio\jre\jre\bin\zip.dll
0x000007fefe050000 - 0x000007fefedd9000 	C:\Windows\system32\SHELL32.dll
0x000007fefd120000 - 0x000007fefd323000 	C:\Windows\system32\ole32.dll
0x000007fefcd70000 - 0x000007fefcd7f000 	C:\Windows\system32\profapi.dll

VM Arguments:
jvm_args: -Djava.awt.headless=true -Xmx4g -Dfile.encoding=GBK -Duser.country=CN -Duser.language=zh -Duser.variant 
java_command: com.android.dx.command.Main --dex --num-threads=4 --multi-dex --main-dex-list C:\Users\Administrator\Desktop\MLxiao\app\build\intermediates\multi-dex\debug\maindexlist.txt --output C:\Users\Administrator\Desktop\MLxiao\app\build\intermediates\transforms\dex\debug\folders\1000\1f\main C:\Users\Administrator\Desktop\MLxiao\app\build\intermediates\transforms\jarMerging\debug\jars\1\1f\combined.jar
java_class_path (initial): D:\Sdk\build-tools\25.0.3\lib\dx.jar
Launcher Type: SUN_STANDARD

Environment Variables:
JAVA_HOME=C:\Program Files (x86)\Java\jdk1.8.0_144
CLASSPATH=.;C:\Program Files (x86)\Java\jdk1.8.0_144\lib;C:\Program Files (x86)\Java\jdk1.8.0_144\lib\tools.jar
PATH=C:\ProgramData\Oracle\Java\javapath;C:\Windows\system32;C:\Windows;C:\Windows\System32\Wbem;C:\Windows\System32\WindowsPowerShell\v1.0\;C:\Program Files (x86)\NVIDIA Corporation\PhysX\Common;C:\Program Files (x86)\Java\jdk1.8.0_144\bin;C:\Program Files (x86)\Java\jdk1.8.0_144\jre\bin;C:\Program Files\Git\cmd;D:\Sdk\platform-tools;D:\Sdk\tools;C:\Program Files\Common Files\Autodesk Shared\
USERNAME=Administrator
OS=Windows_NT
PROCESSOR_IDENTIFIER=Intel64 Family 6 Model 158 Stepping 9, GenuineIntel



---------------  S Y S T E M  ---------------

OS: Windows 7 , 64 bit Build 7601 (6.1.7601.19160)

CPU:total 4 (initial active 4) (4 cores per cpu, 1 threads per core) family 6 model 158 stepping 9, cmov, cx8, fxsr, mmx, sse, sse2, sse3, ssse3, sse4.1, sse4.2, popcnt, avx, avx2, aes, clmul, erms, 3dnowpref, lzcnt, tsc, tscinvbit, bmi1, bmi2, adx

Memory: 4k page, physical 8335948k(91628k free), swap 10431264k(5548k free)

vm_info: OpenJDK 64-Bit Server VM (25.152-b01) for windows-amd64 JRE (1.8.0_152-release-915-b01), built by "builder" with MS VC++ 10.0 (VS2010)

time: Mon Dec 18 10:50:27 2017
elapsed time: 16 seconds (0d 0h 0m 16s)

