#
# There is insufficient memory for the Java Runtime Environment to continue.
# Native memory allocation (malloc) failed to allocate 1095056 bytes for Chunk::new
# Possible reasons:
#   The system is out of physical RAM or swap space
#   In 32 bit mode, the process size limit was hit
# Possible solutions:
#   Reduce memory load on the system
#   Increase physical memory or swap space
#   Check if swap backing store is full
#   Use 64 bit Java on a 64 bit OS
#   Decrease Java heap size (-Xmx/-Xms)
#   Decrease number of Java threads
#   Decrease Java thread stack sizes (-Xss)
#   Set larger code cache with -XX:ReservedCodeCacheSize=
# This output file may be truncated or incomplete.
#
#  Out of Memory Error (allocation.cpp:390), pid=9204, tid=0x00000000000027a0
#
# JRE version: Java(TM) SE Runtime Environment (8.0_151-b12) (build 1.8.0_151-b12)
# Java VM: Java HotSpot(TM) 64-Bit Server VM (25.151-b12 mixed mode windows-amd64 compressed oops)
# Failed to write core dump. Minidumps are not enabled by default on client versions of Windows
#

---------------  T H R E A D  ---------------

Current thread (0x000000001bf9b000):  JavaThread "C2 CompilerThread0" daemon [_thread_in_native, id=10144, stack(0x000000001d1a0000,0x000000001d2a0000)]

Stack: [0x000000001d1a0000,0x000000001d2a0000]
[error occurred during error reporting (printing stack bounds), id 0xc0000005]

Native frames: (J=compiled Java code, j=interpreted, Vv=VM code, C=native code)


Current CompileTask:
C2:  15964 2945   !   4       com.android.dx.cf.code.BytecodeArray::parseInstruction (2764 bytes)


---------------  P R O C E S S  ---------------

Java Threads: ( => current thread )
  0x000000001e3f6000 JavaThread "pool-2-thread-4" [_thread_blocked, id=10184, stack(0x000000001f110000,0x000000001f210000)]
  0x000000001e3fa000 JavaThread "pool-2-thread-3" [_thread_in_Java, id=9560, stack(0x000000001eee0000,0x000000001efe0000)]
  0x000000001e3f9800 JavaThread "pool-2-thread-2" [_thread_blocked, id=6100, stack(0x000000001ed90000,0x000000001ee90000)]
  0x000000001d96a000 JavaThread "pool-3-thread-1" [_thread_blocked, id=7748, stack(0x000000001ddf0000,0x000000001def0000)]
  0x000000001d969000 JavaThread "pool-2-thread-1" [_thread_blocked, id=9136, stack(0x000000001eb90000,0x000000001ec90000)]
  0x000000001d62a000 JavaThread "Service Thread" daemon [_thread_blocked, id=4876, stack(0x000000001dab0000,0x000000001dbb0000)]
  0x000000001d5a5800 JavaThread "C1 CompilerThread2" daemon [_thread_blocked, id=8296, stack(0x000000001df80000,0x000000001e080000)]
  0x000000001d5a4000 JavaThread "C2 CompilerThread1" daemon [_thread_in_native, id=5260, stack(0x000000001dcf0000,0x000000001ddf0000)]
=>0x000000001bf9b000 JavaThread "C2 CompilerThread0" daemon [_thread_in_native, id=10144, stack(0x000000001d1a0000,0x000000001d2a0000)]
  0x000000001d590800 JavaThread "Attach Listener" daemon [_thread_blocked, id=9708, stack(0x000000001dbb0000,0x000000001dcb0000)]
  0x000000001bf94800 JavaThread "Signal Dispatcher" daemon [_thread_blocked, id=9252, stack(0x000000001d9b0000,0x000000001dab0000)]
  0x000000001bf7f000 JavaThread "Finalizer" daemon [_thread_blocked, id=9580, stack(0x000000001d480000,0x000000001d580000)]
  0x000000001bf38000 JavaThread "Reference Handler" daemon [_thread_blocked, id=8392, stack(0x000000001d300000,0x000000001d400000)]
  0x000000000252e000 JavaThread "main" [_thread_blocked, id=8456, stack(0x0000000002540000,0x0000000002640000)]

Other Threads:
  0x000000001bf30800 VMThread [stack: 0x000000001d030000,0x000000001d130000] [id=9284]
  0x000000001d5db800 WatcherThread [stack: 0x000000001e1c0000,0x000000001e2c0000] [id=9816]

VM state:not at safepoint (normal execution)

VM Mutex/Monitor currently owned by a thread: None

Heap:
 PSYoungGen      total 1026560K, used 655513K [0x000000076ab00000, 0x00000007bdb00000, 0x00000007c0000000)
  eden space 822784K, 54% used [0x000000076ab00000,0x0000000786428f20,0x000000079ce80000)
  from space 203776K, 99% used [0x00000007abc00000,0x00000007b82fd7e0,0x00000007b8300000)
  to   space 243200K, 0% used [0x000000079ce80000,0x000000079ce80000,0x00000007abc00000)
 ParOldGen       total 759808K, used 591597K [0x00000006c0000000, 0x00000006ee600000, 0x000000076ab00000)
  object space 759808K, 77% used [0x00000006c0000000,0x00000006e41bb6f0,0x00000006ee600000)
 Metaspace       used 6758K, capacity 7384K, committed 7680K, reserved 1056768K
  class space    used 640K, capacity 656K, committed 768K, reserved 1048576K

Card table byte_map: [0x0000000011ab0000,0x00000000122c0000] byte_map_base: 0x000000000e4b0000

Marking Bits: (ParMarkBitMap*) 0x000000005ba1d850
 Begin Bits: [0x0000000012da0000, 0x0000000016da0000)
 End Bits:   [0x0000000016da0000, 0x000000001ada0000)

Polling page: 0x0000000000230000

CodeCache: size=245760Kb used=15418Kb max_used=15430Kb free=230341Kb
 bounds [0x00000000026f0000, 0x0000000003620000, 0x00000000116f0000]
 total_blobs=3076 nmethods=2806 adapters=182
 compilation: enabled

Compilation events (10 events):
Event: 15.923 Thread 0x000000001d5a4000 nmethod 2771 0x000000000349c150 code [0x000000000349c280, 0x000000000349c358]
Event: 15.923 Thread 0x000000001d5a4000 2297       4       com.android.dx.cf.code.ExecutionStack::pop (54 bytes)
Event: 15.924 Thread 0x000000001d5a4000 nmethod 2297 0x00000000035b5f90 code [0x00000000035b60e0, 0x00000000035b6298]
Event: 15.924 Thread 0x000000001d5a4000 2600       4       java.util.TreeMap$ValueIterator::next (8 bytes)
Event: 15.926 Thread 0x000000001d5a4000 nmethod 2600 0x0000000003514210 code [0x0000000003514360, 0x00000000035144b8]
Event: 15.926 Thread 0x000000001d5a4000 2622   !   4       com.android.dx.rop.code.RegisterSpecSet::get (18 bytes)
Event: 15.926 Thread 0x000000001d5a4000 nmethod 2622 0x00000000034d21d0 code [0x00000000034d2300, 0x00000000034d2398]
Event: 15.926 Thread 0x000000001d5a4000 2725       4       com.android.dx.ssa.back.InterferenceGraph::add (46 bytes)
Event: 15.932 Thread 0x000000001d5a4000 nmethod 2725 0x0000000003514d50 code [0x0000000003514f20, 0x0000000003515740]
Event: 15.932 Thread 0x000000001d5a4000 2817       4       java.util.RegularEnumSet::contains (57 bytes)

GC Heap History (10 events):
Event: 10.169 GC heap before
{Heap before GC invocations=16 (full 3):
 PSYoungGen      total 790016K, used 757875K [0x000000076ab00000, 0x00000007aa180000, 0x00000007c0000000)
  eden space 660480K, 100% used [0x000000076ab00000,0x0000000793000000,0x0000000793000000)
  from space 129536K, 75% used [0x000000079d280000,0x00000007a319cc88,0x00000007a5100000)
  to   space 166400K, 0% used [0x0000000793000000,0x0000000793000000,0x000000079d280000)
 ParOldGen       total 492032K, used 301055K [0x00000006c0000000, 0x00000006de080000, 0x000000076ab00000)
  object space 492032K, 61% used [0x00000006c0000000,0x00000006d25ffc40,0x00000006de080000)
 Metaspace       used 6742K, capacity 7384K, committed 7680K, reserved 1056768K
  class space    used 638K, capacity 656K, committed 768K, reserved 1048576K
Event: 10.374 GC heap after
Heap after GC invocations=16 (full 3):
 PSYoungGen      total 826880K, used 86474K [0x000000076ab00000, 0x00000007ae580000, 0x00000007c0000000)
  eden space 660480K, 0% used [0x000000076ab00000,0x000000076ab00000,0x0000000793000000)
  from space 166400K, 51% used [0x0000000793000000,0x0000000798472868,0x000000079d280000)
  to   space 165888K, 0% used [0x00000007a4380000,0x00000007a4380000,0x00000007ae580000)
 ParOldGen       total 492032K, used 399224K [0x00000006c0000000, 0x00000006de080000, 0x000000076ab00000)
  object space 492032K, 81% used [0x00000006c0000000,0x00000006d85de338,0x00000006de080000)
 Metaspace       used 6742K, capacity 7384K, committed 7680K, reserved 1056768K
  class space    used 638K, capacity 656K, committed 768K, reserved 1048576K
}
Event: 11.361 GC heap before
{Heap before GC invocations=17 (full 3):
 PSYoungGen      total 826880K, used 746954K [0x000000076ab00000, 0x00000007ae580000, 0x00000007c0000000)
  eden space 660480K, 100% used [0x000000076ab00000,0x0000000793000000,0x0000000793000000)
  from space 166400K, 51% used [0x0000000793000000,0x0000000798472868,0x000000079d280000)
  to   space 165888K, 0% used [0x00000007a4380000,0x00000007a4380000,0x00000007ae580000)
 ParOldGen       total 492032K, used 399224K [0x00000006c0000000, 0x00000006de080000, 0x000000076ab00000)
  object space 492032K, 81% used [0x00000006c0000000,0x00000006d85de338,0x00000006de080000)
 Metaspace       used 6751K, capacity 7384K, committed 7680K, reserved 1056768K
  class space    used 638K, capacity 656K, committed 768K, reserved 1048576K
Event: 11.547 GC heap after
Heap after GC invocations=17 (full 3):
 PSYoungGen      total 908288K, used 165858K [0x000000076ab00000, 0x00000007b3280000, 0x00000007c0000000)
  eden space 742400K, 0% used [0x000000076ab00000,0x000000076ab00000,0x0000000798000000)
  from space 165888K, 99% used [0x00000007a4380000,0x00000007ae578a70,0x00000007ae580000)
  to   space 200192K, 0% used [0x0000000798000000,0x0000000798000000,0x00000007a4380000)
 ParOldGen       total 492032K, used 416055K [0x00000006c0000000, 0x00000006de080000, 0x000000076ab00000)
  object space 492032K, 84% used [0x00000006c0000000,0x00000006d964dea8,0x00000006de080000)
 Metaspace       used 6751K, capacity 7384K, committed 7680K, reserved 1056768K
  class space    used 638K, capacity 656K, committed 768K, reserved 1048576K
}
Event: 11.547 GC heap before
{Heap before GC invocations=18 (full 4):
 PSYoungGen      total 908288K, used 165858K [0x000000076ab00000, 0x00000007b3280000, 0x00000007c0000000)
  eden space 742400K, 0% used [0x000000076ab00000,0x000000076ab00000,0x0000000798000000)
  from space 165888K, 99% used [0x00000007a4380000,0x00000007ae578a70,0x00000007ae580000)
  to   space 200192K, 0% used [0x0000000798000000,0x0000000798000000,0x00000007a4380000)
 ParOldGen       total 492032K, used 416055K [0x00000006c0000000, 0x00000006de080000, 0x000000076ab00000)
  object space 492032K, 84% used [0x00000006c0000000,0x00000006d964dea8,0x00000006de080000)
 Metaspace       used 6751K, capacity 7384K, committed 7680K, reserved 1056768K
  class space    used 638K, capacity 656K, committed 768K, reserved 1048576K
Event: 13.106 GC heap after
Heap after GC invocations=18 (full 4):
 PSYoungGen      total 908288K, used 85621K [0x000000076ab00000, 0x00000007b3280000, 0x00000007c0000000)
  eden space 742400K, 0% used [0x000000076ab00000,0x000000076ab00000,0x0000000798000000)
  from space 165888K, 51% used [0x00000007a4380000,0x00000007a971d590,0x00000007ae580000)
  to   space 200192K, 0% used [0x0000000798000000,0x0000000798000000,0x00000007a4380000)
 ParOldGen       total 759808K, used 491629K [0x00000006c0000000, 0x00000006ee600000, 0x000000076ab00000)
  object space 759808K, 64% used [0x00000006c0000000,0x00000006de01b440,0x00000006ee600000)
 Metaspace       used 6751K, capacity 7384K, committed 7680K, reserved 1056768K
  class space    used 638K, capacity 656K, committed 768K, reserved 1048576K
}
Event: 14.153 GC heap before
{Heap before GC invocations=19 (full 4):
 PSYoungGen      total 908288K, used 828021K [0x000000076ab00000, 0x00000007b3280000, 0x00000007c0000000)
  eden space 742400K, 100% used [0x000000076ab00000,0x0000000798000000,0x0000000798000000)
  from space 165888K, 51% used [0x00000007a4380000,0x00000007a971d590,0x00000007ae580000)
  to   space 200192K, 0% used [0x0000000798000000,0x0000000798000000,0x00000007a4380000)
 ParOldGen       total 759808K, used 491629K [0x00000006c0000000, 0x00000006ee600000, 0x000000076ab00000)
  object space 759808K, 64% used [0x00000006c0000000,0x00000006de01b440,0x00000006ee600000)
 Metaspace       used 6756K, capacity 7384K, committed 7680K, reserved 1056768K
  class space    used 639K, capacity 656K, committed 768K, reserved 1048576K
Event: 14.342 GC heap after
Heap after GC invocations=19 (full 4):
 PSYoungGen      total 942592K, used 117445K [0x000000076ab00000, 0x00000007b8300000, 0x00000007c0000000)
  eden space 742400K, 0% used [0x000000076ab00000,0x000000076ab00000,0x0000000798000000)
  from space 200192K, 58% used [0x0000000798000000,0x000000079f2b15b0,0x00000007a4380000)
  to   space 203776K, 0% used [0x00000007abc00000,0x00000007abc00000,0x00000007b8300000)
 ParOldGen       total 759808K, used 576733K [0x00000006c0000000, 0x00000006ee600000, 0x000000076ab00000)
  object space 759808K, 75% used [0x00000006c0000000,0x00000006e33375f0,0x00000006ee600000)
 Metaspace       used 6756K, capacity 7384K, committed 7680K, reserved 1056768K
  class space    used 639K, capacity 656K, committed 768K, reserved 1048576K
}
Event: 15.301 GC heap before
{Heap before GC invocations=20 (full 4):
 PSYoungGen      total 942592K, used 859845K [0x000000076ab00000, 0x00000007b8300000, 0x00000007c0000000)
  eden space 742400K, 100% used [0x000000076ab00000,0x0000000798000000,0x0000000798000000)
  from space 200192K, 58% used [0x0000000798000000,0x000000079f2b15b0,0x00000007a4380000)
  to   space 203776K, 0% used [0x00000007abc00000,0x00000007abc00000,0x00000007b8300000)
 ParOldGen       total 759808K, used 576733K [0x00000006c0000000, 0x00000006ee600000, 0x000000076ab00000)
  object space 759808K, 75% used [0x00000006c0000000,0x00000006e33375f0,0x00000006ee600000)
 Metaspace       used 6758K, capacity 7384K, committed 7680K, reserved 1056768K
  class space    used 640K, capacity 656K, committed 768K, reserved 1048576K
Event: 15.485 GC heap after
Heap after GC invocations=20 (full 4):
 PSYoungGen      total 1026560K, used 203765K [0x000000076ab00000, 0x00000007bdb00000, 0x00000007c0000000)
  eden space 822784K, 0% used [0x000000076ab00000,0x000000076ab00000,0x000000079ce80000)
  from space 203776K, 99% used [0x00000007abc00000,0x00000007b82fd7e0,0x00000007b8300000)
  to   space 243200K, 0% used [0x000000079ce80000,0x000000079ce80000,0x00000007abc00000)
 ParOldGen       total 759808K, used 591597K [0x00000006c0000000, 0x00000006ee600000, 0x000000076ab00000)
  object space 759808K, 77% used [0x00000006c0000000,0x00000006e41bb6f0,0x00000006ee600000)
 Metaspace       used 6758K, capacity 7384K, committed 7680K, reserved 1056768K
  class space    used 640K, capacity 656K, committed 768K, reserved 1048576K
}

Deoptimization events (10 events):
Event: 13.740 Thread 0x000000001e3f6000 Uncommon trap: reason=unstable_if action=reinterpret pc=0x0000000002f4e804 method=com.android.dx.ssa.SsaRenamer$BlockRenamer.visitMoveInsn(Lcom/android/dx/ssa/NormalSsaInsn;)V @ 94
Event: 14.022 Thread 0x000000001d969000 Uncommon trap: reason=unstable_if action=reinterpret pc=0x000000000320ad8c method=com.android.dx.ssa.PhiTypeResolver.resolveResultType(Lcom/android/dx/ssa/PhiInsn;)Z @ 293
Event: 14.403 Thread 0x000000001e3fa000 Uncommon trap: reason=unstable_if action=reinterpret pc=0x0000000002fb0b7c method=java.util.concurrent.ConcurrentHashMap.get(Ljava/lang/Object;)Ljava/lang/Object; @ 86
Event: 14.819 Thread 0x000000000252e000 Uncommon trap: reason=bimorphic action=maybe_recompile pc=0x000000000336097c method=com.android.dx.cf.code.BytecodeArray.parseInstruction(ILcom/android/dx/cf/code/BytecodeArray$Visitor;)I @ 1067
Event: 14.819 Thread 0x000000000252e000 Uncommon trap: reason=bimorphic action=maybe_recompile pc=0x000000000336097c method=com.android.dx.cf.code.BytecodeArray.parseInstruction(ILcom/android/dx/cf/code/BytecodeArray$Visitor;)I @ 1067
Event: 14.970 Thread 0x000000001e3f6000 Uncommon trap: reason=unstable_if action=reinterpret pc=0x00000000032f84f4 method=java.lang.Integer.valueOf(I)Ljava/lang/Integer; @ 10
Event: 15.206 Thread 0x000000000252e000 Uncommon trap: reason=class_check action=maybe_recompile pc=0x0000000003129964 method=com.android.dx.ssa.SCCP.simulateBranch(Lcom/android/dx/ssa/SsaInsn;)V @ 339
Event: 15.709 Thread 0x000000001e3f6000 Uncommon trap: reason=bimorphic action=maybe_recompile pc=0x0000000003596280 method=com.android.dx.cf.code.BytecodeArray.parseInstruction(ILcom/android/dx/cf/code/BytecodeArray$Visitor;)I @ 1387
Event: 15.712 Thread 0x000000001e3f6000 Uncommon trap: reason=bimorphic action=maybe_recompile pc=0x0000000003596280 method=com.android.dx.cf.code.BytecodeArray.parseInstruction(ILcom/android/dx/cf/code/BytecodeArray$Visitor;)I @ 1387
Event: 15.825 Thread 0x000000001e3f6000 Uncommon trap: reason=unstable_if action=reinterpret pc=0x00000000032035b4 method=java.util.concurrent.ConcurrentHashMap.putVal(Ljava/lang/Object;Ljava/lang/Object;Z)Ljava/lang/Object; @ 195

Internal exceptions (10 events):
Event: 0.442 Thread 0x000000001e3f9800 Implicit null exception at 0x0000000002ae7962 to 0x0000000002ae7a62
Event: 0.551 Thread 0x000000001d969000 Implicit null exception at 0x0000000002ae1b9f to 0x0000000002ae2d81
Event: 0.686 Thread 0x000000001e3f9800 Implicit null exception at 0x0000000002af09dc to 0x0000000002af2985
Event: 1.324 Thread 0x000000000252e000 Exception <a 'java/lang/ArrayIndexOutOfBoundsException': 18> (0x000000076e6c9958) thrown at [C:\re\workspace\8-2-build-windows-amd64-cygwin\jdk8u151\9699\hotspot\src\share\vm\interpreter\interpreterRuntime.cpp, line 366]
Event: 1.426 Thread 0x000000000252e000 Exception <a 'java/lang/ArrayIndexOutOfBoundsException': 145> (0x000000076e6cb4d8) thrown at [C:\re\workspace\8-2-build-windows-amd64-cygwin\jdk8u151\9699\hotspot\src\share\vm\interpreter\interpreterRuntime.cpp, line 366]
Event: 1.465 Thread 0x000000000252e000 Exception <a 'java/lang/ArrayIndexOutOfBoundsException'> (0x000000076e6cc7c0) thrown at [C:\re\workspace\8-2-build-windows-amd64-cygwin\jdk8u151\9699\hotspot\src\share\vm\runtime\sharedRuntime.cpp, line 605]
Event: 4.701 Thread 0x000000000252e000 Implicit null exception at 0x0000000002871a10 to 0x000000000287239d
Event: 9.141 Thread 0x000000001d969000 Implicit null exception at 0x000000000329090c to 0x00000000032950e5
Event: 13.740 Thread 0x000000001e3f6000 Implicit null exception at 0x0000000002f47f8d to 0x0000000002f4e7a9
Event: 14.022 Thread 0x000000001d969000 Implicit null exception at 0x000000000320aae6 to 0x000000000320ad7d

Events (10 events):
Event: 15.491 Thread 0x000000001d5a5800 flushing nmethod 0x0000000002870190
Event: 15.709 Thread 0x000000001e3f6000 Uncommon trap: trap_request=0xffffffc6 fr.pc=0x0000000003596280
Event: 15.709 Thread 0x000000001e3f6000 DEOPT PACKING pc=0x0000000003596280 sp=0x000000001f20e400
Event: 15.709 Thread 0x000000001e3f6000 DEOPT UNPACKING pc=0x000000000273582a sp=0x000000001f20e398 mode 2
Event: 15.712 Thread 0x000000001e3f6000 Uncommon trap: trap_request=0xffffffc6 fr.pc=0x0000000003596280
Event: 15.712 Thread 0x000000001e3f6000 DEOPT PACKING pc=0x0000000003596280 sp=0x000000001f20e470
Event: 15.712 Thread 0x000000001e3f6000 DEOPT UNPACKING pc=0x000000000273582a sp=0x000000001f20e408 mode 2
Event: 15.825 Thread 0x000000001e3f6000 Uncommon trap: trap_request=0xffffff65 fr.pc=0x00000000032035b4
Event: 15.825 Thread 0x000000001e3f6000 DEOPT PACKING pc=0x00000000032035b4 sp=0x000000001f20e800
Event: 15.825 Thread 0x000000001e3f6000 DEOPT UNPACKING pc=0x000000000273582a sp=0x000000001f20e790 mode 2


Dynamic libraries:
0x000000013f6e0000 - 0x000000013f717000 	C:\Program Files\Java\jdk1.8.0_151\bin\java.exe
0x0000000077710000 - 0x00000000778ba000 	C:\Windows\SYSTEM32\ntdll.dll
0x00000000774f0000 - 0x000000007760f000 	C:\Windows\system32\kernel32.dll
0x000007fefd6c0000 - 0x000007fefd72b000 	C:\Windows\system32\KERNELBASE.dll
0x000007feff5d0000 - 0x000007feff6ab000 	C:\Windows\system32\ADVAPI32.dll
0x000007fefdf40000 - 0x000007fefdfdf000 	C:\Windows\system32\msvcrt.dll
0x000007feff410000 - 0x000007feff42f000 	C:\Windows\SYSTEM32\sechost.dll
0x000007feff6b0000 - 0x000007feff7dd000 	C:\Windows\system32\RPCRT4.dll
0x0000000077610000 - 0x000000007770a000 	C:\Windows\system32\USER32.dll
0x000007feff4e0000 - 0x000007feff547000 	C:\Windows\system32\GDI32.dll
0x000007feff460000 - 0x000007feff46e000 	C:\Windows\system32\LPK.dll
0x000007feff950000 - 0x000007feffa1a000 	C:\Windows\system32\USP10.dll
0x000007fefb960000 - 0x000007fefbb54000 	C:\Windows\WinSxS\amd64_microsoft.windows.common-controls_6595b64144ccf1df_6.0.7601.18837_none_fa3b1e3d17594757\COMCTL32.dll
0x000007feff550000 - 0x000007feff5c1000 	C:\Windows\system32\SHLWAPI.dll
0x000007feff430000 - 0x000007feff45e000 	C:\Windows\system32\IMM32.DLL
0x000007fefd8b0000 - 0x000007fefd9b9000 	C:\Windows\system32\MSCTF.dll
0x000000005c960000 - 0x000000005ca32000 	C:\Program Files\Java\jdk1.8.0_151\jre\bin\msvcr100.dll
0x000000005b200000 - 0x000000005ba9d000 	C:\Program Files\Java\jdk1.8.0_151\jre\bin\server\jvm.dll
0x000007fefadf0000 - 0x000007fefadf9000 	C:\Windows\system32\WSOCK32.dll
0x000007feff7e0000 - 0x000007feff82d000 	C:\Windows\system32\WS2_32.dll
0x000007feff4d0000 - 0x000007feff4d8000 	C:\Windows\system32\NSI.dll
0x000007fefb320000 - 0x000007fefb35b000 	C:\Windows\system32\WINMM.dll
0x000007fefc470000 - 0x000007fefc47c000 	C:\Windows\system32\VERSION.dll
0x00000000778e0000 - 0x00000000778e7000 	C:\Windows\system32\PSAPI.DLL
0x000000006f610000 - 0x000000006f61f000 	C:\Program Files\Java\jdk1.8.0_151\jre\bin\verify.dll
0x000000005d290000 - 0x000000005d2b9000 	C:\Program Files\Java\jdk1.8.0_151\jre\bin\java.dll
0x000000005d2d0000 - 0x000000005d2e6000 	C:\Program Files\Java\jdk1.8.0_151\jre\bin\zip.dll
0x000007fefdfe0000 - 0x000007fefed69000 	C:\Windows\system32\SHELL32.dll
0x000007fefdb50000 - 0x000007fefdd53000 	C:\Windows\system32\ole32.dll
0x000007fefd460000 - 0x000007fefd46f000 	C:\Windows\system32\profapi.dll

VM Arguments:
jvm_args: -Djava.awt.headless=true -Xmx4g -Dfile.encoding=GBK -Duser.country=CN -Duser.language=zh -Duser.variant 
java_command: com.android.dx.command.Main --dex --num-threads=4 --multi-dex --main-dex-list C:\Users\Administrator\Desktop\MLxiao\app\build\intermediates\multi-dex\debug\maindexlist.txt --output C:\Users\Administrator\Desktop\MLxiao\app\build\intermediates\transforms\dex\debug\folders\1000\1f\main C:\Users\Administrator\Desktop\MLxiao\app\build\intermediates\transforms\jarMerging\debug\jars\1\1f\combined.jar
java_class_path (initial): D:\Sdk\build-tools\26.0.1\lib\dx.jar
Launcher Type: SUN_STANDARD

Environment Variables:
JAVA_HOME=C:\Program Files\Java\jdk1.8.0_151
CLASSPATH=.;C:\Program Files\Java\jdk1.8.0_151\lib;C:\Program Files\Java\jdk1.8.0_151\lib\tools.jar;C:\Program Files\Java\jdk1.8.0_151\lib\dt.jar;
PATH=C:\Program Files (x86)\Common Files\Intel\Shared Libraries\redist\intel64\compiler;C:\Windows\system32;C:\Windows;C:\Windows\System32\Wbem;C:\Windows\System32\WindowsPowerShell\v1.0\;C:\Program Files (x86)\NVIDIA Corporation\PhysX\Common;C:\Program Files\Java\jdk1.8.0_151\bin;C:\Program Files\Java\jdk1.8.0_151\jre1.8.0_151\bin;C:\Program Files\Git\cmd;D:\Sdk\platform-tools;D:\Sdk\tools;C:\Program Files\Common Files\Autodesk Shared\;C:\Program Files (x86)\Python\Scripts\;C:\Program Files (x86)\Python\;
USERNAME=Administrator
OS=Windows_NT
PROCESSOR_IDENTIFIER=Intel64 Family 6 Model 158 Stepping 9, GenuineIntel



---------------  S Y S T E M  ---------------

OS: Windows 7 , 64 bit Build 7601 (6.1.7601.19160)

CPU:total 4 (initial active 4) (4 cores per cpu, 1 threads per core) family 6 model 158 stepping 9, cmov, cx8, fxsr, mmx, sse, sse2, sse3, ssse3, sse4.1, sse4.2, popcnt, avx, avx2, aes, clmul, erms, 3dnowpref, lzcnt, tsc, tscinvbit, bmi1, bmi2, adx

Memory: 4k page, physical 8335948k(291136k free), swap 10316832k(34236k free)

vm_info: Java HotSpot(TM) 64-Bit Server VM (25.151-b12) for windows-amd64 JRE (1.8.0_151-b12), built on Sep  5 2017 19:33:46 by "java_re" with MS VC++ 10.0 (VS2010)

time: Thu Feb 01 15:57:29 2018
elapsed time: 15 seconds (0d 0h 0m 15s)

