#
# There is insufficient memory for the Java Runtime Environment to continue.
# Native memory allocation (malloc) failed to allocate 659376 bytes for Chunk::new
# Possible reasons:
#   The system is out of physical RAM or swap space
#   In 32 bit mode, the process size limit was hit
# Possible solutions:
#   Reduce memory load on the system
#   Increase physical memory or swap space
#   Check if swap backing store is full
#   Use 64 bit Java on a 64 bit OS
#   Decrease Java heap size (-Xmx/-Xms)
#   Decrease number of Java threads
#   Decrease Java thread stack sizes (-Xss)
#   Set larger code cache with -XX:ReservedCodeCacheSize=
# This output file may be truncated or incomplete.
#
#  Out of Memory Error (allocation.cpp:390), pid=6452, tid=0x00000000000016b8
#
# JRE version: Java(TM) SE Runtime Environment (8.0_151-b12) (build 1.8.0_151-b12)
# Java VM: Java HotSpot(TM) 64-Bit Server VM (25.151-b12 mixed mode windows-amd64 compressed oops)
# Failed to write core dump. Minidumps are not enabled by default on client versions of Windows
#

---------------  T H R E A D  ---------------

Current thread (0x000000001d2bf800):  JavaThread "C2 CompilerThread1" daemon [_thread_in_native, id=5816, stack(0x000000001da00000,0x000000001db00000)]

Stack: [0x000000001da00000,0x000000001db00000]
[error occurred during error reporting (printing stack bounds), id 0xc0000005]

Native frames: (J=compiled Java code, j=interpreted, Vv=VM code, C=native code)


Current CompileTask:
C2:  30154 4802   !   4       com.android.dx.cf.code.Ropper::processBlock (1101 bytes)


---------------  P R O C E S S  ---------------

Java Threads: ( => current thread )
  0x000000001e83e000 JavaThread "pool-1-thread-1" [_thread_blocked, id=4892, stack(0x000000001ee20000,0x000000001ef20000)]
  0x000000001d678000 JavaThread "pool-2-thread-4" [_thread_in_Java, id=4468, stack(0x000000001efa0000,0x000000001f0a0000)]
  0x000000001d676800 JavaThread "pool-2-thread-3" [_thread_blocked, id=3688, stack(0x000000001ecf0000,0x000000001edf0000)]
  0x000000001d675800 JavaThread "pool-2-thread-2" [_thread_in_Java, id=6996, stack(0x000000001d690000,0x000000001d790000)]
  0x000000001e356000 JavaThread "pool-3-thread-1" [_thread_blocked, id=4200, stack(0x000000001dce0000,0x000000001dde0000)]
  0x000000001e352000 JavaThread "pool-2-thread-1" [_thread_blocked, id=6796, stack(0x000000001eb20000,0x000000001ec20000)]
  0x000000001d347800 JavaThread "Service Thread" daemon [_thread_blocked, id=7032, stack(0x000000001df80000,0x000000001e080000)]
  0x000000001d2c8000 JavaThread "C1 CompilerThread2" daemon [_thread_blocked, id=5708, stack(0x000000001de20000,0x000000001df20000)]
=>0x000000001d2bf800 JavaThread "C2 CompilerThread1" daemon [_thread_in_native, id=5816, stack(0x000000001da00000,0x000000001db00000)]
  0x000000001c05e800 JavaThread "C2 CompilerThread0" daemon [_thread_in_vm, id=3048, stack(0x000000001db70000,0x000000001dc70000)]
  0x000000001d29b000 JavaThread "Attach Listener" daemon [_thread_blocked, id=6456, stack(0x000000001d8d0000,0x000000001d9d0000)]
  0x000000001c04d800 JavaThread "Signal Dispatcher" daemon [_thread_blocked, id=7160, stack(0x000000001d7a0000,0x000000001d8a0000)]
  0x000000001c039800 JavaThread "Finalizer" daemon [_thread_blocked, id=6484, stack(0x000000001d190000,0x000000001d290000)]
  0x000000001bff2800 JavaThread "Reference Handler" daemon [_thread_blocked, id=5780, stack(0x000000001d030000,0x000000001d130000)]
  0x000000000045e000 JavaThread "main" [_thread_blocked, id=7020, stack(0x0000000002680000,0x0000000002780000)]

Other Threads:
  0x000000001bfeb000 VMThread [stack: 0x000000001cee0000,0x000000001cfe0000] [id=6776]
  0x000000001d383800 WatcherThread [stack: 0x000000001e110000,0x000000001e210000] [id=2452]

VM state:not at safepoint (normal execution)

VM Mutex/Monitor currently owned by a thread:  ([mutex/lock_event])
[0x000000000045ba60] CodeCache_lock - owner thread: 0x000000001c05e800
[0x000000000045d110] Compile_lock - owner thread: 0x000000001c05e800
[0x000000000045d210] MethodCompileQueue_lock - owner thread: 0x000000001c05e800

Heap:
 PSYoungGen      total 1016320K, used 301450K [0x000000076ab00000, 0x00000007bfc80000, 0x00000007c0000000)
  eden space 785920K, 9% used [0x000000076ab00000,0x000000076f065f00,0x000000079aa80000)
  from space 230400K, 99% used [0x000000079aa80000,0x00000007a8b7cae0,0x00000007a8b80000)
  to   space 273920K, 0% used [0x00000007af100000,0x00000007af100000,0x00000007bfc80000)
 ParOldGen       total 787968K, used 523176K [0x00000006c0000000, 0x00000006f0180000, 0x000000076ab00000)
  object space 787968K, 66% used [0x00000006c0000000,0x00000006dfeea060,0x00000006f0180000)
 Metaspace       used 7662K, capacity 7960K, committed 8192K, reserved 1056768K
  class space    used 698K, capacity 720K, committed 768K, reserved 1048576K

Card table byte_map: [0x0000000011b40000,0x0000000012350000] byte_map_base: 0x000000000e540000

Marking Bits: (ParMarkBitMap*) 0x00000000623fd850
 Begin Bits: [0x0000000012e60000, 0x0000000016e60000)
 End Bits:   [0x0000000016e60000, 0x000000001ae60000)

Polling page: 0x0000000000230000

CodeCache: size=245760Kb used=17601Kb max_used=17645Kb free=228159Kb
 bounds [0x0000000002780000, 0x00000000038e0000, 0x0000000011780000]
 total_blobs=3940 nmethods=3661 adapters=191
 compilation: enabled

Compilation events (10 events):
Event: 29.777 Thread 0x000000001d2bf800 nmethod 4759 0x000000000389c8d0 code [0x000000000389d160, 0x00000000038a3708]
Event: 29.778 Thread 0x000000001d2bf800 4785       4       com.android.dx.cf.code.Simulator$SimVisitor::visitLocal (329 bytes)
Event: 29.857 Thread 0x000000001d2bf800 nmethod 4785 0x00000000038ad310 code [0x00000000038ad6e0, 0x00000000038b13b0]
Event: 29.857 Thread 0x000000001d2bf800 4803       4       com.android.dx.cf.code.Merger::isPossiblyAssignableFrom (202 bytes)
Event: 29.883 Thread 0x000000001d2bf800 nmethod 4803 0x0000000003898910 code [0x0000000003898ba0, 0x000000000389a6c0]
Event: 29.883 Thread 0x000000001d2bf800 4790       4       com.android.dx.cf.code.RopperMachine::hasRet (13 bytes)
Event: 29.883 Thread 0x000000001d2bf800 nmethod 4790 0x00000000030b8590 code [0x00000000030b86c0, 0x00000000030b8738]
Event: 29.883 Thread 0x000000001d2bf800 4806       4       com.android.dx.cf.code.Ropper::mergeAndWorkAsNecessary (102 bytes)
Event: 29.888 Thread 0x000000001d2bf800 nmethod 4806 0x000000000388ba50 code [0x000000000388bc00, 0x000000000388c290]
Event: 29.888 Thread 0x000000001d2bf800 4802   !   4       com.android.dx.cf.code.Ropper::processBlock (1101 bytes)

GC Heap History (10 events):
Event: 22.866 GC heap before
{Heap before GC invocations=24 (full 7):
 PSYoungGen      total 934400K, used 791243K [0x000000076ab00000, 0x00000007b9900000, 0x00000007c0000000)
  eden space 737280K, 100% used [0x000000076ab00000,0x0000000797b00000,0x0000000797b00000)
  from space 197120K, 27% used [0x0000000797b00000,0x000000079afb2f38,0x00000007a3b80000)
  to   space 232448K, 0% used [0x00000007ab600000,0x00000007ab600000,0x00000007b9900000)
 ParOldGen       total 787968K, used 787865K [0x00000006c0000000, 0x00000006f0180000, 0x000000076ab00000)
  object space 787968K, 99% used [0x00000006c0000000,0x00000006f0166720,0x00000006f0180000)
 Metaspace       used 7223K, capacity 7736K, committed 7936K, reserved 1056768K
  class space    used 664K, capacity 688K, committed 768K, reserved 1048576K
Event: 24.476 GC heap after
Heap after GC invocations=24 (full 7):
 PSYoungGen      total 934400K, used 0K [0x000000076ab00000, 0x00000007b9900000, 0x00000007c0000000)
  eden space 737280K, 0% used [0x000000076ab00000,0x000000076ab00000,0x0000000797b00000)
  from space 197120K, 0% used [0x0000000797b00000,0x0000000797b00000,0x00000007a3b80000)
  to   space 232448K, 0% used [0x00000007ab600000,0x00000007ab600000,0x00000007b9900000)
 ParOldGen       total 787968K, used 764194K [0x00000006c0000000, 0x00000006f0180000, 0x000000076ab00000)
  object space 787968K, 96% used [0x00000006c0000000,0x00000006eea48b18,0x00000006f0180000)
 Metaspace       used 7223K, capacity 7736K, committed 7936K, reserved 1056768K
  class space    used 664K, capacity 688K, committed 768K, reserved 1048576K
}
Event: 25.292 GC heap before
{Heap before GC invocations=25 (full 8):
 PSYoungGen      total 934400K, used 737280K [0x000000076ab00000, 0x00000007b9900000, 0x00000007c0000000)
  eden space 737280K, 100% used [0x000000076ab00000,0x0000000797b00000,0x0000000797b00000)
  from space 197120K, 0% used [0x0000000797b00000,0x0000000797b00000,0x00000007a3b80000)
  to   space 232448K, 0% used [0x00000007ab600000,0x00000007ab600000,0x00000007b9900000)
 ParOldGen       total 787968K, used 764194K [0x00000006c0000000, 0x00000006f0180000, 0x000000076ab00000)
  object space 787968K, 96% used [0x00000006c0000000,0x00000006eea48b18,0x00000006f0180000)
 Metaspace       used 7345K, capacity 7864K, committed 8192K, reserved 1056768K
  class space    used 667K, capacity 688K, committed 768K, reserved 1048576K
Event: 26.694 GC heap after
Heap after GC invocations=25 (full 8):
 PSYoungGen      total 934400K, used 6275K [0x000000076ab00000, 0x00000007b9900000, 0x00000007c0000000)
  eden space 737280K, 0% used [0x000000076ab00000,0x000000076b120c88,0x0000000797b00000)
  from space 197120K, 0% used [0x0000000797b00000,0x0000000797b00000,0x00000007a3b80000)
  to   space 232448K, 0% used [0x00000007ab600000,0x00000007ab600000,0x00000007b9900000)
 ParOldGen       total 787968K, used 787882K [0x00000006c0000000, 0x00000006f0180000, 0x000000076ab00000)
  object space 787968K, 99% used [0x00000006c0000000,0x00000006f016a900,0x00000006f0180000)
 Metaspace       used 7345K, capacity 7864K, committed 8192K, reserved 1056768K
  class space    used 667K, capacity 688K, committed 768K, reserved 1048576K
}
Event: 27.379 GC heap before
{Heap before GC invocations=26 (full 9):
 PSYoungGen      total 934400K, used 737280K [0x000000076ab00000, 0x00000007b9900000, 0x00000007c0000000)
  eden space 737280K, 100% used [0x000000076ab00000,0x0000000797b00000,0x0000000797b00000)
  from space 197120K, 0% used [0x0000000797b00000,0x0000000797b00000,0x00000007a3b80000)
  to   space 232448K, 0% used [0x00000007ab600000,0x00000007ab600000,0x00000007b9900000)
 ParOldGen       total 787968K, used 787882K [0x00000006c0000000, 0x00000006f0180000, 0x000000076ab00000)
  object space 787968K, 99% used [0x00000006c0000000,0x00000006f016a900,0x00000006f0180000)
 Metaspace       used 7635K, capacity 7960K, committed 8192K, reserved 1056768K
  class space    used 696K, capacity 720K, committed 768K, reserved 1048576K
Event: 28.660 GC heap after
Heap after GC invocations=26 (full 9):
 PSYoungGen      total 934400K, used 0K [0x000000076ab00000, 0x00000007b9900000, 0x00000007c0000000)
  eden space 737280K, 0% used [0x000000076ab00000,0x000000076ab00000,0x0000000797b00000)
  from space 197120K, 0% used [0x0000000797b00000,0x0000000797b00000,0x00000007a3b80000)
  to   space 232448K, 0% used [0x00000007ab600000,0x00000007ab600000,0x00000007b9900000)
 ParOldGen       total 787968K, used 504506K [0x00000006c0000000, 0x00000006f0180000, 0x000000076ab00000)
  object space 787968K, 64% used [0x00000006c0000000,0x00000006decaea30,0x00000006f0180000)
 Metaspace       used 7635K, capacity 7960K, committed 8192K, reserved 1056768K
  class space    used 696K, capacity 720K, committed 768K, reserved 1048576K
}
Event: 29.218 GC heap before
{Heap before GC invocations=27 (full 9):
 PSYoungGen      total 934400K, used 737280K [0x000000076ab00000, 0x00000007b9900000, 0x00000007c0000000)
  eden space 737280K, 100% used [0x000000076ab00000,0x0000000797b00000,0x0000000797b00000)
  from space 197120K, 0% used [0x0000000797b00000,0x0000000797b00000,0x00000007a3b80000)
  to   space 232448K, 0% used [0x00000007ab600000,0x00000007ab600000,0x00000007b9900000)
 ParOldGen       total 787968K, used 504506K [0x00000006c0000000, 0x00000006f0180000, 0x000000076ab00000)
  object space 787968K, 64% used [0x00000006c0000000,0x00000006decaea30,0x00000006f0180000)
 Metaspace       used 7635K, capacity 7960K, committed 8192K, reserved 1056768K
  class space    used 696K, capacity 720K, committed 768K, reserved 1048576K
Event: 29.296 GC heap after
Heap after GC invocations=27 (full 9):
 PSYoungGen      total 972800K, used 125546K [0x000000076ab00000, 0x00000007b6c80000, 0x00000007c0000000)
  eden space 785920K, 0% used [0x000000076ab00000,0x000000076ab00000,0x000000079aa80000)
  from space 186880K, 67% used [0x00000007ab600000,0x00000007b309a9a0,0x00000007b6c80000)
  to   space 230400K, 0% used [0x000000079aa80000,0x000000079aa80000,0x00000007a8b80000)
 ParOldGen       total 787968K, used 504506K [0x00000006c0000000, 0x00000006f0180000, 0x000000076ab00000)
  object space 787968K, 64% used [0x00000006c0000000,0x00000006decaea30,0x00000006f0180000)
 Metaspace       used 7635K, capacity 7960K, committed 8192K, reserved 1056768K
  class space    used 696K, capacity 720K, committed 768K, reserved 1048576K
}
Event: 29.937 GC heap before
{Heap before GC invocations=28 (full 9):
 PSYoungGen      total 972800K, used 911466K [0x000000076ab00000, 0x00000007b6c80000, 0x00000007c0000000)
  eden space 785920K, 100% used [0x000000076ab00000,0x000000079aa80000,0x000000079aa80000)
  from space 186880K, 67% used [0x00000007ab600000,0x00000007b309a9a0,0x00000007b6c80000)
  to   space 230400K, 0% used [0x000000079aa80000,0x000000079aa80000,0x00000007a8b80000)
 ParOldGen       total 787968K, used 504506K [0x00000006c0000000, 0x00000006f0180000, 0x000000076ab00000)
  object space 787968K, 64% used [0x00000006c0000000,0x00000006decaea30,0x00000006f0180000)
 Metaspace       used 7662K, capacity 7960K, committed 8192K, reserved 1056768K
  class space    used 698K, capacity 720K, committed 768K, reserved 1048576K
Event: 30.100 GC heap after
Heap after GC invocations=28 (full 9):
 PSYoungGen      total 1016320K, used 230386K [0x000000076ab00000, 0x00000007bfc80000, 0x00000007c0000000)
  eden space 785920K, 0% used [0x000000076ab00000,0x000000076ab00000,0x000000079aa80000)
  from space 230400K, 99% used [0x000000079aa80000,0x00000007a8b7cae0,0x00000007a8b80000)
  to   space 273920K, 0% used [0x00000007af100000,0x00000007af100000,0x00000007bfc80000)
 ParOldGen       total 787968K, used 523176K [0x00000006c0000000, 0x00000006f0180000, 0x000000076ab00000)
  object space 787968K, 66% used [0x00000006c0000000,0x00000006dfeea060,0x00000006f0180000)
 Metaspace       used 7662K, capacity 7960K, committed 8192K, reserved 1056768K
  class space    used 698K, capacity 720K, committed 768K, reserved 1048576K
}

Deoptimization events (10 events):
Event: 29.702 Thread 0x000000001d676800 Uncommon trap: reason=class_check action=maybe_recompile pc=0x0000000002f7eb00 method=com.android.dx.cf.code.BaseMachine.storeResults(Lcom/android/dx/cf/code/Frame;)V @ 41
Event: 29.711 Thread 0x000000001d676800 Uncommon trap: reason=class_check action=maybe_recompile pc=0x00000000036bd764 method=com.android.dx.cf.code.BaseMachine.localArg(Lcom/android/dx/cf/code/Frame;I)V @ 14
Event: 29.711 Thread 0x000000001d676800 Uncommon trap: reason=null_assert action=make_not_entrant pc=0x0000000003394090 method=com.android.dx.cf.code.RopperMachine.hasRet()Z @ 4
Event: 29.712 Thread 0x000000001d676800 Uncommon trap: reason=unstable_if action=reinterpret pc=0x0000000003372128 method=com.android.dx.cf.code.Ropper.doit()V @ 118
Event: 29.713 Thread 0x000000001d676800 Uncommon trap: reason=class_check action=maybe_recompile pc=0x0000000002f7eb00 method=com.android.dx.cf.code.BaseMachine.storeResults(Lcom/android/dx/cf/code/Frame;)V @ 41
Event: 29.713 Thread 0x000000001d676800 Uncommon trap: reason=class_check action=maybe_recompile pc=0x00000000036bd764 method=com.android.dx.cf.code.BaseMachine.localArg(Lcom/android/dx/cf/code/Frame;I)V @ 14
Event: 29.713 Thread 0x000000001d676800 Uncommon trap: reason=class_check action=maybe_recompile pc=0x0000000002f7eb00 method=com.android.dx.cf.code.BaseMachine.storeResults(Lcom/android/dx/cf/code/Frame;)V @ 41
Event: 29.716 Thread 0x000000000045e000 Uncommon trap: reason=unstable_if action=reinterpret pc=0x000000000365646c method=com.android.dx.cf.code.RopperMachine.run(Lcom/android/dx/cf/code/Frame;II)V @ 743
Event: 29.716 Thread 0x000000000045e000 Uncommon trap: reason=unstable_if action=reinterpret pc=0x00000000036ac258 method=com.android.dx.cf.code.Ropper.processBlock(Lcom/android/dx/cf/code/ByteBlock;Lcom/android/dx/cf/code/Frame;[I)V @ 84
Event: 29.716 Thread 0x000000000045e000 Uncommon trap: reason=unstable_if action=reinterpret pc=0x0000000003372128 method=com.android.dx.cf.code.Ropper.doit()V @ 118

Internal exceptions (10 events):
Event: 13.842 Thread 0x000000001d676800 Implicit null exception at 0x0000000002ed2ff9 to 0x0000000002ed40a9
Event: 13.842 Thread 0x000000001d676800 Implicit null exception at 0x0000000003719808 to 0x0000000003719b15
Event: 13.842 Thread 0x000000001d676800 Implicit null exception at 0x000000000352859f to 0x00000000035297a5
Event: 13.842 Thread 0x000000001d676800 Implicit null exception at 0x0000000003505a74 to 0x0000000003505d6d
Event: 14.763 Thread 0x000000001d676800 Implicit null exception at 0x00000000028c468c to 0x00000000028c4792
Event: 26.775 Thread 0x000000001e83e000 Implicit null exception at 0x000000000326acfc to 0x000000000326bed5
Event: 26.957 Thread 0x000000001e83e000 Implicit null exception at 0x0000000002f99986 to 0x0000000002f99d15
Event: 27.002 Thread 0x000000001d678000 Implicit null exception at 0x000000000297176d to 0x0000000002971d49
Event: 27.002 Thread 0x000000001d678000 Implicit null exception at 0x000000000352d38b to 0x000000000352d689
Event: 27.006 Thread 0x000000001d678000 Implicit null exception at 0x000000000364a82a to 0x000000000364ab0d

Events (10 events):
Event: 29.716 Thread 0x000000000045e000 DEOPT PACKING pc=0x000000000365646c sp=0x000000000277e3e0
Event: 29.716 Thread 0x000000000045e000 DEOPT UNPACKING pc=0x00000000027c582a sp=0x000000000277e3c0 mode 2
Event: 29.716 Thread 0x000000000045e000 Uncommon trap: trap_request=0xffffff65 fr.pc=0x00000000036ac258
Event: 29.716 Thread 0x000000000045e000 DEOPT PACKING pc=0x00000000036ac258 sp=0x000000000277e610
Event: 29.716 Thread 0x000000000045e000 DEOPT UNPACKING pc=0x00000000027c582a sp=0x000000000277e608 mode 2
Event: 29.716 Thread 0x000000000045e000 Uncommon trap: trap_request=0xffffff65 fr.pc=0x0000000003372128
Event: 29.716 Thread 0x000000000045e000 DEOPT PACKING pc=0x0000000003372128 sp=0x000000000277e750
Event: 29.716 Thread 0x000000000045e000 DEOPT UNPACKING pc=0x00000000027c582a sp=0x000000000277e758 mode 2
Event: 29.937 Executing VM operation: ParallelGCFailedAllocation
Event: 30.100 Executing VM operation: ParallelGCFailedAllocation done


Dynamic libraries:
0x000000013fc40000 - 0x000000013fc77000 	C:\Program Files\Java\jdk1.8.0_151\bin\java.exe
0x0000000077300000 - 0x00000000774aa000 	C:\Windows\SYSTEM32\ntdll.dll
0x00000000770e0000 - 0x00000000771ff000 	C:\Windows\system32\kernel32.dll
0x000007fefd060000 - 0x000007fefd0cb000 	C:\Windows\system32\KERNELBASE.dll
0x000007feff200000 - 0x000007feff2db000 	C:\Windows\system32\ADVAPI32.dll
0x000007feff400000 - 0x000007feff49f000 	C:\Windows\system32\msvcrt.dll
0x000007fefdf80000 - 0x000007fefdf9f000 	C:\Windows\SYSTEM32\sechost.dll
0x000007fefdb60000 - 0x000007fefdc8d000 	C:\Windows\system32\RPCRT4.dll
0x0000000077200000 - 0x00000000772fa000 	C:\Windows\system32\USER32.dll
0x000007feff000000 - 0x000007feff067000 	C:\Windows\system32\GDI32.dll
0x000007fefd700000 - 0x000007fefd70e000 	C:\Windows\system32\LPK.dll
0x000007feff4a0000 - 0x000007feff56a000 	C:\Windows\system32\USP10.dll
0x000007fefb5b0000 - 0x000007fefb7a4000 	C:\Windows\WinSxS\amd64_microsoft.windows.common-controls_6595b64144ccf1df_6.0.7601.18837_none_fa3b1e3d17594757\COMCTL32.dll
0x000007feff2e0000 - 0x000007feff351000 	C:\Windows\system32\SHLWAPI.dll
0x000007fefd400000 - 0x000007fefd42e000 	C:\Windows\system32\IMM32.DLL
0x000007fefd710000 - 0x000007fefd819000 	C:\Windows\system32\MSCTF.dll
0x0000000063110000 - 0x00000000631e2000 	C:\Program Files\Java\jdk1.8.0_151\jre\bin\msvcr100.dll
0x0000000061be0000 - 0x000000006247d000 	C:\Program Files\Java\jdk1.8.0_151\jre\bin\server\jvm.dll
0x000007fef3510000 - 0x000007fef3519000 	C:\Windows\system32\WSOCK32.dll
0x000007fefdec0000 - 0x000007fefdf0d000 	C:\Windows\system32\WS2_32.dll
0x000007fefdf70000 - 0x000007fefdf78000 	C:\Windows\system32\NSI.dll
0x000007fefae80000 - 0x000007fefaebb000 	C:\Windows\system32\WINMM.dll
0x000007fefc060000 - 0x000007fefc06c000 	C:\Windows\system32\VERSION.dll
0x00000000774d0000 - 0x00000000774d7000 	C:\Windows\system32\PSAPI.DLL
0x00000000726b0000 - 0x00000000726bf000 	C:\Program Files\Java\jdk1.8.0_151\jre\bin\verify.dll
0x000000006b180000 - 0x000000006b1a9000 	C:\Program Files\Java\jdk1.8.0_151\jre\bin\java.dll
0x0000000065730000 - 0x0000000065746000 	C:\Program Files\Java\jdk1.8.0_151\jre\bin\zip.dll
0x000007fefe270000 - 0x000007fefeff9000 	C:\Windows\system32\SHELL32.dll
0x000007fefdc90000 - 0x000007fefde93000 	C:\Windows\system32\ole32.dll
0x000007fefd040000 - 0x000007fefd04f000 	C:\Windows\system32\profapi.dll

VM Arguments:
jvm_args: -Djava.awt.headless=true -Xmx4g -Dfile.encoding=GBK -Duser.country=CN -Duser.language=zh -Duser.variant 
java_command: com.android.dx.command.Main --dex --num-threads=4 --multi-dex --main-dex-list C:\Users\Administrator\Desktop\MLxiao\app\build\intermediates\multi-dex\debug\maindexlist.txt --output C:\Users\Administrator\Desktop\MLxiao\app\build\intermediates\transforms\dex\debug\folders\1000\1f\main C:\Users\Administrator\Desktop\MLxiao\app\build\intermediates\transforms\jarMerging\debug\jars\1\1f\combined.jar
java_class_path (initial): D:\Sdk\build-tools\26.0.2\lib\dx.jar
Launcher Type: SUN_STANDARD

Environment Variables:
JAVA_HOME=C:\Program Files\Java\jdk1.8.0_151
CLASSPATH=.;C:\Program Files\Java\jdk1.8.0_151\lib;C:\Program Files\Java\jdk1.8.0_151\lib\tools.jar;C:\Program Files\Java\jdk1.8.0_151\lib\dt.jar;
PATH=C:\Program Files (x86)\Common Files\Intel\Shared Libraries\redist\intel64\compiler;C:\Windows\system32;C:\Windows;C:\Windows\System32\Wbem;C:\Windows\System32\WindowsPowerShell\v1.0\;C:\Program Files (x86)\NVIDIA Corporation\PhysX\Common;C:\Program Files\Java\jdk1.8.0_151\bin;C:\Program Files\Java\jdk1.8.0_151\jre1.8.0_151\bin;C:\Program Files\Git\cmd;D:\Sdk\platform-tools;D:\Sdk\tools;C:\Program Files\Common Files\Autodesk Shared\;C:\Program Files (x86)\Python\Scripts\;C:\Program Files (x86)\Python\;
USERNAME=Administrator
OS=Windows_NT
PROCESSOR_IDENTIFIER=Intel64 Family 6 Model 158 Stepping 9, GenuineIntel



---------------  S Y S T E M  ---------------

OS: Windows 7 , 64 bit Build 7601 (6.1.7601.19160)

CPU:total 4 (initial active 4) (4 cores per cpu, 1 threads per core) family 6 model 158 stepping 9, cmov, cx8, fxsr, mmx, sse, sse2, sse3, ssse3, sse4.1, sse4.2, popcnt, avx, avx2, aes, clmul, erms, 3dnowpref, lzcnt, tsc, tscinvbit, bmi1, bmi2, adx

Memory: 4k page, physical 8335948k(387072k free), swap 10412324k(24280k free)

vm_info: Java HotSpot(TM) 64-Bit Server VM (25.151-b12) for windows-amd64 JRE (1.8.0_151-b12), built on Sep  5 2017 19:33:46 by "java_re" with MS VC++ 10.0 (VS2010)

time: Tue Mar 06 11:49:01 2018
elapsed time: 30 seconds (0d 0h 0m 30s)

