#
# There is insufficient memory for the Java Runtime Environment to continue.
# Native memory allocation (malloc) failed to allocate 4088 bytes for AllocateHeap
# Possible reasons:
#   The system is out of physical RAM or swap space
#   In 32 bit mode, the process size limit was hit
# Possible solutions:
#   Reduce memory load on the system
#   Increase physical memory or swap space
#   Check if swap backing store is full
#   Use 64 bit Java on a 64 bit OS
#   Decrease Java heap size (-Xmx/-Xms)
#   Decrease number of Java threads
#   Decrease Java thread stack sizes (-Xss)
#   Set larger code cache with -XX:ReservedCodeCacheSize=
# This output file may be truncated or incomplete.
#
#  Out of Memory Error (memory/allocation.inline.hpp:61), pid=4356, tid=0x0000000000001af4
#
# JRE version: Java(TM) SE Runtime Environment (8.0_151-b12) (build 1.8.0_151-b12)
# Java VM: Java HotSpot(TM) 64-Bit Server VM (25.151-b12 mixed mode windows-amd64 compressed oops)
# Failed to write core dump. Minidumps are not enabled by default on client versions of Windows
#

---------------  T H R E A D  ---------------

Current thread (0x0000000002311000):  GCTaskThread [stack: 0x0000000012aa0000,0x0000000012ba0000] [id=6900]

Stack: [0x0000000012aa0000,0x0000000012ba0000]
[error occurred during error reporting (printing stack bounds), id 0xc0000005]

Native frames: (J=compiled Java code, j=interpreted, Vv=VM code, C=native code)


---------------  P R O C E S S  ---------------

Java Threads: ( => current thread )
  0x000000001e42f800 JavaThread "pool-1-thread-1" [_thread_blocked, id=6764, stack(0x0000000022220000,0x0000000022320000)]
  0x000000001d6db800 JavaThread "pool-2-thread-4" [_thread_blocked, id=7092, stack(0x000000001f110000,0x000000001f210000)]
  0x000000001d6d6800 JavaThread "pool-2-thread-3" [_thread_blocked, id=6924, stack(0x000000001e050000,0x000000001e150000)]
  0x000000001d6d6000 JavaThread "pool-2-thread-2" [_thread_blocked, id=5284, stack(0x000000001ef00000,0x000000001f000000)]
  0x000000001d6d5000 JavaThread "pool-3-thread-1" [_thread_blocked, id=5224, stack(0x000000001ec70000,0x000000001ed70000)]
  0x000000001e481800 JavaThread "pool-2-thread-1" [_thread_blocked, id=5048, stack(0x000000001eb10000,0x000000001ec10000)]
  0x000000001d396000 JavaThread "Service Thread" daemon [_thread_blocked, id=2332, stack(0x000000001e160000,0x000000001e260000)]
  0x000000001d316800 JavaThread "C1 CompilerThread2" daemon [_thread_blocked, id=1564, stack(0x000000001df40000,0x000000001e040000)]
  0x000000001d311800 JavaThread "C2 CompilerThread1" daemon [_thread_in_native, id=7708, stack(0x000000001dcd0000,0x000000001ddd0000)]
  0x000000001d30c800 JavaThread "C2 CompilerThread0" daemon [_thread_blocked, id=7620, stack(0x000000001dbb0000,0x000000001dcb0000)]
  0x000000001d2f9000 JavaThread "Attach Listener" daemon [_thread_blocked, id=5412, stack(0x000000001d9b0000,0x000000001dab0000)]
  0x000000001d2f8800 JavaThread "Signal Dispatcher" daemon [_thread_blocked, id=7508, stack(0x000000001d7a0000,0x000000001d8a0000)]
  0x000000001beae000 JavaThread "Finalizer" daemon [_thread_blocked, id=8056, stack(0x000000001d1f0000,0x000000001d2f0000)]
  0x000000001be67000 JavaThread "Reference Handler" daemon [_thread_blocked, id=6560, stack(0x000000001d080000,0x000000001d180000)]
  0x00000000022be000 JavaThread "main" [_thread_blocked, id=4900, stack(0x0000000002650000,0x0000000002750000)]

Other Threads:
  0x000000001be60000 VMThread [stack: 0x000000001cf50000,0x000000001d050000] [id=5632]
  0x000000001d3ea000 WatcherThread [stack: 0x000000001dde0000,0x000000001dee0000] [id=4360]

=>0x0000000002311000 (exited) GCTaskThread [stack: 0x0000000012aa0000,0x0000000012ba0000] [id=6900]

VM state:at safepoint (normal execution)

VM Mutex/Monitor currently owned by a thread:  ([mutex/lock_event])
[0x00000000022bc710] Threads_lock - owner thread: 0x000000001be60000
[0x00000000022bcc10] Heap_lock - owner thread: 0x000000001e42f800

Heap:
 PSYoungGen      total 884224K, used 884213K [0x000000076ab00000, 0x00000007ba200000, 0x00000007c0000000)
  eden space 648704K, 100% used [0x000000076ab00000,0x0000000792480000,0x0000000792480000)
  from space 235520K, 99% used [0x0000000792480000,0x00000007a0a7d4d8,0x00000007a0a80000)
  to   space 283648K, 14% used [0x00000007a8d00000,0x00000007ab485db8,0x00000007ba200000)
 ParOldGen       total 785408K, used 785403K [0x00000006c0000000, 0x00000006eff00000, 0x000000076ab00000)
  object space 785408K, 99% used [0x00000006c0000000,0x00000006efefef50,0x00000006eff00000)
 Metaspace       used 7050K, capacity 7672K, committed 7936K, reserved 1056768K
  class space    used 653K, capacity 688K, committed 768K, reserved 1048576K

Card table byte_map: [0x0000000011b10000,0x0000000012320000] byte_map_base: 0x000000000e510000

Marking Bits: (ParMarkBitMap*) 0x000000006372d850
 Begin Bits: [0x0000000012cd0000, 0x0000000016cd0000)
 End Bits:   [0x0000000016cd0000, 0x000000001acd0000)

Polling page: 0x0000000002230000

CodeCache: size=245760Kb used=12377Kb max_used=14833Kb free=233382Kb
 bounds [0x0000000002750000, 0x0000000003600000, 0x0000000011750000]
 total_blobs=2955 nmethods=2689 adapters=178
 compilation: enabled

Compilation events (10 events):
Event: 19.213 Thread 0x000000001d30c800 nmethod 3353 0x0000000002e5c4d0 code [0x0000000002e5c640, 0x0000000002e5c978]
Event: 19.213 Thread 0x000000001d30c800 3349       4       com.android.dx.rop.code.RegisterSpecSet::findMatchingLocal (49 bytes)
Event: 19.216 Thread 0x000000001d30c800 nmethod 3349 0x00000000030a40d0 code [0x00000000030a4220, 0x00000000030a4818]
Event: 19.216 Thread 0x000000001d30c800 3282       4       com.android.dx.rop.code.RegisterSpecSet::withOffset (77 bytes)
Event: 19.222 Thread 0x000000001d30c800 nmethod 3282 0x0000000002aca350 code [0x0000000002aca4e0, 0x0000000002acaa48]
Event: 19.222 Thread 0x000000001d30c800 3336 %     4       com.android.dx.dex.code.OutputFinisher::align64bits @ 44 (247 bytes)
Event: 19.230 Thread 0x000000001d316800 3376       1       com.android.dx.dex.code.form.Form22s::codeSize (2 bytes)
Event: 19.230 Thread 0x000000001d316800 nmethod 3376 0x0000000002ae8650 code [0x0000000002ae87a0, 0x0000000002ae88b0]
Event: 19.253 Thread 0x000000001d30c800 nmethod 3336% 0x0000000002c75650 code [0x0000000002c75920, 0x0000000002c77c40]
Event: 19.253 Thread 0x000000001d30c800 3356 %     4       com.android.dx.dex.code.LocalList::make @ 16 (102 bytes)

GC Heap History (10 events):
Event: 13.189 GC heap after
Heap after GC invocations=21 (full 4):
 PSYoungGen      total 692224K, used 61207K [0x000000076ab00000, 0x00000007a2380000, 0x00000007c0000000)
  eden space 545792K, 0% used [0x000000076ab00000,0x000000076ab00000,0x000000078c000000)
  from space 146432K, 41% used [0x000000078c000000,0x000000078fbc5e18,0x0000000794f00000)
  to   space 146432K, 0% used [0x0000000799480000,0x0000000799480000,0x00000007a2380000)
 ParOldGen       total 769024K, used 485753K [0x00000006c0000000, 0x00000006eef00000, 0x000000076ab00000)
  object space 769024K, 63% used [0x00000006c0000000,0x00000006dda5e7a0,0x00000006eef00000)
 Metaspace       used 6662K, capacity 7320K, committed 7680K, reserved 1056768K
  class space    used 633K, capacity 656K, committed 768K, reserved 1048576K
}
Event: 14.202 GC heap before
{Heap before GC invocations=22 (full 4):
 PSYoungGen      total 692224K, used 606999K [0x000000076ab00000, 0x00000007a2380000, 0x00000007c0000000)
  eden space 545792K, 100% used [0x000000076ab00000,0x000000078c000000,0x000000078c000000)
  from space 146432K, 41% used [0x000000078c000000,0x000000078fbc5e18,0x0000000794f00000)
  to   space 146432K, 0% used [0x0000000799480000,0x0000000799480000,0x00000007a2380000)
 ParOldGen       total 769024K, used 485753K [0x00000006c0000000, 0x00000006eef00000, 0x000000076ab00000)
  object space 769024K, 63% used [0x00000006c0000000,0x00000006dda5e7a0,0x00000006eef00000)
 Metaspace       used 6668K, capacity 7320K, committed 7680K, reserved 1056768K
  class space    used 633K, capacity 656K, committed 768K, reserved 1048576K
Event: 14.394 GC heap after
Heap after GC invocations=22 (full 4):
 PSYoungGen      total 741376K, used 141830K [0x000000076ab00000, 0x00000007a4500000, 0x00000007c0000000)
  eden space 594944K, 0% used [0x000000076ab00000,0x000000076ab00000,0x000000078f000000)
  from space 146432K, 96% used [0x0000000799480000,0x00000007a1f01920,0x00000007a2380000)
  to   space 168448K, 0% used [0x000000078f000000,0x000000078f000000,0x0000000799480000)
 ParOldGen       total 769024K, used 485753K [0x00000006c0000000, 0x00000006eef00000, 0x000000076ab00000)
  object space 769024K, 63% used [0x00000006c0000000,0x00000006dda5e7a0,0x00000006eef00000)
 Metaspace       used 6668K, capacity 7320K, committed 7680K, reserved 1056768K
  class space    used 633K, capacity 656K, committed 768K, reserved 1048576K
}
Event: 15.195 GC heap before
{Heap before GC invocations=23 (full 4):
 PSYoungGen      total 741376K, used 736774K [0x000000076ab00000, 0x00000007a4500000, 0x00000007c0000000)
  eden space 594944K, 100% used [0x000000076ab00000,0x000000078f000000,0x000000078f000000)
  from space 146432K, 96% used [0x0000000799480000,0x00000007a1f01920,0x00000007a2380000)
  to   space 168448K, 0% used [0x000000078f000000,0x000000078f000000,0x0000000799480000)
 ParOldGen       total 769024K, used 485753K [0x00000006c0000000, 0x00000006eef00000, 0x000000076ab00000)
  object space 769024K, 63% used [0x00000006c0000000,0x00000006dda5e7a0,0x00000006eef00000)
 Metaspace       used 6671K, capacity 7320K, committed 7680K, reserved 1056768K
  class space    used 634K, capacity 656K, committed 768K, reserved 1048576K
Event: 15.370 GC heap after
Heap after GC invocations=23 (full 4):
 PSYoungGen      total 763392K, used 168445K [0x000000076ab00000, 0x00000007ade00000, 0x00000007c0000000)
  eden space 594944K, 0% used [0x000000076ab00000,0x000000076ab00000,0x000000078f000000)
  from space 168448K, 99% used [0x000000078f000000,0x000000079947f4d0,0x0000000799480000)
  to   space 216576K, 0% used [0x00000007a0a80000,0x00000007a0a80000,0x00000007ade00000)
 ParOldGen       total 769024K, used 539867K [0x00000006c0000000, 0x00000006eef00000, 0x000000076ab00000)
  object space 769024K, 70% used [0x00000006c0000000,0x00000006e0f36dd0,0x00000006eef00000)
 Metaspace       used 6671K, capacity 7320K, committed 7680K, reserved 1056768K
  class space    used 634K, capacity 656K, committed 768K, reserved 1048576K
}
Event: 16.172 GC heap before
{Heap before GC invocations=24 (full 4):
 PSYoungGen      total 763392K, used 763389K [0x000000076ab00000, 0x00000007ade00000, 0x00000007c0000000)
  eden space 594944K, 100% used [0x000000076ab00000,0x000000078f000000,0x000000078f000000)
  from space 168448K, 99% used [0x000000078f000000,0x000000079947f4d0,0x0000000799480000)
  to   space 216576K, 0% used [0x00000007a0a80000,0x00000007a0a80000,0x00000007ade00000)
 ParOldGen       total 769024K, used 539867K [0x00000006c0000000, 0x00000006eef00000, 0x000000076ab00000)
  object space 769024K, 70% used [0x00000006c0000000,0x00000006e0f36dd0,0x00000006eef00000)
 Metaspace       used 6672K, capacity 7320K, committed 7680K, reserved 1056768K
  class space    used 634K, capacity 656K, committed 768K, reserved 1048576K
Event: 16.392 GC heap after
Heap after GC invocations=24 (full 4):
 PSYoungGen      total 865280K, used 169255K [0x000000076ab00000, 0x00000007b0a80000, 0x00000007c0000000)
  eden space 648704K, 0% used [0x000000076ab00000,0x000000076ab00000,0x0000000792480000)
  from space 216576K, 78% used [0x00000007a0a80000,0x00000007aafc9d40,0x00000007ade00000)
  to   space 235520K, 0% used [0x0000000792480000,0x0000000792480000,0x00000007a0a80000)
 ParOldGen       total 769024K, used 629099K [0x00000006c0000000, 0x00000006eef00000, 0x000000076ab00000)
  object space 769024K, 81% used [0x00000006c0000000,0x00000006e665acf0,0x00000006eef00000)
 Metaspace       used 6672K, capacity 7320K, committed 7680K, reserved 1056768K
  class space    used 634K, capacity 656K, committed 768K, reserved 1048576K
}
Event: 17.740 GC heap before
{Heap before GC invocations=25 (full 4):
 PSYoungGen      total 865280K, used 817959K [0x000000076ab00000, 0x00000007b0a80000, 0x00000007c0000000)
  eden space 648704K, 100% used [0x000000076ab00000,0x0000000792480000,0x0000000792480000)
  from space 216576K, 78% used [0x00000007a0a80000,0x00000007aafc9d40,0x00000007ade00000)
  to   space 235520K, 0% used [0x0000000792480000,0x0000000792480000,0x00000007a0a80000)
 ParOldGen       total 769024K, used 629099K [0x00000006c0000000, 0x00000006eef00000, 0x000000076ab00000)
  object space 769024K, 81% used [0x00000006c0000000,0x00000006e665acf0,0x00000006eef00000)
 Metaspace       used 6800K, capacity 7384K, committed 7680K, reserved 1056768K
  class space    used 641K, capacity 656K, committed 768K, reserved 1048576K
Event: 17.944 GC heap after
Heap after GC invocations=25 (full 4):
 PSYoungGen      total 884224K, used 235509K [0x000000076ab00000, 0x00000007ba200000, 0x00000007c0000000)
  eden space 648704K, 0% used [0x000000076ab00000,0x000000076ab00000,0x0000000792480000)
  from space 235520K, 99% used [0x0000000792480000,0x00000007a0a7d4d8,0x00000007a0a80000)
  to   space 283648K, 0% used [0x00000007a8d00000,0x00000007a8d00000,0x00000007ba200000)
 ParOldGen       total 769024K, used 653339K [0x00000006c0000000, 0x00000006eef00000, 0x000000076ab00000)
  object space 769024K, 84% used [0x00000006c0000000,0x00000006e7e06cb8,0x00000006eef00000)
 Metaspace       used 6800K, capacity 7384K, committed 7680K, reserved 1056768K
  class space    used 641K, capacity 656K, committed 768K, reserved 1048576K
}
Event: 19.257 GC heap before
{Heap before GC invocations=26 (full 4):
 PSYoungGen      total 884224K, used 884213K [0x000000076ab00000, 0x00000007ba200000, 0x00000007c0000000)
  eden space 648704K, 100% used [0x000000076ab00000,0x0000000792480000,0x0000000792480000)
  from space 235520K, 99% used [0x0000000792480000,0x00000007a0a7d4d8,0x00000007a0a80000)
  to   space 283648K, 0% used [0x00000007a8d00000,0x00000007a8d00000,0x00000007ba200000)
 ParOldGen       total 769024K, used 653339K [0x00000006c0000000, 0x00000006eef00000, 0x000000076ab00000)
  object space 769024K, 84% used [0x00000006c0000000,0x00000006e7e06cb8,0x00000006eef00000)
 Metaspace       used 7050K, capacity 7672K, committed 7936K, reserved 1056768K
  class space    used 653K, capacity 688K, committed 768K, reserved 1048576K

Deoptimization events (10 events):
Event: 17.352 Thread 0x000000001e42f800 Uncommon trap: reason=unstable_if action=reinterpret pc=0x0000000002d03ef0 method=com.android.dx.dex.code.OutputFinisher.addConstants(Ljava/util/HashSet;Lcom/android/dx/rop/code/RegisterSpec;)V @ 32
Event: 18.247 Thread 0x000000001e42f800 Uncommon trap: reason=unstable_if action=reinterpret pc=0x0000000002a0ee7c method=java.util.TreeMap.put(Ljava/lang/Object;Ljava/lang/Object;)Ljava/lang/Object; @ 163
Event: 18.381 Thread 0x000000001e42f800 Uncommon trap: reason=unstable_if action=reinterpret pc=0x000000000329ae30 method=com.android.dx.rop.code.RegisterSpecSet.equals(Ljava/lang/Object;)Z @ 30
Event: 18.449 Thread 0x000000001d6db800 Uncommon trap: reason=bimorphic action=maybe_recompile pc=0x00000000035e7708 method=com.android.dx.cf.code.BytecodeArray.parseInstruction(ILcom/android/dx/cf/code/BytecodeArray$Visitor;)I @ 1987
Event: 18.450 Thread 0x000000001d6db800 Uncommon trap: reason=bimorphic action=maybe_recompile pc=0x00000000035e7708 method=com.android.dx.cf.code.BytecodeArray.parseInstruction(ILcom/android/dx/cf/code/BytecodeArray$Visitor;)I @ 1987
Event: 18.537 Thread 0x000000001e42f800 Uncommon trap: reason=unstable_if action=reinterpret pc=0x0000000002bfd6c4 method=com.android.dx.dex.code.LocalList$MakeState.filterSpec(Lcom/android/dx/rop/code/RegisterSpec;)Lcom/android/dx/rop/code/RegisterSpec; @ 11
Event: 18.559 Thread 0x000000001d6d6800 Uncommon trap: reason=unstable_if action=reinterpret pc=0x00000000034042bc method=com.android.dx.cf.code.Merger.mergeType(Lcom/android/dx/rop/type/TypeBearer;Lcom/android/dx/rop/type/TypeBearer;)Lcom/android/dx/rop/type/TypeBearer; @ 84
Event: 18.616 Thread 0x000000001e481800 Uncommon trap: reason=unstable_if action=reinterpret pc=0x0000000002d37610 method=com.android.dx.cf.code.Merger.mergeType(Lcom/android/dx/rop/type/TypeBearer;Lcom/android/dx/rop/type/TypeBearer;)Lcom/android/dx/rop/type/TypeBearer; @ 84
Event: 18.774 Thread 0x000000001d6d6000 Uncommon trap: reason=bimorphic action=maybe_recompile pc=0x00000000032e1de4 method=com.android.dx.cf.code.BytecodeArray.parseInstruction(ILcom/android/dx/cf/code/BytecodeArray$Visitor;)I @ 1067
Event: 18.774 Thread 0x000000001d6d6000 Uncommon trap: reason=bimorphic action=maybe_recompile pc=0x00000000032e1de4 method=com.android.dx.cf.code.BytecodeArray.parseInstruction(ILcom/android/dx/cf/code/BytecodeArray$Visitor;)I @ 1067

Internal exceptions (10 events):
Event: 0.117 Thread 0x00000000022be000 Exception <a 'java/lang/NoSuchMethodError': Method sun.misc.Unsafe.prefetchRead(Ljava/lang/Object;J)V name or signature does not match> (0x000000076ab07f90) thrown at [C:\re\workspace\8-2-build-windows-amd64-cygwin\jdk8u151\9699\hotspot\src\share\vm\prims
Event: 0.486 Thread 0x00000000022be000 Implicit null exception at 0x00000000028b4fb8 to 0x00000000028b55d1
Event: 0.696 Thread 0x000000001d6db800 Implicit null exception at 0x0000000002a923a2 to 0x0000000002a924a2
Event: 0.847 Thread 0x000000001e481800 Implicit null exception at 0x0000000002added4 to 0x0000000002adfd21
Event: 1.044 Thread 0x000000001d6d6000 Implicit null exception at 0x0000000002cc30f5 to 0x0000000002cc32bd
Event: 1.130 Thread 0x000000001d6db800 Exception <a 'java/lang/ArrayIndexOutOfBoundsException': 18> (0x000000076e105e80) thrown at [C:\re\workspace\8-2-build-windows-amd64-cygwin\jdk8u151\9699\hotspot\src\share\vm\interpreter\interpreterRuntime.cpp, line 366]
Event: 1.130 Thread 0x000000001d6db800 Exception <a 'java/lang/ArrayIndexOutOfBoundsException': 145> (0x000000076e107a00) thrown at [C:\re\workspace\8-2-build-windows-amd64-cygwin\jdk8u151\9699\hotspot\src\share\vm\interpreter\interpreterRuntime.cpp, line 366]
Event: 1.130 Thread 0x000000001d6db800 Exception <a 'java/lang/ArrayIndexOutOfBoundsException'> (0x000000076e108ce8) thrown at [C:\re\workspace\8-2-build-windows-amd64-cygwin\jdk8u151\9699\hotspot\src\share\vm\runtime\sharedRuntime.cpp, line 605]
Event: 3.896 Thread 0x00000000022be000 Implicit null exception at 0x00000000028bd910 to 0x00000000028be29d
Event: 11.227 Thread 0x000000001d6d6800 Implicit null exception at 0x0000000002d9da1d to 0x0000000002da00ed

Events (10 events):
Event: 19.255 Thread 0x000000001e42f800 DEOPT UNPACKING pc=0x000000000279787f sp=0x000000002231e788 mode 0
Event: 19.255 Thread 0x000000001e42f800 DEOPT PACKING pc=0x0000000002a1eefb sp=0x000000002231e9f0
Event: 19.255 Thread 0x000000001e42f800 DEOPT UNPACKING pc=0x000000000279787f sp=0x000000002231e740 mode 0
Event: 19.255 Thread 0x000000001e42f800 DEOPT PACKING pc=0x0000000002d2e0de sp=0x000000002231e930
Event: 19.255 Thread 0x000000001e42f800 DEOPT UNPACKING pc=0x000000000279787f sp=0x000000002231e688 mode 0
Event: 19.256 Thread 0x000000001e42f800 DEOPT PACKING pc=0x0000000002b7b7d9 sp=0x000000002231ea10
Event: 19.256 Thread 0x000000001e42f800 DEOPT UNPACKING pc=0x000000000279787f sp=0x000000002231e788 mode 0
Event: 19.257 Thread 0x000000001e42f800 DEOPT PACKING pc=0x00000000028cb646 sp=0x000000002231e8a0
Event: 19.257 Thread 0x000000001e42f800 DEOPT UNPACKING pc=0x000000000279787f sp=0x000000002231e668 mode 0
Event: 19.257 Executing VM operation: ParallelGCFailedAllocation


Dynamic libraries:
0x000000013f490000 - 0x000000013f4c7000 	C:\Program Files\Java\jdk1.8.0_151\bin\java.exe
0x0000000077a30000 - 0x0000000077bda000 	C:\Windows\SYSTEM32\ntdll.dll
0x0000000077910000 - 0x0000000077a2f000 	C:\Windows\system32\kernel32.dll
0x000007fefd800000 - 0x000007fefd86b000 	C:\Windows\system32\KERNELBASE.dll
0x000007feffac0000 - 0x000007feffb9b000 	C:\Windows\system32\ADVAPI32.dll
0x000007fefe7b0000 - 0x000007fefe84f000 	C:\Windows\system32\msvcrt.dll
0x000007fefeaf0000 - 0x000007fefeb0f000 	C:\Windows\SYSTEM32\sechost.dll
0x000007fefe060000 - 0x000007fefe18d000 	C:\Windows\system32\RPCRT4.dll
0x0000000077810000 - 0x000000007790a000 	C:\Windows\system32\USER32.dll
0x000007feffcd0000 - 0x000007feffd37000 	C:\Windows\system32\GDI32.dll
0x000007fefeb10000 - 0x000007fefeb1e000 	C:\Windows\system32\LPK.dll
0x000007fefdf90000 - 0x000007fefe05a000 	C:\Windows\system32\USP10.dll
0x000007fefbc80000 - 0x000007fefbe74000 	C:\Windows\WinSxS\amd64_microsoft.windows.common-controls_6595b64144ccf1df_6.0.7601.18837_none_fa3b1e3d17594757\COMCTL32.dll
0x000007feffc40000 - 0x000007feffcb1000 	C:\Windows\system32\SHLWAPI.dll
0x000007feffa90000 - 0x000007feffabe000 	C:\Windows\system32\IMM32.DLL
0x000007fefe9e0000 - 0x000007fefeae9000 	C:\Windows\system32\MSCTF.dll
0x0000000062d50000 - 0x0000000062e22000 	C:\Program Files\Java\jdk1.8.0_151\jre\bin\msvcr100.dll
0x0000000062f10000 - 0x00000000637ad000 	C:\Program Files\Java\jdk1.8.0_151\jre\bin\server\jvm.dll
0x000007fefbfd0000 - 0x000007fefbfd9000 	C:\Windows\system32\WSOCK32.dll
0x000007fefe990000 - 0x000007fefe9dd000 	C:\Windows\system32\WS2_32.dll
0x000007feffcc0000 - 0x000007feffcc8000 	C:\Windows\system32\NSI.dll
0x000007fefb180000 - 0x000007fefb1bb000 	C:\Windows\system32\WINMM.dll
0x000007fefc790000 - 0x000007fefc79c000 	C:\Windows\system32\VERSION.dll
0x0000000077c00000 - 0x0000000077c07000 	C:\Windows\system32\PSAPI.DLL
0x0000000073360000 - 0x000000007336f000 	C:\Program Files\Java\jdk1.8.0_151\jre\bin\verify.dll
0x000000006e740000 - 0x000000006e769000 	C:\Program Files\Java\jdk1.8.0_151\jre\bin\java.dll
0x000000006e780000 - 0x000000006e796000 	C:\Program Files\Java\jdk1.8.0_151\jre\bin\zip.dll
0x000007fefed00000 - 0x000007feffa89000 	C:\Windows\system32\SHELL32.dll
0x000007fefe190000 - 0x000007fefe393000 	C:\Windows\system32\ole32.dll
0x000007fefd770000 - 0x000007fefd77f000 	C:\Windows\system32\profapi.dll

VM Arguments:
jvm_args: -Djava.awt.headless=true -Xmx4g -Dfile.encoding=GBK -Duser.country=CN -Duser.language=zh -Duser.variant 
java_command: com.android.dx.command.Main --dex --num-threads=4 --multi-dex --main-dex-list C:\Users\Administrator\Desktop\MLxiao\app\build\intermediates\multi-dex\debug\maindexlist.txt --output C:\Users\Administrator\Desktop\MLxiao\app\build\intermediates\transforms\dex\debug\folders\1000\1f\main C:\Users\Administrator\Desktop\MLxiao\app\build\intermediates\transforms\jarMerging\debug\jars\1\1f\combined.jar
java_class_path (initial): D:\Sdk\build-tools\25.0.3\lib\dx.jar
Launcher Type: SUN_STANDARD

Environment Variables:
JAVA_HOME=C:\Program Files\Java\jdk1.8.0_151
CLASSPATH=.;C:\Program Files\Java\jdk1.8.0_151\lib;C:\Program Files\Java\jdk1.8.0_151\lib\tools.jar;C:\Program Files\Java\jdk1.8.0_151\lib\dt.jar;
PATH=C:\Program Files (x86)\Common Files\Intel\Shared Libraries\redist\intel64\compiler;C:\Windows\system32;C:\Windows;C:\Windows\System32\Wbem;C:\Windows\System32\WindowsPowerShell\v1.0\;C:\Program Files (x86)\NVIDIA Corporation\PhysX\Common;C:\Program Files\Java\jdk1.8.0_151\bin;C:\Program Files\Java\jdk1.8.0_151\jre1.8.0_151\bin;C:\Program Files\Git\cmd;D:\Sdk\platform-tools;D:\Sdk\tools;C:\Program Files\Common Files\Autodesk Shared\;C:\Program Files (x86)\Python\Scripts\;C:\Program Files (x86)\Python\;
USERNAME=Administrator
OS=Windows_NT
PROCESSOR_IDENTIFIER=Intel64 Family 6 Model 158 Stepping 9, GenuineIntel



---------------  S Y S T E M  ---------------

OS: Windows 7 , 64 bit Build 7601 (6.1.7601.19160)

CPU:total 4 (initial active 4) (4 cores per cpu, 1 threads per core) family 6 model 158 stepping 9, cmov, cx8, fxsr, mmx, sse, sse2, sse3, ssse3, sse4.1, sse4.2, popcnt, avx, avx2, aes, clmul, erms, 3dnowpref, lzcnt, tsc, tscinvbit, bmi1, bmi2, adx

Memory: 4k page, physical 8335948k(87184k free), swap 10431264k(4084k free)

vm_info: Java HotSpot(TM) 64-Bit Server VM (25.151-b12) for windows-amd64 JRE (1.8.0_151-b12), built on Sep  5 2017 19:33:46 by "java_re" with MS VC++ 10.0 (VS2010)

time: Wed Jan 03 15:24:36 2018
elapsed time: 19 seconds (0d 0h 0m 19s)

