#
# There is insufficient memory for the Java Runtime Environment to continue.
# Native memory allocation (malloc) failed to allocate 32744 bytes for ChunkPool::allocate
# Possible reasons:
#   The system is out of physical RAM or swap space
#   In 32 bit mode, the process size limit was hit
# Possible solutions:
#   Reduce memory load on the system
#   Increase physical memory or swap space
#   Check if swap backing store is full
#   Use 64 bit Java on a 64 bit OS
#   Decrease Java heap size (-Xmx/-Xms)
#   Decrease number of Java threads
#   Decrease Java thread stack sizes (-Xss)
#   Set larger code cache with -XX:ReservedCodeCacheSize=
# This output file may be truncated or incomplete.
#
#  Out of Memory Error (allocation.cpp:273), pid=6932, tid=0x0000000000000ff0
#
# JRE version: OpenJDK Runtime Environment (8.0_152-b01) (build 1.8.0_152-release-915-b01)
# Java VM: OpenJDK 64-Bit Server VM (25.152-b01 mixed mode windows-amd64 compressed oops)
# Failed to write core dump. Minidumps are not enabled by default on client versions of Windows
#

---------------  T H R E A D  ---------------

Current thread (0x000000001d45f000):  JavaThread "C2 CompilerThread1" daemon [_thread_in_native, id=4080, stack(0x000000001d0b0000,0x000000001d1b0000)]

Stack: [0x000000001d0b0000,0x000000001d1b0000]
[error occurred during error reporting (printing stack bounds), id 0xc0000005]

Native frames: (J=compiled Java code, j=interpreted, Vv=VM code, C=native code)


Current CompileTask:
C2:  34185 3016   !   4       com.android.dx.dex.cf.CfTranslator::processMethods (583 bytes)


---------------  P R O C E S S  ---------------

Java Threads: ( => current thread )
  0x000000001d801800 JavaThread "pool-2-thread-4" [_thread_blocked, id=7628, stack(0x000000001f130000,0x000000001f230000)]
  0x000000001d7fd000 JavaThread "pool-2-thread-3" [_thread_blocked, id=7720, stack(0x000000001f000000,0x000000001f100000)]
  0x000000001d811800 JavaThread "pool-2-thread-2" [_thread_blocked, id=7164, stack(0x000000001eed0000,0x000000001efd0000)]
  0x000000001d810800 JavaThread "pool-3-thread-1" [_thread_blocked, id=5740, stack(0x000000001ed30000,0x000000001ee30000)]
  0x000000001d80e000 JavaThread "pool-2-thread-1" [_thread_blocked, id=4248, stack(0x000000001eb30000,0x000000001ec30000)]
  0x000000001d4e5000 JavaThread "Service Thread" daemon [_thread_blocked, id=5424, stack(0x000000001de90000,0x000000001df90000)]
  0x000000001d460000 JavaThread "C1 CompilerThread2" daemon [_thread_blocked, id=5804, stack(0x000000001dce0000,0x000000001dde0000)]
=>0x000000001d45f000 JavaThread "C2 CompilerThread1" daemon [_thread_in_native, id=4080, stack(0x000000001d0b0000,0x000000001d1b0000)]
  0x000000001d43a800 JavaThread "C2 CompilerThread0" daemon [_thread_blocked, id=7920, stack(0x000000001da00000,0x000000001db00000)]
  0x000000001c14d000 JavaThread "Attach Listener" daemon [_thread_blocked, id=6924, stack(0x000000001db70000,0x000000001dc70000)]
  0x000000001c140000 JavaThread "Signal Dispatcher" daemon [_thread_blocked, id=4112, stack(0x000000001d8b0000,0x000000001d9b0000)]
  0x000000001c129800 JavaThread "Finalizer" daemon [_thread_blocked, id=7008, stack(0x000000001d330000,0x000000001d430000)]
  0x000000001c0e2800 JavaThread "Reference Handler" daemon [_thread_blocked, id=5488, stack(0x000000001d1d0000,0x000000001d2d0000)]
  0x000000000240e800 JavaThread "main" [_thread_blocked, id=7740, stack(0x00000000025a0000,0x00000000026a0000)]

Other Threads:
  0x000000001c0db000 VMThread [stack: 0x000000001cfb0000,0x000000001d0b0000] [id=7924]
  0x000000001d4e7800 WatcherThread [stack: 0x000000001e0e0000,0x000000001e1e0000] [id=8152]

VM state:at safepoint (normal execution)

VM Mutex/Monitor currently owned by a thread:  ([mutex/lock_event])
[0x000000000240ceb0] Threads_lock - owner thread: 0x000000001c0db000
[0x000000000240d3b0] Heap_lock - owner thread: 0x000000000240e800

Heap:
 PSYoungGen      total 662016K, used 500224K [0x000000076ab00000, 0x00000007a7100000, 0x00000007c0000000)
  eden space 500224K, 100% used [0x000000076ab00000,0x0000000789380000,0x0000000789380000)
  from space 161792K, 0% used [0x0000000789380000,0x0000000789380000,0x0000000793180000)
  to   space 187904K, 0% used [0x000000079b980000,0x000000079b980000,0x00000007a7100000)
 ParOldGen       total 308736K, used 308281K [0x00000006c0000000, 0x00000006d2d80000, 0x000000076ab00000)
  object space 308736K, 99% used [0x00000006c0000000,0x00000006d2d0e528,0x00000006d2d80000)
 Metaspace       used 6627K, capacity 7286K, committed 7552K, reserved 1056768K
  class space    used 606K, capacity 622K, committed 640K, reserved 1048576K

Card table byte_map: [0x0000000011a60000,0x0000000012270000] byte_map_base: 0x000000000e460000

Marking Bits: (ParMarkBitMap*) 0x0000000070453950
 Begin Bits: [0x0000000012f50000, 0x0000000016f50000)
 End Bits:   [0x0000000016f50000, 0x000000001af50000)

Polling page: 0x0000000000430000

CodeCache: size=245760Kb used=10177Kb max_used=14670Kb free=235582Kb
 bounds [0x00000000026a0000, 0x0000000003540000, 0x00000000116a0000]
 total_blobs=2466 nmethods=2201 adapters=178
 compilation: enabled

Compilation events (10 events):
Event: 31.893 Thread 0x000000001d460000 3028       3       java.util.concurrent.FutureTask::finishCompletion (74 bytes)
Event: 31.894 Thread 0x000000001d460000 nmethod 3028 0x0000000002a9fd50 code [0x0000000002a9ff00, 0x0000000002aa04a8]
Event: 31.894 Thread 0x000000001d460000 3029       3       java.util.concurrent.FutureTask::set (36 bytes)
Event: 31.894 Thread 0x000000001d460000 nmethod 3029 0x0000000002a1c750 code [0x0000000002a1c8c0, 0x0000000002a1cae8]
Event: 31.896 Thread 0x000000001d460000 3030       3       com.android.dx.ssa.back.FirstFitLocalCombiningAllocator::handleInvokeRangeInsns (36 bytes)
Event: 31.896 Thread 0x000000001d460000 nmethod 3030 0x0000000002a15190 code [0x0000000002a15340, 0x0000000002a15938]
Event: 31.910 Thread 0x000000001d43a800 nmethod 3022 0x0000000002c8d050 code [0x0000000002c8d2c0, 0x0000000002c8f070]
Event: 31.910 Thread 0x000000001d43a800 3025   !   4       com.android.dx.cf.code.BytecodeArray::parseInstruction (2764 bytes)
Event: 33.921 Thread 0x000000001d460000 3041 %     3       com.android.dx.dex.cf.AttributeTranslator::translateInnerClasses @ 46 (356 bytes)
Event: 33.924 Thread 0x000000001d460000 nmethod 3041% 0x00000000033d8d50 code [0x00000000033d9360, 0x00000000033dd9d8]

GC Heap History (10 events):
Event: 29.952 GC heap after
Heap after GC invocations=30 (full 17):
 PSYoungGen      total 662016K, used 454017K [0x000000076ab00000, 0x00000007a7100000, 0x00000007c0000000)
  eden space 500224K, 90% used [0x000000076ab00000,0x0000000786660668,0x0000000789380000)
  from space 161792K, 0% used [0x0000000789380000,0x0000000789380000,0x0000000793180000)
  to   space 187904K, 0% used [0x000000079b980000,0x000000079b980000,0x00000007a7100000)
 ParOldGen       total 308736K, used 308281K [0x00000006c0000000, 0x00000006d2d80000, 0x000000076ab00000)
  object space 308736K, 99% used [0x00000006c0000000,0x00000006d2d0e728,0x00000006d2d80000)
 Metaspace       used 6627K, capacity 7286K, committed 7552K, reserved 1056768K
  class space    used 606K, capacity 622K, committed 640K, reserved 1048576K
}
Event: 30.031 GC heap before
{Heap before GC invocations=31 (full 18):
 PSYoungGen      total 662016K, used 500224K [0x000000076ab00000, 0x00000007a7100000, 0x00000007c0000000)
  eden space 500224K, 100% used [0x000000076ab00000,0x0000000789380000,0x0000000789380000)
  from space 161792K, 0% used [0x0000000789380000,0x0000000789380000,0x0000000793180000)
  to   space 187904K, 0% used [0x000000079b980000,0x000000079b980000,0x00000007a7100000)
 ParOldGen       total 308736K, used 308281K [0x00000006c0000000, 0x00000006d2d80000, 0x000000076ab00000)
  object space 308736K, 99% used [0x00000006c0000000,0x00000006d2d0e728,0x00000006d2d80000)
 Metaspace       used 6627K, capacity 7286K, committed 7552K, reserved 1056768K
  class space    used 606K, capacity 622K, committed 640K, reserved 1048576K
Event: 31.140 GC heap after
Heap after GC invocations=31 (full 18):
 PSYoungGen      total 662016K, used 461456K [0x000000076ab00000, 0x00000007a7100000, 0x00000007c0000000)
  eden space 500224K, 92% used [0x000000076ab00000,0x0000000786da4190,0x0000000789380000)
  from space 161792K, 0% used [0x0000000789380000,0x0000000789380000,0x0000000793180000)
  to   space 187904K, 0% used [0x000000079b980000,0x000000079b980000,0x00000007a7100000)
 ParOldGen       total 308736K, used 308281K [0x00000006c0000000, 0x00000006d2d80000, 0x000000076ab00000)
  object space 308736K, 99% used [0x00000006c0000000,0x00000006d2d0e5a8,0x00000006d2d80000)
 Metaspace       used 6627K, capacity 7286K, committed 7552K, reserved 1056768K
  class space    used 606K, capacity 622K, committed 640K, reserved 1048576K
}
Event: 31.180 GC heap before
{Heap before GC invocations=32 (full 19):
 PSYoungGen      total 662016K, used 500224K [0x000000076ab00000, 0x00000007a7100000, 0x00000007c0000000)
  eden space 500224K, 100% used [0x000000076ab00000,0x0000000789380000,0x0000000789380000)
  from space 161792K, 0% used [0x0000000789380000,0x0000000789380000,0x0000000793180000)
  to   space 187904K, 0% used [0x000000079b980000,0x000000079b980000,0x00000007a7100000)
 ParOldGen       total 308736K, used 308281K [0x00000006c0000000, 0x00000006d2d80000, 0x000000076ab00000)
  object space 308736K, 99% used [0x00000006c0000000,0x00000006d2d0e5a8,0x00000006d2d80000)
 Metaspace       used 6627K, capacity 7286K, committed 7552K, reserved 1056768K
  class space    used 606K, capacity 622K, committed 640K, reserved 1048576K
Event: 31.877 GC heap after
Heap after GC invocations=32 (full 19):
 PSYoungGen      total 662016K, used 467723K [0x000000076ab00000, 0x00000007a7100000, 0x00000007c0000000)
  eden space 500224K, 93% used [0x000000076ab00000,0x00000007873c2fe0,0x0000000789380000)
  from space 161792K, 0% used [0x0000000789380000,0x0000000789380000,0x0000000793180000)
  to   space 187904K, 0% used [0x000000079b980000,0x000000079b980000,0x00000007a7100000)
 ParOldGen       total 308736K, used 308281K [0x00000006c0000000, 0x00000006d2d80000, 0x000000076ab00000)
  object space 308736K, 99% used [0x00000006c0000000,0x00000006d2d0e5a8,0x00000006d2d80000)
 Metaspace       used 6627K, capacity 7286K, committed 7552K, reserved 1056768K
  class space    used 606K, capacity 622K, committed 640K, reserved 1048576K
}
Event: 31.933 GC heap before
{Heap before GC invocations=33 (full 20):
 PSYoungGen      total 662016K, used 500224K [0x000000076ab00000, 0x00000007a7100000, 0x00000007c0000000)
  eden space 500224K, 100% used [0x000000076ab00000,0x0000000789380000,0x0000000789380000)
  from space 161792K, 0% used [0x0000000789380000,0x0000000789380000,0x0000000793180000)
  to   space 187904K, 0% used [0x000000079b980000,0x000000079b980000,0x00000007a7100000)
 ParOldGen       total 308736K, used 308281K [0x00000006c0000000, 0x00000006d2d80000, 0x000000076ab00000)
  object space 308736K, 99% used [0x00000006c0000000,0x00000006d2d0e5a8,0x00000006d2d80000)
 Metaspace       used 6627K, capacity 7286K, committed 7552K, reserved 1056768K
  class space    used 606K, capacity 622K, committed 640K, reserved 1048576K
Event: 32.779 GC heap after
Heap after GC invocations=33 (full 20):
 PSYoungGen      total 662016K, used 472520K [0x000000076ab00000, 0x00000007a7100000, 0x00000007c0000000)
  eden space 500224K, 94% used [0x000000076ab00000,0x0000000787872340,0x0000000789380000)
  from space 161792K, 0% used [0x0000000789380000,0x0000000789380000,0x0000000793180000)
  to   space 187904K, 0% used [0x000000079b980000,0x000000079b980000,0x00000007a7100000)
 ParOldGen       total 308736K, used 308281K [0x00000006c0000000, 0x00000006d2d80000, 0x000000076ab00000)
  object space 308736K, 99% used [0x00000006c0000000,0x00000006d2d0e548,0x00000006d2d80000)
 Metaspace       used 6627K, capacity 7286K, committed 7552K, reserved 1056768K
  class space    used 606K, capacity 622K, committed 640K, reserved 1048576K
}
Event: 32.814 GC heap before
{Heap before GC invocations=34 (full 21):
 PSYoungGen      total 662016K, used 500224K [0x000000076ab00000, 0x00000007a7100000, 0x00000007c0000000)
  eden space 500224K, 100% used [0x000000076ab00000,0x0000000789380000,0x0000000789380000)
  from space 161792K, 0% used [0x0000000789380000,0x0000000789380000,0x0000000793180000)
  to   space 187904K, 0% used [0x000000079b980000,0x000000079b980000,0x00000007a7100000)
 ParOldGen       total 308736K, used 308281K [0x00000006c0000000, 0x00000006d2d80000, 0x000000076ab00000)
  object space 308736K, 99% used [0x00000006c0000000,0x00000006d2d0e548,0x00000006d2d80000)
 Metaspace       used 6627K, capacity 7286K, committed 7552K, reserved 1056768K
  class space    used 606K, capacity 622K, committed 640K, reserved 1048576K
Event: 33.902 GC heap after
Heap after GC invocations=34 (full 21):
 PSYoungGen      total 662016K, used 476930K [0x000000076ab00000, 0x00000007a7100000, 0x00000007c0000000)
  eden space 500224K, 95% used [0x000000076ab00000,0x0000000787cc08c0,0x0000000789380000)
  from space 161792K, 0% used [0x0000000789380000,0x0000000789380000,0x0000000793180000)
  to   space 187904K, 0% used [0x000000079b980000,0x000000079b980000,0x00000007a7100000)
 ParOldGen       total 308736K, used 308281K [0x00000006c0000000, 0x00000006d2d80000, 0x000000076ab00000)
  object space 308736K, 99% used [0x00000006c0000000,0x00000006d2d0e528,0x00000006d2d80000)
 Metaspace       used 6627K, capacity 7286K, committed 7552K, reserved 1056768K
  class space    used 606K, capacity 622K, committed 640K, reserved 1048576K
}
Event: 33.941 GC heap before
{Heap before GC invocations=35 (full 22):
 PSYoungGen      total 662016K, used 500224K [0x000000076ab00000, 0x00000007a7100000, 0x00000007c0000000)
  eden space 500224K, 100% used [0x000000076ab00000,0x0000000789380000,0x0000000789380000)
  from space 161792K, 0% used [0x0000000789380000,0x0000000789380000,0x0000000793180000)
  to   space 187904K, 0% used [0x000000079b980000,0x000000079b980000,0x00000007a7100000)
 ParOldGen       total 308736K, used 308281K [0x00000006c0000000, 0x00000006d2d80000, 0x000000076ab00000)
  object space 308736K, 99% used [0x00000006c0000000,0x00000006d2d0e528,0x00000006d2d80000)
 Metaspace       used 6627K, capacity 7286K, committed 7552K, reserved 1056768K
  class space    used 606K, capacity 622K, committed 640K, reserved 1048576K

Deoptimization events (10 events):
Event: 28.740 Thread 0x000000001d7fd000 Uncommon trap: reason=bimorphic action=maybe_recompile pc=0x0000000002c95dd8 method=com.android.dx.ssa.LiteralOpUpgrader.tryReplacingWithConstant(Lcom/android/dx/ssa/NormalSsaInsn;)Z @ 52
Event: 28.740 Thread 0x000000001d7fd000 Uncommon trap: reason=bimorphic action=maybe_recompile pc=0x0000000002c95dd8 method=com.android.dx.ssa.LiteralOpUpgrader.tryReplacingWithConstant(Lcom/android/dx/ssa/NormalSsaInsn;)Z @ 52
Event: 28.740 Thread 0x000000001d7fd000 Uncommon trap: reason=bimorphic action=maybe_recompile pc=0x0000000002c95dd8 method=com.android.dx.ssa.LiteralOpUpgrader.tryReplacingWithConstant(Lcom/android/dx/ssa/NormalSsaInsn;)Z @ 52
Event: 28.740 Thread 0x000000001d7fd000 Uncommon trap: reason=bimorphic action=maybe_recompile pc=0x0000000002c95dd8 method=com.android.dx.ssa.LiteralOpUpgrader.tryReplacingWithConstant(Lcom/android/dx/ssa/NormalSsaInsn;)Z @ 52
Event: 28.740 Thread 0x000000001d7fd000 Uncommon trap: reason=bimorphic action=maybe_recompile pc=0x000000000288aed8 method=com.android.dx.ssa.LiteralOpUpgrader.tryReplacingWithConstant(Lcom/android/dx/ssa/NormalSsaInsn;)Z @ 52
Event: 31.149 Thread 0x000000001d811800 Uncommon trap: reason=unstable_if action=reinterpret pc=0x0000000002a41e80 method=com.android.dx.ssa.MoveParamCombiner$1.visitNonMoveInsn(Lcom/android/dx/ssa/NormalSsaInsn;)V @ 71
Event: 31.156 Thread 0x000000001d801800 Uncommon trap: reason=unstable_if action=reinterpret pc=0x000000000286b0a8 method=com.android.dx.rop.code.Insn.contentEquals(Lcom/android/dx/rop/code/Insn;)Z @ 47
Event: 31.165 Thread 0x000000001d7fd000 Uncommon trap: reason=unstable_if action=reinterpret pc=0x00000000033e79f4 method=com.android.dx.cf.code.OneLocalsArray.set(ILcom/android/dx/rop/type/TypeBearer;)V @ 93
Event: 31.179 Thread 0x000000001d801800 Uncommon trap: reason=bimorphic action=maybe_recompile pc=0x0000000002d35798 method=com.android.dx.cf.code.BytecodeArray.parseInstruction(ILcom/android/dx/cf/code/BytecodeArray$Visitor;)I @ 2281
Event: 31.179 Thread 0x000000001d801800 Uncommon trap: reason=bimorphic action=maybe_recompile pc=0x0000000002d35798 method=com.android.dx.cf.code.BytecodeArray.parseInstruction(ILcom/android/dx/cf/code/BytecodeArray$Visitor;)I @ 2281

Classes redefined (0 events):
No events

Internal exceptions (10 events):
Event: 0.603 Thread 0x000000001d80e000 Implicit null exception at 0x00000000029402a2 to 0x00000000029403a2
Event: 0.723 Thread 0x000000001d811800 Implicit null exception at 0x000000000297ed0c to 0x0000000002981279
Event: 1.022 Thread 0x000000001d801800 Implicit null exception at 0x0000000002c1d270 to 0x0000000002c1d435
Event: 1.186 Thread 0x000000001d7fd000 Exception <a 'java/lang/ArrayIndexOutOfBoundsException': 18> (0x000000076d9d6cf8) thrown at [D:\src\AOSP-openjdk-cygwin\jdk8u\hotspot\src\share\vm\interpreter\interpreterRuntime.cpp, line 366]
Event: 1.186 Thread 0x000000001d7fd000 Exception <a 'java/lang/ArrayIndexOutOfBoundsException': 145> (0x000000076d9d8878) thrown at [D:\src\AOSP-openjdk-cygwin\jdk8u\hotspot\src\share\vm\interpreter\interpreterRuntime.cpp, line 366]
Event: 1.193 Thread 0x000000001d7fd000 Exception <a 'java/lang/ArrayIndexOutOfBoundsException'> (0x000000076d9d9b60) thrown at [D:\src\AOSP-openjdk-cygwin\jdk8u\hotspot\src\share\vm\runtime\sharedRuntime.cpp, line 605]
Event: 3.641 Thread 0x000000000240e800 Implicit null exception at 0x0000000002810f70 to 0x00000000028118f9
Event: 20.951 Thread 0x000000001d80e000 Implicit null exception at 0x00000000034af748 to 0x00000000034b6871
Event: 28.709 Thread 0x000000001d80e000 Implicit null exception at 0x00000000029c28ac to 0x00000000029c2b50
Event: 28.709 Thread 0x000000001d80e000 Implicit null exception at 0x00000000029b469c to 0x00000000029b493a

Events (10 events):
Event: 31.179 Thread 0x000000001d801800 Uncommon trap: trap_request=0xffffffc6 fr.pc=0x0000000002d35798
Event: 31.179 Thread 0x000000001d801800 DEOPT PACKING pc=0x0000000002d35798 sp=0x000000001f22e910
Event: 31.179 Thread 0x000000001d801800 DEOPT UNPACKING pc=0x00000000026e556a sp=0x000000001f22e8b8 mode 2
Event: 31.180 Executing VM operation: ParallelGCFailedAllocation
Event: 31.877 Executing VM operation: ParallelGCFailedAllocation done
Event: 31.933 Executing VM operation: ParallelGCFailedAllocation
Event: 32.779 Executing VM operation: ParallelGCFailedAllocation done
Event: 32.814 Executing VM operation: ParallelGCFailedAllocation
Event: 33.902 Executing VM operation: ParallelGCFailedAllocation done
Event: 33.941 Executing VM operation: ParallelGCFailedAllocation


Dynamic libraries:
0x000000013f960000 - 0x000000013f991000 	C:\Program Files\Android\Android Studio\jre\bin\java.exe
0x00000000776a0000 - 0x000000007784a000 	C:\Windows\SYSTEM32\ntdll.dll
0x0000000077480000 - 0x000000007759f000 	C:\Windows\system32\kernel32.dll
0x000007fefd500000 - 0x000007fefd56b000 	C:\Windows\system32\KERNELBASE.dll
0x000007feff5d0000 - 0x000007feff6ab000 	C:\Windows\system32\ADVAPI32.dll
0x000007fefedd0000 - 0x000007fefee6f000 	C:\Windows\system32\msvcrt.dll
0x000007feff6b0000 - 0x000007feff6cf000 	C:\Windows\SYSTEM32\sechost.dll
0x000007feff060000 - 0x000007feff18d000 	C:\Windows\system32\RPCRT4.dll
0x00000000775a0000 - 0x000000007769a000 	C:\Windows\system32\USER32.dll
0x000007fefea30000 - 0x000007fefea97000 	C:\Windows\system32\GDI32.dll
0x000007feff9a0000 - 0x000007feff9ae000 	C:\Windows\system32\LPK.dll
0x000007feff500000 - 0x000007feff5ca000 	C:\Windows\system32\USP10.dll
0x000007fefb8b0000 - 0x000007fefbaa4000 	C:\Windows\WinSxS\amd64_microsoft.windows.common-controls_6595b64144ccf1df_6.0.7601.18837_none_fa3b1e3d17594757\COMCTL32.dll
0x000007fefeaa0000 - 0x000007fefeb11000 	C:\Windows\system32\SHLWAPI.dll
0x000007fefe8b0000 - 0x000007fefe8de000 	C:\Windows\system32\IMM32.DLL
0x000007fefee70000 - 0x000007fefef79000 	C:\Windows\system32\MSCTF.dll
0x0000000070f70000 - 0x0000000071042000 	C:\Program Files\Android\Android Studio\jre\jre\bin\msvcr100.dll
0x000000006fc90000 - 0x00000000704ce000 	C:\Program Files\Android\Android Studio\jre\jre\bin\server\jvm.dll
0x000007feef860000 - 0x000007feef869000 	C:\Windows\system32\WSOCK32.dll
0x000007fefe9e0000 - 0x000007fefea2d000 	C:\Windows\system32\WS2_32.dll
0x000007fefda90000 - 0x000007fefda98000 	C:\Windows\system32\NSI.dll
0x000007fefaba0000 - 0x000007fefabdb000 	C:\Windows\system32\WINMM.dll
0x000007fefc400000 - 0x000007fefc40c000 	C:\Windows\system32\VERSION.dll
0x0000000077860000 - 0x0000000077867000 	C:\Windows\system32\PSAPI.DLL
0x000007feedb20000 - 0x000007feedb2f000 	C:\Program Files\Android\Android Studio\jre\jre\bin\verify.dll
0x000007feedaf0000 - 0x000007feedb19000 	C:\Program Files\Android\Android Studio\jre\jre\bin\java.dll
0x000007feedad0000 - 0x000007feedae6000 	C:\Program Files\Android\Android Studio\jre\jre\bin\zip.dll
0x000007fefdb20000 - 0x000007fefe8a9000 	C:\Windows\system32\SHELL32.dll
0x000007fefebc0000 - 0x000007fefedc3000 	C:\Windows\system32\ole32.dll
0x000007fefd3f0000 - 0x000007fefd3ff000 	C:\Windows\system32\profapi.dll

VM Arguments:
jvm_args: -Djava.awt.headless=true -Xmx4g -Dfile.encoding=GBK -Duser.country=CN -Duser.language=zh -Duser.variant 
java_command: com.android.dx.command.Main --dex --num-threads=4 --multi-dex --main-dex-list C:\Users\Administrator\Desktop\MLxiao\app\build\intermediates\multi-dex\debug\maindexlist.txt --output C:\Users\Administrator\Desktop\MLxiao\app\build\intermediates\transforms\dex\debug\folders\1000\1f\main C:\Users\Administrator\Desktop\MLxiao\app\build\intermediates\transforms\jarMerging\debug\jars\1\1f\combined.jar
java_class_path (initial): D:\Sdk\sdk\build-tools\25.0.3\lib\dx.jar
Launcher Type: SUN_STANDARD

Environment Variables:
JAVA_HOME=C:\Program Files (x86)\Java\jdk1.8.0_144
CLASSPATH=.;C:\Program Files (x86)\Java\jdk1.8.0_144\lib;C:\Program Files (x86)\Java\jdk1.8.0_144\lib\tools.jar
PATH=C:\ProgramData\Oracle\Java\javapath;C:\Windows\system32;C:\Windows;C:\Windows\System32\Wbem;C:\Windows\System32\WindowsPowerShell\v1.0\;C:\Program Files (x86)\NVIDIA Corporation\PhysX\Common;C:\Program Files (x86)\Java\jdk1.8.0_144\bin;C:\Program Files (x86)\Java\jdk1.8.0_144\jre\bin;C:\Program Files\Git\cmd;D:\Sdk\platform-tools;D:\Sdk\tools;
USERNAME=Administrator
OS=Windows_NT
PROCESSOR_IDENTIFIER=Intel64 Family 6 Model 158 Stepping 9, GenuineIntel



---------------  S Y S T E M  ---------------

OS: Windows 7 , 64 bit Build 7601 (6.1.7601.19160)

CPU:total 4 (initial active 4) (4 cores per cpu, 1 threads per core) family 6 model 158 stepping 9, cmov, cx8, fxsr, mmx, sse, sse2, sse3, ssse3, sse4.1, sse4.2, popcnt, avx, avx2, aes, clmul, erms, 3dnowpref, lzcnt, tsc, tscinvbit, bmi1, bmi2, adx

Memory: 4k page, physical 8335948k(453352k free), swap 10431264k(4100k free)

vm_info: OpenJDK 64-Bit Server VM (25.152-b01) for windows-amd64 JRE (1.8.0_152-release-915-b01), built by "builder" with MS VC++ 10.0 (VS2010)

time: Thu Dec 07 16:33:21 2017
elapsed time: 34 seconds (0d 0h 0m 34s)

