JvmtiExport can_access_local_variables 0
JvmtiExport can_hotswap_or_post_breakpoint 0
JvmtiExport can_post_on_exceptions 0
# 799 ciObject found
ciMethod java/lang/Object <init> ()V 4097 1 10074661 0 0
ciMethod java/lang/Object getClass ()Ljava/lang/Class; 2049 1 256 0 -1
ciMethod java/lang/String <init> ([CII)V 2905 1 12674 0 704
ciMethod java/lang/String length ()I 4097 1 104502 0 -1
ciMethod java/lang/String charAt (I)C 4097 1 1216692 0 -1
ciMethod java/lang/String getChars (II[CI)V 2337 1 15705 0 -1
ciMethod java/lang/String equals (Ljava/lang/Object;)Z 2049 10529 2392 0 -1
ciMethod java/lang/String startsWith (Ljava/lang/String;)Z 2049 1 34778 0 -1
ciMethod java/lang/String endsWith (Ljava/lang/String;)Z 2065 1 5030 0 -1
ciMethod java/lang/String indexOf (II)I 1209 41217 24601 0 -1
ciMethod java/lang/String substring (I)Ljava/lang/String; 337 1 152433 0 -1
ciMethod java/lang/String substring (II)Ljava/lang/String; 3137 1 48819 0 -1
ciMethod java/lang/Class getMethod (Ljava/lang/String;[Ljava/lang/Class;)Ljava/lang/reflect/Method; 17 1 2 0 -1
ciMethod java/lang/Class isEnum ()Z 9 1 1 0 -1
ciMethod java/lang/Class getEnumConstantsShared ()[Ljava/lang/Object; 5121 1 43851 0 96
ciMethod java/lang/reflect/Method invoke (Ljava/lang/Object;[Ljava/lang/Object;)Ljava/lang/Object; 9 1 1 0 -1
ciMethod java/lang/AbstractStringBuilder <init> (I)V 1225 1 244092 0 256
ciMethod java/lang/AbstractStringBuilder ensureCapacityInternal (I)V 2089 1 20997 0 -1
ciMethod java/lang/AbstractStringBuilder append (Ljava/lang/String;)Ljava/lang/AbstractStringBuilder; 2193 1 15977 0 1056
ciMethod java/lang/AbstractStringBuilder appendNull ()Ljava/lang/AbstractStringBuilder; 0 0 1 0 -1
ciMethod java/lang/StringBuilder <init> ()V 921 1 176462 0 0
ciMethod java/lang/StringBuilder append (Ljava/lang/String;)Ljava/lang/StringBuilder; 1993 1 527296 0 1024
ciMethod java/lang/StringBuilder toString ()Ljava/lang/String; 1001 1 177662 0 0
ciMethod java/lang/Float isNaN (F)Z 4097 1 78682 0 0
ciMethod java/lang/Integer numberOfTrailingZeros (I)I 14033 1 6789 0 -1
ciMethod java/lang/NullPointerException <init> (Ljava/lang/String;)V 0 0 1 0 -1
ciMethod java/security/AccessController doPrivileged (Ljava/security/PrivilegedAction;)Ljava/lang/Object; 465 1 58 0 -1
ciMethod java/util/Collection iterator ()Ljava/util/Iterator; 0 0 1 0 -1
ciMethod java/util/AbstractList <init> ()V 321 1 1100857 0 32
ciMethod java/util/AbstractCollection <init> ()V 385 1 1395637 0 32
ciMethod java/util/ArrayList <init> (I)V 2105 1 230975 0 320
ciMethod java/util/ArrayList <init> ()V 137 1 847450 0 -1
ciMethod java/util/ArrayList ensureCapacityInternal (I)V 385 1 3457349 0 0
ciMethod java/util/ArrayList ensureExplicitCapacity (I)V 24201 1 3325042 0 544
ciMethod java/util/ArrayList grow (I)V 38529 1 12558 0 544
ciMethod java/util/ArrayList hugeCapacity (I)I 0 0 1 0 -1
ciMethod java/util/ArrayList size ()I 1121 1 140 0 0
ciMethod java/util/ArrayList elementData (I)Ljava/lang/Object; 2025 1 8728875 0 0
ciMethod java/util/ArrayList get (I)Ljava/lang/Object; 2025 1 8586318 0 128
ciMethod java/util/ArrayList add (Ljava/lang/Object;)Z 385 1 3381715 0 288
ciMethod java/util/ArrayList rangeCheck (I)V 2025 1 8671673 0 64
ciMethod java/util/AbstractSet <init> ()V 12505 1 233675 0 0
ciMethod java/util/AbstractMap <init> ()V 457 1 306926 0 0
ciMethod sun/misc/SharedSecrets getJavaLangAccess ()Lsun/misc/JavaLangAccess; 3073 1 43853 0 0
ciMethod java/util/HashMap tableSizeFor (I)I 4097 1 78667 0 128
ciMethod java/util/HashMap <init> (IF)V 561 1 78665 0 352
ciMethod java/util/HashMap <init> (I)V 561 1 39779 0 0
ciMethod java/util/HashMap size ()I 1113 1 139 0 0
ciMethod java/util/HashMap get (Ljava/lang/Object;)Ljava/lang/Object; 85801 1 771326 0 -1
ciMethod java/lang/Math max (II)I 273 1 671167 0 -1
ciMethod java/util/Arrays copyOf ([Ljava/lang/Object;I)[Ljava/lang/Object; 2089 1 11306 0 384
ciMethod java/util/Arrays copyOf ([Ljava/lang/Object;ILjava/lang/Class;)[Ljava/lang/Object; 2057 1 11183 0 -1
ciMethod java/util/Arrays copyOfRange ([CII)[C 3081 1 7319 0 -1
ciMethod java/util/TreeMap <init> ()V