JvmtiExport can_access_local_variables 0
JvmtiExport can_hotswap_or_post_breakpoint 0
JvmtiExport can_post_on_exceptions 0
# 274 ciObject found
ciMethod java/lang/Object <init> ()V 4097 1 611867 0 0
ciMethod java/lang/Object getClass ()Ljava/lang/Class; 3073 1 384 0 -1
ciMethod java/lang/Object equals (Ljava/lang/Object;)Z 4097 1 14425 0 64
ciMethod java/lang/Long numberOfTrailingZeros (J)I 1177 1 7814 0 -1
ciMethod java/util/Collection iterator ()Ljava/util/Iterator; 0 0 1 0 -1
ciMethod java/util/List iterator ()Ljava/util/Iterator; 0 0 1 0 -1
ciMethod java/util/AbstractList <init> ()V 1009 1 75926 0 32
ciMethod java/util/AbstractCollection <init> ()V 353 1 90927 0 0
ciMethod java/util/ArrayList <init> ()V 169 1 40813 0 64
ciMethod java/util/ArrayList calculateCapacity ([Ljava/lang/Object;I)I 689 1 130962 0 0
ciMethod java/util/ArrayList ensureCapacityInternal (I)V 689 1 130956 0 0
ciMethod java/util/ArrayList ensureExplicitCapacity (I)V 689 1 133357 0 96
ciMethod java/util/ArrayList grow (I)V 97 1 8312 0 544
ciMethod java/util/ArrayList hugeCapacity (I)I 0 0 1 0 -1
ciMethod java/util/ArrayList size ()I 1097 1 137 0 -1
ciMethod java/util/ArrayList indexOf (Ljava/lang/Object;)I 4097 697 6339 0 0
ciMethod java/util/ArrayList elementData (I)Ljava/lang/Object; 1985 1 496010 0 0
ciMethod java/util/ArrayList get (I)Ljava/lang/Object; 1985 1 473747 0 128
ciMethod java/util/ArrayList add (Ljava/lang/Object;)Z 689 1 128456 0 288
ciMethod java/util/ArrayList rangeCheck (I)V 1985 1 495204 0 64
ciMethod java/util/ArrayList iterator ()Ljava/util/Iterator; 3097 1 59017 0 192
ciMethod java/util/ArrayList access$100 (Ljava/util/ArrayList;)I 2961 1 370 0 0
ciMethod java/util/Collections unmodifiableList (Ljava/util/List;)Ljava/util/List; 4097 1 11559 0 0
ciMethod java/util/Collections$UnmodifiableRandomAccessList <init> (Ljava/util/List;)V 4097 1 11580 0 0
ciMethod java/util/Collections$UnmodifiableList <init> (Ljava/util/List;)V 4097 1 11579 0 0
ciMethod java/util/Collections$UnmodifiableCollection <init> (Ljava/util/Collection;)V 2089 1 12415 0 0
ciMethod java/util/Collections$UnmodifiableCollection iterator ()Ljava/util/Iterator; 2057 1 8591 0 672
ciMethod java/lang/Math max (II)I 281 1 139484 0 -1
ciMethod java/util/Arrays copyOf ([Ljava/lang/Object;I)[Ljava/lang/Object; 2265 1 18601 0 0
ciMethod java/util/Arrays copyOf ([Ljava/lang/Object;ILjava/lang/Class;)[Ljava/lang/Object; 2265 1 6602 0 -1
ciMethod java/util/TreeMap getFirstEntry ()Ljava/util/TreeMap$Entry; 4097 1249 1658 0 0
ciMethod java/util/TreeMap successor (Ljava/util/TreeMap$Entry;)Ljava/util/TreeMap$Entry; 3073 529 4692 0 0
ciMethod java/util/TreeMap access$100 (Ljava/util/TreeMap;)I 1137 1 142 0 0
ciMethodData java/lang/Object <init> ()V 2 611885 orig 264 88 66 41 98 0 0 0 0 128 4 89 27 0 0 0 0 32 1 0 0 0 0 0 0 0 0 0 0 0 0 0 0 0 0 0 0 0 0 0 0 0 0 0 0 0 0 0 0 0 0 0 0 0 0 0 0 0 0 0 0 0 0 0 0 0 0 0 0 0 0 0 0 0 0 0 0 0 0 0 0 77 68 79 32 101 120 116 114 97 32 100 97 116 97 32 108 111 99 107 0 0 0 0 0 0 0 0 0 0 0 0 0 0 0 0 0 0 0 0 0 0 0 0 0 0 0 0 0 0 0 0 0 0 0 0 0 0 0 0 0 0 0 0 0 0 0 0 0 0 0 0 0 0 0 0 0 0 0 0 0 0 0 0 0 0 0 0 0 0 0 0 0 0 0 0 0 0 0 0 0 0 0 0 0 1 0 0 0 0 0 0 0 1 0 0 0 0 0 0 0 1 0 0 0 0 0 0 0 0 0 0 0 0 0 0 0 0 2 0 0 105 161 74 0 1 0 0 0 0 0 0 0 0 0 0 0 2 0 0 0 0 0 3 0 1 0 0 0 0 0 0 0 255 255 255 255 0 0 0 0 0 0 0 0 data 0 oops 0
ciMethod java/util/Iterator hasNext ()Z 0 0 1 0 -1
ciMethod java/util/Iterator next ()Ljava/lang/Object; 0 0 1 0 -1
ciMethod java/lang/Enum ordinal ()I 1953 1 244 0 -1
ciMethod java/util/BitSet wordIndex (I)I 3201 1 45723 0 0
ciMethod java/util/BitSet checkInvariants ()V 3169 1 5603 0 32
ciMethod java/util/BitSet recalculateWordsInUse ()V 4097 2729 10092 0 128
ciMethod java/util/BitSet set (I)V 1457 1 5547 0 -1
ciMethod java/util/BitSet clear (I)V 4097 1 10423 0 224
ciMethod java/util/BitSet get (I)Z 1593 1 7874 0 -1
ciMethod java/util/BitSet nextSetBit (I)I 2057 1 5891 0 256
ciMethod java/util/BitSet or (Ljava/util/BitSet;)V 4097 3193 7691 0 -1
ciMethodData java/util/ArrayList add (Ljava/lang/Object;)Z 2 128665 orig 264 88 66 41 98 0 0 0 0 32 243 101 27 0 0 0 0 144 1 0 0 0 0 0 0 0 0 0 0 0 0 0 0 0 0 0 0 0 0 0 0 0 0 0 0 0 0 0 0 0 0 0 0 0 0 0 0 0 0 0 0 0 0 0 0 0 0 0 0 0 0 0 0 0 0 0 0 0 0 0 0 77 68 79 32 101 120 116 114 97 32 100 97 116 97 32 108 111 99 107 0 0 0 0 0 0 0 0 0 0 0 0 0 0 0 0 0 0 0 0 0 0 0 0 0 0 0 0 0 0 0 0 0 0 0 0 0 0 0 0 0 0 0 0 0 0 0 0 0 0 0 0 0 0 0 0 0 0 0 0 0 0 0 0 0 0 0 0 0 0 0 0 0 0 0 0 0 0 0 0 0 0 0 0 0 0 0 0 0 0 0 0 0 0 0 0 0 0 0 0 0 0 0 0 0 0 0 0 0 0 0 0 0 0 0 0 0 86 0 0 0 25 178 15 0 1 0 0 0 0 0 0 0 0 0 0 0 2 0 0 0 0 0 15 0 2 0 0 0 64 0 0 0 255 255 255 255 2 0 7 0 0 0 0 0 data 8 0x70002 0x1f685 0x1a0104 0x0 0x1e514eb0 0x1896 0x1e514f60 0x98b oops 2