JvmtiExport can_access_local_variables 0
JvmtiExport can_hotswap_or_post_breakpoint 0
JvmtiExport can_post_on_exceptions 0
# 912 ciObject found
ciMethod java/lang/Object <init> ()V 4097 1 19535979 0 0
ciMethod java/lang/Object getClass ()Ljava/lang/Class; 3073 1 384 0 -1
ciMethod java/lang/Object hashCode ()I 2049 1 256 0 -1
ciMethod java/lang/Object equals (Ljava/lang/Object;)Z 4097 1 27444 0 -1
ciMethod java/lang/Class getSuperclass ()Ljava/lang/Class; 425 1 53 0 -1
ciMethod java/lang/System arraycopy (Ljava/lang/Object;ILjava/lang/Object;II)V 7169 1 896 0 -1
ciMethod java/lang/RuntimeException <init> (Ljava/lang/String;)V 0 0 268 0 -1
ciMethod java/util/Map get (Ljava/lang/Object;)Ljava/lang/Object; 0 0 1 0 -1
ciMethod java/util/Map values ()Ljava/util/Collection; 0 0 1 0 -1
ciMethod java/util/Map entrySet ()Ljava/util/Set; 0 0 1 0 -1
ciMethod java/lang/StringBuilder <init> ()V 609 1 66932 0 -1
ciMethod java/lang/StringBuilder append (Ljava/lang/String;)Ljava/lang/StringBuilder; 953 1 193706 0 -1
ciMethod java/lang/StringBuilder append (I)Ljava/lang/StringBuilder; 0 0 20 0 -1
ciMethod java/lang/StringBuilder toString ()Ljava/lang/String; 609 1 69654 0 -1
ciMethod java/lang/Float isNaN (F)Z 4321 1 2402 0 0
ciMethod java/lang/Integer valueOf (I)Ljava/lang/Integer; 7633 1 60090 0 -1
ciMethod java/lang/Integer intValue ()I 1929 1 241 0 -1
ciMethod java/lang/Integer bitCount (I)I 229569 1 28696 0 -1
ciMethod java/lang/Long numberOfTrailingZeros (J)I 16761 1 531440 0 -1
ciMethod java/lang/Long bitCount (J)I 4097 1 3821 0 -1
ciMethod java/util/Collection iterator ()Ljava/util/Iterator; 0 0 1 0 -1
ciMethod java/util/Collection toArray ()[Ljava/lang/Object; 0 0 1 0 -1
ciMethod java/util/List size ()I 0 0 1 0 -1
ciMethod java/util/List iterator ()Ljava/util/Iterator; 0 0 1 0 -1
ciMethod java/util/List get (I)Ljava/lang/Object; 0 0 1 0 -1
ciMethod java/util/Vector size ()I 2297 1 287 0 -1
ciMethod java/util/Vector add (Ljava/lang/Object;)Z 4097 1 25557 0 -1
ciMethod java/util/AbstractList <init> ()V 3073 1 2451567 0 0
ciMethod java/util/AbstractCollection <init> ()V 353 1 3544754 0 0
ciMethod java/util/AbstractCollection contains (Ljava/lang/Object;)Z 0 0 1 0 -1
ciMethod java/util/AbstractCollection remove (Ljava/lang/Object;)Z 0 0 1 0 -1
ciMethod java/util/Stack <init> ()V 4097 1 37354 0 -1
ciMethod java/util/Stack pop ()Ljava/lang/Object; 113 1 931705 0 -1
ciMethod java/util/ArrayList <init> (I)V 3097 1 316604 0 -1
ciMethod java/util/ArrayList <init> ()V 2025 1 2077418 0 64
ciMethod java/util/ArrayList <init> (Ljava/util/Collection;)V 4113 1 19670 0 640
ciMethod java/util/ArrayList ensureCapacityInternal (I)V 689 1 5672256 0 -1
ciMethod java/util/ArrayList size ()I 1097 1 137 0 0
ciMethod java/util/ArrayList isEmpty ()Z 2145 1 4146383 0 -1
ciMethod java/util/ArrayList indexOf (Ljava/lang/Object;)I 131169 150833 18537 0 -1
ciMethod java/util/ArrayList toArray ()[Ljava/lang/Object; 5121 1 19670 0 0
ciMethod java/util/ArrayList elementData (I)Ljava/lang/Object; 1985 1 30030653 0 0
ciMethod java/util/ArrayList get (I)Ljava/lang/Object; 1985 1 29881931 0 128
ciMethod java/util/ArrayList add (Ljava/lang/Object;)Z 689 1 5664631 0 -1
ciMethod java/util/ArrayList add (ILjava/lang/Object;)V 1535953 1 193056 0 0
ciMethod java/util/ArrayList remove (I)Ljava/lang/Object; 2185 1 12970 0 -1
ciMethod java/util/ArrayList remove (Ljava/lang/Object;)Z 85393 195233 103850 0 -1
ciMethod java/util/ArrayList rangeCheck (I)V 1985 1 30015776 0 64
ciMethod java/util/ArrayList rangeCheckForAdd (I)V 4097 1 1691 0 -1
ciMethod java/util/ArrayList outOfBoundsMsg (I)Ljava/lang/String; 0 0 1 0 -1
ciMethod java/util/ArrayList iterator ()Ljava/util/Iterator; 3305 1 2446413 0 192
ciMethod java/util/ArrayList access$100 (Ljava/util/ArrayList;)I 3185 1 398 0 0
ciMethod java/util/Collections sort (Ljava/util/List;Ljava/util/Comparator;)V 15321 1 99582 0 -1
ciMethod java/util/Collections unmodifiableList (Ljava/util/List;)Ljava/util/List; 4097 1 534967 0 -1
ciMethod java/util/Set contains (Ljava/lang/Object;)Z 0 0 1 0 -1
ciMethod java/util/Set iterator ()Ljava/util/Iterator; 0 0 1 0 -1
ciMethod java/util/AbstractSet <init> ()V 81 1 1081739 0 0
ciMethod java/util/AbstractMap <init> ()V 393 1 2019793 0 0
ciMethod java/util/HashMap hash (Ljava/lang/Object;)I 2193 1 1185646 0 160
ciMethod java/util/HashMap tableSizeFor (I)I 1163297 1 147720 0 0
ciMethod java/util/HashMap <init> (IF)V 1163385 1 147723 0 0
ciMethod java/util/HashMap <init> (I)V 20881 1 25804 0 0
ciMethod java/util/HashMap <init> ()V 153 1 1976877 0 0
ciMethod java/util/HashMap get (Ljava/lang/Object;)Ljava/lang/Object; 2065 1 1056822 0 -1
ciMethod java/util/HashMap put (Ljava/lang/Object;Ljava/lang/Object;)Ljava/lang/Object; 2539625 1 430277 0 0
ciMethod java/util/HashMap putVal (ILjava/lang/Object;Ljava/lang/Object;ZZ)Ljava/lang/Object; 966753 133233 262501 0 4800
ciMethod java/util/HashMap resize ()[Ljava/util/HashMap$Node; 3235265 20283809 415211 0 -1
ciMethod java/util/HashMap treeifyBin ([Ljava/util/HashMap$Node;I)V 5001 44929 876 0 -1
ciMethod java/util/HashMap entrySet ()Ljava/util/Set; 3657 1 41301 0 -1
ciMethod java/util/HashMap newNode (ILjava/lang/Object;Ljava/lang/Object;Ljava/util/HashMap$Node;)Ljava/util/HashMap$Node; 4097 1 227903 0 -1
ciMethod java/util/HashMap afterNodeAccess (Ljava/util/HashMap$Node;)V 17265 1 4233 0 -1
ciMethod java/util/HashMap afterNodeInsertion (Z)V 4097 1 1539 0 -1
ciMethod java/util/Map$Entry getKey ()Ljava/lang/Object; 0 0 1 0 -1
ciMethod java/util/Map$Entry getValue ()Ljava/lang/Object; 0 0 1 0 -1
ciMethod java/lang/Math max (II)I 281 1 1281482 0 -1
ciMethod java/lang/Math min (II)I 4097 1 1303808 0 -1
ciMethod java/util/Arrays sort ([III)V 55025 1 7053 0 -1
ciMethod java/util/Arrays copyOf ([Ljava/lang/Object;I)[Ljava/lang/Object; 4105 1 43972 0 0
ciMethod java/util/Arrays copyOf ([Ljava/lang/Object;ILjava/lang/Class;)[Ljava/lang/Object; 2289 1 5637 0 -1
ciMethod java/util/Arrays copyOf ([JI)[J 125817 1 17897 0 0
ciMethod java/util/TreeMap <init> ()V 8921 1 41224 0 0
ciMethod java/util/TreeMap get (Ljava/lang/Object;)Ljava/lang/Object; 4097 1 845068 0 1664
ciMethod java/util/TreeMap getEntry (Ljava/lang/Object;)Ljava/util/TreeMap$Entry; 4097 1 4076 0 -1
ciMethodData java/lang/Object <init> ()V 2 19535992 orig 264 88 66 177 97 0 0 0 0 128 4 111 27 0 0 0 0 32 1 0 0 0 0 0 0 0 0 0 0 0 0 0 0 0 0 0 0 0 0 0 0 0 0 0 0 0 0 0 0 0 0 0 0 0 0 0 0 0 0 0 0 0 0 0 0 0 0 0 0 0 0 0 0 0 0 0 0 0 0 0 0 77 68 79 32 101 120 116 114 97 32 100 97 116 97 32 108 111 99 107 0 0 0 0 0 0 0 0 0 0 0 0 0 0 0 0 0 0 0 0 0 0 0 0 0 0 0 0 0 0 0 0 0 0 0 0 0 0 0 0 0 0 0 0 0 0 0 0 0 0 0 0 0 0 0 0 0 0 0 0 0 0 0 0 0 0 0 0 0 0 0 0 0 0 0 0 0 0 0 0 0 0 0 0 0 1 0 0 0 0 0 0 0 1 0 0 0 0 0 0 0 1 0 0 0 0 0 0 0 0 0 0 0 0 0 0 0 0 2 0 0 193 179 80 9 1 0 0 0 0 0 0 0 0 0 0 0 2 0 0 0 0 0 3 0 1 0 0 0 0 0 0 0 255 255 255 255 0 0 0 0 0 0 0 0 data 0 oops 0
ciMethod java/util/Iterator hasNext ()Z 0 0 1 0 -1
ciMethod java/util/Iterator next ()Ljava/lang/Object; 0 0 1 0 -1
ciMethod java/lang/Enum ordinal ()I 1489 1 186 0 0
ciMethod java/lang/IllegalArgumentException <init> (Ljava/lang/String;)V 0 0 1 0 -1
ciMethod java/util/HashMap$TreeNode putTreeVal (Ljava/util/HashMap;[Ljava/util/HashMap$Node;ILjava/lang/Object;Ljava/lang/Object;)Ljava/util/HashMap$TreeNode; 13361 35465 1895 0 -1
ciMethod java/util/BitSet wordIndex (I)I 3257 1 107809 0 0
ciMethod java/util/BitSet checkInvariants ()V 3225 1 6626 0 32
ciMethod java/util/BitSet recalculateWordsInUse ()V 4097 2849 10130 0 128
ciMethod java/util/BitSet <init> (I)V 3513 1 11996 0 288
ciMethod java/util/BitSet initWords (I)V 3497 1 11999 0 0
ciMethod java/util/BitSet ensureCapacity (I)V 353 1 120277 0 512
ciMethod java/util/BitSet expandTo (I)V 4097 1 36824 0 0
ciMethod java/util/BitSet checkRange (II)V 4670793 1 613731 0 128
ciMethod java/util/BitSet set (I)V 1457 1 6846 0 320
ciMethod java/util/BitSet set (IZ)V 5569 1 142356 0 -1
ciMethod java/util/BitSet set (II)V 4670473 1 613715 0 1120
ciMethod java/util/BitSet set (IIZ)V 3617 1 32559 0 -1
ciMethod java/util/BitSet clear (I)V 4097 1 10258 0 224
ciMethod java/util/BitSet clear ()V 7449 80729 8505 0 -1
ciMethod java/util/BitSet get (I)Z 1585 1 8557 0 160
ciMethod java/util/BitSet nextSetBit (I)I 2089 1 13041 0 256
ciMethod java/util/BitSet cardinality ()I 4097 393217 37733 0 128
ciMethod java/util/BitSet clone ()Ljava/lang/Object; 4097 1 40941 0 -1
ciMethod java/util/HashSet <init> ()V 33 1 1017895 0 0
ciMethod java/util/HashSet contains (Ljava/lang/Object;)Z 3449 1 134253 0 -1
ciMethod java/util/HashSet add (Ljava/lang/Object;)Z 4097 1 180466 0 -1
ciMethodData java/util/HashMap hash (Ljava/lang/Object;)I 2 1185646 orig 264 88 66 177 97 0 0 0 0 56 125 125 27 0 0 0 0 176 1 0 0 32 0 0 0 0 0 0 0 0 0 0 0 0 0 0 0 0 0 0 0 0 0 0 0 0 0 0 0 0 0 0 0 0 0 0 0 0 0 0 0 0 0 0 0 0 0 0 0 0 0 0 0 0 0 0 0 0 0 0 0 77 68 79 32 101 120 116 114 97 32 100 97 116 97 32 108 111 99 107 0 0 0 0 0 0 0 0 0 0 0 0 0 0 0 0 0 0 0 0 0 0 0 0 0 0 0 0 0 0 0 0 0 0 0 0 0 0 0 0 0 0 0 0 0 0 0 0 0 0 0 0 0 0 0 0 0 0 0 0 0 0 0 0 0 0 0 0 0 0 0 0 0 0 0 0 0 0 0 0 0 0 0 0 0 17 0 0 0 0 0 0 0 0 0 0 0 0 0 0 0 0 0 0 0 0 0 0 0 0 0 0 0 0 0 0 0 18 1 0 0 225 178 144 0 1 0 0 0 0 0 0 0 0 0 0 0 2 0 0 0 0 0 6 0 2 0 0 0 104 0 0 0 255 255 255 255 7 0 1 0 0 0 0 0 data 13 0x10007 0x121c8b 0x38 0x0 0x50003 0x0 0x48 0x90005 0x300b1 0x1bfc3df0 0x4e 0x1bfc3730 0x972 oops 2